[0.088s] Invoking command in '/home/evan/code/lidar_slam/lidar_slam/build/slam_learn': CMAKE_PREFIX_PATH=/home/evan/code/lidar_slam/lidar_slam/install/other_msgs:/home/evan/code/lidar_slam/lidar_slam/install/slam_learn:/home/evan/code/lego-loam/lego/install/lego_loam_sr:/home/evan/code/lego-loam/lego/install/cloud_msgs:/home/evan/code/ndt-loc/install/radar-odometry:/home/evan/code/ndt-loc/install/radar-data:/home/evan/code/ndt-loc/install/ndt-lidar-radar:/home/evan/code/ndt-loc/install/map:/home/evan/code/ndt-loc/install/data-publisher:/home/evan/code/ndt-loc/install/cloud_msgs:/home/evan/code/ndt-loc/install/a-loam:/opt/ros/humble /usr/bin/cmake --build /home/evan/code/lidar_slam/lidar_slam/build/slam_learn -- -j4 -l4
[0.871s] [ 33%] Built target data_process_node
[0.872s] [ 66%] Built target data_process_test
[0.927s] [35m[1mConsolidate compiler generated dependencies of target front_end_node[0m
[0.999s] [ 83%] [32mBuilding CXX object CMakeFiles/front_end_node.dir/src/front_end.cpp.o[0m
[8.210s] [01m[K/home/evan/code/lidar_slam/lidar_slam/src/slam_learn/src/front_end.cpp:[m[K In member function ‘[01m[Kvoid lidarslam::FrontEnd::odometry()[m[K’:
[8.210s] [01m[K/home/evan/code/lidar_slam/lidar_slam/src/slam_learn/src/front_end.cpp:484:34:[m[K [01;35m[Kwarning: [m[Kunused variable ‘[01m[Kq_manifold[m[K’ [[01;35m[K]8;;https://gcc.gnu.org/onlinedocs/gcc/Warning-Options.html#index-Wunused-variable-Wunused-variable]8;;[m[K]
[8.210s]   484 |                 ceres::Manifold *[01;35m[Kq_manifold[m[K = new ceres::EigenQuaternionManifold();
[8.210s]       |                                  [01;35m[K^~~~~~~~~~[m[K
[8.233s] [01m[K/home/evan/code/lidar_slam/lidar_slam/src/slam_learn/src/front_end.cpp:563:34:[m[K [01;35m[Kwarning: [m[Kunused variable ‘[01m[Kq_manifold[m[K’ [[01;35m[K]8;;https://gcc.gnu.org/onlinedocs/gcc/Warning-Options.html#index-Wunused-variable-Wunused-variable]8;;[m[K]
[8.233s]   563 |                 ceres::Manifold *[01;35m[Kq_manifold[m[K = new ceres::EigenQuaternionManifold();
[8.233s]       |                                  [01;35m[K^~~~~~~~~~[m[K
[21.970s] [100%] [32m[1mLinking CXX executable front_end_node[0m
[27.335s] [100%] Built target front_end_node
[27.356s] Invoked command in '/home/evan/code/lidar_slam/lidar_slam/build/slam_learn' returned '0': CMAKE_PREFIX_PATH=/home/evan/code/lidar_slam/lidar_slam/install/other_msgs:/home/evan/code/lidar_slam/lidar_slam/install/slam_learn:/home/evan/code/lego-loam/lego/install/lego_loam_sr:/home/evan/code/lego-loam/lego/install/cloud_msgs:/home/evan/code/ndt-loc/install/radar-odometry:/home/evan/code/ndt-loc/install/radar-data:/home/evan/code/ndt-loc/install/ndt-lidar-radar:/home/evan/code/ndt-loc/install/map:/home/evan/code/ndt-loc/install/data-publisher:/home/evan/code/ndt-loc/install/cloud_msgs:/home/evan/code/ndt-loc/install/a-loam:/opt/ros/humble /usr/bin/cmake --build /home/evan/code/lidar_slam/lidar_slam/build/slam_learn -- -j4 -l4
[27.407s] Invoking command in '/home/evan/code/lidar_slam/lidar_slam/build/slam_learn': CMAKE_PREFIX_PATH=/home/evan/code/lidar_slam/lidar_slam/install/other_msgs:/home/evan/code/lidar_slam/lidar_slam/install/slam_learn:/home/evan/code/lego-loam/lego/install/lego_loam_sr:/home/evan/code/lego-loam/lego/install/cloud_msgs:/home/evan/code/ndt-loc/install/radar-odometry:/home/evan/code/ndt-loc/install/radar-data:/home/evan/code/ndt-loc/install/ndt-lidar-radar:/home/evan/code/ndt-loc/install/map:/home/evan/code/ndt-loc/install/data-publisher:/home/evan/code/ndt-loc/install/cloud_msgs:/home/evan/code/ndt-loc/install/a-loam:/opt/ros/humble /usr/bin/cmake --install /home/evan/code/lidar_slam/lidar_slam/build/slam_learn
[27.426s] -- Install configuration: ""
[27.447s] -- Up-to-date: /home/evan/code/lidar_slam/lidar_slam/install/slam_learn/lib/slam_learn/data_process_node
[27.518s] -- Installing: /home/evan/code/lidar_slam/lidar_slam/install/slam_learn/lib/slam_learn/front_end_node
[27.555s] -- Set runtime path of "/home/evan/code/lidar_slam/lidar_slam/install/slam_learn/lib/slam_learn/front_end_node" to ""
[27.556s] -- Up-to-date: /home/evan/code/lidar_slam/lidar_slam/install/slam_learn/lib/slam_learn/data_process_test
[27.556s] -- Up-to-date: /home/evan/code/lidar_slam/lidar_slam/install/slam_learn/share/slam_learn/config
[27.565s] -- Up-to-date: /home/evan/code/lidar_slam/lidar_slam/install/slam_learn/share/slam_learn/config/config.yaml
[27.565s] -- Up-to-date: /home/evan/code/lidar_slam/lidar_slam/install/slam_learn/share/slam_learn/launch
[27.582s] -- Up-to-date: /home/evan/code/lidar_slam/lidar_slam/install/slam_learn/share/slam_learn/launch/test
[27.608s] -- Up-to-date: /home/evan/code/lidar_slam/lidar_slam/install/slam_learn/share/slam_learn/launch/test/__pycache__
[27.609s] -- Up-to-date: /home/evan/code/lidar_slam/lidar_slam/install/slam_learn/share/slam_learn/launch/test/__pycache__/test_data_process.cpython-310.pyc
[27.609s] -- Up-to-date: /home/evan/code/lidar_slam/lidar_slam/install/slam_learn/share/slam_learn/launch/test/test_data_process.py
[27.609s] -- Up-to-date: /home/evan/code/lidar_slam/lidar_slam/install/slam_learn/share/slam_learn/rviz
[27.609s] -- Up-to-date: /home/evan/code/lidar_slam/lidar_slam/install/slam_learn/share/slam_learn/rviz/test
[27.627s] -- Up-to-date: /home/evan/code/lidar_slam/lidar_slam/install/slam_learn/share/slam_learn/rviz/test/test_data_process.rviz
[27.628s] -- Up-to-date: /home/evan/code/lidar_slam/lidar_slam/install/slam_learn/share/ament_index/resource_index/package_run_dependencies/slam_learn
[27.628s] -- Up-to-date: /home/evan/code/lidar_slam/lidar_slam/install/slam_learn/share/ament_index/resource_index/parent_prefix_path/slam_learn
[27.628s] -- Up-to-date: /home/evan/code/lidar_slam/lidar_slam/install/slam_learn/share/slam_learn/environment/ament_prefix_path.sh
[27.628s] -- Up-to-date: /home/evan/code/lidar_slam/lidar_slam/install/slam_learn/share/slam_learn/environment/ament_prefix_path.dsv
[27.628s] -- Up-to-date: /home/evan/code/lidar_slam/lidar_slam/install/slam_learn/share/slam_learn/environment/path.sh
[27.628s] -- Up-to-date: /home/evan/code/lidar_slam/lidar_slam/install/slam_learn/share/slam_learn/environment/path.dsv
[27.628s] -- Up-to-date: /home/evan/code/lidar_slam/lidar_slam/install/slam_learn/share/slam_learn/local_setup.bash
[27.628s] -- Up-to-date: /home/evan/code/lidar_slam/lidar_slam/install/slam_learn/share/slam_learn/local_setup.sh
[27.628s] -- Up-to-date: /home/evan/code/lidar_slam/lidar_slam/install/slam_learn/share/slam_learn/local_setup.zsh
[27.628s] -- Up-to-date: /home/evan/code/lidar_slam/lidar_slam/install/slam_learn/share/slam_learn/local_setup.dsv
[27.629s] -- Installing: /home/evan/code/lidar_slam/lidar_slam/install/slam_learn/share/slam_learn/package.dsv
[27.695s] -- Up-to-date: /home/evan/code/lidar_slam/lidar_slam/install/slam_learn/share/ament_index/resource_index/packages/slam_learn
[27.695s] -- Up-to-date: /home/evan/code/lidar_slam/lidar_slam/install/slam_learn/share/slam_learn/cmake/ament_cmake_export_include_directories-extras.cmake
[27.696s] -- Up-to-date: /home/evan/code/lidar_slam/lidar_slam/install/slam_learn/share/slam_learn/cmake/slam_learnConfig.cmake
[27.696s] -- Up-to-date: /home/evan/code/lidar_slam/lidar_slam/install/slam_learn/share/slam_learn/cmake/slam_learnConfig-version.cmake
[27.696s] -- Up-to-date: /home/evan/code/lidar_slam/lidar_slam/install/slam_learn/share/slam_learn/package.xml
[27.698s] Invoked command in '/home/evan/code/lidar_slam/lidar_slam/build/slam_learn' returned '0': CMAKE_PREFIX_PATH=/home/evan/code/lidar_slam/lidar_slam/install/other_msgs:/home/evan/code/lidar_slam/lidar_slam/install/slam_learn:/home/evan/code/lego-loam/lego/install/lego_loam_sr:/home/evan/code/lego-loam/lego/install/cloud_msgs:/home/evan/code/ndt-loc/install/radar-odometry:/home/evan/code/ndt-loc/install/radar-data:/home/evan/code/ndt-loc/install/ndt-lidar-radar:/home/evan/code/ndt-loc/install/map:/home/evan/code/ndt-loc/install/data-publisher:/home/evan/code/ndt-loc/install/cloud_msgs:/home/evan/code/ndt-loc/install/a-loam:/opt/ros/humble /usr/bin/cmake --install /home/evan/code/lidar_slam/lidar_slam/build/slam_learn
