[0.029s] Invoking command in '/home/evan/code/lidar_slam/lidar_slam/build/other_msgs': CMAKE_PREFIX_PATH=${CMAKE_PREFIX_PATH}:/opt/ros/humble /usr/bin/cmake --build /home/evan/code/lidar_slam/lidar_slam/build/other_msgs -- -j4 -l4
[0.065s] -- Found ament_cmake: 1.3.3 (/opt/ros/humble/share/ament_cmake/cmake)
[0.241s] -- Found std_msgs: 4.2.3 (/opt/ros/humble/share/std_msgs/cmake)
[0.271s] -- Found rosidl_generator_c: 3.1.4 (/opt/ros/humble/share/rosidl_generator_c/cmake)
[0.274s] -- Found rosidl_adapter: 3.1.4 (/opt/ros/humble/share/rosidl_adapter/cmake)
[0.280s] -- Found rosidl_generator_cpp: 3.1.4 (/opt/ros/humble/share/rosidl_generator_cpp/cmake)
[0.293s] -- Using all available rosidl_typesupport_c: rosidl_typesupport_fastrtps_c;rosidl_typesupport_introspection_c
[0.313s] -- Using all available rosidl_typesupport_cpp: rosidl_typesupport_fastrtps_cpp;rosidl_typesupport_introspection_cpp
[0.380s] -- Found sensor_msgs: 4.2.3 (/opt/ros/humble/share/sensor_msgs/cmake)
[0.546s] -- Found rosidl_default_generators: 1.2.0 (/opt/ros/humble/share/rosidl_default_generators/cmake)
[0.855s] -- Found ament_cmake_ros: 0.10.0 (/opt/ros/humble/share/ament_cmake_ros/cmake)
[1.261s] -- Using all available rosidl_typesupport_c: rosidl_typesupport_fastrtps_c;rosidl_typesupport_introspection_c
[1.421s] -- Using all available rosidl_typesupport_cpp: rosidl_typesupport_fastrtps_cpp;rosidl_typesupport_introspection_cpp
[1.446s] -- Found python_cmake_module: 0.10.0 (/opt/ros/humble/share/python_cmake_module/cmake)
[1.471s] -- Using PYTHON_EXECUTABLE: /usr/bin/python3
[1.471s] -- Using PYTHON_INCLUDE_DIRS: /usr/include/python3.10
[1.471s] -- Using PYTHON_LIBRARIES: /usr/lib/x86_64-linux-gnu/libpython3.10.so
[1.513s] -- Configuring done
[1.556s] -- Generating done
[1.559s] -- Build files have been written to: /home/evan/code/lidar_slam/lidar_slam/build/other_msgs
[1.585s] [  2%] [34m[1mGenerating C code for ROS interfaces[0m
[1.596s] [  5%] [34m[1mGenerating C++ code for ROS interfaces[0m
[1.607s] [  5%] Built target ament_cmake_python_copy_other_msgs
[1.887s] running egg_info
[1.887s] writing other_msgs.egg-info/PKG-INFO
[1.888s] writing dependency_links to other_msgs.egg-info/dependency_links.txt
[1.888s] writing top-level names to other_msgs.egg-info/top_level.txt
[1.890s] reading manifest file 'other_msgs.egg-info/SOURCES.txt'
[1.891s] writing manifest file 'other_msgs.egg-info/SOURCES.txt'
[1.923s] [  5%] Built target ament_cmake_python_build_other_msgs_egg
[1.981s] [  5%] Built target other_msgs__cpp
[1.994s] [35m[1mConsolidate compiler generated dependencies of target other_msgs__rosidl_generator_c[0m
[1.994s] [ 10%] [34m[1mGenerating C++ type support for eProsima Fast-RTPS[0m
[1.995s] [  7%] [34m[1mGenerating C++ introspection for ROS interfaces[0m
[1.995s] [ 12%] [34m[1mGenerating C++ type support dispatch for ROS interfaces[0m
[2.007s] [ 15%] [32mBuilding C object CMakeFiles/other_msgs__rosidl_generator_c.dir/rosidl_generator_c/other_msgs/msg/detail/point__functions.c.o[0m
[2.075s] [ 17%] [32mBuilding C object CMakeFiles/other_msgs__rosidl_generator_c.dir/rosidl_generator_c/other_msgs/msg/detail/all_cloud__functions.c.o[0m
[2.138s] [ 20%] [32m[1mLinking C shared library libother_msgs__rosidl_generator_c.so[0m
[2.174s] [ 20%] Built target other_msgs__rosidl_generator_c
[2.185s] [ 23%] [34m[1mGenerating C type support for eProsima Fast-RTPS[0m
[2.427s] [35m[1mConsolidate compiler generated dependencies of target other_msgs__rosidl_typesupport_introspection_cpp[0m
[2.435s] [35m[1mConsolidate compiler generated dependencies of target other_msgs__rosidl_typesupport_cpp[0m
[2.448s] [ 25%] [32mBuilding CXX object CMakeFiles/other_msgs__rosidl_typesupport_introspection_cpp.dir/rosidl_typesupport_introspection_cpp/other_msgs/msg/detail/point__type_support.cpp.o[0m
[2.451s] [ 28%] [32mBuilding CXX object CMakeFiles/other_msgs__rosidl_typesupport_cpp.dir/rosidl_typesupport_cpp/other_msgs/msg/point__type_support.cpp.o[0m
[2.468s] [35m[1mConsolidate compiler generated dependencies of target other_msgs__rosidl_typesupport_fastrtps_cpp[0m
[2.485s] [ 30%] [32mBuilding CXX object CMakeFiles/other_msgs__rosidl_typesupport_fastrtps_cpp.dir/rosidl_typesupport_fastrtps_cpp/other_msgs/msg/detail/dds_fastrtps/point__type_support.cpp.o[0m
[2.680s] [35m[1mConsolidate compiler generated dependencies of target other_msgs__rosidl_typesupport_fastrtps_c[0m
[2.708s] [ 33%] [32mBuilding CXX object CMakeFiles/other_msgs__rosidl_typesupport_fastrtps_c.dir/rosidl_typesupport_fastrtps_c/other_msgs/msg/detail/point__type_support_c.cpp.o[0m
[2.829s] [ 35%] [32mBuilding CXX object CMakeFiles/other_msgs__rosidl_typesupport_cpp.dir/rosidl_typesupport_cpp/other_msgs/msg/all_cloud__type_support.cpp.o[0m
[2.968s] [ 38%] [32mBuilding CXX object CMakeFiles/other_msgs__rosidl_typesupport_introspection_cpp.dir/rosidl_typesupport_introspection_cpp/other_msgs/msg/detail/all_cloud__type_support.cpp.o[0m
[3.101s] [ 41%] [32mBuilding CXX object CMakeFiles/other_msgs__rosidl_typesupport_fastrtps_cpp.dir/rosidl_typesupport_fastrtps_cpp/other_msgs/msg/detail/dds_fastrtps/all_cloud__type_support.cpp.o[0m
[3.252s] [ 43%] [32m[1mLinking CXX shared library libother_msgs__rosidl_typesupport_cpp.so[0m
[3.264s] [ 46%] [32mBuilding CXX object CMakeFiles/other_msgs__rosidl_typesupport_fastrtps_c.dir/rosidl_typesupport_fastrtps_c/other_msgs/msg/detail/all_cloud__type_support_c.cpp.o[0m
[3.385s] [ 46%] Built target other_msgs__rosidl_typesupport_cpp
[3.435s] [ 48%] [34m[1mGenerating C introspection for ROS interfaces[0m
[3.726s] [ 51%] [32m[1mLinking CXX shared library libother_msgs__rosidl_typesupport_fastrtps_c.so[0m
[3.803s] [ 53%] [32m[1mLinking CXX shared library libother_msgs__rosidl_typesupport_introspection_cpp.so[0m
[3.845s] [ 53%] Built target other_msgs__rosidl_typesupport_fastrtps_c
[3.847s] [ 56%] [32m[1mLinking CXX shared library libother_msgs__rosidl_typesupport_fastrtps_cpp.so[0m
[3.858s] [ 58%] [34m[1mGenerating C type support dispatch for ROS interfaces[0m
[3.958s] [ 58%] Built target other_msgs__rosidl_typesupport_fastrtps_cpp
[3.992s] [ 58%] Built target other_msgs__rosidl_typesupport_introspection_cpp
[4.004s] [35m[1mConsolidate compiler generated dependencies of target other_msgs__rosidl_typesupport_introspection_c[0m
[4.016s] [ 64%] [32mBuilding C object CMakeFiles/other_msgs__rosidl_typesupport_introspection_c.dir/rosidl_typesupport_introspection_c/other_msgs/msg/detail/all_cloud__type_support.c.o[0m
[4.016s] [ 64%] [32mBuilding C object CMakeFiles/other_msgs__rosidl_typesupport_introspection_c.dir/rosidl_typesupport_introspection_c/other_msgs/msg/detail/point__type_support.c.o[0m
[4.096s] [ 66%] [32m[1mLinking C shared library libother_msgs__rosidl_typesupport_introspection_c.so[0m
[4.139s] [ 66%] Built target other_msgs__rosidl_typesupport_introspection_c
[4.192s] [35m[1mConsolidate compiler generated dependencies of target other_msgs__rosidl_typesupport_c[0m
[4.204s] [ 71%] [32mBuilding CXX object CMakeFiles/other_msgs__rosidl_typesupport_c.dir/rosidl_typesupport_c/other_msgs/msg/all_cloud__type_support.cpp.o[0m
[4.205s] [ 71%] [32mBuilding CXX object CMakeFiles/other_msgs__rosidl_typesupport_c.dir/rosidl_typesupport_c/other_msgs/msg/point__type_support.cpp.o[0m
[4.242s] [ 74%] [32m[1mLinking CXX shared library libother_msgs__rosidl_typesupport_c.so[0m
[4.290s] [ 74%] Built target other_msgs__rosidl_typesupport_c
[4.312s] [ 74%] Built target other_msgs
[4.339s] [ 76%] [34m[1mGenerating Python code for ROS interfaces[0m
[4.820s] [ 76%] Built target other_msgs__py
[4.835s] [35m[1mConsolidate compiler generated dependencies of target other_msgs__rosidl_generator_py[0m
[4.851s] [ 82%] [32mBuilding C object CMakeFiles/other_msgs__rosidl_generator_py.dir/rosidl_generator_py/other_msgs/msg/_point_s.c.o[0m
[4.851s] [ 82%] [32mBuilding C object CMakeFiles/other_msgs__rosidl_generator_py.dir/rosidl_generator_py/other_msgs/msg/_all_cloud_s.c.o[0m
[4.982s] [ 84%] [32m[1mLinking C shared library rosidl_generator_py/other_msgs/libother_msgs__rosidl_generator_py.so[0m
[5.056s] [ 84%] Built target other_msgs__rosidl_generator_py
[5.068s] [35m[1mConsolidate compiler generated dependencies of target other_msgs__rosidl_typesupport_c__pyext[0m
[5.068s] [35m[1mConsolidate compiler generated dependencies of target other_msgs__rosidl_typesupport_fastrtps_c__pyext[0m
[5.068s] [35m[1mConsolidate compiler generated dependencies of target other_msgs__rosidl_typesupport_introspection_c__pyext[0m
[5.109s] [ 87%] [32mBuilding C object CMakeFiles/other_msgs__rosidl_typesupport_introspection_c__pyext.dir/rosidl_generator_py/other_msgs/_other_msgs_s.ep.rosidl_typesupport_introspection_c.c.o[0m
[5.110s] [ 89%] [32mBuilding C object CMakeFiles/other_msgs__rosidl_typesupport_c__pyext.dir/rosidl_generator_py/other_msgs/_other_msgs_s.ep.rosidl_typesupport_c.c.o[0m
[5.115s] [ 92%] [32mBuilding C object CMakeFiles/other_msgs__rosidl_typesupport_fastrtps_c__pyext.dir/rosidl_generator_py/other_msgs/_other_msgs_s.ep.rosidl_typesupport_fastrtps_c.c.o[0m
[5.235s] [ 94%] [32m[1mLinking C shared library rosidl_generator_py/other_msgs/other_msgs_s__rosidl_typesupport_c.cpython-310-x86_64-linux-gnu.so[0m
[5.238s] [ 97%] [32m[1mLinking C shared library rosidl_generator_py/other_msgs/other_msgs_s__rosidl_typesupport_fastrtps_c.cpython-310-x86_64-linux-gnu.so[0m
[5.278s] [100%] [32m[1mLinking C shared library rosidl_generator_py/other_msgs/other_msgs_s__rosidl_typesupport_introspection_c.cpython-310-x86_64-linux-gnu.so[0m
[5.280s] [100%] Built target other_msgs__rosidl_typesupport_c__pyext
[5.288s] [100%] Built target other_msgs__rosidl_typesupport_fastrtps_c__pyext
[5.337s] [100%] Built target other_msgs__rosidl_typesupport_introspection_c__pyext
[5.351s] Invoked command in '/home/evan/code/lidar_slam/lidar_slam/build/other_msgs' returned '0': CMAKE_PREFIX_PATH=${CMAKE_PREFIX_PATH}:/opt/ros/humble /usr/bin/cmake --build /home/evan/code/lidar_slam/lidar_slam/build/other_msgs -- -j4 -l4
[5.445s] Invoking command in '/home/evan/code/lidar_slam/lidar_slam/build/other_msgs': CMAKE_PREFIX_PATH=${CMAKE_PREFIX_PATH}:/opt/ros/humble /usr/bin/cmake --install /home/evan/code/lidar_slam/lidar_slam/build/other_msgs
[5.454s] -- Install configuration: ""
[5.454s] -- Up-to-date: /home/evan/code/lidar_slam/lidar_slam/install/other_msgs/share/ament_index/resource_index/rosidl_interfaces/other_msgs
[5.455s] -- Up-to-date: /home/evan/code/lidar_slam/lidar_slam/install/other_msgs/include/other_msgs/other_msgs
[5.455s] -- Up-to-date: /home/evan/code/lidar_slam/lidar_slam/install/other_msgs/include/other_msgs/other_msgs/msg
[5.455s] -- Up-to-date: /home/evan/code/lidar_slam/lidar_slam/install/other_msgs/include/other_msgs/other_msgs/msg/detail
[5.455s] -- Installing: /home/evan/code/lidar_slam/lidar_slam/install/other_msgs/include/other_msgs/other_msgs/msg/detail/point__type_support.h
[5.455s] -- Installing: /home/evan/code/lidar_slam/lidar_slam/install/other_msgs/include/other_msgs/other_msgs/msg/detail/all_cloud__type_support.h
[5.455s] -- Installing: /home/evan/code/lidar_slam/lidar_slam/install/other_msgs/include/other_msgs/other_msgs/msg/detail/point__struct.h
[5.455s] -- Installing: /home/evan/code/lidar_slam/lidar_slam/install/other_msgs/include/other_msgs/other_msgs/msg/detail/all_cloud__functions.h
[5.455s] -- Installing: /home/evan/code/lidar_slam/lidar_slam/install/other_msgs/include/other_msgs/other_msgs/msg/detail/point__functions.c
[5.455s] -- Installing: /home/evan/code/lidar_slam/lidar_slam/install/other_msgs/include/other_msgs/other_msgs/msg/detail/all_cloud__struct.h
[5.456s] -- Installing: /home/evan/code/lidar_slam/lidar_slam/install/other_msgs/include/other_msgs/other_msgs/msg/detail/point__functions.h
[5.456s] -- Installing: /home/evan/code/lidar_slam/lidar_slam/install/other_msgs/include/other_msgs/other_msgs/msg/detail/all_cloud__functions.c
[5.456s] -- Installing: /home/evan/code/lidar_slam/lidar_slam/install/other_msgs/include/other_msgs/other_msgs/msg/point.h
[5.456s] -- Up-to-date: /home/evan/code/lidar_slam/lidar_slam/install/other_msgs/include/other_msgs/other_msgs/msg/rosidl_generator_c__visibility_control.h
[5.456s] -- Installing: /home/evan/code/lidar_slam/lidar_slam/install/other_msgs/include/other_msgs/other_msgs/msg/all_cloud.h
[5.456s] -- Up-to-date: /home/evan/code/lidar_slam/lidar_slam/install/other_msgs/share/other_msgs/environment/library_path.sh
[5.456s] -- Installing: /home/evan/code/lidar_slam/lidar_slam/install/other_msgs/share/other_msgs/environment/library_path.dsv
[5.456s] -- Installing: /home/evan/code/lidar_slam/lidar_slam/install/other_msgs/lib/libother_msgs__rosidl_generator_c.so
[5.457s] -- Set runtime path of "/home/evan/code/lidar_slam/lidar_slam/install/other_msgs/lib/libother_msgs__rosidl_generator_c.so" to ""
[5.457s] -- Up-to-date: /home/evan/code/lidar_slam/lidar_slam/install/other_msgs/include/other_msgs/other_msgs
[5.458s] -- Up-to-date: /home/evan/code/lidar_slam/lidar_slam/install/other_msgs/include/other_msgs/other_msgs/msg
[5.458s] -- Up-to-date: /home/evan/code/lidar_slam/lidar_slam/install/other_msgs/include/other_msgs/other_msgs/msg/detail
[5.458s] -- Installing: /home/evan/code/lidar_slam/lidar_slam/install/other_msgs/include/other_msgs/other_msgs/msg/detail/point__rosidl_typesupport_fastrtps_c.h
[5.458s] -- Installing: /home/evan/code/lidar_slam/lidar_slam/install/other_msgs/include/other_msgs/other_msgs/msg/detail/all_cloud__rosidl_typesupport_fastrtps_c.h
[5.458s] -- Up-to-date: /home/evan/code/lidar_slam/lidar_slam/install/other_msgs/include/other_msgs/other_msgs/msg/rosidl_typesupport_fastrtps_c__visibility_control.h
[5.458s] -- Installing: /home/evan/code/lidar_slam/lidar_slam/install/other_msgs/lib/libother_msgs__rosidl_typesupport_fastrtps_c.so
[5.459s] -- Set runtime path of "/home/evan/code/lidar_slam/lidar_slam/install/other_msgs/lib/libother_msgs__rosidl_typesupport_fastrtps_c.so" to ""
[5.459s] -- Up-to-date: /home/evan/code/lidar_slam/lidar_slam/install/other_msgs/include/other_msgs/other_msgs
[5.459s] -- Up-to-date: /home/evan/code/lidar_slam/lidar_slam/install/other_msgs/include/other_msgs/other_msgs/msg
[5.459s] -- Up-to-date: /home/evan/code/lidar_slam/lidar_slam/install/other_msgs/include/other_msgs/other_msgs/msg/detail
[5.459s] -- Installing: /home/evan/code/lidar_slam/lidar_slam/install/other_msgs/include/other_msgs/other_msgs/msg/detail/point__traits.hpp
[5.459s] -- Installing: /home/evan/code/lidar_slam/lidar_slam/install/other_msgs/include/other_msgs/other_msgs/msg/detail/point__builder.hpp
[5.459s] -- Installing: /home/evan/code/lidar_slam/lidar_slam/install/other_msgs/include/other_msgs/other_msgs/msg/detail/point__struct.hpp
[5.459s] -- Installing: /home/evan/code/lidar_slam/lidar_slam/install/other_msgs/include/other_msgs/other_msgs/msg/detail/all_cloud__traits.hpp
[5.460s] -- Installing: /home/evan/code/lidar_slam/lidar_slam/install/other_msgs/include/other_msgs/other_msgs/msg/detail/all_cloud__builder.hpp
[5.460s] -- Installing: /home/evan/code/lidar_slam/lidar_slam/install/other_msgs/include/other_msgs/other_msgs/msg/detail/all_cloud__struct.hpp
[5.460s] -- Installing: /home/evan/code/lidar_slam/lidar_slam/install/other_msgs/include/other_msgs/other_msgs/msg/point.hpp
[5.460s] -- Installing: /home/evan/code/lidar_slam/lidar_slam/install/other_msgs/include/other_msgs/other_msgs/msg/all_cloud.hpp
[5.460s] -- Up-to-date: /home/evan/code/lidar_slam/lidar_slam/install/other_msgs/include/other_msgs/other_msgs
[5.460s] -- Up-to-date: /home/evan/code/lidar_slam/lidar_slam/install/other_msgs/include/other_msgs/other_msgs/msg
[5.461s] -- Up-to-date: /home/evan/code/lidar_slam/lidar_slam/install/other_msgs/include/other_msgs/other_msgs/msg/detail
[5.461s] -- Up-to-date: /home/evan/code/lidar_slam/lidar_slam/install/other_msgs/include/other_msgs/other_msgs/msg/detail/dds_fastrtps
[5.461s] -- Installing: /home/evan/code/lidar_slam/lidar_slam/install/other_msgs/include/other_msgs/other_msgs/msg/detail/all_cloud__rosidl_typesupport_fastrtps_cpp.hpp
[5.461s] -- Installing: /home/evan/code/lidar_slam/lidar_slam/install/other_msgs/include/other_msgs/other_msgs/msg/detail/point__rosidl_typesupport_fastrtps_cpp.hpp
[5.461s] -- Up-to-date: /home/evan/code/lidar_slam/lidar_slam/install/other_msgs/include/other_msgs/other_msgs/msg/rosidl_typesupport_fastrtps_cpp__visibility_control.h
[5.461s] -- Installing: /home/evan/code/lidar_slam/lidar_slam/install/other_msgs/lib/libother_msgs__rosidl_typesupport_fastrtps_cpp.so
[5.462s] -- Set runtime path of "/home/evan/code/lidar_slam/lidar_slam/install/other_msgs/lib/libother_msgs__rosidl_typesupport_fastrtps_cpp.so" to ""
[5.462s] -- Up-to-date: /home/evan/code/lidar_slam/lidar_slam/install/other_msgs/include/other_msgs/other_msgs
[5.462s] -- Up-to-date: /home/evan/code/lidar_slam/lidar_slam/install/other_msgs/include/other_msgs/other_msgs/msg
[5.462s] -- Up-to-date: /home/evan/code/lidar_slam/lidar_slam/install/other_msgs/include/other_msgs/other_msgs/msg/detail
[5.462s] -- Installing: /home/evan/code/lidar_slam/lidar_slam/install/other_msgs/include/other_msgs/other_msgs/msg/detail/point__type_support.c
[5.462s] -- Installing: /home/evan/code/lidar_slam/lidar_slam/install/other_msgs/include/other_msgs/other_msgs/msg/detail/all_cloud__type_support.c
[5.462s] -- Installing: /home/evan/code/lidar_slam/lidar_slam/install/other_msgs/include/other_msgs/other_msgs/msg/detail/all_cloud__rosidl_typesupport_introspection_c.h
[5.462s] -- Installing: /home/evan/code/lidar_slam/lidar_slam/install/other_msgs/include/other_msgs/other_msgs/msg/detail/point__rosidl_typesupport_introspection_c.h
[5.462s] -- Up-to-date: /home/evan/code/lidar_slam/lidar_slam/install/other_msgs/include/other_msgs/other_msgs/msg/rosidl_typesupport_introspection_c__visibility_control.h
[5.463s] -- Installing: /home/evan/code/lidar_slam/lidar_slam/install/other_msgs/lib/libother_msgs__rosidl_typesupport_introspection_c.so
[5.463s] -- Set runtime path of "/home/evan/code/lidar_slam/lidar_slam/install/other_msgs/lib/libother_msgs__rosidl_typesupport_introspection_c.so" to ""
[5.463s] -- Installing: /home/evan/code/lidar_slam/lidar_slam/install/other_msgs/lib/libother_msgs__rosidl_typesupport_c.so
[5.464s] -- Set runtime path of "/home/evan/code/lidar_slam/lidar_slam/install/other_msgs/lib/libother_msgs__rosidl_typesupport_c.so" to ""
[5.464s] -- Up-to-date: /home/evan/code/lidar_slam/lidar_slam/install/other_msgs/include/other_msgs/other_msgs
[5.464s] -- Up-to-date: /home/evan/code/lidar_slam/lidar_slam/install/other_msgs/include/other_msgs/other_msgs/msg
[5.464s] -- Up-to-date: /home/evan/code/lidar_slam/lidar_slam/install/other_msgs/include/other_msgs/other_msgs/msg/detail
[5.464s] -- Installing: /home/evan/code/lidar_slam/lidar_slam/install/other_msgs/include/other_msgs/other_msgs/msg/detail/point__type_support.cpp
[5.464s] -- Installing: /home/evan/code/lidar_slam/lidar_slam/install/other_msgs/include/other_msgs/other_msgs/msg/detail/all_cloud__rosidl_typesupport_introspection_cpp.hpp
[5.464s] -- Installing: /home/evan/code/lidar_slam/lidar_slam/install/other_msgs/include/other_msgs/other_msgs/msg/detail/point__rosidl_typesupport_introspection_cpp.hpp
[5.465s] -- Installing: /home/evan/code/lidar_slam/lidar_slam/install/other_msgs/include/other_msgs/other_msgs/msg/detail/all_cloud__type_support.cpp
[5.465s] -- Installing: /home/evan/code/lidar_slam/lidar_slam/install/other_msgs/lib/libother_msgs__rosidl_typesupport_introspection_cpp.so
[5.465s] -- Set runtime path of "/home/evan/code/lidar_slam/lidar_slam/install/other_msgs/lib/libother_msgs__rosidl_typesupport_introspection_cpp.so" to ""
[5.466s] -- Installing: /home/evan/code/lidar_slam/lidar_slam/install/other_msgs/lib/libother_msgs__rosidl_typesupport_cpp.so
[5.466s] -- Set runtime path of "/home/evan/code/lidar_slam/lidar_slam/install/other_msgs/lib/libother_msgs__rosidl_typesupport_cpp.so" to ""
[5.466s] -- Up-to-date: /home/evan/code/lidar_slam/lidar_slam/install/other_msgs/share/other_msgs/environment/pythonpath.sh
[5.466s] -- Installing: /home/evan/code/lidar_slam/lidar_slam/install/other_msgs/share/other_msgs/environment/pythonpath.dsv
[5.467s] -- Up-to-date: /home/evan/code/lidar_slam/lidar_slam/install/other_msgs/local/lib/python3.10/dist-packages/other_msgs-0.0.0-py3.10.egg-info
[5.467s] -- Installing: /home/evan/code/lidar_slam/lidar_slam/install/other_msgs/local/lib/python3.10/dist-packages/other_msgs-0.0.0-py3.10.egg-info/top_level.txt
[5.467s] -- Installing: /home/evan/code/lidar_slam/lidar_slam/install/other_msgs/local/lib/python3.10/dist-packages/other_msgs-0.0.0-py3.10.egg-info/dependency_links.txt
[5.467s] -- Installing: /home/evan/code/lidar_slam/lidar_slam/install/other_msgs/local/lib/python3.10/dist-packages/other_msgs-0.0.0-py3.10.egg-info/PKG-INFO
[5.467s] -- Installing: /home/evan/code/lidar_slam/lidar_slam/install/other_msgs/local/lib/python3.10/dist-packages/other_msgs-0.0.0-py3.10.egg-info/SOURCES.txt
[5.467s] -- Up-to-date: /home/evan/code/lidar_slam/lidar_slam/install/other_msgs/local/lib/python3.10/dist-packages/other_msgs
[5.467s] -- Up-to-date: /home/evan/code/lidar_slam/lidar_slam/install/other_msgs/local/lib/python3.10/dist-packages/other_msgs/msg
[5.467s] -- Installing: /home/evan/code/lidar_slam/lidar_slam/install/other_msgs/local/lib/python3.10/dist-packages/other_msgs/msg/_all_cloud_s.c
[5.468s] -- Installing: /home/evan/code/lidar_slam/lidar_slam/install/other_msgs/local/lib/python3.10/dist-packages/other_msgs/msg/__init__.py
[5.468s] -- Installing: /home/evan/code/lidar_slam/lidar_slam/install/other_msgs/local/lib/python3.10/dist-packages/other_msgs/msg/_point_s.c
[5.468s] -- Installing: /home/evan/code/lidar_slam/lidar_slam/install/other_msgs/local/lib/python3.10/dist-packages/other_msgs/msg/_all_cloud.py
[5.468s] -- Installing: /home/evan/code/lidar_slam/lidar_slam/install/other_msgs/local/lib/python3.10/dist-packages/other_msgs/msg/_point.py
[5.468s] -- Installing: /home/evan/code/lidar_slam/lidar_slam/install/other_msgs/local/lib/python3.10/dist-packages/other_msgs/other_msgs_s__rosidl_typesupport_c.cpython-310-x86_64-linux-gnu.so
[5.468s] -- Installing: /home/evan/code/lidar_slam/lidar_slam/install/other_msgs/local/lib/python3.10/dist-packages/other_msgs/_other_msgs_s.ep.rosidl_typesupport_introspection_c.c
[5.468s] -- Installing: /home/evan/code/lidar_slam/lidar_slam/install/other_msgs/local/lib/python3.10/dist-packages/other_msgs/_other_msgs_s.ep.rosidl_typesupport_c.c
[5.468s] -- Installing: /home/evan/code/lidar_slam/lidar_slam/install/other_msgs/local/lib/python3.10/dist-packages/other_msgs/__init__.py
[5.469s] -- Installing: /home/evan/code/lidar_slam/lidar_slam/install/other_msgs/local/lib/python3.10/dist-packages/other_msgs/other_msgs_s__rosidl_typesupport_introspection_c.cpython-310-x86_64-linux-gnu.so
[5.469s] -- Installing: /home/evan/code/lidar_slam/lidar_slam/install/other_msgs/local/lib/python3.10/dist-packages/other_msgs/libother_msgs__rosidl_generator_py.so
[5.469s] -- Installing: /home/evan/code/lidar_slam/lidar_slam/install/other_msgs/local/lib/python3.10/dist-packages/other_msgs/_other_msgs_s.ep.rosidl_typesupport_fastrtps_c.c
[5.469s] -- Installing: /home/evan/code/lidar_slam/lidar_slam/install/other_msgs/local/lib/python3.10/dist-packages/other_msgs/other_msgs_s__rosidl_typesupport_fastrtps_c.cpython-310-x86_64-linux-gnu.so
[5.507s] Listing '/home/evan/code/lidar_slam/lidar_slam/install/other_msgs/local/lib/python3.10/dist-packages/other_msgs'...
[5.507s] Compiling '/home/evan/code/lidar_slam/lidar_slam/install/other_msgs/local/lib/python3.10/dist-packages/other_msgs/__init__.py'...
[5.507s] Listing '/home/evan/code/lidar_slam/lidar_slam/install/other_msgs/local/lib/python3.10/dist-packages/other_msgs/msg'...
[5.507s] Compiling '/home/evan/code/lidar_slam/lidar_slam/install/other_msgs/local/lib/python3.10/dist-packages/other_msgs/msg/__init__.py'...
[5.507s] Compiling '/home/evan/code/lidar_slam/lidar_slam/install/other_msgs/local/lib/python3.10/dist-packages/other_msgs/msg/_all_cloud.py'...
[5.507s] Compiling '/home/evan/code/lidar_slam/lidar_slam/install/other_msgs/local/lib/python3.10/dist-packages/other_msgs/msg/_point.py'...
[5.512s] -- Installing: /home/evan/code/lidar_slam/lidar_slam/install/other_msgs/local/lib/python3.10/dist-packages/other_msgs/other_msgs_s__rosidl_typesupport_fastrtps_c.cpython-310-x86_64-linux-gnu.so
[5.513s] -- Set runtime path of "/home/evan/code/lidar_slam/lidar_slam/install/other_msgs/local/lib/python3.10/dist-packages/other_msgs/other_msgs_s__rosidl_typesupport_fastrtps_c.cpython-310-x86_64-linux-gnu.so" to ""
[5.513s] -- Installing: /home/evan/code/lidar_slam/lidar_slam/install/other_msgs/local/lib/python3.10/dist-packages/other_msgs/other_msgs_s__rosidl_typesupport_introspection_c.cpython-310-x86_64-linux-gnu.so
[5.514s] -- Set runtime path of "/home/evan/code/lidar_slam/lidar_slam/install/other_msgs/local/lib/python3.10/dist-packages/other_msgs/other_msgs_s__rosidl_typesupport_introspection_c.cpython-310-x86_64-linux-gnu.so" to ""
[5.514s] -- Installing: /home/evan/code/lidar_slam/lidar_slam/install/other_msgs/local/lib/python3.10/dist-packages/other_msgs/other_msgs_s__rosidl_typesupport_c.cpython-310-x86_64-linux-gnu.so
[5.515s] -- Set runtime path of "/home/evan/code/lidar_slam/lidar_slam/install/other_msgs/local/lib/python3.10/dist-packages/other_msgs/other_msgs_s__rosidl_typesupport_c.cpython-310-x86_64-linux-gnu.so" to ""
[5.515s] -- Installing: /home/evan/code/lidar_slam/lidar_slam/install/other_msgs/lib/libother_msgs__rosidl_generator_py.so
[5.516s] -- Set runtime path of "/home/evan/code/lidar_slam/lidar_slam/install/other_msgs/lib/libother_msgs__rosidl_generator_py.so" to ""
[5.516s] -- Up-to-date: /home/evan/code/lidar_slam/lidar_slam/install/other_msgs/share/other_msgs/msg/Point.idl
[5.516s] -- Installing: /home/evan/code/lidar_slam/lidar_slam/install/other_msgs/share/other_msgs/msg/AllCloud.idl
[5.516s] -- Up-to-date: /home/evan/code/lidar_slam/lidar_slam/install/other_msgs/share/other_msgs/msg/Point.msg
[5.516s] -- Installing: /home/evan/code/lidar_slam/lidar_slam/install/other_msgs/share/other_msgs/msg/AllCloud.msg
[5.516s] -- Up-to-date: /home/evan/code/lidar_slam/lidar_slam/install/other_msgs/share/ament_index/resource_index/package_run_dependencies/other_msgs
[5.516s] -- Up-to-date: /home/evan/code/lidar_slam/lidar_slam/install/other_msgs/share/ament_index/resource_index/parent_prefix_path/other_msgs
[5.516s] -- Up-to-date: /home/evan/code/lidar_slam/lidar_slam/install/other_msgs/share/other_msgs/environment/ament_prefix_path.sh
[5.517s] -- Installing: /home/evan/code/lidar_slam/lidar_slam/install/other_msgs/share/other_msgs/environment/ament_prefix_path.dsv
[5.517s] -- Up-to-date: /home/evan/code/lidar_slam/lidar_slam/install/other_msgs/share/other_msgs/environment/path.sh
[5.517s] -- Installing: /home/evan/code/lidar_slam/lidar_slam/install/other_msgs/share/other_msgs/environment/path.dsv
[5.517s] -- Up-to-date: /home/evan/code/lidar_slam/lidar_slam/install/other_msgs/share/other_msgs/local_setup.bash
[5.517s] -- Up-to-date: /home/evan/code/lidar_slam/lidar_slam/install/other_msgs/share/other_msgs/local_setup.sh
[5.517s] -- Up-to-date: /home/evan/code/lidar_slam/lidar_slam/install/other_msgs/share/other_msgs/local_setup.zsh
[5.517s] -- Installing: /home/evan/code/lidar_slam/lidar_slam/install/other_msgs/share/other_msgs/local_setup.dsv
[5.517s] -- Installing: /home/evan/code/lidar_slam/lidar_slam/install/other_msgs/share/other_msgs/package.dsv
[5.517s] -- Up-to-date: /home/evan/code/lidar_slam/lidar_slam/install/other_msgs/share/ament_index/resource_index/packages/other_msgs
[5.517s] -- Old export file "/home/evan/code/lidar_slam/lidar_slam/install/other_msgs/share/other_msgs/cmake/export_other_msgs__rosidl_generator_cExport.cmake" will be replaced.  Removing files [/home/evan/code/lidar_slam/lidar_slam/install/other_msgs/share/other_msgs/cmake/export_other_msgs__rosidl_generator_cExport-noconfig.cmake].
[5.518s] -- Installing: /home/evan/code/lidar_slam/lidar_slam/install/other_msgs/share/other_msgs/cmake/export_other_msgs__rosidl_generator_cExport.cmake
[5.518s] -- Installing: /home/evan/code/lidar_slam/lidar_slam/install/other_msgs/share/other_msgs/cmake/export_other_msgs__rosidl_generator_cExport-noconfig.cmake
[5.518s] -- Old export file "/home/evan/code/lidar_slam/lidar_slam/install/other_msgs/share/other_msgs/cmake/export_other_msgs__rosidl_typesupport_fastrtps_cExport.cmake" will be replaced.  Removing files [/home/evan/code/lidar_slam/lidar_slam/install/other_msgs/share/other_msgs/cmake/export_other_msgs__rosidl_typesupport_fastrtps_cExport-noconfig.cmake].
[5.518s] -- Installing: /home/evan/code/lidar_slam/lidar_slam/install/other_msgs/share/other_msgs/cmake/export_other_msgs__rosidl_typesupport_fastrtps_cExport.cmake
[5.518s] -- Installing: /home/evan/code/lidar_slam/lidar_slam/install/other_msgs/share/other_msgs/cmake/export_other_msgs__rosidl_typesupport_fastrtps_cExport-noconfig.cmake
[5.519s] -- Installing: /home/evan/code/lidar_slam/lidar_slam/install/other_msgs/share/other_msgs/cmake/export_other_msgs__rosidl_generator_cppExport.cmake
[5.519s] -- Old export file "/home/evan/code/lidar_slam/lidar_slam/install/other_msgs/share/other_msgs/cmake/export_other_msgs__rosidl_typesupport_fastrtps_cppExport.cmake" will be replaced.  Removing files [/home/evan/code/lidar_slam/lidar_slam/install/other_msgs/share/other_msgs/cmake/export_other_msgs__rosidl_typesupport_fastrtps_cppExport-noconfig.cmake].
[5.519s] -- Installing: /home/evan/code/lidar_slam/lidar_slam/install/other_msgs/share/other_msgs/cmake/export_other_msgs__rosidl_typesupport_fastrtps_cppExport.cmake
[5.519s] -- Installing: /home/evan/code/lidar_slam/lidar_slam/install/other_msgs/share/other_msgs/cmake/export_other_msgs__rosidl_typesupport_fastrtps_cppExport-noconfig.cmake
[5.519s] -- Old export file "/home/evan/code/lidar_slam/lidar_slam/install/other_msgs/share/other_msgs/cmake/other_msgs__rosidl_typesupport_introspection_cExport.cmake" will be replaced.  Removing files [/home/evan/code/lidar_slam/lidar_slam/install/other_msgs/share/other_msgs/cmake/other_msgs__rosidl_typesupport_introspection_cExport-noconfig.cmake].
[5.520s] -- Installing: /home/evan/code/lidar_slam/lidar_slam/install/other_msgs/share/other_msgs/cmake/other_msgs__rosidl_typesupport_introspection_cExport.cmake
[5.520s] -- Installing: /home/evan/code/lidar_slam/lidar_slam/install/other_msgs/share/other_msgs/cmake/other_msgs__rosidl_typesupport_introspection_cExport-noconfig.cmake
[5.520s] -- Old export file "/home/evan/code/lidar_slam/lidar_slam/install/other_msgs/share/other_msgs/cmake/other_msgs__rosidl_typesupport_cExport.cmake" will be replaced.  Removing files [/home/evan/code/lidar_slam/lidar_slam/install/other_msgs/share/other_msgs/cmake/other_msgs__rosidl_typesupport_cExport-noconfig.cmake].
[5.520s] -- Installing: /home/evan/code/lidar_slam/lidar_slam/install/other_msgs/share/other_msgs/cmake/other_msgs__rosidl_typesupport_cExport.cmake
[5.520s] -- Installing: /home/evan/code/lidar_slam/lidar_slam/install/other_msgs/share/other_msgs/cmake/other_msgs__rosidl_typesupport_cExport-noconfig.cmake
[5.521s] -- Old export file "/home/evan/code/lidar_slam/lidar_slam/install/other_msgs/share/other_msgs/cmake/other_msgs__rosidl_typesupport_introspection_cppExport.cmake" will be replaced.  Removing files [/home/evan/code/lidar_slam/lidar_slam/install/other_msgs/share/other_msgs/cmake/other_msgs__rosidl_typesupport_introspection_cppExport-noconfig.cmake].
[5.521s] -- Installing: /home/evan/code/lidar_slam/lidar_slam/install/other_msgs/share/other_msgs/cmake/other_msgs__rosidl_typesupport_introspection_cppExport.cmake
[5.521s] -- Installing: /home/evan/code/lidar_slam/lidar_slam/install/other_msgs/share/other_msgs/cmake/other_msgs__rosidl_typesupport_introspection_cppExport-noconfig.cmake
[5.521s] -- Old export file "/home/evan/code/lidar_slam/lidar_slam/install/other_msgs/share/other_msgs/cmake/other_msgs__rosidl_typesupport_cppExport.cmake" will be replaced.  Removing files [/home/evan/code/lidar_slam/lidar_slam/install/other_msgs/share/other_msgs/cmake/other_msgs__rosidl_typesupport_cppExport-noconfig.cmake].
[5.521s] -- Installing: /home/evan/code/lidar_slam/lidar_slam/install/other_msgs/share/other_msgs/cmake/other_msgs__rosidl_typesupport_cppExport.cmake
[5.521s] -- Installing: /home/evan/code/lidar_slam/lidar_slam/install/other_msgs/share/other_msgs/cmake/other_msgs__rosidl_typesupport_cppExport-noconfig.cmake
[5.522s] -- Old export file "/home/evan/code/lidar_slam/lidar_slam/install/other_msgs/share/other_msgs/cmake/export_other_msgs__rosidl_generator_pyExport.cmake" will be replaced.  Removing files [/home/evan/code/lidar_slam/lidar_slam/install/other_msgs/share/other_msgs/cmake/export_other_msgs__rosidl_generator_pyExport-noconfig.cmake].
[5.522s] -- Installing: /home/evan/code/lidar_slam/lidar_slam/install/other_msgs/share/other_msgs/cmake/export_other_msgs__rosidl_generator_pyExport.cmake
[5.522s] -- Installing: /home/evan/code/lidar_slam/lidar_slam/install/other_msgs/share/other_msgs/cmake/export_other_msgs__rosidl_generator_pyExport-noconfig.cmake
[5.522s] -- Up-to-date: /home/evan/code/lidar_slam/lidar_slam/install/other_msgs/share/other_msgs/cmake/rosidl_cmake-extras.cmake
[5.522s] -- Installing: /home/evan/code/lidar_slam/lidar_slam/install/other_msgs/share/other_msgs/cmake/ament_cmake_export_dependencies-extras.cmake
[5.522s] -- Up-to-date: /home/evan/code/lidar_slam/lidar_slam/install/other_msgs/share/other_msgs/cmake/ament_cmake_export_include_directories-extras.cmake
[5.522s] -- Up-to-date: /home/evan/code/lidar_slam/lidar_slam/install/other_msgs/share/other_msgs/cmake/ament_cmake_export_libraries-extras.cmake
[5.522s] -- Up-to-date: /home/evan/code/lidar_slam/lidar_slam/install/other_msgs/share/other_msgs/cmake/ament_cmake_export_targets-extras.cmake
[5.523s] -- Up-to-date: /home/evan/code/lidar_slam/lidar_slam/install/other_msgs/share/other_msgs/cmake/rosidl_cmake_export_typesupport_targets-extras.cmake
[5.523s] -- Up-to-date: /home/evan/code/lidar_slam/lidar_slam/install/other_msgs/share/other_msgs/cmake/rosidl_cmake_export_typesupport_libraries-extras.cmake
[5.523s] -- Installing: /home/evan/code/lidar_slam/lidar_slam/install/other_msgs/share/other_msgs/cmake/other_msgsConfig.cmake
[5.523s] -- Up-to-date: /home/evan/code/lidar_slam/lidar_slam/install/other_msgs/share/other_msgs/cmake/other_msgsConfig-version.cmake
[5.523s] -- Up-to-date: /home/evan/code/lidar_slam/lidar_slam/install/other_msgs/share/other_msgs/package.xml
[5.526s] Invoked command in '/home/evan/code/lidar_slam/lidar_slam/build/other_msgs' returned '0': CMAKE_PREFIX_PATH=${CMAKE_PREFIX_PATH}:/opt/ros/humble /usr/bin/cmake --install /home/evan/code/lidar_slam/lidar_slam/build/other_msgs
