[33.204s] DEBUG:colcon:Command line arguments: ['/usr/bin/colcon', 'build', '--packages-select', 'slam_learn']
[33.204s] DEBUG:colcon:Parsed command line arguments: Namespace(log_base=None, log_level=None, verb_name='build', build_base='build', install_base='install', merge_install=False, symlink_install=False, test_result_base=None, continue_on_error=False, executor='parallel', parallel_workers=4, event_handlers=None, ignore_user_meta=False, metas=['./colcon.meta'], base_paths=['.'], packages_ignore=None, packages_ignore_regex=None, paths=None, packages_up_to=None, packages_up_to_regex=None, packages_above=None, packages_above_and_dependencies=None, packages_above_depth=None, packages_select_by_dep=None, packages_skip_by_dep=None, packages_skip_up_to=None, packages_select_build_failed=False, packages_skip_build_finished=False, packages_select_test_failures=False, packages_skip_test_passed=False, packages_select=['slam_learn'], packages_skip=None, packages_select_regex=None, packages_skip_regex=None, packages_start=None, packages_end=None, allow_overriding=[], cmake_args=None, cmake_target=None, cmake_target_skip_unavailable=False, cmake_clean_cache=False, cmake_clean_first=False, cmake_force_configure=False, ament_cmake_args=None, catkin_cmake_args=None, catkin_skip_building_tests=False, verb_parser=<colcon_defaults.argument_parser.defaults.DefaultArgumentsDecorator object at 0x7f093dc2a3e0>, verb_extension=<colcon_core.verb.build.BuildVerb object at 0x7f093e44e350>, main=<bound method BuildVerb.main of <colcon_core.verb.build.BuildVerb object at 0x7f093e44e350>>)
[34.528s] Level 1:colcon.colcon_core.package_discovery:discover_packages(colcon_meta) check parameters
[34.528s] Level 1:colcon.colcon_core.package_discovery:discover_packages(recursive) check parameters
[34.529s] Level 1:colcon.colcon_core.package_discovery:discover_packages(ignore) check parameters
[34.529s] Level 1:colcon.colcon_core.package_discovery:discover_packages(path) check parameters
[34.529s] Level 1:colcon.colcon_core.package_discovery:discover_packages(colcon_meta) discover
[34.529s] Level 1:colcon.colcon_core.package_discovery:discover_packages(recursive) discover
[34.529s] INFO:colcon.colcon_core.package_discovery:Crawling recursively for packages in '/home/evan/code/lidar_slam/lidar_slam'
[34.529s] Level 1:colcon.colcon_core.package_identification:_identify(.) by extensions ['ignore', 'ignore_ament_install']
[34.529s] Level 1:colcon.colcon_core.package_identification:_identify(.) by extension 'ignore'
[34.529s] Level 1:colcon.colcon_core.package_identification:_identify(.) by extension 'ignore_ament_install'
[34.529s] Level 1:colcon.colcon_core.package_identification:_identify(.) by extensions ['colcon_pkg']
[34.529s] Level 1:colcon.colcon_core.package_identification:_identify(.) by extension 'colcon_pkg'
[34.529s] Level 1:colcon.colcon_core.package_identification:_identify(.) by extensions ['colcon_meta']
[34.529s] Level 1:colcon.colcon_core.package_identification:_identify(.) by extension 'colcon_meta'
[34.529s] Level 1:colcon.colcon_core.package_identification:_identify(.) by extensions ['ros']
[34.529s] Level 1:colcon.colcon_core.package_identification:_identify(.) by extension 'ros'
[34.549s] Level 1:colcon.colcon_core.package_identification:_identify(.) by extensions ['cmake', 'python']
[34.549s] Level 1:colcon.colcon_core.package_identification:_identify(.) by extension 'cmake'
[34.549s] Level 1:colcon.colcon_core.package_identification:_identify(.) by extension 'python'
[34.549s] Level 1:colcon.colcon_core.package_identification:_identify(.) by extensions ['python_setup_py']
[34.550s] Level 1:colcon.colcon_core.package_identification:_identify(.) by extension 'python_setup_py'
[34.550s] Level 1:colcon.colcon_core.package_identification:_identify(build) by extensions ['ignore', 'ignore_ament_install']
[34.550s] Level 1:colcon.colcon_core.package_identification:_identify(build) by extension 'ignore'
[34.550s] Level 1:colcon.colcon_core.package_identification:_identify(build) ignored
[34.550s] Level 1:colcon.colcon_core.package_identification:_identify(install) by extensions ['ignore', 'ignore_ament_install']
[34.550s] Level 1:colcon.colcon_core.package_identification:_identify(install) by extension 'ignore'
[34.550s] Level 1:colcon.colcon_core.package_identification:_identify(install) ignored
[34.550s] Level 1:colcon.colcon_core.package_identification:_identify(log) by extensions ['ignore', 'ignore_ament_install']
[34.551s] Level 1:colcon.colcon_core.package_identification:_identify(log) by extension 'ignore'
[34.551s] Level 1:colcon.colcon_core.package_identification:_identify(log) ignored
[34.551s] Level 1:colcon.colcon_core.package_identification:_identify(src) by extensions ['ignore', 'ignore_ament_install']
[34.551s] Level 1:colcon.colcon_core.package_identification:_identify(src) by extension 'ignore'
[34.551s] Level 1:colcon.colcon_core.package_identification:_identify(src) by extension 'ignore_ament_install'
[34.551s] Level 1:colcon.colcon_core.package_identification:_identify(src) by extensions ['colcon_pkg']
[34.551s] Level 1:colcon.colcon_core.package_identification:_identify(src) by extension 'colcon_pkg'
[34.551s] Level 1:colcon.colcon_core.package_identification:_identify(src) by extensions ['colcon_meta']
[34.551s] Level 1:colcon.colcon_core.package_identification:_identify(src) by extension 'colcon_meta'
[34.551s] Level 1:colcon.colcon_core.package_identification:_identify(src) by extensions ['ros']
[34.551s] Level 1:colcon.colcon_core.package_identification:_identify(src) by extension 'ros'
[34.551s] Level 1:colcon.colcon_core.package_identification:_identify(src) by extensions ['cmake', 'python']
[34.551s] Level 1:colcon.colcon_core.package_identification:_identify(src) by extension 'cmake'
[34.551s] Level 1:colcon.colcon_core.package_identification:_identify(src) by extension 'python'
[34.551s] Level 1:colcon.colcon_core.package_identification:_identify(src) by extensions ['python_setup_py']
[34.551s] Level 1:colcon.colcon_core.package_identification:_identify(src) by extension 'python_setup_py'
[34.551s] Level 1:colcon.colcon_core.package_identification:_identify(src/other_msgs) by extensions ['ignore', 'ignore_ament_install']
[34.552s] Level 1:colcon.colcon_core.package_identification:_identify(src/other_msgs) by extension 'ignore'
[34.552s] Level 1:colcon.colcon_core.package_identification:_identify(src/other_msgs) by extension 'ignore_ament_install'
[34.552s] Level 1:colcon.colcon_core.package_identification:_identify(src/other_msgs) by extensions ['colcon_pkg']
[34.552s] Level 1:colcon.colcon_core.package_identification:_identify(src/other_msgs) by extension 'colcon_pkg'
[34.552s] Level 1:colcon.colcon_core.package_identification:_identify(src/other_msgs) by extensions ['colcon_meta']
[34.552s] Level 1:colcon.colcon_core.package_identification:_identify(src/other_msgs) by extension 'colcon_meta'
[34.552s] Level 1:colcon.colcon_core.package_identification:_identify(src/other_msgs) by extensions ['ros']
[34.552s] Level 1:colcon.colcon_core.package_identification:_identify(src/other_msgs) by extension 'ros'
[34.614s] DEBUG:colcon.colcon_core.package_identification:Package 'src/other_msgs' with type 'ros.ament_cmake' and name 'other_msgs'
[34.614s] Level 1:colcon.colcon_core.package_identification:_identify(src/slam_learn) by extensions ['ignore', 'ignore_ament_install']
[34.614s] Level 1:colcon.colcon_core.package_identification:_identify(src/slam_learn) by extension 'ignore'
[34.614s] Level 1:colcon.colcon_core.package_identification:_identify(src/slam_learn) by extension 'ignore_ament_install'
[34.614s] Level 1:colcon.colcon_core.package_identification:_identify(src/slam_learn) by extensions ['colcon_pkg']
[34.614s] Level 1:colcon.colcon_core.package_identification:_identify(src/slam_learn) by extension 'colcon_pkg'
[34.614s] Level 1:colcon.colcon_core.package_identification:_identify(src/slam_learn) by extensions ['colcon_meta']
[34.614s] Level 1:colcon.colcon_core.package_identification:_identify(src/slam_learn) by extension 'colcon_meta'
[34.614s] Level 1:colcon.colcon_core.package_identification:_identify(src/slam_learn) by extensions ['ros']
[34.614s] Level 1:colcon.colcon_core.package_identification:_identify(src/slam_learn) by extension 'ros'
[34.647s] DEBUG:colcon.colcon_core.package_identification:Package 'src/slam_learn' with type 'ros.ament_cmake' and name 'slam_learn'
[34.647s] Level 1:colcon.colcon_core.package_discovery:discover_packages(recursive) using defaults
[34.647s] Level 1:colcon.colcon_core.package_discovery:discover_packages(ignore) discover
[34.647s] Level 1:colcon.colcon_core.package_discovery:discover_packages(ignore) using defaults
[34.647s] Level 1:colcon.colcon_core.package_discovery:discover_packages(path) discover
[34.648s] Level 1:colcon.colcon_core.package_discovery:discover_packages(path) using defaults
[35.709s] INFO:colcon.colcon_core.package_selection:Skipping not selected package 'other_msgs' in 'src/other_msgs'
[35.721s] Level 1:colcon.colcon_core.package_discovery:discover_packages(prefix_path) check parameters
[35.721s] Level 1:colcon.colcon_core.package_discovery:discover_packages(prefix_path) discover
[35.820s] DEBUG:colcon.colcon_installed_package_information.package_discovery:Found 2 installed packages in /home/evan/code/lidar_slam/lidar_slam/install
[35.899s] DEBUG:colcon.colcon_installed_package_information.package_discovery:Found 2 installed packages in /home/evan/code/lego-loam/lego/install
[35.956s] DEBUG:colcon.colcon_installed_package_information.package_discovery:Found 7 installed packages in /home/evan/code/ndt-loc/install
[36.169s] DEBUG:colcon.colcon_installed_package_information.package_discovery:Found 270 installed packages in /opt/ros/humble
[36.170s] Level 1:colcon.colcon_core.package_discovery:discover_packages(prefix_path) using defaults
[59.013s] Level 5:colcon.colcon_core.verb:set package 'slam_learn' build argument 'cmake_args' from command line to 'None'
[59.013s] Level 5:colcon.colcon_core.verb:set package 'slam_learn' build argument 'cmake_target' from command line to 'None'
[59.013s] Level 5:colcon.colcon_core.verb:set package 'slam_learn' build argument 'cmake_target_skip_unavailable' from command line to 'False'
[59.013s] Level 5:colcon.colcon_core.verb:set package 'slam_learn' build argument 'cmake_clean_cache' from command line to 'False'
[59.013s] Level 5:colcon.colcon_core.verb:set package 'slam_learn' build argument 'cmake_clean_first' from command line to 'False'
[59.013s] Level 5:colcon.colcon_core.verb:set package 'slam_learn' build argument 'cmake_force_configure' from command line to 'False'
[59.013s] Level 5:colcon.colcon_core.verb:set package 'slam_learn' build argument 'ament_cmake_args' from command line to 'None'
[59.013s] Level 5:colcon.colcon_core.verb:set package 'slam_learn' build argument 'catkin_cmake_args' from command line to 'None'
[59.013s] Level 5:colcon.colcon_core.verb:set package 'slam_learn' build argument 'catkin_skip_building_tests' from command line to 'False'
[59.013s] DEBUG:colcon.colcon_core.verb:Building package 'slam_learn' with the following arguments: {'ament_cmake_args': None, 'build_base': '/home/evan/code/lidar_slam/lidar_slam/build/slam_learn', 'catkin_cmake_args': None, 'catkin_skip_building_tests': False, 'cmake_args': None, 'cmake_clean_cache': False, 'cmake_clean_first': False, 'cmake_force_configure': False, 'cmake_target': None, 'cmake_target_skip_unavailable': False, 'install_base': '/home/evan/code/lidar_slam/lidar_slam/install/slam_learn', 'merge_install': False, 'path': '/home/evan/code/lidar_slam/lidar_slam/src/slam_learn', 'symlink_install': False, 'test_result_base': None}
[59.014s] INFO:colcon.colcon_core.executor:Executing jobs using 'parallel' executor
[59.018s] DEBUG:colcon.colcon_parallel_executor.executor.parallel:run_until_complete
[59.018s] INFO:colcon.colcon_ros.task.ament_cmake.build:Building ROS package in '/home/evan/code/lidar_slam/lidar_slam/src/slam_learn' with build type 'ament_cmake'
[59.018s] INFO:colcon.colcon_cmake.task.cmake.build:Building CMake package in '/home/evan/code/lidar_slam/lidar_slam/src/slam_learn'
[59.432s] INFO:colcon.colcon_core.plugin_system:Skipping extension 'colcon_core.shell.bat': Not used on non-Windows systems
[59.432s] INFO:colcon.colcon_core.shell:Skip shell extension 'powershell' for command environment: Not usable outside of PowerShell
[59.432s] DEBUG:colcon.colcon_core.shell:Skip shell extension 'dsv' for command environment
[59.778s] DEBUG:colcon.colcon_core.event_handler.log_command:Invoking command in '/home/evan/code/lidar_slam/lidar_slam/build/slam_learn': CMAKE_PREFIX_PATH=/home/evan/code/lidar_slam/lidar_slam/install/other_msgs:/home/evan/code/lidar_slam/lidar_slam/install/slam_learn:/home/evan/code/lego-loam/lego/install/lego_loam_sr:/home/evan/code/lego-loam/lego/install/cloud_msgs:/home/evan/code/ndt-loc/install/radar-odometry:/home/evan/code/ndt-loc/install/radar-data:/home/evan/code/ndt-loc/install/ndt-lidar-radar:/home/evan/code/ndt-loc/install/map:/home/evan/code/ndt-loc/install/data-publisher:/home/evan/code/ndt-loc/install/cloud_msgs:/home/evan/code/ndt-loc/install/a-loam:/opt/ros/humble /usr/bin/cmake --build /home/evan/code/lidar_slam/lidar_slam/build/slam_learn -- -j4 -l4
