[35m[1mConsolidate compiler generated dependencies of target front_end_node[0m
[ 50%] Built target data_process_test
[ 66%] Built target data_process_node
[ 83%] [32mBuilding CXX object CMakeFiles/front_end_node.dir/src/front_end.cpp.o[0m
[01m[K/home/evan/code/lidar_slam/lidar_slam/src/slam_learn/src/front_end.cpp:[m[K In member function ‘[01m[Kvoid lidarslam::FrontEnd::odometry()[m[K’:
[01m[K/home/evan/code/lidar_slam/lidar_slam/src/slam_learn/src/front_end.cpp:458:17:[m[K [01;35m[Kwarning: [m[Kunused variable ‘[01m[KsurfFlatNum[m[K’ [[01;35m[K]8;;https://gcc.gnu.org/onlinedocs/gcc/Warning-Options.html#index-Wunused-variable-Wunused-variable]8;;[m[K]
  458 |             int [01;35m[KsurfFlatNum[m[K = surfFlat -> size();
      |                 [01;35m[K^~~~~~~~~~~[m[K
[01m[K/home/evan/code/lidar_slam/lidar_slam/src/slam_learn/src/front_end.cpp:459:17:[m[K [01;35m[Kwarning: [m[Kunused variable ‘[01m[KgroundFlatNum[m[K’ [[01;35m[K]8;;https://gcc.gnu.org/onlinedocs/gcc/Warning-Options.html#index-Wunused-variable-Wunused-variable]8;;[m[K]
  459 |             int [01;35m[KgroundFlatNum[m[K = groundSurfFlat -> size();
      |                 [01;35m[K^~~~~~~~~~~~~[m[K
In file included from [01m[K/home/evan/code/lidar_slam/lidar_slam/src/slam_learn/src/front_end.cpp:2[m[K:
/home/evan/code/lidar_slam/lidar_slam/src/slam_learn/include/slam_learn/lidar_factor.hpp: In instantiation of ‘[01m[Kbool lidarslam::GroundPlaneFactor::operator()(const T*, const T*, T*) const [with T = ceres::Jet<double, 7>][m[K’:
[01m[K/usr/local/include/ceres/internal/variadic_evaluate.h:55:17:[m[K   required from ‘[01m[Kbool ceres::internal::VariadicEvaluateImpl(const Functor&, const T* const*, T*, std::false_type, std::integer_sequence<int, Indices ...>) [with Functor = lidarslam::GroundPlaneFactor; T = ceres::Jet<double, 7>; int ...Indices = {0, 1}; std::false_type = std::integral_constant<bool, false>][m[K’
[01m[K/usr/local/include/ceres/internal/variadic_evaluate.h:77:30:[m[K   required from ‘[01m[Kbool ceres::internal::VariadicEvaluateImpl(const Functor&, const T* const*, T*, const void*) [with ParameterDims = ceres::internal::ParameterDims<false, 4, 3>; Functor = lidarslam::GroundPlaneFactor; T = ceres::Jet<double, 7>][m[K’
[01m[K/usr/local/include/ceres/internal/variadic_evaluate.h:106:45:[m[K   required from ‘[01m[Kbool ceres::internal::VariadicEvaluate(const Functor&, const T* const*, T*) [with ParameterDims = ceres::internal::ParameterDims<false, 4, 3>; Functor = lidarslam::GroundPlaneFactor; T = ceres::Jet<double, 7>][m[K’
[01m[K/usr/local/include/ceres/internal/autodiff.h:349:39:[m[K   required from ‘[01m[Kbool ceres::internal::AutoDifferentiate(const Functor&, const T* const*, int, T*, T**) [with int kNumResiduals = 1; ParameterDims = ceres::internal::ParameterDims<false, 4, 3>; Functor = lidarslam::GroundPlaneFactor; T = double][m[K’
[01m[K/usr/local/include/ceres/autodiff_cost_function.h:211:69:[m[K   required from ‘[01m[Kbool ceres::AutoDiffCostFunction<CostFunctor, kNumResiduals, Ns>::Evaluate(const double* const*, double*, double**) const [with CostFunctor = lidarslam::GroundPlaneFactor; int kNumResiduals = 1; int ...Ns = {4, 3}][m[K’
[01m[K/usr/local/include/ceres/autodiff_cost_function.h:201:8:[m[K   required from here
[01m[K/home/evan/code/lidar_slam/lidar_slam/src/slam_learn/include/slam_learn/lidar_factor.hpp:65:57:[m[K [01;31m[Kerror: [m[Kno match for ‘[01m[Koperator/[m[K’ (operand types are ‘[01m[Kceres::Jet<double, 7>[m[K’ and ‘[01m[Kconst float[m[K’)
   65 |                 residual[0] = [01;31m[K(T)(param.dot(point) + d) / dSqrt[m[K;
      |                               [01;31m[K~~~~~~~~~~~~~~~~~~~~~~~~~~^~~~~~~[m[K
In file included from [01m[K/usr/local/include/ceres/internal/autodiff.h:152[m[K,
                 from [01m[K/usr/local/include/ceres/autodiff_cost_function.h:130[m[K,
                 from [01m[K/usr/local/include/ceres/ceres.h:37[m[K,
                 from [01m[K/home/evan/code/lidar_slam/lidar_slam/src/slam_learn/include/slam_learn/slam_utils.h:32[m[K,
                 from [01m[K/home/evan/code/lidar_slam/lidar_slam/src/slam_learn/src/front_end.cpp:1[m[K:
[01m[K/usr/local/include/ceres/jet.h:367:18:[m[K [01;36m[Knote: [m[Kcandidate: ‘[01m[Ktemplate<class T, int N> ceres::Jet<T, N> ceres::operator/(const ceres::Jet<T, N>&, const ceres::Jet<T, N>&)[m[K’
  367 | inline Jet<T, N> [01;36m[Koperator[m[K/(const Jet<T, N>& f, const Jet<T, N>& g) {
      |                  [01;36m[K^~~~~~~~[m[K
[01m[K/usr/local/include/ceres/jet.h:367:18:[m[K [01;36m[Knote: [m[K  template argument deduction/substitution failed:
In file included from [01m[K/home/evan/code/lidar_slam/lidar_slam/src/slam_learn/src/front_end.cpp:2[m[K:
[01m[K/home/evan/code/lidar_slam/lidar_slam/src/slam_learn/include/slam_learn/lidar_factor.hpp:65:57:[m[K [01;36m[Knote: [m[K  mismatched types ‘[01m[Kconst ceres::Jet<T, N>[m[K’ and ‘[01m[Kconst float[m[K’
   65 |                 residual[0] = [01;36m[K(T)(param.dot(point) + d) / dSqrt[m[K;
      |                               [01;36m[K~~~~~~~~~~~~~~~~~~~~~~~~~~^~~~~~~[m[K
In file included from [01m[K/usr/local/include/ceres/internal/autodiff.h:152[m[K,
                 from [01m[K/usr/local/include/ceres/autodiff_cost_function.h:130[m[K,
                 from [01m[K/usr/local/include/ceres/ceres.h:37[m[K,
                 from [01m[K/home/evan/code/lidar_slam/lidar_slam/src/slam_learn/include/slam_learn/slam_utils.h:32[m[K,
                 from [01m[K/home/evan/code/lidar_slam/lidar_slam/src/slam_learn/src/front_end.cpp:1[m[K:
[01m[K/usr/local/include/ceres/jet.h:382:18:[m[K [01;36m[Knote: [m[Kcandidate: ‘[01m[Ktemplate<class T, int N> ceres::Jet<T, N> ceres::operator/(T, const ceres::Jet<T, N>&)[m[K’
  382 | inline Jet<T, N> [01;36m[Koperator[m[K/(T s, const Jet<T, N>& g) {
      |                  [01;36m[K^~~~~~~~[m[K
[01m[K/usr/local/include/ceres/jet.h:382:18:[m[K [01;36m[Knote: [m[K  template argument deduction/substitution failed:
In file included from [01m[K/home/evan/code/lidar_slam/lidar_slam/src/slam_learn/src/front_end.cpp:2[m[K:
[01m[K/home/evan/code/lidar_slam/lidar_slam/src/slam_learn/include/slam_learn/lidar_factor.hpp:65:57:[m[K [01;36m[Knote: [m[K  mismatched types ‘[01m[Kconst ceres::Jet<T, N>[m[K’ and ‘[01m[Kconst float[m[K’
   65 |                 residual[0] = [01;36m[K(T)(param.dot(point) + d) / dSqrt[m[K;
      |                               [01;36m[K~~~~~~~~~~~~~~~~~~~~~~~~~~^~~~~~~[m[K
In file included from [01m[K/usr/local/include/ceres/internal/autodiff.h:152[m[K,
                 from [01m[K/usr/local/include/ceres/autodiff_cost_function.h:130[m[K,
                 from [01m[K/usr/local/include/ceres/ceres.h:37[m[K,
                 from [01m[K/home/evan/code/lidar_slam/lidar_slam/src/slam_learn/include/slam_learn/slam_utils.h:32[m[K,
                 from [01m[K/home/evan/code/lidar_slam/lidar_slam/src/slam_learn/src/front_end.cpp:1[m[K:
[01m[K/usr/local/include/ceres/jet.h:389:18:[m[K [01;36m[Knote: [m[Kcandidate: ‘[01m[Ktemplate<class T, int N> ceres::Jet<T, N> ceres::operator/(const ceres::Jet<T, N>&, T)[m[K’
  389 | inline Jet<T, N> [01;36m[Koperator[m[K/(const Jet<T, N>& f, T s) {
      |                  [01;36m[K^~~~~~~~[m[K
[01m[K/usr/local/include/ceres/jet.h:389:18:[m[K [01;36m[Knote: [m[K  template argument deduction/substitution failed:
In file included from [01m[K/home/evan/code/lidar_slam/lidar_slam/src/slam_learn/src/front_end.cpp:2[m[K:
[01m[K/home/evan/code/lidar_slam/lidar_slam/src/slam_learn/include/slam_learn/lidar_factor.hpp:65:57:[m[K [01;36m[Knote: [m[K  deduced conflicting types for parameter ‘[01m[KT[m[K’ (‘[01m[Kdouble[m[K’ and ‘[01m[Kfloat[m[K’)
   65 |                 residual[0] = [01;36m[K(T)(param.dot(point) + d) / dSqrt[m[K;
      |                               [01;36m[K~~~~~~~~~~~~~~~~~~~~~~~~~~^~~~~~~[m[K
gmake[2]: *** [CMakeFiles/front_end_node.dir/build.make:76: CMakeFiles/front_end_node.dir/src/front_end.cpp.o] Error 1
gmake[1]: *** [CMakeFiles/Makefile2:167: CMakeFiles/front_end_node.dir/all] Error 2
gmake: *** [Makefile:146: all] Error 2
