[0.115s] Invoking command in '/home/evan/code/lidar_slam/lidar_slam/build/slam_learn': CMAKE_PREFIX_PATH=${CMAKE_PREFIX_PATH}:/opt/ros/humble /usr/bin/cmake --build /home/evan/code/lidar_slam/lidar_slam/build/slam_learn -- -j4 -l4
[0.228s] -- Found ament_cmake: 1.3.3 (/opt/ros/humble/share/ament_cmake/cmake)
[0.458s] -- Found rclcpp: 16.0.3 (/opt/ros/humble/share/rclcpp/cmake)
[0.499s] -- Found rosidl_generator_c: 3.1.4 (/opt/ros/humble/share/rosidl_generator_c/cmake)
[0.502s] -- Found rosidl_adapter: 3.1.4 (/opt/ros/humble/share/rosidl_adapter/cmake)
[0.511s] -- Found rosidl_generator_cpp: 3.1.4 (/opt/ros/humble/share/rosidl_generator_cpp/cmake)
[0.525s] -- Using all available rosidl_typesupport_c: rosidl_typesupport_fastrtps_c;rosidl_typesupport_introspection_c
[0.545s] -- Using all available rosidl_typesupport_cpp: rosidl_typesupport_fastrtps_cpp;rosidl_typesupport_introspection_cpp
[0.711s] -- Found rmw_implementation_cmake: 6.1.1 (/opt/ros/humble/share/rmw_implementation_cmake/cmake)
[0.713s] -- Found rmw_fastrtps_cpp: 6.2.2 (/opt/ros/humble/share/rmw_fastrtps_cpp/cmake)
[1.194s] -- Using RMW implementation 'rmw_fastrtps_cpp' as default
[1.524s] -- Found sensor_msgs: 4.2.3 (/opt/ros/humble/share/sensor_msgs/cmake)
[1.739s] [31mCMake Error at CMakeLists.txt:13 (find_package):
[1.739s]   By not providing "Findother_msgs.cmake" in CMAKE_MODULE_PATH this project
[1.739s]   has asked CMake to find a package configuration file provided by
[1.739s]   "other_msgs", but CMake did not find one.
[1.739s] 
[1.740s]   Could not find a package configuration file provided by "other_msgs" with
[1.740s]   any of the following names:
[1.740s] 
[1.740s]     other_msgsConfig.cmake
[1.740s]     other_msgs-config.cmake
[1.740s] 
[1.740s]   Add the installation prefix of "other_msgs" to CMAKE_PREFIX_PATH or set
[1.740s]   "other_msgs_DIR" to a directory containing one of the above files.  If
[1.740s]   "other_msgs" provides a separate development package or SDK, be sure it has
[1.740s]   been installed.
[1.740s] 
[1.740s] [0m
[1.741s] -- Configuring incomplete, errors occurred!
[1.741s] See also "/home/evan/code/lidar_slam/lidar_slam/build/slam_learn/CMakeFiles/CMakeOutput.log".
[1.766s] gmake: *** [Makefile:226: cmake_check_build_system] Error 1
[1.768s] Invoked command in '/home/evan/code/lidar_slam/lidar_slam/build/slam_learn' returned '2': CMAKE_PREFIX_PATH=${CMAKE_PREFIX_PATH}:/opt/ros/humble /usr/bin/cmake --build /home/evan/code/lidar_slam/lidar_slam/build/slam_learn -- -j4 -l4
