[0.020s] Invoking command in '/home/evan/code/lidar_slam/lidar_slam/build/other_msgs': CMAKE_PREFIX_PATH=${CMAKE_PREFIX_PATH}:/opt/ros/humble /usr/bin/cmake /home/evan/code/lidar_slam/lidar_slam/src/other_msgs -DCMAKE_INSTALL_PREFIX=/home/evan/code/lidar_slam/lidar_slam/install/other_msgs
[0.084s] -- The C compiler identification is GNU 11.3.0
[0.148s] -- The CXX compiler identification is GNU 11.3.0
[0.155s] -- Detecting C compiler ABI info
[0.230s] -- Detecting C compiler ABI info - done
[0.238s] -- Check for working C compiler: /usr/bin/cc - skipped
[0.239s] -- Detecting C compile features
[0.239s] -- Detecting C compile features - done
[0.242s] -- Detecting CXX compiler ABI info
[0.329s] -- Detecting CXX compiler ABI info - done
[0.339s] -- Check for working CXX compiler: /usr/bin/c++ - skipped
[0.340s] -- Detecting CXX compile features
[0.340s] -- Detecting CXX compile features - done
[0.345s] -- Found ament_cmake: 1.3.3 (/opt/ros/humble/share/ament_cmake/cmake)
[0.550s] -- Found Python3: /usr/bin/python3.10 (found version "3.10.6") found components: Interpreter 
[0.660s] -- Found std_msgs: 4.2.3 (/opt/ros/humble/share/std_msgs/cmake)
[0.706s] -- Found rosidl_generator_c: 3.1.4 (/opt/ros/humble/share/rosidl_generator_c/cmake)
[0.715s] -- Found rosidl_adapter: 3.1.4 (/opt/ros/humble/share/rosidl_adapter/cmake)
[0.727s] -- Found rosidl_generator_cpp: 3.1.4 (/opt/ros/humble/share/rosidl_generator_cpp/cmake)
[0.745s] -- Using all available rosidl_typesupport_c: rosidl_typesupport_fastrtps_c;rosidl_typesupport_introspection_c
[0.770s] -- Using all available rosidl_typesupport_cpp: rosidl_typesupport_fastrtps_cpp;rosidl_typesupport_introspection_cpp
[0.841s] -- Found sensor_msgs: 4.2.3 (/opt/ros/humble/share/sensor_msgs/cmake)
[1.005s] -- Found rosidl_default_generators: 1.2.0 (/opt/ros/humble/share/rosidl_default_generators/cmake)
[1.207s] [31mCMake Error at /opt/ros/humble/share/rosidl_adapter/cmake/rosidl_adapt_interfaces.cmake:59 (message):
[1.207s]   execute_process(/usr/bin/python3.10 -m rosidl_adapter --package-name
[1.208s]   other_msgs --arguments-file
[1.208s]   /home/evan/code/lidar_slam/lidar_slam/build/other_msgs/rosidl_adapter__arguments__other_msgs.json
[1.208s]   --output-dir
[1.208s]   /home/evan/code/lidar_slam/lidar_slam/build/other_msgs/rosidl_adapter/other_msgs
[1.208s]   --output-file
[1.208s]   /home/evan/code/lidar_slam/lidar_slam/build/other_msgs/rosidl_adapter/other_msgs.idls)
[1.208s]   returned error code 1:
[1.208s] 
[1.208s]   Error processing 'float32[] transform;' of 'other_msgs/AllCloud':
[1.208s]   ''transform;' is an invalid field name.  It should have the pattern
[1.208s]   '^(?!.*__)(?!.*_$)[a-z][a-z0-9_]*$''
[1.208s] 
[1.208s]   Traceback (most recent call last):
[1.209s] 
[1.209s]     File "/usr/lib/python3.10/runpy.py", line 196, in _run_module_as_main
[1.209s]       return _run_code(code, main_globals, None,
[1.209s]     File "/usr/lib/python3.10/runpy.py", line 86, in _run_code
[1.209s]       exec(code, run_globals)
[1.209s]     File "/opt/ros/humble/local/lib/python3.10/dist-packages/rosidl_adapter/__main__.py", line 19, in <module>
[1.209s]       sys.exit(main())
[1.209s]     File "/opt/ros/humble/local/lib/python3.10/dist-packages/rosidl_adapter/main.py", line 53, in main
[1.209s]       abs_idl_file = convert_to_idl(
[1.209s]     File "/opt/ros/humble/local/lib/python3.10/dist-packages/rosidl_adapter/__init__.py", line 19, in convert_to_idl
[1.209s]       return convert_msg_to_idl(
[1.209s]     File "/opt/ros/humble/local/lib/python3.10/dist-packages/rosidl_adapter/msg/__init__.py", line 28, in convert_msg_to_idl
[1.209s]       msg = parse_message_string(package_name, input_file.stem, content)
[1.209s]     File "/opt/ros/humble/local/lib/python3.10/dist-packages/rosidl_adapter/parser.py", line 519, in parse_message_string
[1.210s]       fields.append(Field(
[1.210s]     File "/opt/ros/humble/local/lib/python3.10/dist-packages/rosidl_adapter/parser.py", line 354, in __init__
[1.210s]       raise NameError(
[1.210s] 
[1.210s]   NameError: 'transform;' is an invalid field name.  It should have the
[1.210s]   pattern '^(?!.*__)(?!.*_$)[a-z][a-z0-9_]*$'
[1.210s] 
[1.210s] Call Stack (most recent call first):
[1.210s]   /opt/ros/humble/share/rosidl_cmake/cmake/rosidl_generate_interfaces.cmake:130 (rosidl_adapt_interfaces)
[1.210s]   CMakeLists.txt:10 (rosidl_generate_interfaces)
[1.210s] 
[1.211s] [0m
[1.211s] -- Configuring incomplete, errors occurred!
[1.211s] See also "/home/evan/code/lidar_slam/lidar_slam/build/other_msgs/CMakeFiles/CMakeOutput.log".
[1.219s] Invoked command in '/home/evan/code/lidar_slam/lidar_slam/build/other_msgs' returned '1': CMAKE_PREFIX_PATH=${CMAKE_PREFIX_PATH}:/opt/ros/humble /usr/bin/cmake /home/evan/code/lidar_slam/lidar_slam/src/other_msgs -DCMAKE_INSTALL_PREFIX=/home/evan/code/lidar_slam/lidar_slam/install/other_msgs
