[0.404s] Invoking command in '/home/evan/code/lidar_slam/lidar_slam/build/slam_learn': CMAKE_PREFIX_PATH=/home/evan/code/lidar_slam/lidar_slam/install/other_msgs:/home/evan/code/lidar_slam/lidar_slam/install/slam_learn:/home/evan/code/lego-loam/lego/install/lego_loam_sr:/home/evan/code/lego-loam/lego/install/cloud_msgs:/home/evan/code/ndt-loc/install/radar-odometry:/home/evan/code/ndt-loc/install/radar-data:/home/evan/code/ndt-loc/install/ndt-lidar-radar:/home/evan/code/ndt-loc/install/map:/home/evan/code/ndt-loc/install/data-publisher:/home/evan/code/ndt-loc/install/cloud_msgs:/home/evan/code/ndt-loc/install/a-loam:/opt/ros/humble /usr/bin/cmake --build /home/evan/code/lidar_slam/lidar_slam/build/slam_learn -- -j4 -l4
[1.712s] [ 33%] Built target data_process_node
[1.875s] [35m[1mConsolidate compiler generated dependencies of target back_end_node[0m
[1.951s] [ 50%] [32mBuilding CXX object CMakeFiles/back_end_node.dir/src/back_end.cpp.o[0m
[24.380s] In file included from [01m[K/usr/include/eigen3/Eigen/Core:164[m[K,
[24.381s]                  from [01m[K/usr/include/eigen3/Eigen/Dense:1[m[K,
[24.381s]                  from [01m[K/home/evan/code/lidar_slam/lidar_slam/src/slam_learn/include/slam_learn/slam_utils.h:16[m[K,
[24.381s]                  from [01m[K/home/evan/code/lidar_slam/lidar_slam/src/slam_learn/src/back_end.cpp:1[m[K:
[24.381s] /usr/include/eigen3/Eigen/src/Core/AssignEvaluator.h: In instantiation of ‘[01m[Kvoid Eigen::internal::call_assignment_no_alias(Dst&, const Src&, const Func&) [with Dst = Eigen::Matrix<double, 3, 3>; Src = Eigen::Matrix<float, 3, 3>; Func = Eigen::internal::assign_op<double, float>][m[K’:
[24.381s] [01m[K/usr/include/eigen3/Eigen/src/Core/AssignEvaluator.h:858:27:[m[K   required from ‘[01m[Kvoid Eigen::internal::call_assignment(Dst&, const Src&, const Func&, typename Eigen::internal::enable_if<(! Eigen::internal::evaluator_assume_aliasing<Src>::value), void*>::type) [with Dst = Eigen::Matrix<double, 3, 3>; Src = Eigen::Matrix<float, 3, 3>; Func = Eigen::internal::assign_op<double, float>; typename Eigen::internal::enable_if<(! Eigen::internal::evaluator_assume_aliasing<Src>::value), void*>::type = void*; typename Eigen::internal::evaluator_traits<SrcXprType>::Shape = Eigen::DenseShape][m[K’
[24.381s] [01m[K/usr/include/eigen3/Eigen/src/Core/AssignEvaluator.h:836:18:[m[K   required from ‘[01m[Kvoid Eigen::internal::call_assignment(Dst&, const Src&) [with Dst = Eigen::Matrix<double, 3, 3>; Src = Eigen::Matrix<float, 3, 3>][m[K’
[24.381s] [01m[K/usr/include/eigen3/Eigen/src/Core/PlainObjectBase.h:779:32:[m[K   required from ‘[01m[KDerived& Eigen::PlainObjectBase<Derived>::_set(const Eigen::DenseBase<OtherDerived>&) [with OtherDerived = Eigen::Matrix<float, 3, 3>; Derived = Eigen::Matrix<double, 3, 3>][m[K’
[24.381s] [01m[K/usr/include/eigen3/Eigen/src/Core/Matrix.h:225:24:[m[K   required from ‘[01m[KEigen::Matrix<_Scalar, _Rows, _Cols, _Options, _MaxRows, _MaxCols>& Eigen::Matrix<_Scalar, _Rows, _Cols, _Options, _MaxRows, _MaxCols>::operator=(const Eigen::DenseBase<OtherDerived>&) [with OtherDerived = Eigen::Matrix<float, 3, 3>; _Scalar = double; int _Rows = 3; int _Cols = 3; int _Options = 0; int _MaxRows = 3; int _MaxCols = 3][m[K’
[24.381s] [01m[K/usr/include/eigen3/Eigen/src/Eigenvalues/SelfAdjointEigenSolver.h:437:13:[m[K   required from ‘[01m[KEigen::SelfAdjointEigenSolver<MatrixType>& Eigen::SelfAdjointEigenSolver<_MatrixType>::compute(const Eigen::EigenBase<OtherDerived>&, int) [with InputType = Eigen::Matrix<float, 3, 3>; _MatrixType = Eigen::Matrix<double, 3, 3>][m[K’
[24.381s] [01m[K/usr/include/eigen3/Eigen/src/Eigenvalues/SelfAdjointEigenSolver.h:181:14:[m[K   required from ‘[01m[KEigen::SelfAdjointEigenSolver<_MatrixType>::SelfAdjointEigenSolver(const Eigen::EigenBase<OtherDerived>&, int) [with InputType = Eigen::Matrix<float, 3, 3>; _MatrixType = Eigen::Matrix<double, 3, 3>][m[K’
[24.381s] [01m[K/home/evan/code/lidar_slam/lidar_slam/src/slam_learn/src/back_end.cpp:405:84:[m[K   required from here
[24.381s] [01m[K/usr/include/eigen3/Eigen/src/Core/AssignEvaluator.h:888:3:[m[K [01;31m[Kerror: [m[Kstatic assertion failed: YOU_MIXED_DIFFERENT_NUMERIC_TYPES__YOU_NEED_TO_USE_THE_CAST_METHOD_OF_MATRIXBASE_TO_CAST_NUMERIC_TYPES_EXPLICITLY
[24.381s]   888 |   [01;31m[KEIGEN_CHECK_BINARY_COMPATIBILIY[m[K(Func,typename ActualDstTypeCleaned::Scalar,typename Src::Scalar);
[24.382s]       |   [01;31m[K^~~~~~~~~~~~~~~~~~~~~~~~~~~~~~~[m[K
[24.382s] [01m[K/usr/include/eigen3/Eigen/src/Core/AssignEvaluator.h:888:3:[m[K [01;36m[Knote: [m[K‘[01m[KEigen::internal::has_ReturnType<Eigen::ScalarBinaryOpTraits<double, float, Eigen::internal::assign_op<double, float> > >::value[m[K’ evaluates to false
[24.721s] /usr/include/eigen3/Eigen/src/Core/AssignEvaluator.h: In instantiation of ‘[01m[Kvoid Eigen::internal::call_assignment_no_alias(Dst&, const Src&, const Func&) [with Dst = Eigen::Matrix<double, 3, 3>; Src = Eigen::TriangularView<const Eigen::Matrix<float, 3, 3>, 1>; Func = Eigen::internal::assign_op<double, float>][m[K’:
[24.721s] [01m[K/usr/include/eigen3/Eigen/src/Core/AssignEvaluator.h:858:27:[m[K   required from ‘[01m[Kvoid Eigen::internal::call_assignment(Dst&, const Src&, const Func&, typename Eigen::internal::enable_if<(! Eigen::internal::evaluator_assume_aliasing<Src>::value), void*>::type) [with Dst = Eigen::Matrix<double, 3, 3>; Src = Eigen::TriangularView<const Eigen::Matrix<float, 3, 3>, 1>; Func = Eigen::internal::assign_op<double, float>; typename Eigen::internal::enable_if<(! Eigen::internal::evaluator_assume_aliasing<Src>::value), void*>::type = void*; typename Eigen::internal::evaluator_traits<SrcXprType>::Shape = Eigen::TriangularShape][m[K’
[24.721s] [01m[K/usr/include/eigen3/Eigen/src/Core/AssignEvaluator.h:836:18:[m[K   required from ‘[01m[Kvoid Eigen::internal::call_assignment(Dst&, const Src&) [with Dst = Eigen::Matrix<double, 3, 3>; Src = Eigen::TriangularView<const Eigen::Matrix<float, 3, 3>, 1>][m[K’
[24.721s] [01m[K/usr/include/eigen3/Eigen/src/Core/Assign.h:75:28:[m[K   required from ‘[01m[KDerived& Eigen::MatrixBase<Derived>::operator=(const Eigen::EigenBase<OtherDerived>&) [with OtherDerived = Eigen::TriangularView<const Eigen::Matrix<float, 3, 3>, 1>; Derived = Eigen::Matrix<double, 3, 3>][m[K’
[24.721s] [01m[K/usr/include/eigen3/Eigen/src/Core/PlainObjectBase.h:628:22:[m[K   required from ‘[01m[KDerived& Eigen::PlainObjectBase<Derived>::operator=(const Eigen::EigenBase<OtherDerived>&) [with OtherDerived = Eigen::TriangularView<const Eigen::Matrix<float, 3, 3>, 1>; Derived = Eigen::Matrix<double, 3, 3>][m[K’
[24.721s] [01m[K/usr/include/eigen3/Eigen/src/Core/Matrix.h:238:29:[m[K   required from ‘[01m[KEigen::Matrix<_Scalar, _Rows, _Cols, _Options, _MaxRows, _MaxCols>& Eigen::Matrix<_Scalar, _Rows, _Cols, _Options, _MaxRows, _MaxCols>::operator=(const Eigen::EigenBase<OtherDerived>&) [with OtherDerived = Eigen::TriangularView<const Eigen::Matrix<float, 3, 3>, 1>; _Scalar = double; int _Rows = 3; int _Cols = 3; int _Options = 0; int _MaxRows = 3; int _MaxCols = 3][m[K’
[24.721s] [01m[K/usr/include/eigen3/Eigen/src/Eigenvalues/SelfAdjointEigenSolver.h:452:7:[m[K   required from ‘[01m[KEigen::SelfAdjointEigenSolver<MatrixType>& Eigen::SelfAdjointEigenSolver<_MatrixType>::compute(const Eigen::EigenBase<OtherDerived>&, int) [with InputType = Eigen::Matrix<float, 3, 3>; _MatrixType = Eigen::Matrix<double, 3, 3>][m[K’
[24.722s] [01m[K/usr/include/eigen3/Eigen/src/Eigenvalues/SelfAdjointEigenSolver.h:181:14:[m[K   required from ‘[01m[KEigen::SelfAdjointEigenSolver<_MatrixType>::SelfAdjointEigenSolver(const Eigen::EigenBase<OtherDerived>&, int) [with InputType = Eigen::Matrix<float, 3, 3>; _MatrixType = Eigen::Matrix<double, 3, 3>][m[K’
[24.722s] [01m[K/home/evan/code/lidar_slam/lidar_slam/src/slam_learn/src/back_end.cpp:405:84:[m[K   required from here
[24.722s] [01m[K/usr/include/eigen3/Eigen/src/Core/AssignEvaluator.h:888:3:[m[K [01;31m[Kerror: [m[Kstatic assertion failed: YOU_MIXED_DIFFERENT_NUMERIC_TYPES__YOU_NEED_TO_USE_THE_CAST_METHOD_OF_MATRIXBASE_TO_CAST_NUMERIC_TYPES_EXPLICITLY
[24.722s] [01m[K/usr/include/eigen3/Eigen/src/Core/AssignEvaluator.h:888:3:[m[K [01;36m[Knote: [m[K‘[01m[KEigen::internal::has_ReturnType<Eigen::ScalarBinaryOpTraits<double, float, Eigen::internal::assign_op<double, float> > >::value[m[K’ evaluates to false
[35.221s] gmake[2]: *** [CMakeFiles/back_end_node.dir/build.make:76: CMakeFiles/back_end_node.dir/src/back_end.cpp.o] Error 1
[35.222s] gmake[1]: *** [CMakeFiles/Makefile2:193: CMakeFiles/back_end_node.dir/all] Error 2
[35.222s] gmake: *** [Makefile:146: all] Error 2
[35.225s] Invoked command in '/home/evan/code/lidar_slam/lidar_slam/build/slam_learn' returned '2': CMAKE_PREFIX_PATH=/home/evan/code/lidar_slam/lidar_slam/install/other_msgs:/home/evan/code/lidar_slam/lidar_slam/install/slam_learn:/home/evan/code/lego-loam/lego/install/lego_loam_sr:/home/evan/code/lego-loam/lego/install/cloud_msgs:/home/evan/code/ndt-loc/install/radar-odometry:/home/evan/code/ndt-loc/install/radar-data:/home/evan/code/ndt-loc/install/ndt-lidar-radar:/home/evan/code/ndt-loc/install/map:/home/evan/code/ndt-loc/install/data-publisher:/home/evan/code/ndt-loc/install/cloud_msgs:/home/evan/code/ndt-loc/install/a-loam:/opt/ros/humble /usr/bin/cmake --build /home/evan/code/lidar_slam/lidar_slam/build/slam_learn -- -j4 -l4
