[0.365s] DEBUG:colcon:Command line arguments: ['/usr/bin/colcon', 'build', '--packages-select', 'slam_learn']
[0.365s] DEBUG:colcon:Parsed command line arguments: Namespace(log_base=None, log_level=None, verb_name='build', build_base='build', install_base='install', merge_install=False, symlink_install=False, test_result_base=None, continue_on_error=False, executor='parallel', parallel_workers=4, event_handlers=None, ignore_user_meta=False, metas=['./colcon.meta'], base_paths=['.'], packages_ignore=None, packages_ignore_regex=None, paths=None, packages_up_to=None, packages_up_to_regex=None, packages_above=None, packages_above_and_dependencies=None, packages_above_depth=None, packages_select_by_dep=None, packages_skip_by_dep=None, packages_skip_up_to=None, packages_select_build_failed=False, packages_skip_build_finished=False, packages_select_test_failures=False, packages_skip_test_passed=False, packages_select=['slam_learn'], packages_skip=None, packages_select_regex=None, packages_skip_regex=None, packages_start=None, packages_end=None, allow_overriding=[], cmake_args=None, cmake_target=None, cmake_target_skip_unavailable=False, cmake_clean_cache=False, cmake_clean_first=False, cmake_force_configure=False, ament_cmake_args=None, catkin_cmake_args=None, catkin_skip_building_tests=False, verb_parser=<colcon_defaults.argument_parser.defaults.DefaultArgumentsDecorator object at 0x7ff04798e530>, verb_extension=<colcon_core.verb.build.BuildVerb object at 0x7ff0481ae320>, main=<bound method BuildVerb.main of <colcon_core.verb.build.BuildVerb object at 0x7ff0481ae320>>)
[0.405s] Level 1:colcon.colcon_core.package_discovery:discover_packages(colcon_meta) check parameters
[0.406s] Level 1:colcon.colcon_core.package_discovery:discover_packages(recursive) check parameters
[0.406s] Level 1:colcon.colcon_core.package_discovery:discover_packages(ignore) check parameters
[0.406s] Level 1:colcon.colcon_core.package_discovery:discover_packages(path) check parameters
[0.406s] Level 1:colcon.colcon_core.package_discovery:discover_packages(colcon_meta) discover
[0.406s] Level 1:colcon.colcon_core.package_discovery:discover_packages(recursive) discover
[0.406s] INFO:colcon.colcon_core.package_discovery:Crawling recursively for packages in '/home/evan/code/lidar_slam/lidar_slam'
[0.406s] Level 1:colcon.colcon_core.package_identification:_identify(.) by extensions ['ignore', 'ignore_ament_install']
[0.406s] Level 1:colcon.colcon_core.package_identification:_identify(.) by extension 'ignore'
[0.406s] Level 1:colcon.colcon_core.package_identification:_identify(.) by extension 'ignore_ament_install'
[0.406s] Level 1:colcon.colcon_core.package_identification:_identify(.) by extensions ['colcon_pkg']
[0.406s] Level 1:colcon.colcon_core.package_identification:_identify(.) by extension 'colcon_pkg'
[0.406s] Level 1:colcon.colcon_core.package_identification:_identify(.) by extensions ['colcon_meta']
[0.407s] Level 1:colcon.colcon_core.package_identification:_identify(.) by extension 'colcon_meta'
[0.407s] Level 1:colcon.colcon_core.package_identification:_identify(.) by extensions ['ros']
[0.407s] Level 1:colcon.colcon_core.package_identification:_identify(.) by extension 'ros'
[0.420s] Level 1:colcon.colcon_core.package_identification:_identify(.) by extensions ['cmake', 'python']
[0.420s] Level 1:colcon.colcon_core.package_identification:_identify(.) by extension 'cmake'
[0.420s] Level 1:colcon.colcon_core.package_identification:_identify(.) by extension 'python'
[0.420s] Level 1:colcon.colcon_core.package_identification:_identify(.) by extensions ['python_setup_py']
[0.420s] Level 1:colcon.colcon_core.package_identification:_identify(.) by extension 'python_setup_py'
[0.420s] Level 1:colcon.colcon_core.package_identification:_identify(build) by extensions ['ignore', 'ignore_ament_install']
[0.420s] Level 1:colcon.colcon_core.package_identification:_identify(build) by extension 'ignore'
[0.421s] Level 1:colcon.colcon_core.package_identification:_identify(build) ignored
[0.421s] Level 1:colcon.colcon_core.package_identification:_identify(install) by extensions ['ignore', 'ignore_ament_install']
[0.421s] Level 1:colcon.colcon_core.package_identification:_identify(install) by extension 'ignore'
[0.421s] Level 1:colcon.colcon_core.package_identification:_identify(install) ignored
[0.421s] Level 1:colcon.colcon_core.package_identification:_identify(log) by extensions ['ignore', 'ignore_ament_install']
[0.421s] Level 1:colcon.colcon_core.package_identification:_identify(log) by extension 'ignore'
[0.421s] Level 1:colcon.colcon_core.package_identification:_identify(log) ignored
[0.421s] Level 1:colcon.colcon_core.package_identification:_identify(src) by extensions ['ignore', 'ignore_ament_install']
[0.421s] Level 1:colcon.colcon_core.package_identification:_identify(src) by extension 'ignore'
[0.421s] Level 1:colcon.colcon_core.package_identification:_identify(src) by extension 'ignore_ament_install'
[0.422s] Level 1:colcon.colcon_core.package_identification:_identify(src) by extensions ['colcon_pkg']
[0.422s] Level 1:colcon.colcon_core.package_identification:_identify(src) by extension 'colcon_pkg'
[0.422s] Level 1:colcon.colcon_core.package_identification:_identify(src) by extensions ['colcon_meta']
[0.422s] Level 1:colcon.colcon_core.package_identification:_identify(src) by extension 'colcon_meta'
[0.422s] Level 1:colcon.colcon_core.package_identification:_identify(src) by extensions ['ros']
[0.422s] Level 1:colcon.colcon_core.package_identification:_identify(src) by extension 'ros'
[0.422s] Level 1:colcon.colcon_core.package_identification:_identify(src) by extensions ['cmake', 'python']
[0.422s] Level 1:colcon.colcon_core.package_identification:_identify(src) by extension 'cmake'
[0.422s] Level 1:colcon.colcon_core.package_identification:_identify(src) by extension 'python'
[0.422s] Level 1:colcon.colcon_core.package_identification:_identify(src) by extensions ['python_setup_py']
[0.422s] Level 1:colcon.colcon_core.package_identification:_identify(src) by extension 'python_setup_py'
[0.422s] Level 1:colcon.colcon_core.package_identification:_identify(src/other_msgs) by extensions ['ignore', 'ignore_ament_install']
[0.422s] Level 1:colcon.colcon_core.package_identification:_identify(src/other_msgs) by extension 'ignore'
[0.422s] Level 1:colcon.colcon_core.package_identification:_identify(src/other_msgs) by extension 'ignore_ament_install'
[0.422s] Level 1:colcon.colcon_core.package_identification:_identify(src/other_msgs) by extensions ['colcon_pkg']
[0.422s] Level 1:colcon.colcon_core.package_identification:_identify(src/other_msgs) by extension 'colcon_pkg'
[0.423s] Level 1:colcon.colcon_core.package_identification:_identify(src/other_msgs) by extensions ['colcon_meta']
[0.423s] Level 1:colcon.colcon_core.package_identification:_identify(src/other_msgs) by extension 'colcon_meta'
[0.423s] Level 1:colcon.colcon_core.package_identification:_identify(src/other_msgs) by extensions ['ros']
[0.423s] Level 1:colcon.colcon_core.package_identification:_identify(src/other_msgs) by extension 'ros'
[0.425s] DEBUG:colcon.colcon_core.package_identification:Package 'src/other_msgs' with type 'ros.ament_cmake' and name 'other_msgs'
[0.426s] Level 1:colcon.colcon_core.package_identification:_identify(src/slam_learn) by extensions ['ignore', 'ignore_ament_install']
[0.426s] Level 1:colcon.colcon_core.package_identification:_identify(src/slam_learn) by extension 'ignore'
[0.426s] Level 1:colcon.colcon_core.package_identification:_identify(src/slam_learn) by extension 'ignore_ament_install'
[0.426s] Level 1:colcon.colcon_core.package_identification:_identify(src/slam_learn) by extensions ['colcon_pkg']
[0.426s] Level 1:colcon.colcon_core.package_identification:_identify(src/slam_learn) by extension 'colcon_pkg'
[0.426s] Level 1:colcon.colcon_core.package_identification:_identify(src/slam_learn) by extensions ['colcon_meta']
[0.426s] Level 1:colcon.colcon_core.package_identification:_identify(src/slam_learn) by extension 'colcon_meta'
[0.426s] Level 1:colcon.colcon_core.package_identification:_identify(src/slam_learn) by extensions ['ros']
[0.426s] Level 1:colcon.colcon_core.package_identification:_identify(src/slam_learn) by extension 'ros'
[0.427s] DEBUG:colcon.colcon_core.package_identification:Package 'src/slam_learn' with type 'ros.ament_cmake' and name 'slam_learn'
[0.427s] Level 1:colcon.colcon_core.package_discovery:discover_packages(recursive) using defaults
[0.427s] Level 1:colcon.colcon_core.package_discovery:discover_packages(ignore) discover
[0.427s] Level 1:colcon.colcon_core.package_discovery:discover_packages(ignore) using defaults
[0.427s] Level 1:colcon.colcon_core.package_discovery:discover_packages(path) discover
[0.427s] Level 1:colcon.colcon_core.package_discovery:discover_packages(path) using defaults
[0.453s] INFO:colcon.colcon_core.package_selection:Skipping not selected package 'other_msgs' in 'src/other_msgs'
[0.454s] Level 1:colcon.colcon_core.package_discovery:discover_packages(prefix_path) check parameters
[0.454s] Level 1:colcon.colcon_core.package_discovery:discover_packages(prefix_path) discover
[0.457s] DEBUG:colcon.colcon_installed_package_information.package_discovery:Found 2 installed packages in /home/evan/code/lidar_slam/lidar_slam/install
[0.458s] DEBUG:colcon.colcon_installed_package_information.package_discovery:Found 2 installed packages in /home/evan/code/lego-loam/lego/install
[0.460s] DEBUG:colcon.colcon_installed_package_information.package_discovery:Found 7 installed packages in /home/evan/code/ndt-loc/install
[0.462s] DEBUG:colcon.colcon_installed_package_information.package_discovery:Found 270 installed packages in /opt/ros/humble
[0.463s] Level 1:colcon.colcon_core.package_discovery:discover_packages(prefix_path) using defaults
[0.533s] Level 5:colcon.colcon_core.verb:set package 'slam_learn' build argument 'cmake_args' from command line to 'None'
[0.533s] Level 5:colcon.colcon_core.verb:set package 'slam_learn' build argument 'cmake_target' from command line to 'None'
[0.533s] Level 5:colcon.colcon_core.verb:set package 'slam_learn' build argument 'cmake_target_skip_unavailable' from command line to 'False'
[0.533s] Level 5:colcon.colcon_core.verb:set package 'slam_learn' build argument 'cmake_clean_cache' from command line to 'False'
[0.533s] Level 5:colcon.colcon_core.verb:set package 'slam_learn' build argument 'cmake_clean_first' from command line to 'False'
[0.533s] Level 5:colcon.colcon_core.verb:set package 'slam_learn' build argument 'cmake_force_configure' from command line to 'False'
[0.534s] Level 5:colcon.colcon_core.verb:set package 'slam_learn' build argument 'ament_cmake_args' from command line to 'None'
[0.534s] Level 5:colcon.colcon_core.verb:set package 'slam_learn' build argument 'catkin_cmake_args' from command line to 'None'
[0.534s] Level 5:colcon.colcon_core.verb:set package 'slam_learn' build argument 'catkin_skip_building_tests' from command line to 'False'
[0.534s] DEBUG:colcon.colcon_core.verb:Building package 'slam_learn' with the following arguments: {'ament_cmake_args': None, 'build_base': '/home/evan/code/lidar_slam/lidar_slam/build/slam_learn', 'catkin_cmake_args': None, 'catkin_skip_building_tests': False, 'cmake_args': None, 'cmake_clean_cache': False, 'cmake_clean_first': False, 'cmake_force_configure': False, 'cmake_target': None, 'cmake_target_skip_unavailable': False, 'install_base': '/home/evan/code/lidar_slam/lidar_slam/install/slam_learn', 'merge_install': False, 'path': '/home/evan/code/lidar_slam/lidar_slam/src/slam_learn', 'symlink_install': False, 'test_result_base': None}
[0.534s] INFO:colcon.colcon_core.executor:Executing jobs using 'parallel' executor
[0.538s] DEBUG:colcon.colcon_parallel_executor.executor.parallel:run_until_complete
[0.538s] INFO:colcon.colcon_ros.task.ament_cmake.build:Building ROS package in '/home/evan/code/lidar_slam/lidar_slam/src/slam_learn' with build type 'ament_cmake'
[0.539s] INFO:colcon.colcon_cmake.task.cmake.build:Building CMake package in '/home/evan/code/lidar_slam/lidar_slam/src/slam_learn'
[0.544s] INFO:colcon.colcon_core.plugin_system:Skipping extension 'colcon_core.shell.bat': Not used on non-Windows systems
[0.544s] INFO:colcon.colcon_core.shell:Skip shell extension 'powershell' for command environment: Not usable outside of PowerShell
[0.544s] DEBUG:colcon.colcon_core.shell:Skip shell extension 'dsv' for command environment
[0.564s] DEBUG:colcon.colcon_core.event_handler.log_command:Invoking command in '/home/evan/code/lidar_slam/lidar_slam/build/slam_learn': CMAKE_PREFIX_PATH=/home/evan/code/lidar_slam/lidar_slam/install/other_msgs:/home/evan/code/lidar_slam/lidar_slam/install/slam_learn:/home/evan/code/lego-loam/lego/install/lego_loam_sr:/home/evan/code/lego-loam/lego/install/cloud_msgs:/home/evan/code/ndt-loc/install/radar-odometry:/home/evan/code/ndt-loc/install/radar-data:/home/evan/code/ndt-loc/install/ndt-lidar-radar:/home/evan/code/ndt-loc/install/map:/home/evan/code/ndt-loc/install/data-publisher:/home/evan/code/ndt-loc/install/cloud_msgs:/home/evan/code/ndt-loc/install/a-loam:/opt/ros/humble /usr/bin/cmake --build /home/evan/code/lidar_slam/lidar_slam/build/slam_learn -- -j4 -l4
[23.255s] DEBUG:colcon.colcon_core.event_handler.log_command:Invoked command in '/home/evan/code/lidar_slam/lidar_slam/build/slam_learn' returned '0': CMAKE_PREFIX_PATH=/home/evan/code/lidar_slam/lidar_slam/install/other_msgs:/home/evan/code/lidar_slam/lidar_slam/install/slam_learn:/home/evan/code/lego-loam/lego/install/lego_loam_sr:/home/evan/code/lego-loam/lego/install/cloud_msgs:/home/evan/code/ndt-loc/install/radar-odometry:/home/evan/code/ndt-loc/install/radar-data:/home/evan/code/ndt-loc/install/ndt-lidar-radar:/home/evan/code/ndt-loc/install/map:/home/evan/code/ndt-loc/install/data-publisher:/home/evan/code/ndt-loc/install/cloud_msgs:/home/evan/code/ndt-loc/install/a-loam:/opt/ros/humble /usr/bin/cmake --build /home/evan/code/lidar_slam/lidar_slam/build/slam_learn -- -j4 -l4
[23.310s] DEBUG:colcon.colcon_core.event_handler.log_command:Invoking command in '/home/evan/code/lidar_slam/lidar_slam/build/slam_learn': CMAKE_PREFIX_PATH=/home/evan/code/lidar_slam/lidar_slam/install/other_msgs:/home/evan/code/lidar_slam/lidar_slam/install/slam_learn:/home/evan/code/lego-loam/lego/install/lego_loam_sr:/home/evan/code/lego-loam/lego/install/cloud_msgs:/home/evan/code/ndt-loc/install/radar-odometry:/home/evan/code/ndt-loc/install/radar-data:/home/evan/code/ndt-loc/install/ndt-lidar-radar:/home/evan/code/ndt-loc/install/map:/home/evan/code/ndt-loc/install/data-publisher:/home/evan/code/ndt-loc/install/cloud_msgs:/home/evan/code/ndt-loc/install/a-loam:/opt/ros/humble /usr/bin/cmake --install /home/evan/code/lidar_slam/lidar_slam/build/slam_learn
[23.341s] Level 1:colcon.colcon_core.environment:create_environment_scripts_only(slam_learn)
[23.347s] DEBUG:colcon.colcon_core.event_handler.log_command:Invoked command in '/home/evan/code/lidar_slam/lidar_slam/build/slam_learn' returned '0': CMAKE_PREFIX_PATH=/home/evan/code/lidar_slam/lidar_slam/install/other_msgs:/home/evan/code/lidar_slam/lidar_slam/install/slam_learn:/home/evan/code/lego-loam/lego/install/lego_loam_sr:/home/evan/code/lego-loam/lego/install/cloud_msgs:/home/evan/code/ndt-loc/install/radar-odometry:/home/evan/code/ndt-loc/install/radar-data:/home/evan/code/ndt-loc/install/ndt-lidar-radar:/home/evan/code/ndt-loc/install/map:/home/evan/code/ndt-loc/install/data-publisher:/home/evan/code/ndt-loc/install/cloud_msgs:/home/evan/code/ndt-loc/install/a-loam:/opt/ros/humble /usr/bin/cmake --install /home/evan/code/lidar_slam/lidar_slam/build/slam_learn
[23.348s] Level 1:colcon.colcon_core.environment:checking '/home/evan/code/lidar_slam/lidar_slam/install/slam_learn' for CMake module files
[23.349s] Level 1:colcon.colcon_core.environment:checking '/home/evan/code/lidar_slam/lidar_slam/install/slam_learn' for CMake config files
[23.349s] Level 1:colcon.colcon_core.shell:create_environment_hook('slam_learn', 'cmake_prefix_path')
[23.351s] INFO:colcon.colcon_core.shell:Creating environment hook '/home/evan/code/lidar_slam/lidar_slam/install/slam_learn/share/slam_learn/hook/cmake_prefix_path.ps1'
[23.352s] INFO:colcon.colcon_core.shell:Creating environment descriptor '/home/evan/code/lidar_slam/lidar_slam/install/slam_learn/share/slam_learn/hook/cmake_prefix_path.dsv'
[23.352s] INFO:colcon.colcon_core.shell:Creating environment hook '/home/evan/code/lidar_slam/lidar_slam/install/slam_learn/share/slam_learn/hook/cmake_prefix_path.sh'
[23.353s] Level 1:colcon.colcon_core.environment:checking '/home/evan/code/lidar_slam/lidar_slam/install/slam_learn/lib'
[23.354s] Level 1:colcon.colcon_core.environment:checking '/home/evan/code/lidar_slam/lidar_slam/install/slam_learn/bin'
[23.354s] Level 1:colcon.colcon_core.environment:checking '/home/evan/code/lidar_slam/lidar_slam/install/slam_learn/lib/pkgconfig/slam_learn.pc'
[23.354s] Level 1:colcon.colcon_core.environment:checking '/home/evan/code/lidar_slam/lidar_slam/install/slam_learn/lib/python3.10/site-packages'
[23.354s] Level 1:colcon.colcon_core.environment:checking '/home/evan/code/lidar_slam/lidar_slam/install/slam_learn/bin'
[23.356s] INFO:colcon.colcon_core.shell:Creating package script '/home/evan/code/lidar_slam/lidar_slam/install/slam_learn/share/slam_learn/package.ps1'
[23.357s] INFO:colcon.colcon_core.shell:Creating package descriptor '/home/evan/code/lidar_slam/lidar_slam/install/slam_learn/share/slam_learn/package.dsv'
[23.358s] INFO:colcon.colcon_core.shell:Creating package script '/home/evan/code/lidar_slam/lidar_slam/install/slam_learn/share/slam_learn/package.sh'
[23.359s] INFO:colcon.colcon_core.shell:Creating package script '/home/evan/code/lidar_slam/lidar_slam/install/slam_learn/share/slam_learn/package.bash'
[23.359s] INFO:colcon.colcon_core.shell:Creating package script '/home/evan/code/lidar_slam/lidar_slam/install/slam_learn/share/slam_learn/package.zsh'
[23.360s] Level 1:colcon.colcon_core.environment:create_file_with_runtime_dependencies(/home/evan/code/lidar_slam/lidar_slam/install/slam_learn/share/colcon-core/packages/slam_learn)
[23.403s] Level 1:colcon.colcon_core.environment:create_environment_scripts_only(slam_learn)
[23.405s] Level 1:colcon.colcon_core.environment:checking '/home/evan/code/lidar_slam/lidar_slam/install/slam_learn' for CMake module files
[23.406s] Level 1:colcon.colcon_core.environment:checking '/home/evan/code/lidar_slam/lidar_slam/install/slam_learn' for CMake config files
[23.406s] Level 1:colcon.colcon_core.shell:create_environment_hook('slam_learn', 'cmake_prefix_path')
[23.408s] INFO:colcon.colcon_core.shell:Creating environment hook '/home/evan/code/lidar_slam/lidar_slam/install/slam_learn/share/slam_learn/hook/cmake_prefix_path.ps1'
[23.408s] INFO:colcon.colcon_core.shell:Creating environment descriptor '/home/evan/code/lidar_slam/lidar_slam/install/slam_learn/share/slam_learn/hook/cmake_prefix_path.dsv'
[23.409s] INFO:colcon.colcon_core.shell:Creating environment hook '/home/evan/code/lidar_slam/lidar_slam/install/slam_learn/share/slam_learn/hook/cmake_prefix_path.sh'
[23.409s] Level 1:colcon.colcon_core.environment:checking '/home/evan/code/lidar_slam/lidar_slam/install/slam_learn/lib'
[23.409s] Level 1:colcon.colcon_core.environment:checking '/home/evan/code/lidar_slam/lidar_slam/install/slam_learn/bin'
[23.410s] Level 1:colcon.colcon_core.environment:checking '/home/evan/code/lidar_slam/lidar_slam/install/slam_learn/lib/pkgconfig/slam_learn.pc'
[23.410s] Level 1:colcon.colcon_core.environment:checking '/home/evan/code/lidar_slam/lidar_slam/install/slam_learn/lib/python3.10/site-packages'
[23.410s] Level 1:colcon.colcon_core.environment:checking '/home/evan/code/lidar_slam/lidar_slam/install/slam_learn/bin'
[23.411s] INFO:colcon.colcon_core.shell:Creating package script '/home/evan/code/lidar_slam/lidar_slam/install/slam_learn/share/slam_learn/package.ps1'
[23.412s] INFO:colcon.colcon_core.shell:Creating package descriptor '/home/evan/code/lidar_slam/lidar_slam/install/slam_learn/share/slam_learn/package.dsv'
[23.413s] INFO:colcon.colcon_core.shell:Creating package script '/home/evan/code/lidar_slam/lidar_slam/install/slam_learn/share/slam_learn/package.sh'
[23.413s] INFO:colcon.colcon_core.shell:Creating package script '/home/evan/code/lidar_slam/lidar_slam/install/slam_learn/share/slam_learn/package.bash'
[23.413s] INFO:colcon.colcon_core.shell:Creating package script '/home/evan/code/lidar_slam/lidar_slam/install/slam_learn/share/slam_learn/package.zsh'
[23.414s] Level 1:colcon.colcon_core.environment:create_file_with_runtime_dependencies(/home/evan/code/lidar_slam/lidar_slam/install/slam_learn/share/colcon-core/packages/slam_learn)
[23.414s] DEBUG:colcon.colcon_parallel_executor.executor.parallel:closing loop
[23.415s] DEBUG:colcon.colcon_parallel_executor.executor.parallel:loop closed
[23.415s] DEBUG:colcon.colcon_parallel_executor.executor.parallel:run_until_complete finished with '0'
[23.415s] DEBUG:colcon.colcon_core.event_reactor:joining thread
[23.423s] INFO:colcon.colcon_core.plugin_system:Skipping extension 'colcon_notification.desktop_notification.terminal_notifier': Not used on non-Darwin systems
[23.423s] INFO:colcon.colcon_core.plugin_system:Skipping extension 'colcon_notification.desktop_notification.win32': Not used on non-Windows systems
[23.423s] INFO:colcon.colcon_notification.desktop_notification:Sending desktop notification using 'notify2'
[23.434s] DEBUG:colcon.colcon_core.event_reactor:joined thread
[23.436s] INFO:colcon.colcon_core.shell:Creating prefix script '/home/evan/code/lidar_slam/lidar_slam/install/local_setup.ps1'
[23.437s] INFO:colcon.colcon_core.shell:Creating prefix util module '/home/evan/code/lidar_slam/lidar_slam/install/_local_setup_util_ps1.py'
[23.439s] INFO:colcon.colcon_core.shell:Creating prefix chain script '/home/evan/code/lidar_slam/lidar_slam/install/setup.ps1'
[23.442s] INFO:colcon.colcon_core.shell:Creating prefix script '/home/evan/code/lidar_slam/lidar_slam/install/local_setup.sh'
[23.442s] INFO:colcon.colcon_core.shell:Creating prefix util module '/home/evan/code/lidar_slam/lidar_slam/install/_local_setup_util_sh.py'
[23.443s] INFO:colcon.colcon_core.shell:Creating prefix chain script '/home/evan/code/lidar_slam/lidar_slam/install/setup.sh'
[23.445s] INFO:colcon.colcon_core.shell:Creating prefix script '/home/evan/code/lidar_slam/lidar_slam/install/local_setup.bash'
[23.445s] INFO:colcon.colcon_core.shell:Creating prefix chain script '/home/evan/code/lidar_slam/lidar_slam/install/setup.bash'
[23.447s] INFO:colcon.colcon_core.shell:Creating prefix script '/home/evan/code/lidar_slam/lidar_slam/install/local_setup.zsh'
[23.448s] INFO:colcon.colcon_core.shell:Creating prefix chain script '/home/evan/code/lidar_slam/lidar_slam/install/setup.zsh'
