[0.020s] Invoking command in '/home/evan/code/lidar_slam/lidar_slam/build/other_msgs': CMAKE_PREFIX_PATH=${CMAKE_PREFIX_PATH}:/opt/ros/humble /usr/bin/cmake /home/evan/code/lidar_slam/lidar_slam/src/other_msgs -DCMAKE_INSTALL_PREFIX=/home/evan/code/lidar_slam/lidar_slam/install/other_msgs
[1.008s] -- The C compiler identification is GNU 11.3.0
[1.183s] -- The CXX compiler identification is GNU 11.3.0
[1.192s] -- Detecting C compiler ABI info
[1.360s] -- Detecting C compiler ABI info - done
[1.368s] -- Check for working C compiler: /usr/bin/cc - skipped
[1.369s] -- Detecting C compile features
[1.381s] -- Detecting C compile features - done
[1.385s] -- Detecting CXX compiler ABI info
[1.480s] -- Detecting CXX compiler ABI info - done
[1.489s] -- Check for working CXX compiler: /usr/bin/c++ - skipped
[1.489s] -- Detecting CXX compile features
[1.490s] -- Detecting CXX compile features - done
[1.571s] -- Found ament_cmake: 1.3.3 (/opt/ros/humble/share/ament_cmake/cmake)
[1.875s] -- Found Python3: /usr/bin/python3.10 (found version "3.10.6") found components: Interpreter 
[2.038s] -- Found std_msgs: 4.2.3 (/opt/ros/humble/share/std_msgs/cmake)
[2.130s] -- Found rosidl_generator_c: 3.1.4 (/opt/ros/humble/share/rosidl_generator_c/cmake)
[2.139s] -- Found rosidl_adapter: 3.1.4 (/opt/ros/humble/share/rosidl_adapter/cmake)
[2.151s] -- Found rosidl_generator_cpp: 3.1.4 (/opt/ros/humble/share/rosidl_generator_cpp/cmake)
[2.184s] -- Using all available rosidl_typesupport_c: rosidl_typesupport_fastrtps_c;rosidl_typesupport_introspection_c
[2.209s] -- Using all available rosidl_typesupport_cpp: rosidl_typesupport_fastrtps_cpp;rosidl_typesupport_introspection_cpp
[2.292s] -- Found sensor_msgs: 4.2.3 (/opt/ros/humble/share/sensor_msgs/cmake)
[2.457s] -- Found rosidl_default_generators: 1.2.0 (/opt/ros/humble/share/rosidl_default_generators/cmake)
[2.653s] [31mCMake Error at /opt/ros/humble/share/rosidl_adapter/cmake/rosidl_adapt_interfaces.cmake:59 (message):
[2.653s]   execute_process(/usr/bin/python3.10 -m rosidl_adapter --package-name
[2.653s]   other_msgs --arguments-file
[2.653s]   /home/evan/code/lidar_slam/lidar_slam/build/other_msgs/rosidl_adapter__arguments__other_msgs.json
[2.653s]   --output-dir
[2.653s]   /home/evan/code/lidar_slam/lidar_slam/build/other_msgs/rosidl_adapter/other_msgs
[2.653s]   --output-file
[2.653s]   /home/evan/code/lidar_slam/lidar_slam/build/other_msgs/rosidl_adapter/other_msgs.idls)
[2.653s]   returned error code 1:
[2.653s] 
[2.654s]   Error processing 'float32[] transform;' of 'other_msgs/AllCloud':
[2.654s]   ''transform;' is an invalid field name.  It should have the pattern
[2.654s]   '^(?!.*__)(?!.*_$)[a-z][a-z0-9_]*$''
[2.654s] 
[2.654s]   Traceback (most recent call last):
[2.654s] 
[2.654s]     File "/usr/lib/python3.10/runpy.py", line 196, in _run_module_as_main
[2.654s]       return _run_code(code, main_globals, None,
[2.654s]     File "/usr/lib/python3.10/runpy.py", line 86, in _run_code
[2.654s]       exec(code, run_globals)
[2.654s]     File "/opt/ros/humble/local/lib/python3.10/dist-packages/rosidl_adapter/__main__.py", line 19, in <module>
[2.654s]       sys.exit(main())
[2.655s]     File "/opt/ros/humble/local/lib/python3.10/dist-packages/rosidl_adapter/main.py", line 53, in main
[2.655s]       abs_idl_file = convert_to_idl(
[2.655s]     File "/opt/ros/humble/local/lib/python3.10/dist-packages/rosidl_adapter/__init__.py", line 19, in convert_to_idl
[2.655s]       return convert_msg_to_idl(
[2.655s]     File "/opt/ros/humble/local/lib/python3.10/dist-packages/rosidl_adapter/msg/__init__.py", line 28, in convert_msg_to_idl
[2.655s]       msg = parse_message_string(package_name, input_file.stem, content)
[2.655s]     File "/opt/ros/humble/local/lib/python3.10/dist-packages/rosidl_adapter/parser.py", line 519, in parse_message_string
[2.655s]       fields.append(Field(
[2.655s]     File "/opt/ros/humble/local/lib/python3.10/dist-packages/rosidl_adapter/parser.py", line 354, in __init__
[2.655s]       raise NameError(
[2.655s] 
[2.655s]   NameError: 'transform;' is an invalid field name.  It should have the
[2.655s]   pattern '^(?!.*__)(?!.*_$)[a-z][a-z0-9_]*$'
[2.655s] 
[2.655s] Call Stack (most recent call first):
[2.656s]   /opt/ros/humble/share/rosidl_cmake/cmake/rosidl_generate_interfaces.cmake:130 (rosidl_adapt_interfaces)
[2.656s]   CMakeLists.txt:10 (rosidl_generate_interfaces)
[2.656s] 
[2.656s] [0m
[2.656s] -- Configuring incomplete, errors occurred!
[2.656s] See also "/home/evan/code/lidar_slam/lidar_slam/build/other_msgs/CMakeFiles/CMakeOutput.log".
[2.661s] Invoked command in '/home/evan/code/lidar_slam/lidar_slam/build/other_msgs' returned '1': CMAKE_PREFIX_PATH=${CMAKE_PREFIX_PATH}:/opt/ros/humble /usr/bin/cmake /home/evan/code/lidar_slam/lidar_slam/src/other_msgs -DCMAKE_INSTALL_PREFIX=/home/evan/code/lidar_slam/lidar_slam/install/other_msgs
