[0.025s] Invoking command in '/home/evan/code/lidar_slam/lidar_slam/build/slam_learn': CMAKE_PREFIX_PATH=${CMAKE_PREFIX_PATH}:/opt/ros/humble /usr/bin/cmake --build /home/evan/code/lidar_slam/lidar_slam/build/slam_learn -- -j4 -l4
[0.128s] -- Found ament_cmake: 1.3.3 (/opt/ros/humble/share/ament_cmake/cmake)
[0.355s] -- Found rclcpp: 16.0.3 (/opt/ros/humble/share/rclcpp/cmake)
[0.394s] -- Found rosidl_generator_c: 3.1.4 (/opt/ros/humble/share/rosidl_generator_c/cmake)
[0.398s] -- Found rosidl_adapter: 3.1.4 (/opt/ros/humble/share/rosidl_adapter/cmake)
[0.408s] -- Found rosidl_generator_cpp: 3.1.4 (/opt/ros/humble/share/rosidl_generator_cpp/cmake)
[0.461s] -- Using all available rosidl_typesupport_c: rosidl_typesupport_fastrtps_c;rosidl_typesupport_introspection_c
[0.478s] -- Using all available rosidl_typesupport_cpp: rosidl_typesupport_fastrtps_cpp;rosidl_typesupport_introspection_cpp
[0.555s] -- Found rmw_implementation_cmake: 6.1.1 (/opt/ros/humble/share/rmw_implementation_cmake/cmake)
[0.558s] -- Found rmw_fastrtps_cpp: 6.2.2 (/opt/ros/humble/share/rmw_fastrtps_cpp/cmake)
[0.715s] -- Using RMW implementation 'rmw_fastrtps_cpp' as default
[0.927s] -- Found sensor_msgs: 4.2.3 (/opt/ros/humble/share/sensor_msgs/cmake)
[1.109s] -- Found pcl_conversions: 2.4.0 (/opt/ros/humble/share/pcl_conversions/cmake)
[1.430s] -- Checking for module 'eigen3'
[1.591s] --   Found eigen3, version 3.4.0
[1.629s] -- Found Eigen: /usr/include/eigen3 (Required is at least version "3.1") 
[1.629s] -- Eigen found (include: /usr/include/eigen3, version: 3.4.0)
[1.938s] -- Found Boost: /usr/lib/x86_64-linux-gnu/cmake/Boost-1.74.0/BoostConfig.cmake (found suitable version "1.74.0", minimum required is "1.65.0") found components: system filesystem date_time iostreams serialization 
[1.959s] -- Checking for module 'flann'
[2.009s] --   Found flann, version 1.9.1
[2.051s] -- Found FLANN: /usr/lib/x86_64-linux-gnu/libflann_cpp.so  
[2.051s] -- FLANN found (include: /usr/include, lib: /usr/lib/x86_64-linux-gnu/libflann_cpp.so)
[2.240s] -- Found GLEW: /usr/lib/x86_64-linux-gnu/libGLEW.so  
[2.329s] -- Found OpenGL: /usr/lib/x86_64-linux-gnu/libOpenGL.so  found components: OpenGL GLX 
[2.998s] -- Found MPI_C: /usr/lib/x86_64-linux-gnu/libmpi.so (found version "3.1") 
[2.998s] -- Found MPI: TRUE (found version "3.1") found components: C 
[3.017s] -- Found JsonCpp: /usr/lib/x86_64-linux-gnu/libjsoncpp.so (found suitable version "1.9.5", minimum required is "0.7.0") 
[3.048s] -- Found ZLIB: /usr/lib/x86_64-linux-gnu/libz.so (found version "1.2.11") 
[3.100s] -- Found PNG: /usr/lib/x86_64-linux-gnu/libpng.so (found version "1.6.37") 
[3.318s] -- Found Eigen3: /usr/include/eigen3 (found version "3.4.0") 
[3.597s] -- Found X11: /usr/include   
[3.613s] -- Looking for XOpenDisplay in /usr/lib/x86_64-linux-gnu/libX11.so;/usr/lib/x86_64-linux-gnu/libXext.so
[3.699s] -- Looking for XOpenDisplay in /usr/lib/x86_64-linux-gnu/libX11.so;/usr/lib/x86_64-linux-gnu/libXext.so - found
[3.699s] -- Looking for gethostbyname
[3.778s] -- Looking for gethostbyname - found
[3.779s] -- Looking for connect
[3.855s] -- Looking for connect - found
[3.855s] -- Looking for remove
[3.930s] -- Looking for remove - found
[3.931s] -- Looking for shmat
[4.001s] -- Looking for shmat - found
[4.002s] -- Looking for IceConnectionNumber in ICE
[4.089s] -- Looking for IceConnectionNumber in ICE - found
[4.182s] -- Found EXPAT: /usr/lib/x86_64-linux-gnu/libexpat.so (found version "2.4.7") 
[4.185s] -- Found double-conversion: /usr/lib/x86_64-linux-gnu/libdouble-conversion.so  
[4.187s] -- Found LZ4: /usr/lib/x86_64-linux-gnu/liblz4.so (found version "1.9.3") 
[4.202s] -- Found LZMA: /usr/lib/x86_64-linux-gnu/liblzma.so (found version "5.2.5") 
[4.232s] -- Found JPEG: /usr/lib/x86_64-linux-gnu/libjpeg.so (found version "80") 
[4.293s] -- Found TIFF: /usr/lib/x86_64-linux-gnu/libtiff.so (found version "4.3.0")  
[4.309s] -- Found Freetype: /usr/lib/x86_64-linux-gnu/libfreetype.so (found version "2.11.1") 
[4.348s] -- Found utf8cpp: /usr/include/utf8cpp  
[4.518s] -- Checking for module 'libusb-1.0'
[4.557s] --   Found libusb-1.0, version 1.0.25
[4.595s] -- Found libusb: /usr/lib/x86_64-linux-gnu/libusb-1.0.so  
[4.597s] -- Found OpenNI: /usr/lib/libOpenNI.so;libusb::libusb (found version "1.5.4.0") 
[4.597s] -- OpenNI found (version: 1.5.4.0, include: /usr/include/ni, lib: /usr/lib/libOpenNI.so;libusb::libusb)
[4.697s] -- Found OpenNI2: /usr/lib/x86_64-linux-gnu/libOpenNI2.so;libusb::libusb (found version "2.2.0.33") 
[4.697s] -- OpenNI2 found (version: 2.2.0.33, include: /usr/include/openni2, lib: /usr/lib/x86_64-linux-gnu/libOpenNI2.so;libusb::libusb)
[4.697s] [0m** WARNING ** io features related to pcap will be disabled[0m
[4.894s] -- Eigen found (include: /usr/include/eigen3, version: 3.4.0)
[4.900s] -- OpenNI found (version: 1.5.4.0, include: /usr/include/ni, lib: /usr/lib/libOpenNI.so;libusb::libusb)
[4.909s] -- OpenNI2 found (version: 2.2.0.33, include: /usr/include/openni2, lib: /usr/lib/x86_64-linux-gnu/libOpenNI2.so;libusb::libusb)
[5.159s] -- Found Qhull version 8.0.2
[5.374s] -- OpenNI found (version: 1.5.4.0, include: /usr/include/ni, lib: /usr/lib/libOpenNI.so;libusb::libusb)
[5.564s] -- looking for PCL_COMMON
[5.566s] -- Found PCL_COMMON: /usr/lib/x86_64-linux-gnu/libpcl_common.so  
[5.566s] -- looking for PCL_KDTREE
[5.568s] -- Found PCL_KDTREE: /usr/lib/x86_64-linux-gnu/libpcl_kdtree.so  
[5.568s] -- looking for PCL_OCTREE
[5.569s] -- Found PCL_OCTREE: /usr/lib/x86_64-linux-gnu/libpcl_octree.so  
[5.570s] -- looking for PCL_SEARCH
[5.571s] -- Found PCL_SEARCH: /usr/lib/x86_64-linux-gnu/libpcl_search.so  
[5.571s] -- looking for PCL_SAMPLE_CONSENSUS
[5.572s] -- Found PCL_SAMPLE_CONSENSUS: /usr/lib/x86_64-linux-gnu/libpcl_sample_consensus.so  
[5.572s] -- looking for PCL_FILTERS
[5.573s] -- Found PCL_FILTERS: /usr/lib/x86_64-linux-gnu/libpcl_filters.so  
[5.573s] -- looking for PCL_2D
[5.574s] -- Found PCL_2D: /usr/include/pcl-1.12  
[5.574s] -- looking for PCL_GEOMETRY
[5.574s] -- Found PCL_GEOMETRY: /usr/include/pcl-1.12  
[5.574s] -- looking for PCL_IO
[5.575s] -- Found PCL_IO: /usr/lib/x86_64-linux-gnu/libpcl_io.so  
[5.576s] -- looking for PCL_FEATURES
[5.577s] -- Found PCL_FEATURES: /usr/lib/x86_64-linux-gnu/libpcl_features.so  
[5.577s] -- looking for PCL_ML
[5.579s] -- Found PCL_ML: /usr/lib/x86_64-linux-gnu/libpcl_ml.so  
[5.579s] -- looking for PCL_SEGMENTATION
[5.581s] -- Found PCL_SEGMENTATION: /usr/lib/x86_64-linux-gnu/libpcl_segmentation.so  
[5.581s] -- looking for PCL_VISUALIZATION
[5.583s] -- Found PCL_VISUALIZATION: /usr/lib/x86_64-linux-gnu/libpcl_visualization.so  
[5.583s] -- looking for PCL_SURFACE
[5.585s] -- Found PCL_SURFACE: /usr/lib/x86_64-linux-gnu/libpcl_surface.so  
[5.585s] -- looking for PCL_REGISTRATION
[5.586s] -- Found PCL_REGISTRATION: /usr/lib/x86_64-linux-gnu/libpcl_registration.so  
[5.587s] -- looking for PCL_KEYPOINTS
[5.588s] -- Found PCL_KEYPOINTS: /usr/lib/x86_64-linux-gnu/libpcl_keypoints.so  
[5.588s] -- looking for PCL_TRACKING
[5.589s] -- Found PCL_TRACKING: /usr/lib/x86_64-linux-gnu/libpcl_tracking.so  
[5.589s] -- looking for PCL_RECOGNITION
[5.590s] -- Found PCL_RECOGNITION: /usr/lib/x86_64-linux-gnu/libpcl_recognition.so  
[5.590s] -- looking for PCL_STEREO
[5.591s] -- Found PCL_STEREO: /usr/lib/x86_64-linux-gnu/libpcl_stereo.so  
[5.592s] -- looking for PCL_APPS
[5.593s] -- Found PCL_APPS: /usr/lib/x86_64-linux-gnu/libpcl_apps.so  
[5.593s] -- looking for PCL_IN_HAND_SCANNER
[5.594s] -- Found PCL_IN_HAND_SCANNER: /usr/include/pcl-1.12  
[5.594s] -- looking for PCL_MODELER
[5.594s] -- Found PCL_MODELER: /usr/include/pcl-1.12  
[5.594s] -- looking for PCL_POINT_CLOUD_EDITOR
[5.595s] -- Found PCL_POINT_CLOUD_EDITOR: /usr/include/pcl-1.12  
[5.595s] -- looking for PCL_OUTOFCORE
[5.596s] -- Found PCL_OUTOFCORE: /usr/lib/x86_64-linux-gnu/libpcl_outofcore.so  
[5.596s] -- looking for PCL_PEOPLE
[5.598s] -- Found PCL_PEOPLE: /usr/lib/x86_64-linux-gnu/libpcl_people.so  
[5.599s] -- Found PCL: pcl_common;pcl_kdtree;pcl_octree;pcl_search;pcl_sample_consensus;pcl_filters;pcl_io;pcl_features;pcl_ml;pcl_segmentation;pcl_visualization;pcl_surface;pcl_registration;pcl_keypoints;pcl_tracking;pcl_recognition;pcl_stereo;pcl_apps;pcl_outofcore;pcl_people;Boost::system;Boost::filesystem;Boost::date_time;Boost::iostreams;Boost::serialization;/usr/lib/libOpenNI.so;libusb::libusb;/usr/lib/x86_64-linux-gnu/libOpenNI2.so;libusb::libusb;VTK::ChartsCore;VTK::CommonColor;VTK::CommonComputationalGeometry;VTK::CommonCore;VTK::CommonDataModel;VTK::CommonExecutionModel;VTK::CommonMath;VTK::CommonMisc;VTK::CommonTransforms;VTK::FiltersCore;VTK::FiltersExtraction;VTK::FiltersGeneral;VTK::FiltersGeometry;VTK::FiltersModeling;VTK::FiltersSources;VTK::ImagingCore;VTK::ImagingSources;VTK::InteractionImage;VTK::InteractionStyle;VTK::InteractionWidgets;VTK::IOCore;VTK::IOGeometry;VTK::IOImage;VTK::IOLegacy;VTK::IOPLY;VTK::RenderingAnnotation;VTK::RenderingCore;VTK::RenderingContext2D;VTK::RenderingLOD;VTK::RenderingFreeType;VTK::ViewsCore;VTK::ViewsContext2D;VTK::RenderingOpenGL2;VTK::GUISupportQt;FLANN::FLANN;QHULL::QHULL  
[5.847s] -- Configuring done
[6.348s] -- Generating done
[6.352s] -- Build files have been written to: /home/evan/code/lidar_slam/lidar_slam/build/slam_learn
[6.413s] [ 50%] [32mBuilding CXX object CMakeFiles/data_process_node.dir/src/data_process.cpp.o[0m
[6.426s] [01m[K/home/evan/code/lidar_slam/lidar_slam/src/slam_learn/src/data_process.cpp:1:10:[m[K [01;31m[Kfatal error: [m[Kslam_utils.h: No such file or directory
[6.426s]     1 | #include [01;31m[K"slam_utils.h"[m[K
[6.426s]       |          [01;31m[K^~~~~~~~~~~~~~[m[K
[6.427s] compilation terminated.
[6.427s] gmake[2]: *** [CMakeFiles/data_process_node.dir/build.make:76: CMakeFiles/data_process_node.dir/src/data_process.cpp.o] Error 1
[6.427s] gmake[1]: *** [CMakeFiles/Makefile2:137: CMakeFiles/data_process_node.dir/all] Error 2
[6.427s] gmake: *** [Makefile:146: all] Error 2
[6.431s] Invoked command in '/home/evan/code/lidar_slam/lidar_slam/build/slam_learn' returned '2': CMAKE_PREFIX_PATH=${CMAKE_PREFIX_PATH}:/opt/ros/humble /usr/bin/cmake --build /home/evan/code/lidar_slam/lidar_slam/build/slam_learn -- -j4 -l4
