[0.046s] Invoking command in '/home/evan/code/lidar_slam/lidar_slam/build/other_msgs': CMAKE_PREFIX_PATH=${CMAKE_PREFIX_PATH}:/opt/ros/humble /usr/bin/cmake --build /home/evan/code/lidar_slam/lidar_slam/build/other_msgs -- -j4 -l4
[0.074s] [35m[1mConsolidate compiler generated dependencies of target other_msgs__rosidl_generator_c[0m
[0.087s] [ 10%] Built target other_msgs__rosidl_generator_c
[0.092s] [ 12%] Built target other_msgs__cpp
[0.097s] [ 12%] Built target ament_cmake_python_copy_other_msgs
[0.101s] [35m[1mConsolidate compiler generated dependencies of target other_msgs__rosidl_typesupport_fastrtps_c[0m
[0.102s] [35m[1mConsolidate compiler generated dependencies of target other_msgs__rosidl_typesupport_introspection_c[0m
[0.104s] [35m[1mConsolidate compiler generated dependencies of target other_msgs__rosidl_typesupport_c[0m
[0.115s] [35m[1mConsolidate compiler generated dependencies of target other_msgs__rosidl_typesupport_introspection_cpp[0m
[0.122s] [ 23%] Built target other_msgs__rosidl_typesupport_fastrtps_c
[0.125s] [ 34%] Built target other_msgs__rosidl_typesupport_c
[0.127s] [ 44%] Built target other_msgs__rosidl_typesupport_introspection_c
[0.141s] [35m[1mConsolidate compiler generated dependencies of target other_msgs__rosidl_typesupport_fastrtps_cpp[0m
[0.141s] [ 55%] Built target other_msgs__rosidl_typesupport_introspection_cpp
[0.148s] [35m[1mConsolidate compiler generated dependencies of target other_msgs__rosidl_typesupport_cpp[0m
[0.159s] [ 65%] Built target other_msgs__rosidl_typesupport_fastrtps_cpp
[0.164s] [ 76%] Built target other_msgs__rosidl_typesupport_cpp
[0.188s] [ 76%] Built target other_msgs
[0.212s] [ 78%] Built target other_msgs__py
[0.226s] [35m[1mConsolidate compiler generated dependencies of target other_msgs__rosidl_generator_py[0m
[0.250s] [ 87%] Built target other_msgs__rosidl_generator_py
[0.263s] [35m[1mConsolidate compiler generated dependencies of target other_msgs__rosidl_typesupport_introspection_c__pyext[0m
[0.279s] [35m[1mConsolidate compiler generated dependencies of target other_msgs__rosidl_typesupport_c__pyext[0m
[0.279s] [35m[1mConsolidate compiler generated dependencies of target other_msgs__rosidl_typesupport_fastrtps_c__pyext[0m
[0.293s] [ 91%] Built target other_msgs__rosidl_typesupport_introspection_c__pyext
[0.302s] [ 95%] Built target other_msgs__rosidl_typesupport_fastrtps_c__pyext
[0.315s] [100%] Built target other_msgs__rosidl_typesupport_c__pyext
[0.427s] running egg_info
[0.428s] writing other_msgs.egg-info/PKG-INFO
[0.429s] writing dependency_links to other_msgs.egg-info/dependency_links.txt
[0.429s] writing top-level names to other_msgs.egg-info/top_level.txt
[0.431s] reading manifest file 'other_msgs.egg-info/SOURCES.txt'
[0.432s] writing manifest file 'other_msgs.egg-info/SOURCES.txt'
[0.471s] [100%] Built target ament_cmake_python_build_other_msgs_egg
[0.486s] Invoked command in '/home/evan/code/lidar_slam/lidar_slam/build/other_msgs' returned '0': CMAKE_PREFIX_PATH=${CMAKE_PREFIX_PATH}:/opt/ros/humble /usr/bin/cmake --build /home/evan/code/lidar_slam/lidar_slam/build/other_msgs -- -j4 -l4
[0.647s] Invoking command in '/home/evan/code/lidar_slam/lidar_slam/build/other_msgs': CMAKE_PREFIX_PATH=${CMAKE_PREFIX_PATH}:/opt/ros/humble /usr/bin/cmake --install /home/evan/code/lidar_slam/lidar_slam/build/other_msgs
[0.656s] -- Install configuration: ""
[0.656s] -- Up-to-date: /home/evan/code/lidar_slam/lidar_slam/install/other_msgs/share/ament_index/resource_index/rosidl_interfaces/other_msgs
[0.656s] -- Up-to-date: /home/evan/code/lidar_slam/lidar_slam/install/other_msgs/include/other_msgs/other_msgs
[0.657s] -- Up-to-date: /home/evan/code/lidar_slam/lidar_slam/install/other_msgs/include/other_msgs/other_msgs/msg
[0.657s] -- Up-to-date: /home/evan/code/lidar_slam/lidar_slam/install/other_msgs/include/other_msgs/other_msgs/msg/detail
[0.657s] -- Up-to-date: /home/evan/code/lidar_slam/lidar_slam/install/other_msgs/include/other_msgs/other_msgs/msg/detail/seg_cloud__functions.c
[0.657s] -- Up-to-date: /home/evan/code/lidar_slam/lidar_slam/install/other_msgs/include/other_msgs/other_msgs/msg/detail/seg_cloud__type_support.h
[0.657s] -- Up-to-date: /home/evan/code/lidar_slam/lidar_slam/install/other_msgs/include/other_msgs/other_msgs/msg/detail/seg_cloud__struct.h
[0.657s] -- Up-to-date: /home/evan/code/lidar_slam/lidar_slam/install/other_msgs/include/other_msgs/other_msgs/msg/detail/point__type_support.h
[0.657s] -- Up-to-date: /home/evan/code/lidar_slam/lidar_slam/install/other_msgs/include/other_msgs/other_msgs/msg/detail/all_cloud__type_support.h
[0.657s] -- Up-to-date: /home/evan/code/lidar_slam/lidar_slam/install/other_msgs/include/other_msgs/other_msgs/msg/detail/point__struct.h
[0.657s] -- Up-to-date: /home/evan/code/lidar_slam/lidar_slam/install/other_msgs/include/other_msgs/other_msgs/msg/detail/all_cloud__functions.h
[0.657s] -- Up-to-date: /home/evan/code/lidar_slam/lidar_slam/install/other_msgs/include/other_msgs/other_msgs/msg/detail/point__functions.c
[0.657s] -- Up-to-date: /home/evan/code/lidar_slam/lidar_slam/install/other_msgs/include/other_msgs/other_msgs/msg/detail/seg_cloud__functions.h
[0.658s] -- Up-to-date: /home/evan/code/lidar_slam/lidar_slam/install/other_msgs/include/other_msgs/other_msgs/msg/detail/all_cloud__struct.h
[0.658s] -- Up-to-date: /home/evan/code/lidar_slam/lidar_slam/install/other_msgs/include/other_msgs/other_msgs/msg/detail/point__functions.h
[0.658s] -- Up-to-date: /home/evan/code/lidar_slam/lidar_slam/install/other_msgs/include/other_msgs/other_msgs/msg/detail/all_cloud__functions.c
[0.658s] -- Up-to-date: /home/evan/code/lidar_slam/lidar_slam/install/other_msgs/include/other_msgs/other_msgs/msg/point.h
[0.658s] -- Up-to-date: /home/evan/code/lidar_slam/lidar_slam/install/other_msgs/include/other_msgs/other_msgs/msg/seg_cloud.h
[0.658s] -- Up-to-date: /home/evan/code/lidar_slam/lidar_slam/install/other_msgs/include/other_msgs/other_msgs/msg/rosidl_generator_c__visibility_control.h
[0.658s] -- Up-to-date: /home/evan/code/lidar_slam/lidar_slam/install/other_msgs/include/other_msgs/other_msgs/msg/all_cloud.h
[0.658s] -- Up-to-date: /home/evan/code/lidar_slam/lidar_slam/install/other_msgs/share/other_msgs/environment/library_path.sh
[0.658s] -- Up-to-date: /home/evan/code/lidar_slam/lidar_slam/install/other_msgs/share/other_msgs/environment/library_path.dsv
[0.658s] -- Up-to-date: /home/evan/code/lidar_slam/lidar_slam/install/other_msgs/lib/libother_msgs__rosidl_generator_c.so
[0.659s] -- Up-to-date: /home/evan/code/lidar_slam/lidar_slam/install/other_msgs/include/other_msgs/other_msgs
[0.659s] -- Up-to-date: /home/evan/code/lidar_slam/lidar_slam/install/other_msgs/include/other_msgs/other_msgs/msg
[0.659s] -- Up-to-date: /home/evan/code/lidar_slam/lidar_slam/install/other_msgs/include/other_msgs/other_msgs/msg/detail
[0.659s] -- Up-to-date: /home/evan/code/lidar_slam/lidar_slam/install/other_msgs/include/other_msgs/other_msgs/msg/detail/seg_cloud__rosidl_typesupport_fastrtps_c.h
[0.659s] -- Up-to-date: /home/evan/code/lidar_slam/lidar_slam/install/other_msgs/include/other_msgs/other_msgs/msg/detail/point__rosidl_typesupport_fastrtps_c.h
[0.659s] -- Up-to-date: /home/evan/code/lidar_slam/lidar_slam/install/other_msgs/include/other_msgs/other_msgs/msg/detail/all_cloud__rosidl_typesupport_fastrtps_c.h
[0.659s] -- Up-to-date: /home/evan/code/lidar_slam/lidar_slam/install/other_msgs/include/other_msgs/other_msgs/msg/rosidl_typesupport_fastrtps_c__visibility_control.h
[0.659s] -- Up-to-date: /home/evan/code/lidar_slam/lidar_slam/install/other_msgs/lib/libother_msgs__rosidl_typesupport_fastrtps_c.so
[0.659s] -- Up-to-date: /home/evan/code/lidar_slam/lidar_slam/install/other_msgs/include/other_msgs/other_msgs
[0.659s] -- Up-to-date: /home/evan/code/lidar_slam/lidar_slam/install/other_msgs/include/other_msgs/other_msgs/msg
[0.660s] -- Up-to-date: /home/evan/code/lidar_slam/lidar_slam/install/other_msgs/include/other_msgs/other_msgs/msg/detail
[0.660s] -- Up-to-date: /home/evan/code/lidar_slam/lidar_slam/install/other_msgs/include/other_msgs/other_msgs/msg/detail/seg_cloud__struct.hpp
[0.660s] -- Up-to-date: /home/evan/code/lidar_slam/lidar_slam/install/other_msgs/include/other_msgs/other_msgs/msg/detail/point__traits.hpp
[0.660s] -- Up-to-date: /home/evan/code/lidar_slam/lidar_slam/install/other_msgs/include/other_msgs/other_msgs/msg/detail/point__builder.hpp
[0.660s] -- Up-to-date: /home/evan/code/lidar_slam/lidar_slam/install/other_msgs/include/other_msgs/other_msgs/msg/detail/seg_cloud__builder.hpp
[0.660s] -- Up-to-date: /home/evan/code/lidar_slam/lidar_slam/install/other_msgs/include/other_msgs/other_msgs/msg/detail/point__struct.hpp
[0.660s] -- Up-to-date: /home/evan/code/lidar_slam/lidar_slam/install/other_msgs/include/other_msgs/other_msgs/msg/detail/all_cloud__traits.hpp
[0.660s] -- Up-to-date: /home/evan/code/lidar_slam/lidar_slam/install/other_msgs/include/other_msgs/other_msgs/msg/detail/all_cloud__builder.hpp
[0.660s] -- Up-to-date: /home/evan/code/lidar_slam/lidar_slam/install/other_msgs/include/other_msgs/other_msgs/msg/detail/all_cloud__struct.hpp
[0.660s] -- Up-to-date: /home/evan/code/lidar_slam/lidar_slam/install/other_msgs/include/other_msgs/other_msgs/msg/detail/seg_cloud__traits.hpp
[0.661s] -- Up-to-date: /home/evan/code/lidar_slam/lidar_slam/install/other_msgs/include/other_msgs/other_msgs/msg/point.hpp
[0.661s] -- Up-to-date: /home/evan/code/lidar_slam/lidar_slam/install/other_msgs/include/other_msgs/other_msgs/msg/seg_cloud.hpp
[0.661s] -- Up-to-date: /home/evan/code/lidar_slam/lidar_slam/install/other_msgs/include/other_msgs/other_msgs/msg/all_cloud.hpp
[0.661s] -- Up-to-date: /home/evan/code/lidar_slam/lidar_slam/install/other_msgs/include/other_msgs/other_msgs
[0.661s] -- Up-to-date: /home/evan/code/lidar_slam/lidar_slam/install/other_msgs/include/other_msgs/other_msgs/msg
[0.661s] -- Up-to-date: /home/evan/code/lidar_slam/lidar_slam/install/other_msgs/include/other_msgs/other_msgs/msg/detail
[0.661s] -- Up-to-date: /home/evan/code/lidar_slam/lidar_slam/install/other_msgs/include/other_msgs/other_msgs/msg/detail/dds_fastrtps
[0.661s] -- Up-to-date: /home/evan/code/lidar_slam/lidar_slam/install/other_msgs/include/other_msgs/other_msgs/msg/detail/all_cloud__rosidl_typesupport_fastrtps_cpp.hpp
[0.661s] -- Up-to-date: /home/evan/code/lidar_slam/lidar_slam/install/other_msgs/include/other_msgs/other_msgs/msg/detail/point__rosidl_typesupport_fastrtps_cpp.hpp
[0.661s] -- Up-to-date: /home/evan/code/lidar_slam/lidar_slam/install/other_msgs/include/other_msgs/other_msgs/msg/detail/seg_cloud__rosidl_typesupport_fastrtps_cpp.hpp
[0.661s] -- Up-to-date: /home/evan/code/lidar_slam/lidar_slam/install/other_msgs/include/other_msgs/other_msgs/msg/rosidl_typesupport_fastrtps_cpp__visibility_control.h
[0.661s] -- Up-to-date: /home/evan/code/lidar_slam/lidar_slam/install/other_msgs/lib/libother_msgs__rosidl_typesupport_fastrtps_cpp.so
[0.662s] -- Up-to-date: /home/evan/code/lidar_slam/lidar_slam/install/other_msgs/include/other_msgs/other_msgs
[0.662s] -- Up-to-date: /home/evan/code/lidar_slam/lidar_slam/install/other_msgs/include/other_msgs/other_msgs/msg
[0.662s] -- Up-to-date: /home/evan/code/lidar_slam/lidar_slam/install/other_msgs/include/other_msgs/other_msgs/msg/detail
[0.662s] -- Up-to-date: /home/evan/code/lidar_slam/lidar_slam/install/other_msgs/include/other_msgs/other_msgs/msg/detail/point__type_support.c
[0.662s] -- Up-to-date: /home/evan/code/lidar_slam/lidar_slam/install/other_msgs/include/other_msgs/other_msgs/msg/detail/all_cloud__type_support.c
[0.662s] -- Up-to-date: /home/evan/code/lidar_slam/lidar_slam/install/other_msgs/include/other_msgs/other_msgs/msg/detail/seg_cloud__type_support.c
[0.662s] -- Up-to-date: /home/evan/code/lidar_slam/lidar_slam/install/other_msgs/include/other_msgs/other_msgs/msg/detail/all_cloud__rosidl_typesupport_introspection_c.h
[0.662s] -- Up-to-date: /home/evan/code/lidar_slam/lidar_slam/install/other_msgs/include/other_msgs/other_msgs/msg/detail/seg_cloud__rosidl_typesupport_introspection_c.h
[0.663s] -- Up-to-date: /home/evan/code/lidar_slam/lidar_slam/install/other_msgs/include/other_msgs/other_msgs/msg/detail/point__rosidl_typesupport_introspection_c.h
[0.663s] -- Up-to-date: /home/evan/code/lidar_slam/lidar_slam/install/other_msgs/include/other_msgs/other_msgs/msg/rosidl_typesupport_introspection_c__visibility_control.h
[0.663s] -- Up-to-date: /home/evan/code/lidar_slam/lidar_slam/install/other_msgs/lib/libother_msgs__rosidl_typesupport_introspection_c.so
[0.663s] -- Up-to-date: /home/evan/code/lidar_slam/lidar_slam/install/other_msgs/lib/libother_msgs__rosidl_typesupport_c.so
[0.663s] -- Up-to-date: /home/evan/code/lidar_slam/lidar_slam/install/other_msgs/include/other_msgs/other_msgs
[0.663s] -- Up-to-date: /home/evan/code/lidar_slam/lidar_slam/install/other_msgs/include/other_msgs/other_msgs/msg
[0.663s] -- Up-to-date: /home/evan/code/lidar_slam/lidar_slam/install/other_msgs/include/other_msgs/other_msgs/msg/detail
[0.663s] -- Up-to-date: /home/evan/code/lidar_slam/lidar_slam/install/other_msgs/include/other_msgs/other_msgs/msg/detail/seg_cloud__rosidl_typesupport_introspection_cpp.hpp
[0.663s] -- Up-to-date: /home/evan/code/lidar_slam/lidar_slam/install/other_msgs/include/other_msgs/other_msgs/msg/detail/point__type_support.cpp
[0.663s] -- Up-to-date: /home/evan/code/lidar_slam/lidar_slam/install/other_msgs/include/other_msgs/other_msgs/msg/detail/seg_cloud__type_support.cpp
[0.663s] -- Up-to-date: /home/evan/code/lidar_slam/lidar_slam/install/other_msgs/include/other_msgs/other_msgs/msg/detail/all_cloud__rosidl_typesupport_introspection_cpp.hpp
[0.663s] -- Up-to-date: /home/evan/code/lidar_slam/lidar_slam/install/other_msgs/include/other_msgs/other_msgs/msg/detail/point__rosidl_typesupport_introspection_cpp.hpp
[0.663s] -- Up-to-date: /home/evan/code/lidar_slam/lidar_slam/install/other_msgs/include/other_msgs/other_msgs/msg/detail/all_cloud__type_support.cpp
[0.663s] -- Up-to-date: /home/evan/code/lidar_slam/lidar_slam/install/other_msgs/lib/libother_msgs__rosidl_typesupport_introspection_cpp.so
[0.664s] -- Up-to-date: /home/evan/code/lidar_slam/lidar_slam/install/other_msgs/lib/libother_msgs__rosidl_typesupport_cpp.so
[0.664s] -- Up-to-date: /home/evan/code/lidar_slam/lidar_slam/install/other_msgs/share/other_msgs/environment/pythonpath.sh
[0.664s] -- Up-to-date: /home/evan/code/lidar_slam/lidar_slam/install/other_msgs/share/other_msgs/environment/pythonpath.dsv
[0.664s] -- Up-to-date: /home/evan/code/lidar_slam/lidar_slam/install/other_msgs/local/lib/python3.10/dist-packages/other_msgs-0.0.0-py3.10.egg-info
[0.664s] -- Installing: /home/evan/code/lidar_slam/lidar_slam/install/other_msgs/local/lib/python3.10/dist-packages/other_msgs-0.0.0-py3.10.egg-info/top_level.txt
[0.664s] -- Installing: /home/evan/code/lidar_slam/lidar_slam/install/other_msgs/local/lib/python3.10/dist-packages/other_msgs-0.0.0-py3.10.egg-info/dependency_links.txt
[0.664s] -- Installing: /home/evan/code/lidar_slam/lidar_slam/install/other_msgs/local/lib/python3.10/dist-packages/other_msgs-0.0.0-py3.10.egg-info/PKG-INFO
[0.664s] -- Installing: /home/evan/code/lidar_slam/lidar_slam/install/other_msgs/local/lib/python3.10/dist-packages/other_msgs-0.0.0-py3.10.egg-info/SOURCES.txt
[0.664s] -- Up-to-date: /home/evan/code/lidar_slam/lidar_slam/install/other_msgs/local/lib/python3.10/dist-packages/other_msgs
[0.664s] -- Up-to-date: /home/evan/code/lidar_slam/lidar_slam/install/other_msgs/local/lib/python3.10/dist-packages/other_msgs/msg
[0.664s] -- Up-to-date: /home/evan/code/lidar_slam/lidar_slam/install/other_msgs/local/lib/python3.10/dist-packages/other_msgs/msg/_all_cloud_s.c
[0.664s] -- Up-to-date: /home/evan/code/lidar_slam/lidar_slam/install/other_msgs/local/lib/python3.10/dist-packages/other_msgs/msg/_seg_cloud.py
[0.665s] -- Up-to-date: /home/evan/code/lidar_slam/lidar_slam/install/other_msgs/local/lib/python3.10/dist-packages/other_msgs/msg/__init__.py
[0.665s] -- Up-to-date: /home/evan/code/lidar_slam/lidar_slam/install/other_msgs/local/lib/python3.10/dist-packages/other_msgs/msg/_seg_cloud_s.c
[0.665s] -- Up-to-date: /home/evan/code/lidar_slam/lidar_slam/install/other_msgs/local/lib/python3.10/dist-packages/other_msgs/msg/_point_s.c
[0.665s] -- Up-to-date: /home/evan/code/lidar_slam/lidar_slam/install/other_msgs/local/lib/python3.10/dist-packages/other_msgs/msg/_all_cloud.py
[0.665s] -- Up-to-date: /home/evan/code/lidar_slam/lidar_slam/install/other_msgs/local/lib/python3.10/dist-packages/other_msgs/msg/_point.py
[0.665s] -- Up-to-date: /home/evan/code/lidar_slam/lidar_slam/install/other_msgs/local/lib/python3.10/dist-packages/other_msgs/other_msgs_s__rosidl_typesupport_c.cpython-310-x86_64-linux-gnu.so
[0.665s] -- Up-to-date: /home/evan/code/lidar_slam/lidar_slam/install/other_msgs/local/lib/python3.10/dist-packages/other_msgs/_other_msgs_s.ep.rosidl_typesupport_introspection_c.c
[0.665s] -- Up-to-date: /home/evan/code/lidar_slam/lidar_slam/install/other_msgs/local/lib/python3.10/dist-packages/other_msgs/_other_msgs_s.ep.rosidl_typesupport_c.c
[0.665s] -- Up-to-date: /home/evan/code/lidar_slam/lidar_slam/install/other_msgs/local/lib/python3.10/dist-packages/other_msgs/__init__.py
[0.666s] -- Up-to-date: /home/evan/code/lidar_slam/lidar_slam/install/other_msgs/local/lib/python3.10/dist-packages/other_msgs/other_msgs_s__rosidl_typesupport_introspection_c.cpython-310-x86_64-linux-gnu.so
[0.666s] -- Up-to-date: /home/evan/code/lidar_slam/lidar_slam/install/other_msgs/local/lib/python3.10/dist-packages/other_msgs/libother_msgs__rosidl_generator_py.so
[0.666s] -- Up-to-date: /home/evan/code/lidar_slam/lidar_slam/install/other_msgs/local/lib/python3.10/dist-packages/other_msgs/_other_msgs_s.ep.rosidl_typesupport_fastrtps_c.c
[0.666s] -- Up-to-date: /home/evan/code/lidar_slam/lidar_slam/install/other_msgs/local/lib/python3.10/dist-packages/other_msgs/other_msgs_s__rosidl_typesupport_fastrtps_c.cpython-310-x86_64-linux-gnu.so
[0.699s] Listing '/home/evan/code/lidar_slam/lidar_slam/install/other_msgs/local/lib/python3.10/dist-packages/other_msgs'...
[0.699s] Listing '/home/evan/code/lidar_slam/lidar_slam/install/other_msgs/local/lib/python3.10/dist-packages/other_msgs/msg'...
[0.705s] -- Up-to-date: /home/evan/code/lidar_slam/lidar_slam/install/other_msgs/local/lib/python3.10/dist-packages/other_msgs/other_msgs_s__rosidl_typesupport_fastrtps_c.cpython-310-x86_64-linux-gnu.so
[0.706s] -- Up-to-date: /home/evan/code/lidar_slam/lidar_slam/install/other_msgs/local/lib/python3.10/dist-packages/other_msgs/other_msgs_s__rosidl_typesupport_introspection_c.cpython-310-x86_64-linux-gnu.so
[0.706s] -- Up-to-date: /home/evan/code/lidar_slam/lidar_slam/install/other_msgs/local/lib/python3.10/dist-packages/other_msgs/other_msgs_s__rosidl_typesupport_c.cpython-310-x86_64-linux-gnu.so
[0.706s] -- Up-to-date: /home/evan/code/lidar_slam/lidar_slam/install/other_msgs/lib/libother_msgs__rosidl_generator_py.so
[0.707s] -- Up-to-date: /home/evan/code/lidar_slam/lidar_slam/install/other_msgs/share/other_msgs/msg/Point.idl
[0.707s] -- Up-to-date: /home/evan/code/lidar_slam/lidar_slam/install/other_msgs/share/other_msgs/msg/AllCloud.idl
[0.707s] -- Up-to-date: /home/evan/code/lidar_slam/lidar_slam/install/other_msgs/share/other_msgs/msg/SegCloud.idl
[0.707s] -- Up-to-date: /home/evan/code/lidar_slam/lidar_slam/install/other_msgs/share/other_msgs/msg/Point.msg
[0.707s] -- Up-to-date: /home/evan/code/lidar_slam/lidar_slam/install/other_msgs/share/other_msgs/msg/AllCloud.msg
[0.707s] -- Up-to-date: /home/evan/code/lidar_slam/lidar_slam/install/other_msgs/share/other_msgs/msg/SegCloud.msg
[0.707s] -- Up-to-date: /home/evan/code/lidar_slam/lidar_slam/install/other_msgs/share/ament_index/resource_index/package_run_dependencies/other_msgs
[0.707s] -- Up-to-date: /home/evan/code/lidar_slam/lidar_slam/install/other_msgs/share/ament_index/resource_index/parent_prefix_path/other_msgs
[0.707s] -- Up-to-date: /home/evan/code/lidar_slam/lidar_slam/install/other_msgs/share/other_msgs/environment/ament_prefix_path.sh
[0.707s] -- Up-to-date: /home/evan/code/lidar_slam/lidar_slam/install/other_msgs/share/other_msgs/environment/ament_prefix_path.dsv
[0.707s] -- Up-to-date: /home/evan/code/lidar_slam/lidar_slam/install/other_msgs/share/other_msgs/environment/path.sh
[0.707s] -- Up-to-date: /home/evan/code/lidar_slam/lidar_slam/install/other_msgs/share/other_msgs/environment/path.dsv
[0.708s] -- Up-to-date: /home/evan/code/lidar_slam/lidar_slam/install/other_msgs/share/other_msgs/local_setup.bash
[0.708s] -- Up-to-date: /home/evan/code/lidar_slam/lidar_slam/install/other_msgs/share/other_msgs/local_setup.sh
[0.708s] -- Up-to-date: /home/evan/code/lidar_slam/lidar_slam/install/other_msgs/share/other_msgs/local_setup.zsh
[0.708s] -- Up-to-date: /home/evan/code/lidar_slam/lidar_slam/install/other_msgs/share/other_msgs/local_setup.dsv
[0.708s] -- Installing: /home/evan/code/lidar_slam/lidar_slam/install/other_msgs/share/other_msgs/package.dsv
[0.708s] -- Up-to-date: /home/evan/code/lidar_slam/lidar_slam/install/other_msgs/share/ament_index/resource_index/packages/other_msgs
[0.708s] -- Up-to-date: /home/evan/code/lidar_slam/lidar_slam/install/other_msgs/share/other_msgs/cmake/export_other_msgs__rosidl_generator_cExport.cmake
[0.708s] -- Up-to-date: /home/evan/code/lidar_slam/lidar_slam/install/other_msgs/share/other_msgs/cmake/export_other_msgs__rosidl_generator_cExport-noconfig.cmake
[0.708s] -- Up-to-date: /home/evan/code/lidar_slam/lidar_slam/install/other_msgs/share/other_msgs/cmake/export_other_msgs__rosidl_typesupport_fastrtps_cExport.cmake
[0.708s] -- Up-to-date: /home/evan/code/lidar_slam/lidar_slam/install/other_msgs/share/other_msgs/cmake/export_other_msgs__rosidl_typesupport_fastrtps_cExport-noconfig.cmake
[0.709s] -- Up-to-date: /home/evan/code/lidar_slam/lidar_slam/install/other_msgs/share/other_msgs/cmake/export_other_msgs__rosidl_generator_cppExport.cmake
[0.709s] -- Up-to-date: /home/evan/code/lidar_slam/lidar_slam/install/other_msgs/share/other_msgs/cmake/export_other_msgs__rosidl_typesupport_fastrtps_cppExport.cmake
[0.709s] -- Up-to-date: /home/evan/code/lidar_slam/lidar_slam/install/other_msgs/share/other_msgs/cmake/export_other_msgs__rosidl_typesupport_fastrtps_cppExport-noconfig.cmake
[0.709s] -- Up-to-date: /home/evan/code/lidar_slam/lidar_slam/install/other_msgs/share/other_msgs/cmake/other_msgs__rosidl_typesupport_introspection_cExport.cmake
[0.709s] -- Up-to-date: /home/evan/code/lidar_slam/lidar_slam/install/other_msgs/share/other_msgs/cmake/other_msgs__rosidl_typesupport_introspection_cExport-noconfig.cmake
[0.709s] -- Up-to-date: /home/evan/code/lidar_slam/lidar_slam/install/other_msgs/share/other_msgs/cmake/other_msgs__rosidl_typesupport_cExport.cmake
[0.709s] -- Up-to-date: /home/evan/code/lidar_slam/lidar_slam/install/other_msgs/share/other_msgs/cmake/other_msgs__rosidl_typesupport_cExport-noconfig.cmake
[0.709s] -- Up-to-date: /home/evan/code/lidar_slam/lidar_slam/install/other_msgs/share/other_msgs/cmake/other_msgs__rosidl_typesupport_introspection_cppExport.cmake
[0.709s] -- Up-to-date: /home/evan/code/lidar_slam/lidar_slam/install/other_msgs/share/other_msgs/cmake/other_msgs__rosidl_typesupport_introspection_cppExport-noconfig.cmake
[0.709s] -- Up-to-date: /home/evan/code/lidar_slam/lidar_slam/install/other_msgs/share/other_msgs/cmake/other_msgs__rosidl_typesupport_cppExport.cmake
[0.710s] -- Up-to-date: /home/evan/code/lidar_slam/lidar_slam/install/other_msgs/share/other_msgs/cmake/other_msgs__rosidl_typesupport_cppExport-noconfig.cmake
[0.710s] -- Up-to-date: /home/evan/code/lidar_slam/lidar_slam/install/other_msgs/share/other_msgs/cmake/export_other_msgs__rosidl_generator_pyExport.cmake
[0.710s] -- Up-to-date: /home/evan/code/lidar_slam/lidar_slam/install/other_msgs/share/other_msgs/cmake/export_other_msgs__rosidl_generator_pyExport-noconfig.cmake
[0.710s] -- Up-to-date: /home/evan/code/lidar_slam/lidar_slam/install/other_msgs/share/other_msgs/cmake/rosidl_cmake-extras.cmake
[0.710s] -- Up-to-date: /home/evan/code/lidar_slam/lidar_slam/install/other_msgs/share/other_msgs/cmake/ament_cmake_export_dependencies-extras.cmake
[0.710s] -- Up-to-date: /home/evan/code/lidar_slam/lidar_slam/install/other_msgs/share/other_msgs/cmake/ament_cmake_export_include_directories-extras.cmake
[0.710s] -- Up-to-date: /home/evan/code/lidar_slam/lidar_slam/install/other_msgs/share/other_msgs/cmake/ament_cmake_export_libraries-extras.cmake
[0.710s] -- Up-to-date: /home/evan/code/lidar_slam/lidar_slam/install/other_msgs/share/other_msgs/cmake/ament_cmake_export_targets-extras.cmake
[0.710s] -- Up-to-date: /home/evan/code/lidar_slam/lidar_slam/install/other_msgs/share/other_msgs/cmake/rosidl_cmake_export_typesupport_targets-extras.cmake
[0.710s] -- Up-to-date: /home/evan/code/lidar_slam/lidar_slam/install/other_msgs/share/other_msgs/cmake/rosidl_cmake_export_typesupport_libraries-extras.cmake
[0.710s] -- Up-to-date: /home/evan/code/lidar_slam/lidar_slam/install/other_msgs/share/other_msgs/cmake/other_msgsConfig.cmake
[0.710s] -- Up-to-date: /home/evan/code/lidar_slam/lidar_slam/install/other_msgs/share/other_msgs/cmake/other_msgsConfig-version.cmake
[0.710s] -- Up-to-date: /home/evan/code/lidar_slam/lidar_slam/install/other_msgs/share/other_msgs/package.xml
[0.713s] Invoked command in '/home/evan/code/lidar_slam/lidar_slam/build/other_msgs' returned '0': CMAKE_PREFIX_PATH=${CMAKE_PREFIX_PATH}:/opt/ros/humble /usr/bin/cmake --install /home/evan/code/lidar_slam/lidar_slam/build/other_msgs
