[0.023s] Invoking command in '/home/evan/code/lidar_slam/lidar_slam/build/slam_learn': CMAKE_PREFIX_PATH=/home/evan/code/lidar_slam/lidar_slam/install/other_msgs:/home/evan/code/lidar_slam/lidar_slam/install/slam_learn:/home/evan/code/lego-loam/lego/install/lego_loam_sr:/home/evan/code/lego-loam/lego/install/cloud_msgs:/home/evan/code/ndt-loc/install/radar-odometry:/home/evan/code/ndt-loc/install/radar-data:/home/evan/code/ndt-loc/install/ndt-lidar-radar:/home/evan/code/ndt-loc/install/map:/home/evan/code/ndt-loc/install/data-publisher:/home/evan/code/ndt-loc/install/cloud_msgs:/home/evan/code/ndt-loc/install/a-loam:/opt/ros/humble /usr/bin/cmake --build /home/evan/code/lidar_slam/lidar_slam/build/slam_learn -- -j4 -l4
[0.092s] [35m[1mConsolidate compiler generated dependencies of target front_end_node[0m
[0.108s] [ 33%] Built target data_process_test
[0.124s] [ 50%] [32mBuilding CXX object CMakeFiles/front_end_node.dir/src/front_end.cpp.o[0m
[0.130s] [ 83%] Built target data_process_node
[10.923s] In file included from [01m[K/home/evan/code/lidar_slam/lidar_slam/src/slam_learn/src/front_end.cpp:2[m[K:
[10.924s] /home/evan/code/lidar_slam/lidar_slam/src/slam_learn/include/slam_learn/lidar_factor.hpp: In instantiation of ‘[01m[Kbool lidarslam::GroundPlaneFactor::operator()(const T*, const T*, T*) const [with T = ceres::Jet<double, 6>][m[K’:
[10.924s] [01m[K/usr/local/include/ceres/internal/variadic_evaluate.h:55:17:[m[K   required from ‘[01m[Kbool ceres::internal::VariadicEvaluateImpl(const Functor&, const T* const*, T*, std::false_type, std::integer_sequence<int, Indices ...>) [with Functor = lidarslam::GroundPlaneFactor; T = ceres::Jet<double, 6>; int ...Indices = {0, 1}; std::false_type = std::integral_constant<bool, false>][m[K’
[10.924s] [01m[K/usr/local/include/ceres/internal/variadic_evaluate.h:77:30:[m[K   required from ‘[01m[Kbool ceres::internal::VariadicEvaluateImpl(const Functor&, const T* const*, T*, const void*) [with ParameterDims = ceres::internal::ParameterDims<false, 3, 3>; Functor = lidarslam::GroundPlaneFactor; T = ceres::Jet<double, 6>][m[K’
[10.924s] [01m[K/usr/local/include/ceres/internal/variadic_evaluate.h:106:45:[m[K   required from ‘[01m[Kbool ceres::internal::VariadicEvaluate(const Functor&, const T* const*, T*) [with ParameterDims = ceres::internal::ParameterDims<false, 3, 3>; Functor = lidarslam::GroundPlaneFactor; T = ceres::Jet<double, 6>][m[K’
[10.924s] [01m[K/usr/local/include/ceres/internal/autodiff.h:349:39:[m[K   required from ‘[01m[Kbool ceres::internal::AutoDifferentiate(const Functor&, const T* const*, int, T*, T**) [with int kNumResiduals = 1; ParameterDims = ceres::internal::ParameterDims<false, 3, 3>; Functor = lidarslam::GroundPlaneFactor; T = double][m[K’
[10.924s] [01m[K/usr/local/include/ceres/autodiff_cost_function.h:211:69:[m[K   required from ‘[01m[Kbool ceres::AutoDiffCostFunction<CostFunctor, kNumResiduals, Ns>::Evaluate(const double* const*, double*, double**) const [with CostFunctor = lidarslam::GroundPlaneFactor; int kNumResiduals = 1; int ...Ns = {3, 3}][m[K’
[10.924s] [01m[K/usr/local/include/ceres/autodiff_cost_function.h:201:8:[m[K   required from here
[10.924s] [01m[K/home/evan/code/lidar_slam/lidar_slam/src/slam_learn/include/slam_learn/lidar_factor.hpp:39:67:[m[K [01;31m[Kerror: [m[Kno matching function for call to ‘[01m[KEigen::Matrix<ceres::Jet<double, 6>, 3, 1, 0, 3, 1>::Matrix(int, int, int)[m[K’
[10.924s]    39 |         Eigen::AngleAxis<T> roll(Eigen::AngleAxis<T>(q[0], Eigen::[01;31m[KMatrix<T, 3, 1>(1, 0, 0)[m[K));
[10.924s]       |                                                                   [01;31m[K^~~~~~~~~~~~~~~~~~~~~~~~[m[K
[10.924s] In file included from [01m[K/usr/include/eigen3/Eigen/Core:295[m[K,
[10.924s]                  from [01m[K/usr/include/eigen3/Eigen/Dense:1[m[K,
[10.924s]                  from [01m[K/home/evan/code/lidar_slam/lidar_slam/src/slam_learn/include/slam_learn/slam_utils.h:15[m[K,
[10.925s]                  from [01m[K/home/evan/code/lidar_slam/lidar_slam/src/slam_learn/src/front_end.cpp:1[m[K:
[10.925s] [01m[K/usr/include/eigen3/Eigen/src/Core/Matrix.h:435:14:[m[K [01;36m[Knote: [m[Kcandidate: ‘[01m[Ktemplate<class OtherDerived> Eigen::Matrix<_Scalar, _Rows, _Cols, _Options, _MaxRows, _MaxCols>::Matrix(const Eigen::RotationBase<OtherDerived, Eigen::Matrix<_Scalar, _Rows, _Cols, _Options, _MaxRows, _MaxCols>::ColsAtCompileTime>&) [with OtherDerived = OtherDerived; _Scalar = ceres::Jet<double, 6>; int _Rows = 3; int _Cols = 1; int _Options = 0; int _MaxRows = 3; int _MaxCols = 1][m[K’
[10.925s]   435 |     explicit [01;36m[KMatrix[m[K(const RotationBase<OtherDerived,ColsAtCompileTime>& r);
[10.925s]       |              [01;36m[K^~~~~~[m[K
[10.925s] [01m[K/usr/include/eigen3/Eigen/src/Core/Matrix.h:435:14:[m[K [01;36m[Knote: [m[K  template argument deduction/substitution failed:
[10.925s] In file included from [01m[K/home/evan/code/lidar_slam/lidar_slam/src/slam_learn/src/front_end.cpp:2[m[K:
[10.925s] [01m[K/home/evan/code/lidar_slam/lidar_slam/src/slam_learn/include/slam_learn/lidar_factor.hpp:39:67:[m[K [01;36m[Knote: [m[K  mismatched types ‘[01m[Kconst Eigen::RotationBase<OtherDerived, 1>[m[K’ and ‘[01m[Kint[m[K’
[10.925s]    39 |         Eigen::AngleAxis<T> roll(Eigen::AngleAxis<T>(q[0], Eigen::[01;36m[KMatrix<T, 3, 1>(1, 0, 0)[m[K));
[10.925s]       |                                                                   [01;36m[K^~~~~~~~~~~~~~~~~~~~~~~~[m[K
[10.925s] In file included from [01m[K/usr/include/eigen3/Eigen/Core:295[m[K,
[10.925s]                  from [01m[K/usr/include/eigen3/Eigen/Dense:1[m[K,
[10.925s]                  from [01m[K/home/evan/code/lidar_slam/lidar_slam/src/slam_learn/include/slam_learn/slam_utils.h:15[m[K,
[10.925s]                  from [01m[K/home/evan/code/lidar_slam/lidar_slam/src/slam_learn/src/front_end.cpp:1[m[K:
[10.925s] [01m[K/usr/include/eigen3/Eigen/src/Core/Matrix.h:422:25:[m[K [01;36m[Knote: [m[Kcandidate: ‘[01m[Ktemplate<class OtherDerived> Eigen::Matrix<_Scalar, _Rows, _Cols, _Options, _MaxRows, _MaxCols>::Matrix(const Eigen::EigenBase<OtherDerived>&) [with OtherDerived = OtherDerived; _Scalar = ceres::Jet<double, 6>; int _Rows = 3; int _Cols = 1; int _Options = 0; int _MaxRows = 3; int _MaxCols = 1][m[K’
[10.925s]   422 |     EIGEN_STRONG_INLINE [01;36m[KMatrix[m[K(const EigenBase<OtherDerived> &other)
[10.926s]       |                         [01;36m[K^~~~~~[m[K
[10.926s] [01m[K/usr/include/eigen3/Eigen/src/Core/Matrix.h:422:25:[m[K [01;36m[Knote: [m[K  template argument deduction/substitution failed:
[10.926s] In file included from [01m[K/home/evan/code/lidar_slam/lidar_slam/src/slam_learn/src/front_end.cpp:2[m[K:
[10.926s] [01m[K/home/evan/code/lidar_slam/lidar_slam/src/slam_learn/include/slam_learn/lidar_factor.hpp:39:67:[m[K [01;36m[Knote: [m[K  mismatched types ‘[01m[Kconst Eigen::EigenBase<Derived>[m[K’ and ‘[01m[Kint[m[K’
[10.926s]    39 |         Eigen::AngleAxis<T> roll(Eigen::AngleAxis<T>(q[0], Eigen::[01;36m[KMatrix<T, 3, 1>(1, 0, 0)[m[K));
[10.926s]       |                                                                   [01;36m[K^~~~~~~~~~~~~~~~~~~~~~~~[m[K
[10.926s] In file included from [01m[K/usr/include/eigen3/Eigen/Core:295[m[K,
[10.926s]                  from [01m[K/usr/include/eigen3/Eigen/Dense:1[m[K,
[10.926s]                  from [01m[K/home/evan/code/lidar_slam/lidar_slam/src/slam_learn/include/slam_learn/slam_utils.h:15[m[K,
[10.926s]                  from [01m[K/home/evan/code/lidar_slam/lidar_slam/src/slam_learn/src/front_end.cpp:1[m[K:
[10.926s] [01m[K/usr/include/eigen3/Eigen/src/Core/Matrix.h:337:5:[m[K [01;36m[Knote: [m[Kcandidate: ‘[01m[Ktemplate<class T0, class T1> Eigen::Matrix<_Scalar, _Rows, _Cols, _Options, _MaxRows, _MaxCols>::Matrix(const T0&, const T1&) [with T0 = T0; T1 = T1; _Scalar = ceres::Jet<double, 6>; int _Rows = 3; int _Cols = 1; int _Options = 0; int _MaxRows = 3; int _MaxCols = 1][m[K’
[10.926s]   337 |     [01;36m[KMatrix[m[K(const T0& x, const T1& y)
[10.926s]       |     [01;36m[K^~~~~~[m[K
[10.927s] [01m[K/usr/include/eigen3/Eigen/src/Core/Matrix.h:337:5:[m[K [01;36m[Knote: [m[K  template argument deduction/substitution failed:
[10.959s] In file included from [01m[K/home/evan/code/lidar_slam/lidar_slam/src/slam_learn/src/front_end.cpp:2[m[K:
[10.959s] [01m[K/home/evan/code/lidar_slam/lidar_slam/src/slam_learn/include/slam_learn/lidar_factor.hpp:39:67:[m[K [01;36m[Knote: [m[K  candidate expects 2 arguments, 3 provided
[10.960s]    39 |         Eigen::AngleAxis<T> roll(Eigen::AngleAxis<T>(q[0], Eigen::[01;36m[KMatrix<T, 3, 1>(1, 0, 0)[m[K));
[10.961s]       |                                                                   [01;36m[K^~~~~~~~~~~~~~~~~~~~~~~~[m[K
[10.961s] In file included from [01m[K/usr/include/eigen3/Eigen/Core:295[m[K,
[10.961s]                  from [01m[K/usr/include/eigen3/Eigen/Dense:1[m[K,
[10.961s]                  from [01m[K/home/evan/code/lidar_slam/lidar_slam/src/slam_learn/include/slam_learn/slam_utils.h:15[m[K,
[10.961s]                  from [01m[K/home/evan/code/lidar_slam/lidar_slam/src/slam_learn/src/front_end.cpp:1[m[K:
[10.962s] [01m[K/usr/include/eigen3/Eigen/src/Core/Matrix.h:329:14:[m[K [01;36m[Knote: [m[Kcandidate: ‘[01m[Ktemplate<class T> Eigen::Matrix<_Scalar, _Rows, _Cols, _Options, _MaxRows, _MaxCols>::Matrix(const T&) [with T = T; _Scalar = ceres::Jet<double, 6>; int _Rows = 3; int _Cols = 1; int _Options = 0; int _MaxRows = 3; int _MaxCols = 1][m[K’
[10.962s]   329 |     explicit [01;36m[KMatrix[m[K(const T& x)
[10.962s]       |              [01;36m[K^~~~~~[m[K
[10.962s] [01m[K/usr/include/eigen3/Eigen/src/Core/Matrix.h:329:14:[m[K [01;36m[Knote: [m[K  template argument deduction/substitution failed:
[10.962s] In file included from [01m[K/home/evan/code/lidar_slam/lidar_slam/src/slam_learn/src/front_end.cpp:2[m[K:
[10.962s] [01m[K/home/evan/code/lidar_slam/lidar_slam/src/slam_learn/include/slam_learn/lidar_factor.hpp:39:67:[m[K [01;36m[Knote: [m[K  candidate expects 1 argument, 3 provided
[10.962s]    39 |         Eigen::AngleAxis<T> roll(Eigen::AngleAxis<T>(q[0], Eigen::[01;36m[KMatrix<T, 3, 1>(1, 0, 0)[m[K));
[10.962s]       |                                                                   [01;36m[K^~~~~~~~~~~~~~~~~~~~~~~~[m[K
[10.962s] In file included from [01m[K/usr/include/eigen3/Eigen/Core:295[m[K,
[10.962s]                  from [01m[K/usr/include/eigen3/Eigen/Dense:1[m[K,
[10.962s]                  from [01m[K/home/evan/code/lidar_slam/lidar_slam/src/slam_learn/include/slam_learn/slam_utils.h:15[m[K,
[10.962s]                  from [01m[K/home/evan/code/lidar_slam/lidar_slam/src/slam_learn/src/front_end.cpp:1[m[K:
[10.962s] [01m[K/usr/include/eigen3/Eigen/src/Core/Matrix.h:296:5:[m[K [01;36m[Knote: [m[Kcandidate: ‘[01m[Ktemplate<class ... ArgTypes> Eigen::Matrix<_Scalar, _Rows, _Cols, _Options, _MaxRows, _MaxCols>::Matrix(const Scalar&, const Scalar&, const Scalar&, const Scalar&, const ArgTypes& ...) [with ArgTypes = {ArgTypes ...}; _Scalar = ceres::Jet<double, 6>; int _Rows = 3; int _Cols = 1; int _Options = 0; int _MaxRows = 3; int _MaxCols = 1][m[K’
[10.962s]   296 |     [01;36m[KMatrix[m[K(const Scalar& a0, const Scalar& a1, const Scalar& a2,  const Scalar& a3, const ArgTypes&... args)
[10.963s]       |     [01;36m[K^~~~~~[m[K
[10.963s] [01m[K/usr/include/eigen3/Eigen/src/Core/Matrix.h:296:5:[m[K [01;36m[Knote: [m[K  template argument deduction/substitution failed:
[10.963s] In file included from [01m[K/home/evan/code/lidar_slam/lidar_slam/src/slam_learn/src/front_end.cpp:2[m[K:
[10.963s] [01m[K/home/evan/code/lidar_slam/lidar_slam/src/slam_learn/include/slam_learn/lidar_factor.hpp:39:67:[m[K [01;36m[Knote: [m[K  candidate expects at least 4 arguments, 3 provided
[10.963s]    39 |         Eigen::AngleAxis<T> roll(Eigen::AngleAxis<T>(q[0], Eigen::[01;36m[KMatrix<T, 3, 1>(1, 0, 0)[m[K));
[10.963s]       |                                                                   [01;36m[K^~~~~~~~~~~~~~~~~~~~~~~~[m[K
[10.963s] In file included from [01m[K/usr/include/eigen3/Eigen/Core:295[m[K,
[10.963s]                  from [01m[K/usr/include/eigen3/Eigen/Dense:1[m[K,
[10.963s]                  from [01m[K/home/evan/code/lidar_slam/lidar_slam/src/slam_learn/include/slam_learn/slam_utils.h:15[m[K,
[10.963s]                  from [01m[K/home/evan/code/lidar_slam/lidar_slam/src/slam_learn/src/front_end.cpp:1[m[K:
[10.963s] [01m[K/usr/include/eigen3/Eigen/src/Core/Matrix.h:414:25:[m[K [01;36m[Knote: [m[Kcandidate: ‘[01m[KEigen::Matrix<_Scalar, _Rows, _Cols, _Options, _MaxRows, _MaxCols>::Matrix(const Eigen::Matrix<_Scalar, _Rows, _Cols, _Options, _MaxRows, _MaxCols>&) [with _Scalar = ceres::Jet<double, 6>; int _Rows = 3; int _Cols = 1; int _Options = 0; int _MaxRows = 3; int _MaxCols = 1][m[K’
[10.963s]   414 |     EIGEN_STRONG_INLINE [01;36m[KMatrix[m[K(const Matrix& other) : Base(other)
[10.963s]       |                         [01;36m[K^~~~~~[m[K
[10.963s] [01m[K/usr/include/eigen3/Eigen/src/Core/Matrix.h:414:25:[m[K [01;36m[Knote: [m[K  candidate expects 1 argument, 3 provided
[10.964s] [01m[K/usr/include/eigen3/Eigen/src/Core/Matrix.h:401:25:[m[K [01;36m[Knote: [m[Kcandidate: ‘[01m[KEigen::Matrix<_Scalar, _Rows, _Cols, _Options, _MaxRows, _MaxCols>::Matrix(const Scalar&, const Scalar&, const Scalar&, const Scalar&) [with _Scalar = ceres::Jet<double, 6>; int _Rows = 3; int _Cols = 1; int _Options = 0; int _MaxRows = 3; int _MaxCols = 1; Eigen::Matrix<_Scalar, _Rows, _Cols, _Options, _MaxRows, _MaxCols>::Scalar = ceres::Jet<double, 6>][m[K’
[10.964s]   401 |     EIGEN_STRONG_INLINE [01;36m[KMatrix[m[K(const Scalar& x, const Scalar& y, const Scalar& z, const Scalar& w)
[10.964s]       |                         [01;36m[K^~~~~~[m[K
[10.964s] [01m[K/usr/include/eigen3/Eigen/src/Core/Matrix.h:401:25:[m[K [01;36m[Knote: [m[K  candidate expects 4 arguments, 3 provided
[10.964s] [01m[K/usr/include/eigen3/Eigen/src/Core/Matrix.h:389:25:[m[K [01;36m[Knote: [m[Kcandidate: ‘[01m[KEigen::Matrix<_Scalar, _Rows, _Cols, _Options, _MaxRows, _MaxCols>::Matrix(const Scalar&, const Scalar&, const Scalar&) [with _Scalar = ceres::Jet<double, 6>; int _Rows = 3; int _Cols = 1; int _Options = 0; int _MaxRows = 3; int _MaxCols = 1; Eigen::Matrix<_Scalar, _Rows, _Cols, _Options, _MaxRows, _MaxCols>::Scalar = ceres::Jet<double, 6>][m[K’
[10.964s]   389 |     EIGEN_STRONG_INLINE [01;36m[KMatrix[m[K(const Scalar& x, const Scalar& y, const Scalar& z)
[10.964s]       |                         [01;36m[K^~~~~~[m[K
[10.965s] [01m[K/usr/include/eigen3/Eigen/src/Core/Matrix.h:389:46:[m[K [01;36m[Knote: [m[K  no known conversion for argument 1 from ‘[01m[Kint[m[K’ to ‘[01m[Kconst Scalar&[m[K’ {aka ‘[01m[Kconst ceres::Jet<double, 6>&[m[K’}
[10.965s]   389 |     EIGEN_STRONG_INLINE Matrix([01;36m[Kconst Scalar& x[m[K, const Scalar& y, const Scalar& z)
[10.965s]       |                                [01;36m[K~~~~~~~~~~~~~~^[m[K
[10.965s] [01m[K/usr/include/eigen3/Eigen/src/Core/Matrix.h:321:34:[m[K [01;36m[Knote: [m[Kcandidate: ‘[01m[KEigen::Matrix<_Scalar, _Rows, _Cols, _Options, _MaxRows, _MaxCols>::Matrix(const std::initializer_list<std::initializer_list<typename Eigen::internal::traits<Eigen::Matrix<_Scalar, _Rows, _Cols, _Options, _MaxRows, _MaxCols> >::Scalar> >&) [with _Scalar = ceres::Jet<double, 6>; int _Rows = 3; int _Cols = 1; int _Options = 0; int _MaxRows = 3; int _MaxCols = 1; typename Eigen::internal::traits<Eigen::Matrix<_Scalar, _Rows, _Cols, _Options, _MaxRows, _MaxCols> >::Scalar = ceres::Jet<double, 6>][m[K’
[10.965s]   321 |     explicit EIGEN_STRONG_INLINE [01;36m[KMatrix[m[K(const std::initializer_list<std::initializer_list<Scalar>>& list) : Base(list) {}
[10.965s]       |                                  [01;36m[K^~~~~~[m[K
[10.965s] [01m[K/usr/include/eigen3/Eigen/src/Core/Matrix.h:321:34:[m[K [01;36m[Knote: [m[K  candidate expects 1 argument, 3 provided
[10.966s] [01m[K/usr/include/eigen3/Eigen/src/Core/Matrix.h:273:5:[m[K [01;36m[Knote: [m[Kcandidate: ‘[01m[KEigen::Matrix<_Scalar, _Rows, _Cols, _Options, _MaxRows, _MaxCols>::Matrix(Eigen::Matrix<_Scalar, _Rows, _Cols, _Options, _MaxRows, _MaxCols>&&) [with _Scalar = ceres::Jet<double, 6>; int _Rows = 3; int _Cols = 1; int _Options = 0; int _MaxRows = 3; int _MaxCols = 1][m[K’
[10.966s]   273 |     [01;36m[KMatrix[m[K(Matrix&& other) EIGEN_NOEXCEPT_IF(std::is_nothrow_move_constructible<Scalar>::value)
[10.966s]       |     [01;36m[K^~~~~~[m[K
[10.966s] [01m[K/usr/include/eigen3/Eigen/src/Core/Matrix.h:273:5:[m[K [01;36m[Knote: [m[K  candidate expects 1 argument, 3 provided
[10.966s] [01m[K/usr/include/eigen3/Eigen/src/Core/Matrix.h:267:14:[m[K [01;36m[Knote: [m[Kcandidate: ‘[01m[KEigen::Matrix<_Scalar, _Rows, _Cols, _Options, _MaxRows, _MaxCols>::Matrix(Eigen::internal::constructor_without_unaligned_array_assert) [with _Scalar = ceres::Jet<double, 6>; int _Rows = 3; int _Cols = 1; int _Options = 0; int _MaxRows = 3; int _MaxCols = 1][m[K’
[10.966s]   267 |     explicit [01;36m[KMatrix[m[K(internal::constructor_without_unaligned_array_assert)
[10.966s]       |              [01;36m[K^~~~~~[m[K
[10.966s] [01m[K/usr/include/eigen3/Eigen/src/Core/Matrix.h:267:14:[m[K [01;36m[Knote: [m[K  candidate expects 1 argument, 3 provided
[10.966s] [01m[K/usr/include/eigen3/Eigen/src/Core/Matrix.h:259:5:[m[K [01;36m[Knote: [m[Kcandidate: ‘[01m[KEigen::Matrix<_Scalar, _Rows, _Cols, _Options, _MaxRows, _MaxCols>::Matrix() [with _Scalar = ceres::Jet<double, 6>; int _Rows = 3; int _Cols = 1; int _Options = 0; int _MaxRows = 3; int _MaxCols = 1][m[K’
[10.966s]   259 |     [01;36m[KMatrix[m[K() : Base()
[10.966s]       |     [01;36m[K^~~~~~[m[K
[10.966s] [01m[K/usr/include/eigen3/Eigen/src/Core/Matrix.h:259:5:[m[K [01;36m[Knote: [m[K  candidate expects 0 arguments, 3 provided
[10.966s] In file included from [01m[K/home/evan/code/lidar_slam/lidar_slam/src/slam_learn/src/front_end.cpp:2[m[K:
[10.966s] [01m[K/home/evan/code/lidar_slam/lidar_slam/src/slam_learn/include/slam_learn/lidar_factor.hpp:40:68:[m[K [01;31m[Kerror: [m[Kno matching function for call to ‘[01m[KEigen::Matrix<ceres::Jet<double, 6>, 3, 1, 0, 3, 1>::Matrix(int, int, int)[m[K’
[10.967s]    40 |         Eigen::AngleAxis<T> pitch(Eigen::AngleAxis<T>(q[1], Eigen::[01;31m[KMatrix<T, 3, 1>(0, 1, 0)[m[K));
[10.967s]       |                                                                    [01;31m[K^~~~~~~~~~~~~~~~~~~~~~~~[m[K
[10.967s] In file included from [01m[K/usr/include/eigen3/Eigen/Core:295[m[K,
[10.967s]                  from [01m[K/usr/include/eigen3/Eigen/Dense:1[m[K,
[10.967s]                  from [01m[K/home/evan/code/lidar_slam/lidar_slam/src/slam_learn/include/slam_learn/slam_utils.h:15[m[K,
[10.967s]                  from [01m[K/home/evan/code/lidar_slam/lidar_slam/src/slam_learn/src/front_end.cpp:1[m[K:
[10.967s] [01m[K/usr/include/eigen3/Eigen/src/Core/Matrix.h:435:14:[m[K [01;36m[Knote: [m[Kcandidate: ‘[01m[Ktemplate<class OtherDerived> Eigen::Matrix<_Scalar, _Rows, _Cols, _Options, _MaxRows, _MaxCols>::Matrix(const Eigen::RotationBase<OtherDerived, Eigen::Matrix<_Scalar, _Rows, _Cols, _Options, _MaxRows, _MaxCols>::ColsAtCompileTime>&) [with OtherDerived = OtherDerived; _Scalar = ceres::Jet<double, 6>; int _Rows = 3; int _Cols = 1; int _Options = 0; int _MaxRows = 3; int _MaxCols = 1][m[K’
[10.967s]   435 |     explicit [01;36m[KMatrix[m[K(const RotationBase<OtherDerived,ColsAtCompileTime>& r);
[10.967s]       |              [01;36m[K^~~~~~[m[K
[10.967s] [01m[K/usr/include/eigen3/Eigen/src/Core/Matrix.h:435:14:[m[K [01;36m[Knote: [m[K  template argument deduction/substitution failed:
[10.967s] In file included from [01m[K/home/evan/code/lidar_slam/lidar_slam/src/slam_learn/src/front_end.cpp:2[m[K:
[10.967s] [01m[K/home/evan/code/lidar_slam/lidar_slam/src/slam_learn/include/slam_learn/lidar_factor.hpp:40:68:[m[K [01;36m[Knote: [m[K  mismatched types ‘[01m[Kconst Eigen::RotationBase<OtherDerived, 1>[m[K’ and ‘[01m[Kint[m[K’
[10.967s]    40 |         Eigen::AngleAxis<T> pitch(Eigen::AngleAxis<T>(q[1], Eigen::[01;36m[KMatrix<T, 3, 1>(0, 1, 0)[m[K));
[10.967s]       |                                                                    [01;36m[K^~~~~~~~~~~~~~~~~~~~~~~~[m[K
[10.967s] In file included from [01m[K/usr/include/eigen3/Eigen/Core:295[m[K,
[10.968s]                  from [01m[K/usr/include/eigen3/Eigen/Dense:1[m[K,
[10.968s]                  from [01m[K/home/evan/code/lidar_slam/lidar_slam/src/slam_learn/include/slam_learn/slam_utils.h:15[m[K,
[10.968s]                  from [01m[K/home/evan/code/lidar_slam/lidar_slam/src/slam_learn/src/front_end.cpp:1[m[K:
[10.968s] [01m[K/usr/include/eigen3/Eigen/src/Core/Matrix.h:422:25:[m[K [01;36m[Knote: [m[Kcandidate: ‘[01m[Ktemplate<class OtherDerived> Eigen::Matrix<_Scalar, _Rows, _Cols, _Options, _MaxRows, _MaxCols>::Matrix(const Eigen::EigenBase<OtherDerived>&) [with OtherDerived = OtherDerived; _Scalar = ceres::Jet<double, 6>; int _Rows = 3; int _Cols = 1; int _Options = 0; int _MaxRows = 3; int _MaxCols = 1][m[K’
[10.968s]   422 |     EIGEN_STRONG_INLINE [01;36m[KMatrix[m[K(const EigenBase<OtherDerived> &other)
[10.968s]       |                         [01;36m[K^~~~~~[m[K
[10.968s] [01m[K/usr/include/eigen3/Eigen/src/Core/Matrix.h:422:25:[m[K [01;36m[Knote: [m[K  template argument deduction/substitution failed:
[10.968s] In file included from [01m[K/home/evan/code/lidar_slam/lidar_slam/src/slam_learn/src/front_end.cpp:2[m[K:
[10.968s] [01m[K/home/evan/code/lidar_slam/lidar_slam/src/slam_learn/include/slam_learn/lidar_factor.hpp:40:68:[m[K [01;36m[Knote: [m[K  mismatched types ‘[01m[Kconst Eigen::EigenBase<Derived>[m[K’ and ‘[01m[Kint[m[K’
[10.968s]    40 |         Eigen::AngleAxis<T> pitch(Eigen::AngleAxis<T>(q[1], Eigen::[01;36m[KMatrix<T, 3, 1>(0, 1, 0)[m[K));
[10.968s]       |                                                                    [01;36m[K^~~~~~~~~~~~~~~~~~~~~~~~[m[K
[10.968s] In file included from [01m[K/usr/include/eigen3/Eigen/Core:295[m[K,
[10.968s]                  from [01m[K/usr/include/eigen3/Eigen/Dense:1[m[K,
[10.968s]                  from [01m[K/home/evan/code/lidar_slam/lidar_slam/src/slam_learn/include/slam_learn/slam_utils.h:15[m[K,
[10.969s]                  from [01m[K/home/evan/code/lidar_slam/lidar_slam/src/slam_learn/src/front_end.cpp:1[m[K:
[10.969s] [01m[K/usr/include/eigen3/Eigen/src/Core/Matrix.h:337:5:[m[K [01;36m[Knote: [m[Kcandidate: ‘[01m[Ktemplate<class T0, class T1> Eigen::Matrix<_Scalar, _Rows, _Cols, _Options, _MaxRows, _MaxCols>::Matrix(const T0&, const T1&) [with T0 = T0; T1 = T1; _Scalar = ceres::Jet<double, 6>; int _Rows = 3; int _Cols = 1; int _Options = 0; int _MaxRows = 3; int _MaxCols = 1][m[K’
[10.969s]   337 |     [01;36m[KMatrix[m[K(const T0& x, const T1& y)
[10.969s]       |     [01;36m[K^~~~~~[m[K
[10.969s] [01m[K/usr/include/eigen3/Eigen/src/Core/Matrix.h:337:5:[m[K [01;36m[Knote: [m[K  template argument deduction/substitution failed:
[10.969s] In file included from [01m[K/home/evan/code/lidar_slam/lidar_slam/src/slam_learn/src/front_end.cpp:2[m[K:
[10.969s] [01m[K/home/evan/code/lidar_slam/lidar_slam/src/slam_learn/include/slam_learn/lidar_factor.hpp:40:68:[m[K [01;36m[Knote: [m[K  candidate expects 2 arguments, 3 provided
[10.969s]    40 |         Eigen::AngleAxis<T> pitch(Eigen::AngleAxis<T>(q[1], Eigen::[01;36m[KMatrix<T, 3, 1>(0, 1, 0)[m[K));
[10.970s]       |                                                                    [01;36m[K^~~~~~~~~~~~~~~~~~~~~~~~[m[K
[10.970s] In file included from [01m[K/usr/include/eigen3/Eigen/Core:295[m[K,
[10.970s]                  from [01m[K/usr/include/eigen3/Eigen/Dense:1[m[K,
[10.970s]                  from [01m[K/home/evan/code/lidar_slam/lidar_slam/src/slam_learn/include/slam_learn/slam_utils.h:15[m[K,
[10.970s]                  from [01m[K/home/evan/code/lidar_slam/lidar_slam/src/slam_learn/src/front_end.cpp:1[m[K:
[10.970s] [01m[K/usr/include/eigen3/Eigen/src/Core/Matrix.h:329:14:[m[K [01;36m[Knote: [m[Kcandidate: ‘[01m[Ktemplate<class T> Eigen::Matrix<_Scalar, _Rows, _Cols, _Options, _MaxRows, _MaxCols>::Matrix(const T&) [with T = T; _Scalar = ceres::Jet<double, 6>; int _Rows = 3; int _Cols = 1; int _Options = 0; int _MaxRows = 3; int _MaxCols = 1][m[K’
[10.970s]   329 |     explicit [01;36m[KMatrix[m[K(const T& x)
[10.970s]       |              [01;36m[K^~~~~~[m[K
[10.970s] [01m[K/usr/include/eigen3/Eigen/src/Core/Matrix.h:329:14:[m[K [01;36m[Knote: [m[K  template argument deduction/substitution failed:
[10.970s] In file included from [01m[K/home/evan/code/lidar_slam/lidar_slam/src/slam_learn/src/front_end.cpp:2[m[K:
[10.970s] [01m[K/home/evan/code/lidar_slam/lidar_slam/src/slam_learn/include/slam_learn/lidar_factor.hpp:40:68:[m[K [01;36m[Knote: [m[K  candidate expects 1 argument, 3 provided
[10.970s]    40 |         Eigen::AngleAxis<T> pitch(Eigen::AngleAxis<T>(q[1], Eigen::[01;36m[KMatrix<T, 3, 1>(0, 1, 0)[m[K));
[10.971s]       |                                                                    [01;36m[K^~~~~~~~~~~~~~~~~~~~~~~~[m[K
[10.971s] In file included from [01m[K/usr/include/eigen3/Eigen/Core:295[m[K,
[10.971s]                  from [01m[K/usr/include/eigen3/Eigen/Dense:1[m[K,
[10.971s]                  from [01m[K/home/evan/code/lidar_slam/lidar_slam/src/slam_learn/include/slam_learn/slam_utils.h:15[m[K,
[10.971s]                  from [01m[K/home/evan/code/lidar_slam/lidar_slam/src/slam_learn/src/front_end.cpp:1[m[K:
[10.971s] [01m[K/usr/include/eigen3/Eigen/src/Core/Matrix.h:296:5:[m[K [01;36m[Knote: [m[Kcandidate: ‘[01m[Ktemplate<class ... ArgTypes> Eigen::Matrix<_Scalar, _Rows, _Cols, _Options, _MaxRows, _MaxCols>::Matrix(const Scalar&, const Scalar&, const Scalar&, const Scalar&, const ArgTypes& ...) [with ArgTypes = {ArgTypes ...}; _Scalar = ceres::Jet<double, 6>; int _Rows = 3; int _Cols = 1; int _Options = 0; int _MaxRows = 3; int _MaxCols = 1][m[K’
[10.971s]   296 |     [01;36m[KMatrix[m[K(const Scalar& a0, const Scalar& a1, const Scalar& a2,  const Scalar& a3, const ArgTypes&... args)
[10.971s]       |     [01;36m[K^~~~~~[m[K
[10.971s] [01m[K/usr/include/eigen3/Eigen/src/Core/Matrix.h:296:5:[m[K [01;36m[Knote: [m[K  template argument deduction/substitution failed:
[10.971s] In file included from [01m[K/home/evan/code/lidar_slam/lidar_slam/src/slam_learn/src/front_end.cpp:2[m[K:
[10.971s] [01m[K/home/evan/code/lidar_slam/lidar_slam/src/slam_learn/include/slam_learn/lidar_factor.hpp:40:68:[m[K [01;36m[Knote: [m[K  candidate expects at least 4 arguments, 3 provided
[10.971s]    40 |         Eigen::AngleAxis<T> pitch(Eigen::AngleAxis<T>(q[1], Eigen::[01;36m[KMatrix<T, 3, 1>(0, 1, 0)[m[K));
[10.971s]       |                                                                    [01;36m[K^~~~~~~~~~~~~~~~~~~~~~~~[m[K
[10.972s] In file included from [01m[K/usr/include/eigen3/Eigen/Core:295[m[K,
[10.972s]                  from [01m[K/usr/include/eigen3/Eigen/Dense:1[m[K,
[10.972s]                  from [01m[K/home/evan/code/lidar_slam/lidar_slam/src/slam_learn/include/slam_learn/slam_utils.h:15[m[K,
[10.972s]                  from [01m[K/home/evan/code/lidar_slam/lidar_slam/src/slam_learn/src/front_end.cpp:1[m[K:
[10.972s] [01m[K/usr/include/eigen3/Eigen/src/Core/Matrix.h:414:25:[m[K [01;36m[Knote: [m[Kcandidate: ‘[01m[KEigen::Matrix<_Scalar, _Rows, _Cols, _Options, _MaxRows, _MaxCols>::Matrix(const Eigen::Matrix<_Scalar, _Rows, _Cols, _Options, _MaxRows, _MaxCols>&) [with _Scalar = ceres::Jet<double, 6>; int _Rows = 3; int _Cols = 1; int _Options = 0; int _MaxRows = 3; int _MaxCols = 1][m[K’
[10.972s]   414 |     EIGEN_STRONG_INLINE [01;36m[KMatrix[m[K(const Matrix& other) : Base(other)
[10.972s]       |                         [01;36m[K^~~~~~[m[K
[10.972s] [01m[K/usr/include/eigen3/Eigen/src/Core/Matrix.h:414:25:[m[K [01;36m[Knote: [m[K  candidate expects 1 argument, 3 provided
[10.972s] [01m[K/usr/include/eigen3/Eigen/src/Core/Matrix.h:401:25:[m[K [01;36m[Knote: [m[Kcandidate: ‘[01m[KEigen::Matrix<_Scalar, _Rows, _Cols, _Options, _MaxRows, _MaxCols>::Matrix(const Scalar&, const Scalar&, const Scalar&, const Scalar&) [with _Scalar = ceres::Jet<double, 6>; int _Rows = 3; int _Cols = 1; int _Options = 0; int _MaxRows = 3; int _MaxCols = 1; Eigen::Matrix<_Scalar, _Rows, _Cols, _Options, _MaxRows, _MaxCols>::Scalar = ceres::Jet<double, 6>][m[K’
[10.972s]   401 |     EIGEN_STRONG_INLINE [01;36m[KMatrix[m[K(const Scalar& x, const Scalar& y, const Scalar& z, const Scalar& w)
[10.972s]       |                         [01;36m[K^~~~~~[m[K
[10.972s] [01m[K/usr/include/eigen3/Eigen/src/Core/Matrix.h:401:25:[m[K [01;36m[Knote: [m[K  candidate expects 4 arguments, 3 provided
[10.972s] [01m[K/usr/include/eigen3/Eigen/src/Core/Matrix.h:389:25:[m[K [01;36m[Knote: [m[Kcandidate: ‘[01m[KEigen::Matrix<_Scalar, _Rows, _Cols, _Options, _MaxRows, _MaxCols>::Matrix(const Scalar&, const Scalar&, const Scalar&) [with _Scalar = ceres::Jet<double, 6>; int _Rows = 3; int _Cols = 1; int _Options = 0; int _MaxRows = 3; int _MaxCols = 1; Eigen::Matrix<_Scalar, _Rows, _Cols, _Options, _MaxRows, _MaxCols>::Scalar = ceres::Jet<double, 6>][m[K’
[10.972s]   389 |     EIGEN_STRONG_INLINE [01;36m[KMatrix[m[K(const Scalar& x, const Scalar& y, const Scalar& z)
[10.973s]       |                         [01;36m[K^~~~~~[m[K
[10.973s] [01m[K/usr/include/eigen3/Eigen/src/Core/Matrix.h:389:46:[m[K [01;36m[Knote: [m[K  no known conversion for argument 1 from ‘[01m[Kint[m[K’ to ‘[01m[Kconst Scalar&[m[K’ {aka ‘[01m[Kconst ceres::Jet<double, 6>&[m[K’}
[10.973s]   389 |     EIGEN_STRONG_INLINE Matrix([01;36m[Kconst Scalar& x[m[K, const Scalar& y, const Scalar& z)
[10.973s]       |                                [01;36m[K~~~~~~~~~~~~~~^[m[K
[10.973s] [01m[K/usr/include/eigen3/Eigen/src/Core/Matrix.h:321:34:[m[K [01;36m[Knote: [m[Kcandidate: ‘[01m[KEigen::Matrix<_Scalar, _Rows, _Cols, _Options, _MaxRows, _MaxCols>::Matrix(const std::initializer_list<std::initializer_list<typename Eigen::internal::traits<Eigen::Matrix<_Scalar, _Rows, _Cols, _Options, _MaxRows, _MaxCols> >::Scalar> >&) [with _Scalar = ceres::Jet<double, 6>; int _Rows = 3; int _Cols = 1; int _Options = 0; int _MaxRows = 3; int _MaxCols = 1; typename Eigen::internal::traits<Eigen::Matrix<_Scalar, _Rows, _Cols, _Options, _MaxRows, _MaxCols> >::Scalar = ceres::Jet<double, 6>][m[K’
[10.973s]   321 |     explicit EIGEN_STRONG_INLINE [01;36m[KMatrix[m[K(const std::initializer_list<std::initializer_list<Scalar>>& list) : Base(list) {}
[10.973s]       |                                  [01;36m[K^~~~~~[m[K
[10.973s] [01m[K/usr/include/eigen3/Eigen/src/Core/Matrix.h:321:34:[m[K [01;36m[Knote: [m[K  candidate expects 1 argument, 3 provided
[10.973s] [01m[K/usr/include/eigen3/Eigen/src/Core/Matrix.h:273:5:[m[K [01;36m[Knote: [m[Kcandidate: ‘[01m[KEigen::Matrix<_Scalar, _Rows, _Cols, _Options, _MaxRows, _MaxCols>::Matrix(Eigen::Matrix<_Scalar, _Rows, _Cols, _Options, _MaxRows, _MaxCols>&&) [with _Scalar = ceres::Jet<double, 6>; int _Rows = 3; int _Cols = 1; int _Options = 0; int _MaxRows = 3; int _MaxCols = 1][m[K’
[10.973s]   273 |     [01;36m[KMatrix[m[K(Matrix&& other) EIGEN_NOEXCEPT_IF(std::is_nothrow_move_constructible<Scalar>::value)
[10.973s]       |     [01;36m[K^~~~~~[m[K
[10.973s] [01m[K/usr/include/eigen3/Eigen/src/Core/Matrix.h:273:5:[m[K [01;36m[Knote: [m[K  candidate expects 1 argument, 3 provided
[10.973s] [01m[K/usr/include/eigen3/Eigen/src/Core/Matrix.h:267:14:[m[K [01;36m[Knote: [m[Kcandidate: ‘[01m[KEigen::Matrix<_Scalar, _Rows, _Cols, _Options, _MaxRows, _MaxCols>::Matrix(Eigen::internal::constructor_without_unaligned_array_assert) [with _Scalar = ceres::Jet<double, 6>; int _Rows = 3; int _Cols = 1; int _Options = 0; int _MaxRows = 3; int _MaxCols = 1][m[K’
[10.973s]   267 |     explicit [01;36m[KMatrix[m[K(internal::constructor_without_unaligned_array_assert)
[10.974s]       |              [01;36m[K^~~~~~[m[K
[10.974s] [01m[K/usr/include/eigen3/Eigen/src/Core/Matrix.h:267:14:[m[K [01;36m[Knote: [m[K  candidate expects 1 argument, 3 provided
[10.974s] [01m[K/usr/include/eigen3/Eigen/src/Core/Matrix.h:259:5:[m[K [01;36m[Knote: [m[Kcandidate: ‘[01m[KEigen::Matrix<_Scalar, _Rows, _Cols, _Options, _MaxRows, _MaxCols>::Matrix() [with _Scalar = ceres::Jet<double, 6>; int _Rows = 3; int _Cols = 1; int _Options = 0; int _MaxRows = 3; int _MaxCols = 1][m[K’
[10.974s]   259 |     [01;36m[KMatrix[m[K() : Base()
[10.974s]       |     [01;36m[K^~~~~~[m[K
[10.974s] [01m[K/usr/include/eigen3/Eigen/src/Core/Matrix.h:259:5:[m[K [01;36m[Knote: [m[K  candidate expects 0 arguments, 3 provided
[10.974s] In file included from [01m[K/home/evan/code/lidar_slam/lidar_slam/src/slam_learn/src/front_end.cpp:2[m[K:
[10.974s] [01m[K/home/evan/code/lidar_slam/lidar_slam/src/slam_learn/include/slam_learn/lidar_factor.hpp:41:66:[m[K [01;31m[Kerror: [m[Kno matching function for call to ‘[01m[KEigen::Matrix<ceres::Jet<double, 6>, 3, 1, 0, 3, 1>::Matrix(int, int, int)[m[K’
[10.974s]    41 |         Eigen::AngleAxis<T> yaw(Eigen::AngleAxis<T>(q[2], Eigen::[01;31m[KMatrix<T, 3, 1>(0, 0, 1)[m[K));
[10.974s]       |                                                                  [01;31m[K^~~~~~~~~~~~~~~~~~~~~~~~[m[K
[10.974s] In file included from [01m[K/usr/include/eigen3/Eigen/Core:295[m[K,
[10.974s]                  from [01m[K/usr/include/eigen3/Eigen/Dense:1[m[K,
[10.974s]                  from [01m[K/home/evan/code/lidar_slam/lidar_slam/src/slam_learn/include/slam_learn/slam_utils.h:15[m[K,
[10.974s]                  from [01m[K/home/evan/code/lidar_slam/lidar_slam/src/slam_learn/src/front_end.cpp:1[m[K:
[10.974s] [01m[K/usr/include/eigen3/Eigen/src/Core/Matrix.h:435:14:[m[K [01;36m[Knote: [m[Kcandidate: ‘[01m[Ktemplate<class OtherDerived> Eigen::Matrix<_Scalar, _Rows, _Cols, _Options, _MaxRows, _MaxCols>::Matrix(const Eigen::RotationBase<OtherDerived, Eigen::Matrix<_Scalar, _Rows, _Cols, _Options, _MaxRows, _MaxCols>::ColsAtCompileTime>&) [with OtherDerived = OtherDerived; _Scalar = ceres::Jet<double, 6>; int _Rows = 3; int _Cols = 1; int _Options = 0; int _MaxRows = 3; int _MaxCols = 1][m[K’
[10.975s]   435 |     explicit [01;36m[KMatrix[m[K(const RotationBase<OtherDerived,ColsAtCompileTime>& r);
[10.975s]       |              [01;36m[K^~~~~~[m[K
[10.975s] [01m[K/usr/include/eigen3/Eigen/src/Core/Matrix.h:435:14:[m[K [01;36m[Knote: [m[K  template argument deduction/substitution failed:
[10.975s] In file included from [01m[K/home/evan/code/lidar_slam/lidar_slam/src/slam_learn/src/front_end.cpp:2[m[K:
[10.975s] [01m[K/home/evan/code/lidar_slam/lidar_slam/src/slam_learn/include/slam_learn/lidar_factor.hpp:41:66:[m[K [01;36m[Knote: [m[K  mismatched types ‘[01m[Kconst Eigen::RotationBase<OtherDerived, 1>[m[K’ and ‘[01m[Kint[m[K’
[10.975s]    41 |         Eigen::AngleAxis<T> yaw(Eigen::AngleAxis<T>(q[2], Eigen::[01;36m[KMatrix<T, 3, 1>(0, 0, 1)[m[K));
[10.975s]       |                                                                  [01;36m[K^~~~~~~~~~~~~~~~~~~~~~~~[m[K
[10.975s] In file included from [01m[K/usr/include/eigen3/Eigen/Core:295[m[K,
[10.975s]                  from [01m[K/usr/include/eigen3/Eigen/Dense:1[m[K,
[10.975s]                  from [01m[K/home/evan/code/lidar_slam/lidar_slam/src/slam_learn/include/slam_learn/slam_utils.h:15[m[K,
[10.975s]                  from [01m[K/home/evan/code/lidar_slam/lidar_slam/src/slam_learn/src/front_end.cpp:1[m[K:
[10.975s] [01m[K/usr/include/eigen3/Eigen/src/Core/Matrix.h:422:25:[m[K [01;36m[Knote: [m[Kcandidate: ‘[01m[Ktemplate<class OtherDerived> Eigen::Matrix<_Scalar, _Rows, _Cols, _Options, _MaxRows, _MaxCols>::Matrix(const Eigen::EigenBase<OtherDerived>&) [with OtherDerived = OtherDerived; _Scalar = ceres::Jet<double, 6>; int _Rows = 3; int _Cols = 1; int _Options = 0; int _MaxRows = 3; int _MaxCols = 1][m[K’
[10.975s]   422 |     EIGEN_STRONG_INLINE [01;36m[KMatrix[m[K(const EigenBase<OtherDerived> &other)
[10.975s]       |                         [01;36m[K^~~~~~[m[K
[10.975s] [01m[K/usr/include/eigen3/Eigen/src/Core/Matrix.h:422:25:[m[K [01;36m[Knote: [m[K  template argument deduction/substitution failed:
[10.976s] In file included from [01m[K/home/evan/code/lidar_slam/lidar_slam/src/slam_learn/src/front_end.cpp:2[m[K:
[10.976s] [01m[K/home/evan/code/lidar_slam/lidar_slam/src/slam_learn/include/slam_learn/lidar_factor.hpp:41:66:[m[K [01;36m[Knote: [m[K  mismatched types ‘[01m[Kconst Eigen::EigenBase<Derived>[m[K’ and ‘[01m[Kint[m[K’
[10.976s]    41 |         Eigen::AngleAxis<T> yaw(Eigen::AngleAxis<T>(q[2], Eigen::[01;36m[KMatrix<T, 3, 1>(0, 0, 1)[m[K));
[10.976s]       |                                                                  [01;36m[K^~~~~~~~~~~~~~~~~~~~~~~~[m[K
[10.976s] In file included from [01m[K/usr/include/eigen3/Eigen/Core:295[m[K,
[10.976s]                  from [01m[K/usr/include/eigen3/Eigen/Dense:1[m[K,
[10.976s]                  from [01m[K/home/evan/code/lidar_slam/lidar_slam/src/slam_learn/include/slam_learn/slam_utils.h:15[m[K,
[10.976s]                  from [01m[K/home/evan/code/lidar_slam/lidar_slam/src/slam_learn/src/front_end.cpp:1[m[K:
[10.976s] [01m[K/usr/include/eigen3/Eigen/src/Core/Matrix.h:337:5:[m[K [01;36m[Knote: [m[Kcandidate: ‘[01m[Ktemplate<class T0, class T1> Eigen::Matrix<_Scalar, _Rows, _Cols, _Options, _MaxRows, _MaxCols>::Matrix(const T0&, const T1&) [with T0 = T0; T1 = T1; _Scalar = ceres::Jet<double, 6>; int _Rows = 3; int _Cols = 1; int _Options = 0; int _MaxRows = 3; int _MaxCols = 1][m[K’
[10.976s]   337 |     [01;36m[KMatrix[m[K(const T0& x, const T1& y)
[10.976s]       |     [01;36m[K^~~~~~[m[K
[10.976s] [01m[K/usr/include/eigen3/Eigen/src/Core/Matrix.h:337:5:[m[K [01;36m[Knote: [m[K  template argument deduction/substitution failed:
[10.976s] In file included from [01m[K/home/evan/code/lidar_slam/lidar_slam/src/slam_learn/src/front_end.cpp:2[m[K:
[10.976s] [01m[K/home/evan/code/lidar_slam/lidar_slam/src/slam_learn/include/slam_learn/lidar_factor.hpp:41:66:[m[K [01;36m[Knote: [m[K  candidate expects 2 arguments, 3 provided
[10.977s]    41 |         Eigen::AngleAxis<T> yaw(Eigen::AngleAxis<T>(q[2], Eigen::[01;36m[KMatrix<T, 3, 1>(0, 0, 1)[m[K));
[10.977s]       |                                                                  [01;36m[K^~~~~~~~~~~~~~~~~~~~~~~~[m[K
[10.977s] In file included from [01m[K/usr/include/eigen3/Eigen/Core:295[m[K,
[10.977s]                  from [01m[K/usr/include/eigen3/Eigen/Dense:1[m[K,
[10.977s]                  from [01m[K/home/evan/code/lidar_slam/lidar_slam/src/slam_learn/include/slam_learn/slam_utils.h:15[m[K,
[10.977s]                  from [01m[K/home/evan/code/lidar_slam/lidar_slam/src/slam_learn/src/front_end.cpp:1[m[K:
[10.977s] [01m[K/usr/include/eigen3/Eigen/src/Core/Matrix.h:329:14:[m[K [01;36m[Knote: [m[Kcandidate: ‘[01m[Ktemplate<class T> Eigen::Matrix<_Scalar, _Rows, _Cols, _Options, _MaxRows, _MaxCols>::Matrix(const T&) [with T = T; _Scalar = ceres::Jet<double, 6>; int _Rows = 3; int _Cols = 1; int _Options = 0; int _MaxRows = 3; int _MaxCols = 1][m[K’
[10.977s]   329 |     explicit [01;36m[KMatrix[m[K(const T& x)
[10.977s]       |              [01;36m[K^~~~~~[m[K
[10.977s] [01m[K/usr/include/eigen3/Eigen/src/Core/Matrix.h:329:14:[m[K [01;36m[Knote: [m[K  template argument deduction/substitution failed:
[10.977s] In file included from [01m[K/home/evan/code/lidar_slam/lidar_slam/src/slam_learn/src/front_end.cpp:2[m[K:
[10.977s] [01m[K/home/evan/code/lidar_slam/lidar_slam/src/slam_learn/include/slam_learn/lidar_factor.hpp:41:66:[m[K [01;36m[Knote: [m[K  candidate expects 1 argument, 3 provided
[10.977s]    41 |         Eigen::AngleAxis<T> yaw(Eigen::AngleAxis<T>(q[2], Eigen::[01;36m[KMatrix<T, 3, 1>(0, 0, 1)[m[K));
[10.977s]       |                                                                  [01;36m[K^~~~~~~~~~~~~~~~~~~~~~~~[m[K
[10.978s] In file included from [01m[K/usr/include/eigen3/Eigen/Core:295[m[K,
[10.978s]                  from [01m[K/usr/include/eigen3/Eigen/Dense:1[m[K,
[10.978s]                  from [01m[K/home/evan/code/lidar_slam/lidar_slam/src/slam_learn/include/slam_learn/slam_utils.h:15[m[K,
[10.978s]                  from [01m[K/home/evan/code/lidar_slam/lidar_slam/src/slam_learn/src/front_end.cpp:1[m[K:
[10.978s] [01m[K/usr/include/eigen3/Eigen/src/Core/Matrix.h:296:5:[m[K [01;36m[Knote: [m[Kcandidate: ‘[01m[Ktemplate<class ... ArgTypes> Eigen::Matrix<_Scalar, _Rows, _Cols, _Options, _MaxRows, _MaxCols>::Matrix(const Scalar&, const Scalar&, const Scalar&, const Scalar&, const ArgTypes& ...) [with ArgTypes = {ArgTypes ...}; _Scalar = ceres::Jet<double, 6>; int _Rows = 3; int _Cols = 1; int _Options = 0; int _MaxRows = 3; int _MaxCols = 1][m[K’
[10.978s]   296 |     [01;36m[KMatrix[m[K(const Scalar& a0, const Scalar& a1, const Scalar& a2,  const Scalar& a3, const ArgTypes&... args)
[10.978s]       |     [01;36m[K^~~~~~[m[K
[10.978s] [01m[K/usr/include/eigen3/Eigen/src/Core/Matrix.h:296:5:[m[K [01;36m[Knote: [m[K  template argument deduction/substitution failed:
[10.978s] In file included from [01m[K/home/evan/code/lidar_slam/lidar_slam/src/slam_learn/src/front_end.cpp:2[m[K:
[10.978s] [01m[K/home/evan/code/lidar_slam/lidar_slam/src/slam_learn/include/slam_learn/lidar_factor.hpp:41:66:[m[K [01;36m[Knote: [m[K  candidate expects at least 4 arguments, 3 provided
[10.978s]    41 |         Eigen::AngleAxis<T> yaw(Eigen::AngleAxis<T>(q[2], Eigen::[01;36m[KMatrix<T, 3, 1>(0, 0, 1)[m[K));
[10.978s]       |                                                                  [01;36m[K^~~~~~~~~~~~~~~~~~~~~~~~[m[K
[10.978s] In file included from [01m[K/usr/include/eigen3/Eigen/Core:295[m[K,
[10.978s]                  from [01m[K/usr/include/eigen3/Eigen/Dense:1[m[K,
[10.979s]                  from [01m[K/home/evan/code/lidar_slam/lidar_slam/src/slam_learn/include/slam_learn/slam_utils.h:15[m[K,
[10.979s]                  from [01m[K/home/evan/code/lidar_slam/lidar_slam/src/slam_learn/src/front_end.cpp:1[m[K:
[10.979s] [01m[K/usr/include/eigen3/Eigen/src/Core/Matrix.h:414:25:[m[K [01;36m[Knote: [m[Kcandidate: ‘[01m[KEigen::Matrix<_Scalar, _Rows, _Cols, _Options, _MaxRows, _MaxCols>::Matrix(const Eigen::Matrix<_Scalar, _Rows, _Cols, _Options, _MaxRows, _MaxCols>&) [with _Scalar = ceres::Jet<double, 6>; int _Rows = 3; int _Cols = 1; int _Options = 0; int _MaxRows = 3; int _MaxCols = 1][m[K’
[10.979s]   414 |     EIGEN_STRONG_INLINE [01;36m[KMatrix[m[K(const Matrix& other) : Base(other)
[10.979s]       |                         [01;36m[K^~~~~~[m[K
[10.979s] [01m[K/usr/include/eigen3/Eigen/src/Core/Matrix.h:414:25:[m[K [01;36m[Knote: [m[K  candidate expects 1 argument, 3 provided
[10.979s] [01m[K/usr/include/eigen3/Eigen/src/Core/Matrix.h:401:25:[m[K [01;36m[Knote: [m[Kcandidate: ‘[01m[KEigen::Matrix<_Scalar, _Rows, _Cols, _Options, _MaxRows, _MaxCols>::Matrix(const Scalar&, const Scalar&, const Scalar&, const Scalar&) [with _Scalar = ceres::Jet<double, 6>; int _Rows = 3; int _Cols = 1; int _Options = 0; int _MaxRows = 3; int _MaxCols = 1; Eigen::Matrix<_Scalar, _Rows, _Cols, _Options, _MaxRows, _MaxCols>::Scalar = ceres::Jet<double, 6>][m[K’
[10.979s]   401 |     EIGEN_STRONG_INLINE [01;36m[KMatrix[m[K(const Scalar& x, const Scalar& y, const Scalar& z, const Scalar& w)
[10.979s]       |                         [01;36m[K^~~~~~[m[K
[10.979s] [01m[K/usr/include/eigen3/Eigen/src/Core/Matrix.h:401:25:[m[K [01;36m[Knote: [m[K  candidate expects 4 arguments, 3 provided
[10.979s] [01m[K/usr/include/eigen3/Eigen/src/Core/Matrix.h:389:25:[m[K [01;36m[Knote: [m[Kcandidate: ‘[01m[KEigen::Matrix<_Scalar, _Rows, _Cols, _Options, _MaxRows, _MaxCols>::Matrix(const Scalar&, const Scalar&, const Scalar&) [with _Scalar = ceres::Jet<double, 6>; int _Rows = 3; int _Cols = 1; int _Options = 0; int _MaxRows = 3; int _MaxCols = 1; Eigen::Matrix<_Scalar, _Rows, _Cols, _Options, _MaxRows, _MaxCols>::Scalar = ceres::Jet<double, 6>][m[K’
[10.979s]   389 |     EIGEN_STRONG_INLINE [01;36m[KMatrix[m[K(const Scalar& x, const Scalar& y, const Scalar& z)
[10.979s]       |                         [01;36m[K^~~~~~[m[K
[10.979s] [01m[K/usr/include/eigen3/Eigen/src/Core/Matrix.h:389:46:[m[K [01;36m[Knote: [m[K  no known conversion for argument 1 from ‘[01m[Kint[m[K’ to ‘[01m[Kconst Scalar&[m[K’ {aka ‘[01m[Kconst ceres::Jet<double, 6>&[m[K’}
[10.979s]   389 |     EIGEN_STRONG_INLINE Matrix([01;36m[Kconst Scalar& x[m[K, const Scalar& y, const Scalar& z)
[10.980s]       |                                [01;36m[K~~~~~~~~~~~~~~^[m[K
[10.980s] [01m[K/usr/include/eigen3/Eigen/src/Core/Matrix.h:321:34:[m[K [01;36m[Knote: [m[Kcandidate: ‘[01m[KEigen::Matrix<_Scalar, _Rows, _Cols, _Options, _MaxRows, _MaxCols>::Matrix(const std::initializer_list<std::initializer_list<typename Eigen::internal::traits<Eigen::Matrix<_Scalar, _Rows, _Cols, _Options, _MaxRows, _MaxCols> >::Scalar> >&) [with _Scalar = ceres::Jet<double, 6>; int _Rows = 3; int _Cols = 1; int _Options = 0; int _MaxRows = 3; int _MaxCols = 1; typename Eigen::internal::traits<Eigen::Matrix<_Scalar, _Rows, _Cols, _Options, _MaxRows, _MaxCols> >::Scalar = ceres::Jet<double, 6>][m[K’
[10.980s]   321 |     explicit EIGEN_STRONG_INLINE [01;36m[KMatrix[m[K(const std::initializer_list<std::initializer_list<Scalar>>& list) : Base(list) {}
[10.980s]       |                                  [01;36m[K^~~~~~[m[K
[10.980s] [01m[K/usr/include/eigen3/Eigen/src/Core/Matrix.h:321:34:[m[K [01;36m[Knote: [m[K  candidate expects 1 argument, 3 provided
[10.980s] [01m[K/usr/include/eigen3/Eigen/src/Core/Matrix.h:273:5:[m[K [01;36m[Knote: [m[Kcandidate: ‘[01m[KEigen::Matrix<_Scalar, _Rows, _Cols, _Options, _MaxRows, _MaxCols>::Matrix(Eigen::Matrix<_Scalar, _Rows, _Cols, _Options, _MaxRows, _MaxCols>&&) [with _Scalar = ceres::Jet<double, 6>; int _Rows = 3; int _Cols = 1; int _Options = 0; int _MaxRows = 3; int _MaxCols = 1][m[K’
[10.980s]   273 |     [01;36m[KMatrix[m[K(Matrix&& other) EIGEN_NOEXCEPT_IF(std::is_nothrow_move_constructible<Scalar>::value)
[10.980s]       |     [01;36m[K^~~~~~[m[K
[10.980s] [01m[K/usr/include/eigen3/Eigen/src/Core/Matrix.h:273:5:[m[K [01;36m[Knote: [m[K  candidate expects 1 argument, 3 provided
[10.980s] [01m[K/usr/include/eigen3/Eigen/src/Core/Matrix.h:267:14:[m[K [01;36m[Knote: [m[Kcandidate: ‘[01m[KEigen::Matrix<_Scalar, _Rows, _Cols, _Options, _MaxRows, _MaxCols>::Matrix(Eigen::internal::constructor_without_unaligned_array_assert) [with _Scalar = ceres::Jet<double, 6>; int _Rows = 3; int _Cols = 1; int _Options = 0; int _MaxRows = 3; int _MaxCols = 1][m[K’
[10.980s]   267 |     explicit [01;36m[KMatrix[m[K(internal::constructor_without_unaligned_array_assert)
[10.980s]       |              [01;36m[K^~~~~~[m[K
[10.980s] [01m[K/usr/include/eigen3/Eigen/src/Core/Matrix.h:267:14:[m[K [01;36m[Knote: [m[K  candidate expects 1 argument, 3 provided
[10.980s] [01m[K/usr/include/eigen3/Eigen/src/Core/Matrix.h:259:5:[m[K [01;36m[Knote: [m[Kcandidate: ‘[01m[KEigen::Matrix<_Scalar, _Rows, _Cols, _Options, _MaxRows, _MaxCols>::Matrix() [with _Scalar = ceres::Jet<double, 6>; int _Rows = 3; int _Cols = 1; int _Options = 0; int _MaxRows = 3; int _MaxCols = 1][m[K’
[10.981s]   259 |     [01;36m[KMatrix[m[K() : Base()
[10.981s]       |     [01;36m[K^~~~~~[m[K
[10.981s] [01m[K/usr/include/eigen3/Eigen/src/Core/Matrix.h:259:5:[m[K [01;36m[Knote: [m[K  candidate expects 0 arguments, 3 provided
[12.394s] gmake[2]: *** [CMakeFiles/front_end_node.dir/build.make:76: CMakeFiles/front_end_node.dir/src/front_end.cpp.o] Error 1
[12.394s] gmake[1]: *** [CMakeFiles/Makefile2:167: CMakeFiles/front_end_node.dir/all] Error 2
[12.395s] gmake: *** [Makefile:146: all] Error 2
[12.399s] Invoked command in '/home/evan/code/lidar_slam/lidar_slam/build/slam_learn' returned '2': CMAKE_PREFIX_PATH=/home/evan/code/lidar_slam/lidar_slam/install/other_msgs:/home/evan/code/lidar_slam/lidar_slam/install/slam_learn:/home/evan/code/lego-loam/lego/install/lego_loam_sr:/home/evan/code/lego-loam/lego/install/cloud_msgs:/home/evan/code/ndt-loc/install/radar-odometry:/home/evan/code/ndt-loc/install/radar-data:/home/evan/code/ndt-loc/install/ndt-lidar-radar:/home/evan/code/ndt-loc/install/map:/home/evan/code/ndt-loc/install/data-publisher:/home/evan/code/ndt-loc/install/cloud_msgs:/home/evan/code/ndt-loc/install/a-loam:/opt/ros/humble /usr/bin/cmake --build /home/evan/code/lidar_slam/lidar_slam/build/slam_learn -- -j4 -l4
