In file included from [01m[K/opt/ros/humble/include/rclcpp/rclcpp/logging.hpp:24[m[K,
                 from [01m[K/opt/ros/humble/include/rclcpp/rclcpp/client.hpp:40[m[K,
                 from [01m[K/opt/ros/humble/include/rclcpp/rclcpp/callback_group.hpp:24[m[K,
                 from [01m[K/opt/ros/humble/include/rclcpp/rclcpp/any_executable.hpp:20[m[K,
                 from [01m[K/opt/ros/humble/include/rclcpp/rclcpp/memory_strategy.hpp:25[m[K,
                 from [01m[K/opt/ros/humble/include/rclcpp/rclcpp/memory_strategies.hpp:18[m[K,
                 from [01m[K/opt/ros/humble/include/rclcpp/rclcpp/executor_options.hpp:20[m[K,
                 from [01m[K/opt/ros/humble/include/rclcpp/rclcpp/executor.hpp:37[m[K,
                 from [01m[K/opt/ros/humble/include/rclcpp/rclcpp/executors/multi_threaded_executor.hpp:25[m[K,
                 from [01m[K/opt/ros/humble/include/rclcpp/rclcpp/executors.hpp:21[m[K,
                 from [01m[K/opt/ros/humble/include/rclcpp/rclcpp/rclcpp.hpp:155[m[K,
                 from [01m[K/home/evan/code/lidar_slam/lidar_slam/src/slam_learn/include/slam_learn/slam_utils.h:20[m[K,
                 from [01m[K/home/evan/code/lidar_slam/lidar_slam/src/slam_learn/src/back_end.cpp:1[m[K:
[01m[K/home/evan/code/lidar_slam/lidar_slam/src/slam_learn/src/back_end.cpp:[m[K In member function ‘[01m[Kvoid lidarslam::BackEnd::msgAnalysis()[m[K’:
[01m[K/home/evan/code/lidar_slam/lidar_slam/src/slam_learn/src/back_end.cpp:279:23:[m[K [01;31m[Kerror: [m[K‘[01m[Kusing AllCloud = struct other_msgs::msg::AllCloud_<std::allocator<void> >[m[K’ {aka ‘[01m[Kstruct other_msgs::msg::AllCloud_<std::allocator<void> >[m[K’} has no member named ‘[01m[Ktrans_from[m[K’; did you mean ‘[01m[Ktrans_form[m[K’?
  279 |             all_cloud.[01;31m[Ktrans_from[m[K[3], all_cloud.trans_from[4], all_cloud.trans_from[5]);
      |                       [01;31m[K^~~~~~~~~~[m[K
[01m[K/home/evan/code/lidar_slam/lidar_slam/src/slam_learn/src/back_end.cpp:279:48:[m[K [01;31m[Kerror: [m[K‘[01m[Kusing AllCloud = struct other_msgs::msg::AllCloud_<std::allocator<void> >[m[K’ {aka ‘[01m[Kstruct other_msgs::msg::AllCloud_<std::allocator<void> >[m[K’} has no member named ‘[01m[Ktrans_from[m[K’; did you mean ‘[01m[Ktrans_form[m[K’?
  279 |             all_cloud.trans_from[3], all_cloud.[01;31m[Ktrans_from[m[K[4], all_cloud.trans_from[5]);
      |                                                [01;31m[K^~~~~~~~~~[m[K
[01m[K/home/evan/code/lidar_slam/lidar_slam/src/slam_learn/src/back_end.cpp:279:73:[m[K [01;31m[Kerror: [m[K‘[01m[Kusing AllCloud = struct other_msgs::msg::AllCloud_<std::allocator<void> >[m[K’ {aka ‘[01m[Kstruct other_msgs::msg::AllCloud_<std::allocator<void> >[m[K’} has no member named ‘[01m[Ktrans_from[m[K’; did you mean ‘[01m[Ktrans_form[m[K’?
  279 |             all_cloud.trans_from[3], all_cloud.trans_from[4], all_cloud.[01;31m[Ktrans_from[m[K[5]);
      |                                                                         [01;31m[K^~~~~~~~~~[m[K
[01m[K/home/evan/code/lidar_slam/lidar_slam/src/slam_learn/src/back_end.cpp:[m[K In member function ‘[01m[Kvoid lidarslam::BackEnd::scan2MapOptimization()[m[K’:
[01m[K/home/evan/code/lidar_slam/lidar_slam/src/slam_learn/src/back_end.cpp:362:17:[m[K [01;35m[Kwarning: [m[Kunused variable ‘[01m[KcornerSharpNum[m[K’ [[01;35m[K]8;;https://gcc.gnu.org/onlinedocs/gcc/Warning-Options.html#index-Wunused-variable-Wunused-variable]8;;[m[K]
  362 |             int [01;35m[KcornerSharpNum[m[K = cornerCloud -> size();
      |                 [01;35m[K^~~~~~~~~~~~~~[m[K
gmake[2]: *** [CMakeFiles/back_end_node.dir/build.make:76: CMakeFiles/back_end_node.dir/src/back_end.cpp.o] Error 1
gmake[1]: *** [CMakeFiles/Makefile2:193: CMakeFiles/back_end_node.dir/all] Error 2
gmake: *** [Makefile:146: all] Error 2
