[0.027s] Invoking command in '/home/evan/code/lidar_slam/lidar_slam/build/other_msgs': CMAKE_PREFIX_PATH=${CMAKE_PREFIX_PATH}:/opt/ros/humble /usr/bin/cmake /home/evan/code/lidar_slam/lidar_slam/src/other_msgs -DCMAKE_INSTALL_PREFIX=/home/evan/code/lidar_slam/lidar_slam/install/other_msgs
[0.097s] -- The C compiler identification is GNU 11.3.0
[0.163s] -- The CXX compiler identification is GNU 11.3.0
[0.172s] -- Detecting C compiler ABI info
[0.269s] -- Detecting C compiler ABI info - done
[0.276s] -- Check for working C compiler: /usr/bin/cc - skipped
[0.276s] -- Detecting C compile features
[0.277s] -- Detecting C compile features - done
[0.280s] -- Detecting CXX compiler ABI info
[0.371s] -- Detecting CXX compiler ABI info - done
[0.379s] -- Check for working CXX compiler: /usr/bin/c++ - skipped
[0.380s] -- Detecting CXX compile features
[0.380s] -- Detecting CXX compile features - done
[0.384s] -- Found ament_cmake: 1.3.3 (/opt/ros/humble/share/ament_cmake/cmake)
[0.603s] -- Found Python3: /usr/bin/python3.10 (found version "3.10.6") found components: Interpreter 
[0.719s] -- Found std_msgs: 4.2.3 (/opt/ros/humble/share/std_msgs/cmake)
[0.768s] -- Found rosidl_generator_c: 3.1.4 (/opt/ros/humble/share/rosidl_generator_c/cmake)
[0.776s] -- Found rosidl_adapter: 3.1.4 (/opt/ros/humble/share/rosidl_adapter/cmake)
[0.787s] -- Found rosidl_generator_cpp: 3.1.4 (/opt/ros/humble/share/rosidl_generator_cpp/cmake)
[0.805s] -- Using all available rosidl_typesupport_c: rosidl_typesupport_fastrtps_c;rosidl_typesupport_introspection_c
[0.835s] -- Using all available rosidl_typesupport_cpp: rosidl_typesupport_fastrtps_cpp;rosidl_typesupport_introspection_cpp
[0.910s] -- Found sensor_msgs: 4.2.3 (/opt/ros/humble/share/sensor_msgs/cmake)
[1.080s] -- Found rosidl_default_generators: 1.2.0 (/opt/ros/humble/share/rosidl_default_generators/cmake)
[1.092s] [31mCMake Error at /opt/ros/humble/share/rosidl_cmake/cmake/rosidl_generate_interfaces.cmake:93 (message):
[1.092s]   rosidl_generate_interfaces() the passed file 'msg/Cloud.msg' doesn't exist
[1.093s]   relative to the CMAKE_CURRENT_SOURCE_DIR
[1.093s]   '/home/evan/code/lidar_slam/lidar_slam/src/other_msgs'
[1.093s] Call Stack (most recent call first):
[1.093s]   CMakeLists.txt:10 (rosidl_generate_interfaces)
[1.093s] 
[1.093s] -- Configuring incomplete, errors occurred!
[1.093s] See also "/home/evan/code/lidar_slam/lidar_slam/build/other_msgs/CMakeFiles/CMakeOutput.log".
[1.093s] [0m
[1.101s] Invoked command in '/home/evan/code/lidar_slam/lidar_slam/build/other_msgs' returned '1': CMAKE_PREFIX_PATH=${CMAKE_PREFIX_PATH}:/opt/ros/humble /usr/bin/cmake /home/evan/code/lidar_slam/lidar_slam/src/other_msgs -DCMAKE_INSTALL_PREFIX=/home/evan/code/lidar_slam/lidar_slam/install/other_msgs
