[0.024s] Invoking command in '/home/evan/code/lidar_slam/lidar_slam/build/slam_learn': CMAKE_PREFIX_PATH=/home/evan/code/lidar_slam/lidar_slam/install/other_msgs:/home/evan/code/lidar_slam/lidar_slam/install/slam_learn:/home/evan/code/lego-loam/lego/install/lego_loam_sr:/home/evan/code/lego-loam/lego/install/cloud_msgs:/home/evan/code/ndt-loc/install/radar-odometry:/home/evan/code/ndt-loc/install/radar-data:/home/evan/code/ndt-loc/install/ndt-lidar-radar:/home/evan/code/ndt-loc/install/map:/home/evan/code/ndt-loc/install/data-publisher:/home/evan/code/ndt-loc/install/cloud_msgs:/home/evan/code/ndt-loc/install/a-loam:/opt/ros/humble /usr/bin/cmake --build /home/evan/code/lidar_slam/lidar_slam/build/slam_learn -- -j4 -l4
[0.094s] [35m[1mConsolidate compiler generated dependencies of target front_end_node[0m
[0.116s] [ 33%] Built target data_process_test
[0.122s] [ 66%] Built target data_process_node
[0.139s] [ 83%] [32mBuilding CXX object CMakeFiles/front_end_node.dir/src/front_end.cpp.o[0m
[11.238s] In file included from [01m[K/usr/local/include/ceres/internal/autodiff.h:151[m[K,
[11.238s]                  from [01m[K/usr/local/include/ceres/autodiff_cost_function.h:130[m[K,
[11.238s]                  from [01m[K/usr/local/include/ceres/ceres.h:37[m[K,
[11.238s]                  from [01m[K/home/evan/code/lidar_slam/lidar_slam/src/slam_learn/include/slam_learn/slam_utils.h:32[m[K,
[11.238s]                  from [01m[K/home/evan/code/lidar_slam/lidar_slam/src/slam_learn/src/front_end.cpp:1[m[K:
[11.238s] /usr/local/include/ceres/internal/variadic_evaluate.h: In instantiation of ‘[01m[Kbool ceres::internal::VariadicEvaluateImpl(const Functor&, const T* const*, T*, std::false_type, std::integer_sequence<int, Indices ...>) [with Functor = lidarslam::CornerFactor; T = double; int ...Indices = {0, 1}; std::false_type = std::integral_constant<bool, false>][m[K’:
[11.238s] [01m[K/usr/local/include/ceres/internal/variadic_evaluate.h:77:30:[m[K   required from ‘[01m[Kbool ceres::internal::VariadicEvaluateImpl(const Functor&, const T* const*, T*, const void*) [with ParameterDims = ceres::internal::ParameterDims<false, 1, 2>; Functor = lidarslam::CornerFactor; T = double][m[K’
[11.239s] [01m[K/usr/local/include/ceres/internal/variadic_evaluate.h:106:45:[m[K   required from ‘[01m[Kbool ceres::internal::VariadicEvaluate(const Functor&, const T* const*, T*) [with ParameterDims = ceres::internal::ParameterDims<false, 1, 2>; Functor = lidarslam::CornerFactor; T = double][m[K’
[11.239s] [01m[K/usr/local/include/ceres/autodiff_cost_function.h:208:55:[m[K   required from ‘[01m[Kbool ceres::AutoDiffCostFunction<CostFunctor, kNumResiduals, Ns>::Evaluate(const double* const*, double*, double**) const [with CostFunctor = lidarslam::CornerFactor; int kNumResiduals = 3; int ...Ns = {1, 2}][m[K’
[11.239s] [01m[K/usr/local/include/ceres/autodiff_cost_function.h:201:8:[m[K   required from here
[11.239s] [01m[K/usr/local/include/ceres/internal/variadic_evaluate.h:55:17:[m[K [01;31m[Kerror: [m[Kno match for call to ‘[01m[K(const lidarslam::CornerFactor) (const double* const&, const double* const&, double*&)[m[K’
[11.239s]    55 |   return [01;31m[Kfunctor(input[Indices]..., output)[m[K;
[11.239s]       |          [01;31m[K~~~~~~~^~~~~~~~~~~~~~~~~~~~~~~~~~~[m[K
[11.239s] In file included from [01m[K/home/evan/code/lidar_slam/lidar_slam/src/slam_learn/src/front_end.cpp:2[m[K:
[11.239s] [01m[K/home/evan/code/lidar_slam/lidar_slam/src/slam_learn/include/slam_learn/lidar_factor.hpp:140:10:[m[K [01;36m[Knote: [m[Kcandidate: ‘[01m[Kbool lidarslam::CornerFactor::operator()(const T*, const T*, T*) [with T = double][m[K’ (near match)
[11.239s]   140 |     bool [01;36m[Koperator[m[K()(const T* q, const T* t, T* residual){
[11.239s]       |          [01;36m[K^~~~~~~~[m[K
[11.239s] [01m[K/home/evan/code/lidar_slam/lidar_slam/src/slam_learn/include/slam_learn/lidar_factor.hpp:140:10:[m[K [01;36m[Knote: [m[K  passing ‘[01m[Kconst lidarslam::CornerFactor*[m[K’ as ‘[01m[Kthis[m[K’ argument discards qualifiers
[11.363s] In file included from [01m[K/usr/local/include/ceres/internal/autodiff.h:151[m[K,
[11.364s]                  from [01m[K/usr/local/include/ceres/autodiff_cost_function.h:130[m[K,
[11.364s]                  from [01m[K/usr/local/include/ceres/ceres.h:37[m[K,
[11.364s]                  from [01m[K/home/evan/code/lidar_slam/lidar_slam/src/slam_learn/include/slam_learn/slam_utils.h:32[m[K,
[11.364s]                  from [01m[K/home/evan/code/lidar_slam/lidar_slam/src/slam_learn/src/front_end.cpp:1[m[K:
[11.364s] /usr/local/include/ceres/internal/variadic_evaluate.h: In instantiation of ‘[01m[Kbool ceres::internal::VariadicEvaluateImpl(const Functor&, const T* const*, T*, std::false_type, std::integer_sequence<int, Indices ...>) [with Functor = lidarslam::CornerFactor; T = ceres::Jet<double, 3>; int ...Indices = {0, 1}; std::false_type = std::integral_constant<bool, false>][m[K’:
[11.364s] [01m[K/usr/local/include/ceres/internal/variadic_evaluate.h:77:30:[m[K   required from ‘[01m[Kbool ceres::internal::VariadicEvaluateImpl(const Functor&, const T* const*, T*, const void*) [with ParameterDims = ceres::internal::ParameterDims<false, 1, 2>; Functor = lidarslam::CornerFactor; T = ceres::Jet<double, 3>][m[K’
[11.364s] [01m[K/usr/local/include/ceres/internal/variadic_evaluate.h:106:45:[m[K   required from ‘[01m[Kbool ceres::internal::VariadicEvaluate(const Functor&, const T* const*, T*) [with ParameterDims = ceres::internal::ParameterDims<false, 1, 2>; Functor = lidarslam::CornerFactor; T = ceres::Jet<double, 3>][m[K’
[11.364s] [01m[K/usr/local/include/ceres/internal/autodiff.h:349:39:[m[K   required from ‘[01m[Kbool ceres::internal::AutoDifferentiate(const Functor&, const T* const*, int, T*, T**) [with int kNumResiduals = 3; ParameterDims = ceres::internal::ParameterDims<false, 1, 2>; Functor = lidarslam::CornerFactor; T = double][m[K’
[11.364s] [01m[K/usr/local/include/ceres/autodiff_cost_function.h:211:69:[m[K   required from ‘[01m[Kbool ceres::AutoDiffCostFunction<CostFunctor, kNumResiduals, Ns>::Evaluate(const double* const*, double*, double**) const [with CostFunctor = lidarslam::CornerFactor; int kNumResiduals = 3; int ...Ns = {1, 2}][m[K’
[11.364s] [01m[K/usr/local/include/ceres/autodiff_cost_function.h:201:8:[m[K   required from here
[11.365s] [01m[K/usr/local/include/ceres/internal/variadic_evaluate.h:55:17:[m[K [01;31m[Kerror: [m[Kno match for call to ‘[01m[K(const lidarslam::CornerFactor) (const ceres::Jet<double, 3>* const&, const ceres::Jet<double, 3>* const&, ceres::Jet<double, 3>*&)[m[K’
[11.365s]    55 |   return [01;31m[Kfunctor(input[Indices]..., output)[m[K;
[11.365s]       |          [01;31m[K~~~~~~~^~~~~~~~~~~~~~~~~~~~~~~~~~~[m[K
[11.365s] In file included from [01m[K/home/evan/code/lidar_slam/lidar_slam/src/slam_learn/src/front_end.cpp:2[m[K:
[11.365s] [01m[K/home/evan/code/lidar_slam/lidar_slam/src/slam_learn/include/slam_learn/lidar_factor.hpp:140:10:[m[K [01;36m[Knote: [m[Kcandidate: ‘[01m[Kbool lidarslam::CornerFactor::operator()(const T*, const T*, T*) [with T = ceres::Jet<double, 3>][m[K’ (near match)
[11.365s]   140 |     bool [01;36m[Koperator[m[K()(const T* q, const T* t, T* residual){
[11.365s]       |          [01;36m[K^~~~~~~~[m[K
[11.365s] [01m[K/home/evan/code/lidar_slam/lidar_slam/src/slam_learn/include/slam_learn/lidar_factor.hpp:140:10:[m[K [01;36m[Knote: [m[K  passing ‘[01m[Kconst lidarslam::CornerFactor*[m[K’ as ‘[01m[Kthis[m[K’ argument discards qualifiers
[13.451s] gmake[2]: *** [CMakeFiles/front_end_node.dir/build.make:76: CMakeFiles/front_end_node.dir/src/front_end.cpp.o] Error 1
[13.451s] gmake[1]: *** [CMakeFiles/Makefile2:167: CMakeFiles/front_end_node.dir/all] Error 2
[13.451s] gmake: *** [Makefile:146: all] Error 2
[13.480s] Invoked command in '/home/evan/code/lidar_slam/lidar_slam/build/slam_learn' returned '2': CMAKE_PREFIX_PATH=/home/evan/code/lidar_slam/lidar_slam/install/other_msgs:/home/evan/code/lidar_slam/lidar_slam/install/slam_learn:/home/evan/code/lego-loam/lego/install/lego_loam_sr:/home/evan/code/lego-loam/lego/install/cloud_msgs:/home/evan/code/ndt-loc/install/radar-odometry:/home/evan/code/ndt-loc/install/radar-data:/home/evan/code/ndt-loc/install/ndt-lidar-radar:/home/evan/code/ndt-loc/install/map:/home/evan/code/ndt-loc/install/data-publisher:/home/evan/code/ndt-loc/install/cloud_msgs:/home/evan/code/ndt-loc/install/a-loam:/opt/ros/humble /usr/bin/cmake --build /home/evan/code/lidar_slam/lidar_slam/build/slam_learn -- -j4 -l4
