[0.109s] Invoking command in '/home/evan/code/lidar_slam/lidar_slam/build/slam_learn': CMAKE_PREFIX_PATH=/home/evan/code/lidar_slam/lidar_slam/install/other_msgs:/home/evan/code/lidar_slam/lidar_slam/install/slam_learn:/home/evan/code/lego-loam/lego/install/lego_loam_sr:/home/evan/code/lego-loam/lego/install/cloud_msgs:/home/evan/code/ndt-loc/install/radar-odometry:/home/evan/code/ndt-loc/install/radar-data:/home/evan/code/ndt-loc/install/ndt-lidar-radar:/home/evan/code/ndt-loc/install/map:/home/evan/code/ndt-loc/install/data-publisher:/home/evan/code/ndt-loc/install/cloud_msgs:/home/evan/code/ndt-loc/install/a-loam:/opt/ros/humble /usr/bin/cmake --build /home/evan/code/lidar_slam/lidar_slam/build/slam_learn -- -j4 -l4
[0.192s] [35m[1mConsolidate compiler generated dependencies of target back_end_node[0m
[0.228s] [ 16%] [32mBuilding CXX object CMakeFiles/data_process_node.dir/src/data_process.cpp.o[0m
[0.281s] [ 33%] [32mBuilding CXX object CMakeFiles/back_end_node.dir/src/back_end.cpp.o[0m
[0.301s] [ 66%] Built target front_end_node
[18.672s] [ 83%] [32m[1mLinking CXX executable data_process_node[0m
[20.622s] [ 83%] Built target data_process_node
[41.872s] [100%] [32m[1mLinking CXX executable back_end_node[0m
[45.700s] [100%] Built target back_end_node
[45.713s] Invoked command in '/home/evan/code/lidar_slam/lidar_slam/build/slam_learn' returned '0': CMAKE_PREFIX_PATH=/home/evan/code/lidar_slam/lidar_slam/install/other_msgs:/home/evan/code/lidar_slam/lidar_slam/install/slam_learn:/home/evan/code/lego-loam/lego/install/lego_loam_sr:/home/evan/code/lego-loam/lego/install/cloud_msgs:/home/evan/code/ndt-loc/install/radar-odometry:/home/evan/code/ndt-loc/install/radar-data:/home/evan/code/ndt-loc/install/ndt-lidar-radar:/home/evan/code/ndt-loc/install/map:/home/evan/code/ndt-loc/install/data-publisher:/home/evan/code/ndt-loc/install/cloud_msgs:/home/evan/code/ndt-loc/install/a-loam:/opt/ros/humble /usr/bin/cmake --build /home/evan/code/lidar_slam/lidar_slam/build/slam_learn -- -j4 -l4
[45.765s] Invoking command in '/home/evan/code/lidar_slam/lidar_slam/build/slam_learn': CMAKE_PREFIX_PATH=/home/evan/code/lidar_slam/lidar_slam/install/other_msgs:/home/evan/code/lidar_slam/lidar_slam/install/slam_learn:/home/evan/code/lego-loam/lego/install/lego_loam_sr:/home/evan/code/lego-loam/lego/install/cloud_msgs:/home/evan/code/ndt-loc/install/radar-odometry:/home/evan/code/ndt-loc/install/radar-data:/home/evan/code/ndt-loc/install/ndt-lidar-radar:/home/evan/code/ndt-loc/install/map:/home/evan/code/ndt-loc/install/data-publisher:/home/evan/code/ndt-loc/install/cloud_msgs:/home/evan/code/ndt-loc/install/a-loam:/opt/ros/humble /usr/bin/cmake --install /home/evan/code/lidar_slam/lidar_slam/build/slam_learn
[45.773s] -- Install configuration: ""
[45.773s] -- Installing: /home/evan/code/lidar_slam/lidar_slam/install/slam_learn/lib/slam_learn/data_process_node
[45.779s] -- Set runtime path of "/home/evan/code/lidar_slam/lidar_slam/install/slam_learn/lib/slam_learn/data_process_node" to ""
[45.779s] -- Up-to-date: /home/evan/code/lidar_slam/lidar_slam/install/slam_learn/lib/slam_learn/front_end_node
[45.780s] -- Installing: /home/evan/code/lidar_slam/lidar_slam/install/slam_learn/lib/slam_learn/back_end_node
[45.800s] -- Set runtime path of "/home/evan/code/lidar_slam/lidar_slam/install/slam_learn/lib/slam_learn/back_end_node" to ""
[45.800s] -- Up-to-date: /home/evan/code/lidar_slam/lidar_slam/install/slam_learn/share/slam_learn/config
[45.800s] -- Up-to-date: /home/evan/code/lidar_slam/lidar_slam/install/slam_learn/share/slam_learn/config/config.yaml
[45.800s] -- Up-to-date: /home/evan/code/lidar_slam/lidar_slam/install/slam_learn/share/slam_learn/launch
[45.800s] -- Up-to-date: /home/evan/code/lidar_slam/lidar_slam/install/slam_learn/share/slam_learn/launch/test
[45.800s] -- Up-to-date: /home/evan/code/lidar_slam/lidar_slam/install/slam_learn/share/slam_learn/launch/test/__pycache__
[45.801s] -- Up-to-date: /home/evan/code/lidar_slam/lidar_slam/install/slam_learn/share/slam_learn/launch/test/__pycache__/test_data_process.cpython-310.pyc
[45.801s] -- Up-to-date: /home/evan/code/lidar_slam/lidar_slam/install/slam_learn/share/slam_learn/launch/test/test_data_process.py
[45.801s] -- Up-to-date: /home/evan/code/lidar_slam/lidar_slam/install/slam_learn/share/slam_learn/rviz
[45.801s] -- Up-to-date: /home/evan/code/lidar_slam/lidar_slam/install/slam_learn/share/slam_learn/rviz/test
[45.801s] -- Up-to-date: /home/evan/code/lidar_slam/lidar_slam/install/slam_learn/share/slam_learn/rviz/test/test_data_process.rviz
[45.801s] -- Up-to-date: /home/evan/code/lidar_slam/lidar_slam/install/slam_learn/share/ament_index/resource_index/package_run_dependencies/slam_learn
[45.801s] -- Up-to-date: /home/evan/code/lidar_slam/lidar_slam/install/slam_learn/share/ament_index/resource_index/parent_prefix_path/slam_learn
[45.801s] -- Up-to-date: /home/evan/code/lidar_slam/lidar_slam/install/slam_learn/share/slam_learn/environment/ament_prefix_path.sh
[45.801s] -- Up-to-date: /home/evan/code/lidar_slam/lidar_slam/install/slam_learn/share/slam_learn/environment/ament_prefix_path.dsv
[45.801s] -- Up-to-date: /home/evan/code/lidar_slam/lidar_slam/install/slam_learn/share/slam_learn/environment/path.sh
[45.801s] -- Up-to-date: /home/evan/code/lidar_slam/lidar_slam/install/slam_learn/share/slam_learn/environment/path.dsv
[45.801s] -- Up-to-date: /home/evan/code/lidar_slam/lidar_slam/install/slam_learn/share/slam_learn/local_setup.bash
[45.801s] -- Up-to-date: /home/evan/code/lidar_slam/lidar_slam/install/slam_learn/share/slam_learn/local_setup.sh
[45.801s] -- Up-to-date: /home/evan/code/lidar_slam/lidar_slam/install/slam_learn/share/slam_learn/local_setup.zsh
[45.802s] -- Up-to-date: /home/evan/code/lidar_slam/lidar_slam/install/slam_learn/share/slam_learn/local_setup.dsv
[45.802s] -- Installing: /home/evan/code/lidar_slam/lidar_slam/install/slam_learn/share/slam_learn/package.dsv
[45.802s] -- Up-to-date: /home/evan/code/lidar_slam/lidar_slam/install/slam_learn/share/ament_index/resource_index/packages/slam_learn
[45.802s] -- Up-to-date: /home/evan/code/lidar_slam/lidar_slam/install/slam_learn/share/slam_learn/cmake/ament_cmake_export_include_directories-extras.cmake
[45.802s] -- Up-to-date: /home/evan/code/lidar_slam/lidar_slam/install/slam_learn/share/slam_learn/cmake/slam_learnConfig.cmake
[45.802s] -- Up-to-date: /home/evan/code/lidar_slam/lidar_slam/install/slam_learn/share/slam_learn/cmake/slam_learnConfig-version.cmake
[45.802s] -- Up-to-date: /home/evan/code/lidar_slam/lidar_slam/install/slam_learn/share/slam_learn/package.xml
[45.803s] Invoked command in '/home/evan/code/lidar_slam/lidar_slam/build/slam_learn' returned '0': CMAKE_PREFIX_PATH=/home/evan/code/lidar_slam/lidar_slam/install/other_msgs:/home/evan/code/lidar_slam/lidar_slam/install/slam_learn:/home/evan/code/lego-loam/lego/install/lego_loam_sr:/home/evan/code/lego-loam/lego/install/cloud_msgs:/home/evan/code/ndt-loc/install/radar-odometry:/home/evan/code/ndt-loc/install/radar-data:/home/evan/code/ndt-loc/install/ndt-lidar-radar:/home/evan/code/ndt-loc/install/map:/home/evan/code/ndt-loc/install/data-publisher:/home/evan/code/ndt-loc/install/cloud_msgs:/home/evan/code/ndt-loc/install/a-loam:/opt/ros/humble /usr/bin/cmake --install /home/evan/code/lidar_slam/lidar_slam/build/slam_learn
