[0.157s] Invoking command in '/home/evan/code/lidar_slam/lidar_slam/build/other_msgs': CMAKE_PREFIX_PATH=${CMAKE_PREFIX_PATH}:/opt/ros/humble /usr/bin/cmake --build /home/evan/code/lidar_slam/lidar_slam/build/other_msgs -- -j4 -l4
[1.026s] -- Found ament_cmake: 1.3.3 (/opt/ros/humble/share/ament_cmake/cmake)
[1.748s] -- Found std_msgs: 4.2.3 (/opt/ros/humble/share/std_msgs/cmake)
[2.091s] -- Found rosidl_generator_c: 3.1.4 (/opt/ros/humble/share/rosidl_generator_c/cmake)
[2.119s] -- Found rosidl_adapter: 3.1.4 (/opt/ros/humble/share/rosidl_adapter/cmake)
[2.203s] -- Found rosidl_generator_cpp: 3.1.4 (/opt/ros/humble/share/rosidl_generator_cpp/cmake)
[2.256s] -- Using all available rosidl_typesupport_c: rosidl_typesupport_fastrtps_c;rosidl_typesupport_introspection_c
[2.389s] -- Using all available rosidl_typesupport_cpp: rosidl_typesupport_fastrtps_cpp;rosidl_typesupport_introspection_cpp
[2.575s] -- Found sensor_msgs: 4.2.3 (/opt/ros/humble/share/sensor_msgs/cmake)
[2.842s] -- Found rosidl_default_generators: 1.2.0 (/opt/ros/humble/share/rosidl_default_generators/cmake)
[3.269s] -- Found ament_cmake_ros: 0.10.0 (/opt/ros/humble/share/ament_cmake_ros/cmake)
[3.755s] -- Using all available rosidl_typesupport_c: rosidl_typesupport_fastrtps_c;rosidl_typesupport_introspection_c
[3.915s] -- Using all available rosidl_typesupport_cpp: rosidl_typesupport_fastrtps_cpp;rosidl_typesupport_introspection_cpp
[3.952s] -- Found python_cmake_module: 0.10.0 (/opt/ros/humble/share/python_cmake_module/cmake)
[4.012s] -- Using PYTHON_EXECUTABLE: /usr/bin/python3
[4.012s] -- Using PYTHON_INCLUDE_DIRS: /usr/include/python3.10
[4.012s] -- Using PYTHON_LIBRARIES: /usr/lib/x86_64-linux-gnu/libpython3.10.so
[4.148s] -- Configuring done
[4.290s] -- Generating done
[4.294s] -- Build files have been written to: /home/evan/code/lidar_slam/lidar_slam/build/other_msgs
[4.322s] [  2%] [34m[1mGenerating C code for ROS interfaces[0m
[4.334s] [  4%] [34m[1mGenerating C++ code for ROS interfaces[0m
[4.389s] [  4%] Built target ament_cmake_python_copy_other_msgs
[4.681s] running egg_info
[4.682s] writing other_msgs.egg-info/PKG-INFO
[4.682s] writing dependency_links to other_msgs.egg-info/dependency_links.txt
[4.683s] writing top-level names to other_msgs.egg-info/top_level.txt
[4.685s] reading manifest file 'other_msgs.egg-info/SOURCES.txt'
[4.686s] writing manifest file 'other_msgs.egg-info/SOURCES.txt'
[4.717s] [  4%] Built target ament_cmake_python_build_other_msgs_egg
[4.956s] [  4%] Built target other_msgs__cpp
[4.967s] [  6%] [34m[1mGenerating C++ type support for eProsima Fast-RTPS[0m
[4.972s] [  8%] [34m[1mGenerating C++ introspection for ROS interfaces[0m
[4.973s] [ 10%] [34m[1mGenerating C++ type support dispatch for ROS interfaces[0m
[5.065s] [35m[1mConsolidate compiler generated dependencies of target other_msgs__rosidl_generator_c[0m
[5.088s] [ 12%] [32mBuilding C object CMakeFiles/other_msgs__rosidl_generator_c.dir/rosidl_generator_c/other_msgs/msg/detail/point__functions.c.o[0m
[5.454s] [35m[1mConsolidate compiler generated dependencies of target other_msgs__rosidl_typesupport_cpp[0m
[5.472s] [ 14%] [32mBuilding CXX object CMakeFiles/other_msgs__rosidl_typesupport_cpp.dir/rosidl_typesupport_cpp/other_msgs/msg/point__type_support.cpp.o[0m
[5.513s] [35m[1mConsolidate compiler generated dependencies of target other_msgs__rosidl_typesupport_introspection_cpp[0m
[5.532s] [ 17%] [32mBuilding CXX object CMakeFiles/other_msgs__rosidl_typesupport_introspection_cpp.dir/rosidl_typesupport_introspection_cpp/other_msgs/msg/detail/point__type_support.cpp.o[0m
[5.613s] [35m[1mConsolidate compiler generated dependencies of target other_msgs__rosidl_typesupport_fastrtps_cpp[0m
[5.639s] [ 19%] [32mBuilding CXX object CMakeFiles/other_msgs__rosidl_typesupport_fastrtps_cpp.dir/rosidl_typesupport_fastrtps_cpp/other_msgs/msg/detail/dds_fastrtps/point__type_support.cpp.o[0m
[6.574s] [ 21%] [32mBuilding C object CMakeFiles/other_msgs__rosidl_generator_c.dir/rosidl_generator_c/other_msgs/msg/detail/all_cloud__functions.c.o[0m
[6.734s] [ 23%] [32mBuilding C object CMakeFiles/other_msgs__rosidl_generator_c.dir/rosidl_generator_c/other_msgs/msg/detail/seg_cloud__functions.c.o[0m
[6.862s] [ 25%] [32m[1mLinking C shared library libother_msgs__rosidl_generator_c.so[0m
[7.536s] [ 27%] [32mBuilding CXX object CMakeFiles/other_msgs__rosidl_typesupport_fastrtps_cpp.dir/rosidl_typesupport_fastrtps_cpp/other_msgs/msg/detail/dds_fastrtps/all_cloud__type_support.cpp.o[0m
[7.539s] [ 29%] [32mBuilding CXX object CMakeFiles/other_msgs__rosidl_typesupport_introspection_cpp.dir/rosidl_typesupport_introspection_cpp/other_msgs/msg/detail/all_cloud__type_support.cpp.o[0m
[7.541s] [ 31%] [32mBuilding CXX object CMakeFiles/other_msgs__rosidl_typesupport_cpp.dir/rosidl_typesupport_cpp/other_msgs/msg/all_cloud__type_support.cpp.o[0m
[7.654s] [ 31%] Built target other_msgs__rosidl_generator_c
[7.689s] [ 34%] [32mBuilding CXX object CMakeFiles/other_msgs__rosidl_typesupport_introspection_cpp.dir/rosidl_typesupport_introspection_cpp/other_msgs/msg/detail/seg_cloud__type_support.cpp.o[0m
[8.147s] [ 36%] [32mBuilding CXX object CMakeFiles/other_msgs__rosidl_typesupport_cpp.dir/rosidl_typesupport_cpp/other_msgs/msg/seg_cloud__type_support.cpp.o[0m
[8.185s] [ 38%] [34m[1mGenerating C type support for eProsima Fast-RTPS[0m
[8.352s] [ 40%] [32mBuilding CXX object CMakeFiles/other_msgs__rosidl_typesupport_fastrtps_cpp.dir/rosidl_typesupport_fastrtps_cpp/other_msgs/msg/detail/dds_fastrtps/seg_cloud__type_support.cpp.o[0m
[8.457s] [ 42%] [32m[1mLinking CXX shared library libother_msgs__rosidl_typesupport_introspection_cpp.so[0m
[8.627s] [ 44%] [32m[1mLinking CXX shared library libother_msgs__rosidl_typesupport_cpp.so[0m
[8.728s] [ 44%] Built target other_msgs__rosidl_typesupport_cpp
[8.730s] [ 44%] Built target other_msgs__rosidl_typesupport_introspection_cpp
[8.754s] [ 46%] [34m[1mGenerating C type support dispatch for ROS interfaces[0m
[8.759s] [ 48%] [34m[1mGenerating C introspection for ROS interfaces[0m
[8.909s] [35m[1mConsolidate compiler generated dependencies of target other_msgs__rosidl_typesupport_fastrtps_c[0m
[8.935s] [ 51%] [32mBuilding CXX object CMakeFiles/other_msgs__rosidl_typesupport_fastrtps_c.dir/rosidl_typesupport_fastrtps_c/other_msgs/msg/detail/point__type_support_c.cpp.o[0m
[9.219s] [ 53%] [32m[1mLinking CXX shared library libother_msgs__rosidl_typesupport_fastrtps_cpp.so[0m
[9.331s] [35m[1mConsolidate compiler generated dependencies of target other_msgs__rosidl_typesupport_c[0m
[9.346s] [ 55%] [32mBuilding CXX object CMakeFiles/other_msgs__rosidl_typesupport_c.dir/rosidl_typesupport_c/other_msgs/msg/point__type_support.cpp.o[0m
[9.356s] [35m[1mConsolidate compiler generated dependencies of target other_msgs__rosidl_typesupport_introspection_c[0m
[9.370s] [ 57%] [32mBuilding CXX object CMakeFiles/other_msgs__rosidl_typesupport_fastrtps_c.dir/rosidl_typesupport_fastrtps_c/other_msgs/msg/detail/all_cloud__type_support_c.cpp.o[0m
[9.384s] [ 59%] [32mBuilding CXX object CMakeFiles/other_msgs__rosidl_typesupport_c.dir/rosidl_typesupport_c/other_msgs/msg/all_cloud__type_support.cpp.o[0m
[9.392s] [ 61%] [32mBuilding C object CMakeFiles/other_msgs__rosidl_typesupport_introspection_c.dir/rosidl_typesupport_introspection_c/other_msgs/msg/detail/point__type_support.c.o[0m
[9.422s] [ 63%] [32mBuilding CXX object CMakeFiles/other_msgs__rosidl_typesupport_c.dir/rosidl_typesupport_c/other_msgs/msg/seg_cloud__type_support.cpp.o[0m
[9.428s] [ 63%] Built target other_msgs__rosidl_typesupport_fastrtps_cpp
[9.452s] [ 65%] [32mBuilding CXX object CMakeFiles/other_msgs__rosidl_typesupport_fastrtps_c.dir/rosidl_typesupport_fastrtps_c/other_msgs/msg/detail/seg_cloud__type_support_c.cpp.o[0m
[9.462s] [ 68%] [32mBuilding C object CMakeFiles/other_msgs__rosidl_typesupport_introspection_c.dir/rosidl_typesupport_introspection_c/other_msgs/msg/detail/all_cloud__type_support.c.o[0m
[9.469s] [ 70%] [32m[1mLinking CXX shared library libother_msgs__rosidl_typesupport_c.so[0m
[9.518s] [ 70%] Built target other_msgs__rosidl_typesupport_c
[9.529s] [ 72%] [32mBuilding C object CMakeFiles/other_msgs__rosidl_typesupport_introspection_c.dir/rosidl_typesupport_introspection_c/other_msgs/msg/detail/seg_cloud__type_support.c.o[0m
[9.599s] [ 74%] [32m[1mLinking C shared library libother_msgs__rosidl_typesupport_introspection_c.so[0m
[9.677s] [ 74%] Built target other_msgs__rosidl_typesupport_introspection_c
[9.892s] [ 76%] [32m[1mLinking CXX shared library libother_msgs__rosidl_typesupport_fastrtps_c.so[0m
[10.030s] [ 76%] Built target other_msgs__rosidl_typesupport_fastrtps_c
[10.054s] [ 76%] Built target other_msgs
[10.079s] [ 78%] [34m[1mGenerating Python code for ROS interfaces[0m
[10.837s] [ 78%] Built target other_msgs__py
[10.873s] [35m[1mConsolidate compiler generated dependencies of target other_msgs__rosidl_generator_py[0m
[10.890s] [ 80%] [32mBuilding C object CMakeFiles/other_msgs__rosidl_generator_py.dir/rosidl_generator_py/other_msgs/msg/_seg_cloud_s.c.o[0m
[10.891s] [ 82%] [32mBuilding C object CMakeFiles/other_msgs__rosidl_generator_py.dir/rosidl_generator_py/other_msgs/msg/_all_cloud_s.c.o[0m
[10.894s] [ 85%] [32mBuilding C object CMakeFiles/other_msgs__rosidl_generator_py.dir/rosidl_generator_py/other_msgs/msg/_point_s.c.o[0m
[11.159s] [ 87%] [32m[1mLinking C shared library rosidl_generator_py/other_msgs/libother_msgs__rosidl_generator_py.so[0m
[11.211s] [ 87%] Built target other_msgs__rosidl_generator_py
[11.224s] [35m[1mConsolidate compiler generated dependencies of target other_msgs__rosidl_typesupport_introspection_c__pyext[0m
[11.227s] [35m[1mConsolidate compiler generated dependencies of target other_msgs__rosidl_typesupport_fastrtps_c__pyext[0m
[11.246s] [ 91%] [32mBuilding C object CMakeFiles/other_msgs__rosidl_typesupport_fastrtps_c__pyext.dir/rosidl_generator_py/other_msgs/_other_msgs_s.ep.rosidl_typesupport_fastrtps_c.c.o[0m
[11.246s] [ 91%] [32mBuilding C object CMakeFiles/other_msgs__rosidl_typesupport_introspection_c__pyext.dir/rosidl_generator_py/other_msgs/_other_msgs_s.ep.rosidl_typesupport_introspection_c.c.o[0m
[11.249s] [35m[1mConsolidate compiler generated dependencies of target other_msgs__rosidl_typesupport_c__pyext[0m
[11.271s] [ 93%] [32mBuilding C object CMakeFiles/other_msgs__rosidl_typesupport_c__pyext.dir/rosidl_generator_py/other_msgs/_other_msgs_s.ep.rosidl_typesupport_c.c.o[0m
[11.506s] [ 95%] [32m[1mLinking C shared library rosidl_generator_py/other_msgs/other_msgs_s__rosidl_typesupport_c.cpython-310-x86_64-linux-gnu.so[0m
[11.507s] [ 97%] [32m[1mLinking C shared library rosidl_generator_py/other_msgs/other_msgs_s__rosidl_typesupport_introspection_c.cpython-310-x86_64-linux-gnu.so[0m
[11.509s] [100%] [32m[1mLinking C shared library rosidl_generator_py/other_msgs/other_msgs_s__rosidl_typesupport_fastrtps_c.cpython-310-x86_64-linux-gnu.so[0m
[11.554s] [100%] Built target other_msgs__rosidl_typesupport_c__pyext
[11.555s] [100%] Built target other_msgs__rosidl_typesupport_introspection_c__pyext
[11.557s] [100%] Built target other_msgs__rosidl_typesupport_fastrtps_c__pyext
[11.574s] Invoked command in '/home/evan/code/lidar_slam/lidar_slam/build/other_msgs' returned '0': CMAKE_PREFIX_PATH=${CMAKE_PREFIX_PATH}:/opt/ros/humble /usr/bin/cmake --build /home/evan/code/lidar_slam/lidar_slam/build/other_msgs -- -j4 -l4
[11.709s] Invoking command in '/home/evan/code/lidar_slam/lidar_slam/build/other_msgs': CMAKE_PREFIX_PATH=${CMAKE_PREFIX_PATH}:/opt/ros/humble /usr/bin/cmake --install /home/evan/code/lidar_slam/lidar_slam/build/other_msgs
[11.718s] -- Install configuration: ""
[11.718s] -- Up-to-date: /home/evan/code/lidar_slam/lidar_slam/install/other_msgs/share/ament_index/resource_index/rosidl_interfaces/other_msgs
[11.718s] -- Up-to-date: /home/evan/code/lidar_slam/lidar_slam/install/other_msgs/include/other_msgs/other_msgs
[11.718s] -- Up-to-date: /home/evan/code/lidar_slam/lidar_slam/install/other_msgs/include/other_msgs/other_msgs/msg
[11.718s] -- Up-to-date: /home/evan/code/lidar_slam/lidar_slam/install/other_msgs/include/other_msgs/other_msgs/msg/detail
[11.718s] -- Installing: /home/evan/code/lidar_slam/lidar_slam/install/other_msgs/include/other_msgs/other_msgs/msg/detail/seg_cloud__functions.c
[11.718s] -- Installing: /home/evan/code/lidar_slam/lidar_slam/install/other_msgs/include/other_msgs/other_msgs/msg/detail/seg_cloud__type_support.h
[11.718s] -- Installing: /home/evan/code/lidar_slam/lidar_slam/install/other_msgs/include/other_msgs/other_msgs/msg/detail/seg_cloud__struct.h
[11.718s] -- Installing: /home/evan/code/lidar_slam/lidar_slam/install/other_msgs/include/other_msgs/other_msgs/msg/detail/point__type_support.h
[11.719s] -- Installing: /home/evan/code/lidar_slam/lidar_slam/install/other_msgs/include/other_msgs/other_msgs/msg/detail/all_cloud__type_support.h
[11.719s] -- Installing: /home/evan/code/lidar_slam/lidar_slam/install/other_msgs/include/other_msgs/other_msgs/msg/detail/point__struct.h
[11.719s] -- Installing: /home/evan/code/lidar_slam/lidar_slam/install/other_msgs/include/other_msgs/other_msgs/msg/detail/all_cloud__functions.h
[11.719s] -- Installing: /home/evan/code/lidar_slam/lidar_slam/install/other_msgs/include/other_msgs/other_msgs/msg/detail/point__functions.c
[11.719s] -- Installing: /home/evan/code/lidar_slam/lidar_slam/install/other_msgs/include/other_msgs/other_msgs/msg/detail/seg_cloud__functions.h
[11.719s] -- Installing: /home/evan/code/lidar_slam/lidar_slam/install/other_msgs/include/other_msgs/other_msgs/msg/detail/all_cloud__struct.h
[11.719s] -- Installing: /home/evan/code/lidar_slam/lidar_slam/install/other_msgs/include/other_msgs/other_msgs/msg/detail/point__functions.h
[11.719s] -- Installing: /home/evan/code/lidar_slam/lidar_slam/install/other_msgs/include/other_msgs/other_msgs/msg/detail/all_cloud__functions.c
[11.720s] -- Installing: /home/evan/code/lidar_slam/lidar_slam/install/other_msgs/include/other_msgs/other_msgs/msg/point.h
[11.720s] -- Installing: /home/evan/code/lidar_slam/lidar_slam/install/other_msgs/include/other_msgs/other_msgs/msg/seg_cloud.h
[11.720s] -- Up-to-date: /home/evan/code/lidar_slam/lidar_slam/install/other_msgs/include/other_msgs/other_msgs/msg/rosidl_generator_c__visibility_control.h
[11.721s] -- Installing: /home/evan/code/lidar_slam/lidar_slam/install/other_msgs/include/other_msgs/other_msgs/msg/all_cloud.h
[11.722s] -- Up-to-date: /home/evan/code/lidar_slam/lidar_slam/install/other_msgs/share/other_msgs/environment/library_path.sh
[11.722s] -- Installing: /home/evan/code/lidar_slam/lidar_slam/install/other_msgs/share/other_msgs/environment/library_path.dsv
[11.722s] -- Installing: /home/evan/code/lidar_slam/lidar_slam/install/other_msgs/lib/libother_msgs__rosidl_generator_c.so
[11.722s] -- Set runtime path of "/home/evan/code/lidar_slam/lidar_slam/install/other_msgs/lib/libother_msgs__rosidl_generator_c.so" to ""
[11.722s] -- Up-to-date: /home/evan/code/lidar_slam/lidar_slam/install/other_msgs/include/other_msgs/other_msgs
[11.723s] -- Up-to-date: /home/evan/code/lidar_slam/lidar_slam/install/other_msgs/include/other_msgs/other_msgs/msg
[11.723s] -- Up-to-date: /home/evan/code/lidar_slam/lidar_slam/install/other_msgs/include/other_msgs/other_msgs/msg/detail
[11.724s] -- Installing: /home/evan/code/lidar_slam/lidar_slam/install/other_msgs/include/other_msgs/other_msgs/msg/detail/seg_cloud__rosidl_typesupport_fastrtps_c.h
[11.724s] -- Installing: /home/evan/code/lidar_slam/lidar_slam/install/other_msgs/include/other_msgs/other_msgs/msg/detail/point__rosidl_typesupport_fastrtps_c.h
[11.724s] -- Installing: /home/evan/code/lidar_slam/lidar_slam/install/other_msgs/include/other_msgs/other_msgs/msg/detail/all_cloud__rosidl_typesupport_fastrtps_c.h
[11.724s] -- Up-to-date: /home/evan/code/lidar_slam/lidar_slam/install/other_msgs/include/other_msgs/other_msgs/msg/rosidl_typesupport_fastrtps_c__visibility_control.h
[11.724s] -- Installing: /home/evan/code/lidar_slam/lidar_slam/install/other_msgs/lib/libother_msgs__rosidl_typesupport_fastrtps_c.so
[11.724s] -- Set runtime path of "/home/evan/code/lidar_slam/lidar_slam/install/other_msgs/lib/libother_msgs__rosidl_typesupport_fastrtps_c.so" to ""
[11.725s] -- Up-to-date: /home/evan/code/lidar_slam/lidar_slam/install/other_msgs/include/other_msgs/other_msgs
[11.725s] -- Up-to-date: /home/evan/code/lidar_slam/lidar_slam/install/other_msgs/include/other_msgs/other_msgs/msg
[11.725s] -- Up-to-date: /home/evan/code/lidar_slam/lidar_slam/install/other_msgs/include/other_msgs/other_msgs/msg/detail
[11.725s] -- Installing: /home/evan/code/lidar_slam/lidar_slam/install/other_msgs/include/other_msgs/other_msgs/msg/detail/seg_cloud__struct.hpp
[11.725s] -- Installing: /home/evan/code/lidar_slam/lidar_slam/install/other_msgs/include/other_msgs/other_msgs/msg/detail/point__traits.hpp
[11.725s] -- Installing: /home/evan/code/lidar_slam/lidar_slam/install/other_msgs/include/other_msgs/other_msgs/msg/detail/point__builder.hpp
[11.726s] -- Installing: /home/evan/code/lidar_slam/lidar_slam/install/other_msgs/include/other_msgs/other_msgs/msg/detail/seg_cloud__builder.hpp
[11.726s] -- Installing: /home/evan/code/lidar_slam/lidar_slam/install/other_msgs/include/other_msgs/other_msgs/msg/detail/point__struct.hpp
[11.726s] -- Installing: /home/evan/code/lidar_slam/lidar_slam/install/other_msgs/include/other_msgs/other_msgs/msg/detail/all_cloud__traits.hpp
[11.726s] -- Installing: /home/evan/code/lidar_slam/lidar_slam/install/other_msgs/include/other_msgs/other_msgs/msg/detail/all_cloud__builder.hpp
[11.726s] -- Installing: /home/evan/code/lidar_slam/lidar_slam/install/other_msgs/include/other_msgs/other_msgs/msg/detail/all_cloud__struct.hpp
[11.726s] -- Installing: /home/evan/code/lidar_slam/lidar_slam/install/other_msgs/include/other_msgs/other_msgs/msg/detail/seg_cloud__traits.hpp
[11.726s] -- Installing: /home/evan/code/lidar_slam/lidar_slam/install/other_msgs/include/other_msgs/other_msgs/msg/point.hpp
[11.726s] -- Installing: /home/evan/code/lidar_slam/lidar_slam/install/other_msgs/include/other_msgs/other_msgs/msg/seg_cloud.hpp
[11.726s] -- Installing: /home/evan/code/lidar_slam/lidar_slam/install/other_msgs/include/other_msgs/other_msgs/msg/all_cloud.hpp
[11.726s] -- Up-to-date: /home/evan/code/lidar_slam/lidar_slam/install/other_msgs/include/other_msgs/other_msgs
[11.727s] -- Up-to-date: /home/evan/code/lidar_slam/lidar_slam/install/other_msgs/include/other_msgs/other_msgs/msg
[11.727s] -- Up-to-date: /home/evan/code/lidar_slam/lidar_slam/install/other_msgs/include/other_msgs/other_msgs/msg/detail
[11.727s] -- Up-to-date: /home/evan/code/lidar_slam/lidar_slam/install/other_msgs/include/other_msgs/other_msgs/msg/detail/dds_fastrtps
[11.727s] -- Installing: /home/evan/code/lidar_slam/lidar_slam/install/other_msgs/include/other_msgs/other_msgs/msg/detail/all_cloud__rosidl_typesupport_fastrtps_cpp.hpp
[11.727s] -- Installing: /home/evan/code/lidar_slam/lidar_slam/install/other_msgs/include/other_msgs/other_msgs/msg/detail/point__rosidl_typesupport_fastrtps_cpp.hpp
[11.727s] -- Installing: /home/evan/code/lidar_slam/lidar_slam/install/other_msgs/include/other_msgs/other_msgs/msg/detail/seg_cloud__rosidl_typesupport_fastrtps_cpp.hpp
[11.727s] -- Up-to-date: /home/evan/code/lidar_slam/lidar_slam/install/other_msgs/include/other_msgs/other_msgs/msg/rosidl_typesupport_fastrtps_cpp__visibility_control.h
[11.727s] -- Installing: /home/evan/code/lidar_slam/lidar_slam/install/other_msgs/lib/libother_msgs__rosidl_typesupport_fastrtps_cpp.so
[11.727s] -- Set runtime path of "/home/evan/code/lidar_slam/lidar_slam/install/other_msgs/lib/libother_msgs__rosidl_typesupport_fastrtps_cpp.so" to ""
[11.727s] -- Up-to-date: /home/evan/code/lidar_slam/lidar_slam/install/other_msgs/include/other_msgs/other_msgs
[11.728s] -- Up-to-date: /home/evan/code/lidar_slam/lidar_slam/install/other_msgs/include/other_msgs/other_msgs/msg
[11.728s] -- Up-to-date: /home/evan/code/lidar_slam/lidar_slam/install/other_msgs/include/other_msgs/other_msgs/msg/detail
[11.728s] -- Installing: /home/evan/code/lidar_slam/lidar_slam/install/other_msgs/include/other_msgs/other_msgs/msg/detail/point__type_support.c
[11.728s] -- Installing: /home/evan/code/lidar_slam/lidar_slam/install/other_msgs/include/other_msgs/other_msgs/msg/detail/all_cloud__type_support.c
[11.728s] -- Installing: /home/evan/code/lidar_slam/lidar_slam/install/other_msgs/include/other_msgs/other_msgs/msg/detail/seg_cloud__type_support.c
[11.728s] -- Installing: /home/evan/code/lidar_slam/lidar_slam/install/other_msgs/include/other_msgs/other_msgs/msg/detail/all_cloud__rosidl_typesupport_introspection_c.h
[11.728s] -- Installing: /home/evan/code/lidar_slam/lidar_slam/install/other_msgs/include/other_msgs/other_msgs/msg/detail/seg_cloud__rosidl_typesupport_introspection_c.h
[11.728s] -- Installing: /home/evan/code/lidar_slam/lidar_slam/install/other_msgs/include/other_msgs/other_msgs/msg/detail/point__rosidl_typesupport_introspection_c.h
[11.728s] -- Up-to-date: /home/evan/code/lidar_slam/lidar_slam/install/other_msgs/include/other_msgs/other_msgs/msg/rosidl_typesupport_introspection_c__visibility_control.h
[11.728s] -- Installing: /home/evan/code/lidar_slam/lidar_slam/install/other_msgs/lib/libother_msgs__rosidl_typesupport_introspection_c.so
[11.728s] -- Set runtime path of "/home/evan/code/lidar_slam/lidar_slam/install/other_msgs/lib/libother_msgs__rosidl_typesupport_introspection_c.so" to ""
[11.729s] -- Installing: /home/evan/code/lidar_slam/lidar_slam/install/other_msgs/lib/libother_msgs__rosidl_typesupport_c.so
[11.729s] -- Set runtime path of "/home/evan/code/lidar_slam/lidar_slam/install/other_msgs/lib/libother_msgs__rosidl_typesupport_c.so" to ""
[11.729s] -- Up-to-date: /home/evan/code/lidar_slam/lidar_slam/install/other_msgs/include/other_msgs/other_msgs
[11.730s] -- Up-to-date: /home/evan/code/lidar_slam/lidar_slam/install/other_msgs/include/other_msgs/other_msgs/msg
[11.730s] -- Up-to-date: /home/evan/code/lidar_slam/lidar_slam/install/other_msgs/include/other_msgs/other_msgs/msg/detail
[11.730s] -- Installing: /home/evan/code/lidar_slam/lidar_slam/install/other_msgs/include/other_msgs/other_msgs/msg/detail/seg_cloud__rosidl_typesupport_introspection_cpp.hpp
[11.730s] -- Installing: /home/evan/code/lidar_slam/lidar_slam/install/other_msgs/include/other_msgs/other_msgs/msg/detail/point__type_support.cpp
[11.730s] -- Installing: /home/evan/code/lidar_slam/lidar_slam/install/other_msgs/include/other_msgs/other_msgs/msg/detail/seg_cloud__type_support.cpp
[11.730s] -- Installing: /home/evan/code/lidar_slam/lidar_slam/install/other_msgs/include/other_msgs/other_msgs/msg/detail/all_cloud__rosidl_typesupport_introspection_cpp.hpp
[11.730s] -- Installing: /home/evan/code/lidar_slam/lidar_slam/install/other_msgs/include/other_msgs/other_msgs/msg/detail/point__rosidl_typesupport_introspection_cpp.hpp
[11.730s] -- Installing: /home/evan/code/lidar_slam/lidar_slam/install/other_msgs/include/other_msgs/other_msgs/msg/detail/all_cloud__type_support.cpp
[11.730s] -- Installing: /home/evan/code/lidar_slam/lidar_slam/install/other_msgs/lib/libother_msgs__rosidl_typesupport_introspection_cpp.so
[11.731s] -- Set runtime path of "/home/evan/code/lidar_slam/lidar_slam/install/other_msgs/lib/libother_msgs__rosidl_typesupport_introspection_cpp.so" to ""
[11.731s] -- Installing: /home/evan/code/lidar_slam/lidar_slam/install/other_msgs/lib/libother_msgs__rosidl_typesupport_cpp.so
[11.732s] -- Set runtime path of "/home/evan/code/lidar_slam/lidar_slam/install/other_msgs/lib/libother_msgs__rosidl_typesupport_cpp.so" to ""
[11.732s] -- Up-to-date: /home/evan/code/lidar_slam/lidar_slam/install/other_msgs/share/other_msgs/environment/pythonpath.sh
[11.733s] -- Installing: /home/evan/code/lidar_slam/lidar_slam/install/other_msgs/share/other_msgs/environment/pythonpath.dsv
[11.733s] -- Up-to-date: /home/evan/code/lidar_slam/lidar_slam/install/other_msgs/local/lib/python3.10/dist-packages/other_msgs-0.0.0-py3.10.egg-info
[11.733s] -- Installing: /home/evan/code/lidar_slam/lidar_slam/install/other_msgs/local/lib/python3.10/dist-packages/other_msgs-0.0.0-py3.10.egg-info/top_level.txt
[11.733s] -- Installing: /home/evan/code/lidar_slam/lidar_slam/install/other_msgs/local/lib/python3.10/dist-packages/other_msgs-0.0.0-py3.10.egg-info/dependency_links.txt
[11.733s] -- Installing: /home/evan/code/lidar_slam/lidar_slam/install/other_msgs/local/lib/python3.10/dist-packages/other_msgs-0.0.0-py3.10.egg-info/PKG-INFO
[11.733s] -- Installing: /home/evan/code/lidar_slam/lidar_slam/install/other_msgs/local/lib/python3.10/dist-packages/other_msgs-0.0.0-py3.10.egg-info/SOURCES.txt
[11.733s] -- Up-to-date: /home/evan/code/lidar_slam/lidar_slam/install/other_msgs/local/lib/python3.10/dist-packages/other_msgs
[11.733s] -- Up-to-date: /home/evan/code/lidar_slam/lidar_slam/install/other_msgs/local/lib/python3.10/dist-packages/other_msgs/msg
[11.733s] -- Installing: /home/evan/code/lidar_slam/lidar_slam/install/other_msgs/local/lib/python3.10/dist-packages/other_msgs/msg/_all_cloud_s.c
[11.734s] -- Installing: /home/evan/code/lidar_slam/lidar_slam/install/other_msgs/local/lib/python3.10/dist-packages/other_msgs/msg/_seg_cloud.py
[11.734s] -- Installing: /home/evan/code/lidar_slam/lidar_slam/install/other_msgs/local/lib/python3.10/dist-packages/other_msgs/msg/__init__.py
[11.734s] -- Installing: /home/evan/code/lidar_slam/lidar_slam/install/other_msgs/local/lib/python3.10/dist-packages/other_msgs/msg/_seg_cloud_s.c
[11.734s] -- Installing: /home/evan/code/lidar_slam/lidar_slam/install/other_msgs/local/lib/python3.10/dist-packages/other_msgs/msg/_point_s.c
[11.734s] -- Installing: /home/evan/code/lidar_slam/lidar_slam/install/other_msgs/local/lib/python3.10/dist-packages/other_msgs/msg/_all_cloud.py
[11.734s] -- Installing: /home/evan/code/lidar_slam/lidar_slam/install/other_msgs/local/lib/python3.10/dist-packages/other_msgs/msg/_point.py
[11.734s] -- Installing: /home/evan/code/lidar_slam/lidar_slam/install/other_msgs/local/lib/python3.10/dist-packages/other_msgs/other_msgs_s__rosidl_typesupport_c.cpython-310-x86_64-linux-gnu.so
[11.734s] -- Installing: /home/evan/code/lidar_slam/lidar_slam/install/other_msgs/local/lib/python3.10/dist-packages/other_msgs/_other_msgs_s.ep.rosidl_typesupport_introspection_c.c
[11.734s] -- Installing: /home/evan/code/lidar_slam/lidar_slam/install/other_msgs/local/lib/python3.10/dist-packages/other_msgs/_other_msgs_s.ep.rosidl_typesupport_c.c
[11.734s] -- Installing: /home/evan/code/lidar_slam/lidar_slam/install/other_msgs/local/lib/python3.10/dist-packages/other_msgs/__init__.py
[11.734s] -- Installing: /home/evan/code/lidar_slam/lidar_slam/install/other_msgs/local/lib/python3.10/dist-packages/other_msgs/other_msgs_s__rosidl_typesupport_introspection_c.cpython-310-x86_64-linux-gnu.so
[11.735s] -- Installing: /home/evan/code/lidar_slam/lidar_slam/install/other_msgs/local/lib/python3.10/dist-packages/other_msgs/libother_msgs__rosidl_generator_py.so
[11.735s] -- Installing: /home/evan/code/lidar_slam/lidar_slam/install/other_msgs/local/lib/python3.10/dist-packages/other_msgs/_other_msgs_s.ep.rosidl_typesupport_fastrtps_c.c
[11.735s] -- Installing: /home/evan/code/lidar_slam/lidar_slam/install/other_msgs/local/lib/python3.10/dist-packages/other_msgs/other_msgs_s__rosidl_typesupport_fastrtps_c.cpython-310-x86_64-linux-gnu.so
[11.838s] Listing '/home/evan/code/lidar_slam/lidar_slam/install/other_msgs/local/lib/python3.10/dist-packages/other_msgs'...
[11.838s] Compiling '/home/evan/code/lidar_slam/lidar_slam/install/other_msgs/local/lib/python3.10/dist-packages/other_msgs/__init__.py'...
[11.839s] Listing '/home/evan/code/lidar_slam/lidar_slam/install/other_msgs/local/lib/python3.10/dist-packages/other_msgs/msg'...
[11.839s] Compiling '/home/evan/code/lidar_slam/lidar_slam/install/other_msgs/local/lib/python3.10/dist-packages/other_msgs/msg/__init__.py'...
[11.839s] Compiling '/home/evan/code/lidar_slam/lidar_slam/install/other_msgs/local/lib/python3.10/dist-packages/other_msgs/msg/_all_cloud.py'...
[11.839s] Compiling '/home/evan/code/lidar_slam/lidar_slam/install/other_msgs/local/lib/python3.10/dist-packages/other_msgs/msg/_point.py'...
[11.839s] Compiling '/home/evan/code/lidar_slam/lidar_slam/install/other_msgs/local/lib/python3.10/dist-packages/other_msgs/msg/_seg_cloud.py'...
[11.845s] -- Installing: /home/evan/code/lidar_slam/lidar_slam/install/other_msgs/local/lib/python3.10/dist-packages/other_msgs/other_msgs_s__rosidl_typesupport_fastrtps_c.cpython-310-x86_64-linux-gnu.so
[11.845s] -- Set runtime path of "/home/evan/code/lidar_slam/lidar_slam/install/other_msgs/local/lib/python3.10/dist-packages/other_msgs/other_msgs_s__rosidl_typesupport_fastrtps_c.cpython-310-x86_64-linux-gnu.so" to ""
[11.846s] -- Installing: /home/evan/code/lidar_slam/lidar_slam/install/other_msgs/local/lib/python3.10/dist-packages/other_msgs/other_msgs_s__rosidl_typesupport_introspection_c.cpython-310-x86_64-linux-gnu.so
[11.846s] -- Set runtime path of "/home/evan/code/lidar_slam/lidar_slam/install/other_msgs/local/lib/python3.10/dist-packages/other_msgs/other_msgs_s__rosidl_typesupport_introspection_c.cpython-310-x86_64-linux-gnu.so" to ""
[11.846s] -- Installing: /home/evan/code/lidar_slam/lidar_slam/install/other_msgs/local/lib/python3.10/dist-packages/other_msgs/other_msgs_s__rosidl_typesupport_c.cpython-310-x86_64-linux-gnu.so
[11.847s] -- Set runtime path of "/home/evan/code/lidar_slam/lidar_slam/install/other_msgs/local/lib/python3.10/dist-packages/other_msgs/other_msgs_s__rosidl_typesupport_c.cpython-310-x86_64-linux-gnu.so" to ""
[11.847s] -- Installing: /home/evan/code/lidar_slam/lidar_slam/install/other_msgs/lib/libother_msgs__rosidl_generator_py.so
[11.848s] -- Set runtime path of "/home/evan/code/lidar_slam/lidar_slam/install/other_msgs/lib/libother_msgs__rosidl_generator_py.so" to ""
[11.848s] -- Up-to-date: /home/evan/code/lidar_slam/lidar_slam/install/other_msgs/share/other_msgs/msg/Point.idl
[11.849s] -- Up-to-date: /home/evan/code/lidar_slam/lidar_slam/install/other_msgs/share/other_msgs/msg/AllCloud.idl
[11.849s] -- Installing: /home/evan/code/lidar_slam/lidar_slam/install/other_msgs/share/other_msgs/msg/SegCloud.idl
[11.849s] -- Up-to-date: /home/evan/code/lidar_slam/lidar_slam/install/other_msgs/share/other_msgs/msg/Point.msg
[11.849s] -- Up-to-date: /home/evan/code/lidar_slam/lidar_slam/install/other_msgs/share/other_msgs/msg/AllCloud.msg
[11.850s] -- Installing: /home/evan/code/lidar_slam/lidar_slam/install/other_msgs/share/other_msgs/msg/SegCloud.msg
[11.850s] -- Up-to-date: /home/evan/code/lidar_slam/lidar_slam/install/other_msgs/share/ament_index/resource_index/package_run_dependencies/other_msgs
[11.850s] -- Up-to-date: /home/evan/code/lidar_slam/lidar_slam/install/other_msgs/share/ament_index/resource_index/parent_prefix_path/other_msgs
[11.850s] -- Up-to-date: /home/evan/code/lidar_slam/lidar_slam/install/other_msgs/share/other_msgs/environment/ament_prefix_path.sh
[11.850s] -- Installing: /home/evan/code/lidar_slam/lidar_slam/install/other_msgs/share/other_msgs/environment/ament_prefix_path.dsv
[11.850s] -- Up-to-date: /home/evan/code/lidar_slam/lidar_slam/install/other_msgs/share/other_msgs/environment/path.sh
[11.850s] -- Installing: /home/evan/code/lidar_slam/lidar_slam/install/other_msgs/share/other_msgs/environment/path.dsv
[11.851s] -- Up-to-date: /home/evan/code/lidar_slam/lidar_slam/install/other_msgs/share/other_msgs/local_setup.bash
[11.851s] -- Up-to-date: /home/evan/code/lidar_slam/lidar_slam/install/other_msgs/share/other_msgs/local_setup.sh
[11.853s] -- Up-to-date: /home/evan/code/lidar_slam/lidar_slam/install/other_msgs/share/other_msgs/local_setup.zsh
[11.854s] -- Installing: /home/evan/code/lidar_slam/lidar_slam/install/other_msgs/share/other_msgs/local_setup.dsv
[11.854s] -- Installing: /home/evan/code/lidar_slam/lidar_slam/install/other_msgs/share/other_msgs/package.dsv
[11.854s] -- Up-to-date: /home/evan/code/lidar_slam/lidar_slam/install/other_msgs/share/ament_index/resource_index/packages/other_msgs
[11.854s] -- Up-to-date: /home/evan/code/lidar_slam/lidar_slam/install/other_msgs/share/other_msgs/cmake/export_other_msgs__rosidl_generator_cExport.cmake
[11.854s] -- Up-to-date: /home/evan/code/lidar_slam/lidar_slam/install/other_msgs/share/other_msgs/cmake/export_other_msgs__rosidl_generator_cExport-noconfig.cmake
[11.854s] -- Up-to-date: /home/evan/code/lidar_slam/lidar_slam/install/other_msgs/share/other_msgs/cmake/export_other_msgs__rosidl_typesupport_fastrtps_cExport.cmake
[11.854s] -- Up-to-date: /home/evan/code/lidar_slam/lidar_slam/install/other_msgs/share/other_msgs/cmake/export_other_msgs__rosidl_typesupport_fastrtps_cExport-noconfig.cmake
[11.854s] -- Up-to-date: /home/evan/code/lidar_slam/lidar_slam/install/other_msgs/share/other_msgs/cmake/export_other_msgs__rosidl_generator_cppExport.cmake
[11.854s] -- Up-to-date: /home/evan/code/lidar_slam/lidar_slam/install/other_msgs/share/other_msgs/cmake/export_other_msgs__rosidl_typesupport_fastrtps_cppExport.cmake
[11.854s] -- Up-to-date: /home/evan/code/lidar_slam/lidar_slam/install/other_msgs/share/other_msgs/cmake/export_other_msgs__rosidl_typesupport_fastrtps_cppExport-noconfig.cmake
[11.854s] -- Up-to-date: /home/evan/code/lidar_slam/lidar_slam/install/other_msgs/share/other_msgs/cmake/other_msgs__rosidl_typesupport_introspection_cExport.cmake
[11.855s] -- Up-to-date: /home/evan/code/lidar_slam/lidar_slam/install/other_msgs/share/other_msgs/cmake/other_msgs__rosidl_typesupport_introspection_cExport-noconfig.cmake
[11.855s] -- Up-to-date: /home/evan/code/lidar_slam/lidar_slam/install/other_msgs/share/other_msgs/cmake/other_msgs__rosidl_typesupport_cExport.cmake
[11.855s] -- Up-to-date: /home/evan/code/lidar_slam/lidar_slam/install/other_msgs/share/other_msgs/cmake/other_msgs__rosidl_typesupport_cExport-noconfig.cmake
[11.855s] -- Up-to-date: /home/evan/code/lidar_slam/lidar_slam/install/other_msgs/share/other_msgs/cmake/other_msgs__rosidl_typesupport_introspection_cppExport.cmake
[11.855s] -- Up-to-date: /home/evan/code/lidar_slam/lidar_slam/install/other_msgs/share/other_msgs/cmake/other_msgs__rosidl_typesupport_introspection_cppExport-noconfig.cmake
[11.855s] -- Up-to-date: /home/evan/code/lidar_slam/lidar_slam/install/other_msgs/share/other_msgs/cmake/other_msgs__rosidl_typesupport_cppExport.cmake
[11.855s] -- Up-to-date: /home/evan/code/lidar_slam/lidar_slam/install/other_msgs/share/other_msgs/cmake/other_msgs__rosidl_typesupport_cppExport-noconfig.cmake
[11.855s] -- Up-to-date: /home/evan/code/lidar_slam/lidar_slam/install/other_msgs/share/other_msgs/cmake/export_other_msgs__rosidl_generator_pyExport.cmake
[11.855s] -- Up-to-date: /home/evan/code/lidar_slam/lidar_slam/install/other_msgs/share/other_msgs/cmake/export_other_msgs__rosidl_generator_pyExport-noconfig.cmake
[11.855s] -- Up-to-date: /home/evan/code/lidar_slam/lidar_slam/install/other_msgs/share/other_msgs/cmake/rosidl_cmake-extras.cmake
[11.855s] -- Up-to-date: /home/evan/code/lidar_slam/lidar_slam/install/other_msgs/share/other_msgs/cmake/ament_cmake_export_dependencies-extras.cmake
[11.855s] -- Up-to-date: /home/evan/code/lidar_slam/lidar_slam/install/other_msgs/share/other_msgs/cmake/ament_cmake_export_include_directories-extras.cmake
[11.856s] -- Up-to-date: /home/evan/code/lidar_slam/lidar_slam/install/other_msgs/share/other_msgs/cmake/ament_cmake_export_libraries-extras.cmake
[11.856s] -- Up-to-date: /home/evan/code/lidar_slam/lidar_slam/install/other_msgs/share/other_msgs/cmake/ament_cmake_export_targets-extras.cmake
[11.856s] -- Up-to-date: /home/evan/code/lidar_slam/lidar_slam/install/other_msgs/share/other_msgs/cmake/rosidl_cmake_export_typesupport_targets-extras.cmake
[11.856s] -- Up-to-date: /home/evan/code/lidar_slam/lidar_slam/install/other_msgs/share/other_msgs/cmake/rosidl_cmake_export_typesupport_libraries-extras.cmake
[11.856s] -- Up-to-date: /home/evan/code/lidar_slam/lidar_slam/install/other_msgs/share/other_msgs/cmake/other_msgsConfig.cmake
[11.856s] -- Up-to-date: /home/evan/code/lidar_slam/lidar_slam/install/other_msgs/share/other_msgs/cmake/other_msgsConfig-version.cmake
[11.856s] -- Up-to-date: /home/evan/code/lidar_slam/lidar_slam/install/other_msgs/share/other_msgs/package.xml
[11.858s] Invoked command in '/home/evan/code/lidar_slam/lidar_slam/build/other_msgs' returned '0': CMAKE_PREFIX_PATH=${CMAKE_PREFIX_PATH}:/opt/ros/humble /usr/bin/cmake --install /home/evan/code/lidar_slam/lidar_slam/build/other_msgs
