[0.025s] Invoking command in '/home/evan/code/lidar_slam/lidar_slam/build/slam_learn': CMAKE_PREFIX_PATH=/home/evan/code/lidar_slam/lidar_slam/install/other_msgs:/home/evan/code/lidar_slam/lidar_slam/install/slam_learn:/home/evan/code/lego-loam/lego/install/lego_loam_sr:/home/evan/code/lego-loam/lego/install/cloud_msgs:/home/evan/code/ndt-loc/install/radar-odometry:/home/evan/code/ndt-loc/install/radar-data:/home/evan/code/ndt-loc/install/ndt-lidar-radar:/home/evan/code/ndt-loc/install/map:/home/evan/code/ndt-loc/install/data-publisher:/home/evan/code/ndt-loc/install/cloud_msgs:/home/evan/code/ndt-loc/install/a-loam:/opt/ros/humble /usr/bin/cmake --build /home/evan/code/lidar_slam/lidar_slam/build/slam_learn -- -j4 -l4
[0.102s] [35m[1mConsolidate compiler generated dependencies of target front_end_node[0m
[0.122s] [ 25%] Built target data_process_node
[0.133s] [ 50%] Built target back_end_node
[0.144s] [ 75%] Built target data_process_test
[0.153s] [ 87%] [32mBuilding CXX object CMakeFiles/front_end_node.dir/src/front_end.cpp.o[0m
[7.005s] [01m[K/home/evan/code/lidar_slam/lidar_slam/src/slam_learn/src/front_end.cpp:[m[K In member function ‘[01m[Kvoid lidarslam::FrontEnd::odometry()[m[K’:
[7.005s] [01m[K/home/evan/code/lidar_slam/lidar_slam/src/slam_learn/src/front_end.cpp:397:14:[m[K [01;35m[Kwarning: [m[Kvariable ‘[01m[Ktransform[m[K’ set but not used [[01;35m[K]8;;https://gcc.gnu.org/onlinedocs/gcc/Warning-Options.html#index-Wunused-but-set-variable-Wunused-but-set-variable]8;;[m[K]
[7.005s]   397 |         auto [01;35m[Ktransform[m[K = [&](const PointType *const pi){
[7.005s]       |              [01;35m[K^~~~~~~~~[m[K
[20.334s] [100%] [32m[1mLinking CXX executable front_end_node[0m
[22.946s] [100%] Built target front_end_node
[22.958s] Invoked command in '/home/evan/code/lidar_slam/lidar_slam/build/slam_learn' returned '0': CMAKE_PREFIX_PATH=/home/evan/code/lidar_slam/lidar_slam/install/other_msgs:/home/evan/code/lidar_slam/lidar_slam/install/slam_learn:/home/evan/code/lego-loam/lego/install/lego_loam_sr:/home/evan/code/lego-loam/lego/install/cloud_msgs:/home/evan/code/ndt-loc/install/radar-odometry:/home/evan/code/ndt-loc/install/radar-data:/home/evan/code/ndt-loc/install/ndt-lidar-radar:/home/evan/code/ndt-loc/install/map:/home/evan/code/ndt-loc/install/data-publisher:/home/evan/code/ndt-loc/install/cloud_msgs:/home/evan/code/ndt-loc/install/a-loam:/opt/ros/humble /usr/bin/cmake --build /home/evan/code/lidar_slam/lidar_slam/build/slam_learn -- -j4 -l4
[23.019s] Invoking command in '/home/evan/code/lidar_slam/lidar_slam/build/slam_learn': CMAKE_PREFIX_PATH=/home/evan/code/lidar_slam/lidar_slam/install/other_msgs:/home/evan/code/lidar_slam/lidar_slam/install/slam_learn:/home/evan/code/lego-loam/lego/install/lego_loam_sr:/home/evan/code/lego-loam/lego/install/cloud_msgs:/home/evan/code/ndt-loc/install/radar-odometry:/home/evan/code/ndt-loc/install/radar-data:/home/evan/code/ndt-loc/install/ndt-lidar-radar:/home/evan/code/ndt-loc/install/map:/home/evan/code/ndt-loc/install/data-publisher:/home/evan/code/ndt-loc/install/cloud_msgs:/home/evan/code/ndt-loc/install/a-loam:/opt/ros/humble /usr/bin/cmake --install /home/evan/code/lidar_slam/lidar_slam/build/slam_learn
[23.034s] -- Install configuration: ""
[23.034s] -- Up-to-date: /home/evan/code/lidar_slam/lidar_slam/install/slam_learn/lib/slam_learn/data_process_node
[23.034s] -- Installing: /home/evan/code/lidar_slam/lidar_slam/install/slam_learn/lib/slam_learn/front_end_node
[23.052s] -- Set runtime path of "/home/evan/code/lidar_slam/lidar_slam/install/slam_learn/lib/slam_learn/front_end_node" to ""
[23.058s] -- Up-to-date: /home/evan/code/lidar_slam/lidar_slam/install/slam_learn/lib/slam_learn/back_end_node
[23.058s] -- Up-to-date: /home/evan/code/lidar_slam/lidar_slam/install/slam_learn/lib/slam_learn/data_process_test
[23.058s] -- Up-to-date: /home/evan/code/lidar_slam/lidar_slam/install/slam_learn/share/slam_learn/config
[23.058s] -- Up-to-date: /home/evan/code/lidar_slam/lidar_slam/install/slam_learn/share/slam_learn/config/config.yaml
[23.058s] -- Up-to-date: /home/evan/code/lidar_slam/lidar_slam/install/slam_learn/share/slam_learn/launch
[23.058s] -- Up-to-date: /home/evan/code/lidar_slam/lidar_slam/install/slam_learn/share/slam_learn/launch/test
[23.059s] -- Up-to-date: /home/evan/code/lidar_slam/lidar_slam/install/slam_learn/share/slam_learn/launch/test/__pycache__
[23.059s] -- Up-to-date: /home/evan/code/lidar_slam/lidar_slam/install/slam_learn/share/slam_learn/launch/test/__pycache__/test_data_process.cpython-310.pyc
[23.059s] -- Up-to-date: /home/evan/code/lidar_slam/lidar_slam/install/slam_learn/share/slam_learn/launch/test/test_data_process.py
[23.059s] -- Up-to-date: /home/evan/code/lidar_slam/lidar_slam/install/slam_learn/share/slam_learn/rviz
[23.059s] -- Up-to-date: /home/evan/code/lidar_slam/lidar_slam/install/slam_learn/share/slam_learn/rviz/test
[23.059s] -- Up-to-date: /home/evan/code/lidar_slam/lidar_slam/install/slam_learn/share/slam_learn/rviz/test/test_data_process.rviz
[23.059s] -- Up-to-date: /home/evan/code/lidar_slam/lidar_slam/install/slam_learn/share/ament_index/resource_index/package_run_dependencies/slam_learn
[23.059s] -- Up-to-date: /home/evan/code/lidar_slam/lidar_slam/install/slam_learn/share/ament_index/resource_index/parent_prefix_path/slam_learn
[23.059s] -- Up-to-date: /home/evan/code/lidar_slam/lidar_slam/install/slam_learn/share/slam_learn/environment/ament_prefix_path.sh
[23.059s] -- Up-to-date: /home/evan/code/lidar_slam/lidar_slam/install/slam_learn/share/slam_learn/environment/ament_prefix_path.dsv
[23.059s] -- Up-to-date: /home/evan/code/lidar_slam/lidar_slam/install/slam_learn/share/slam_learn/environment/path.sh
[23.059s] -- Up-to-date: /home/evan/code/lidar_slam/lidar_slam/install/slam_learn/share/slam_learn/environment/path.dsv
[23.059s] -- Up-to-date: /home/evan/code/lidar_slam/lidar_slam/install/slam_learn/share/slam_learn/local_setup.bash
[23.059s] -- Up-to-date: /home/evan/code/lidar_slam/lidar_slam/install/slam_learn/share/slam_learn/local_setup.sh
[23.060s] -- Up-to-date: /home/evan/code/lidar_slam/lidar_slam/install/slam_learn/share/slam_learn/local_setup.zsh
[23.060s] -- Up-to-date: /home/evan/code/lidar_slam/lidar_slam/install/slam_learn/share/slam_learn/local_setup.dsv
[23.060s] -- Installing: /home/evan/code/lidar_slam/lidar_slam/install/slam_learn/share/slam_learn/package.dsv
[23.060s] -- Up-to-date: /home/evan/code/lidar_slam/lidar_slam/install/slam_learn/share/ament_index/resource_index/packages/slam_learn
[23.060s] -- Up-to-date: /home/evan/code/lidar_slam/lidar_slam/install/slam_learn/share/slam_learn/cmake/ament_cmake_export_include_directories-extras.cmake
[23.060s] -- Up-to-date: /home/evan/code/lidar_slam/lidar_slam/install/slam_learn/share/slam_learn/cmake/slam_learnConfig.cmake
[23.060s] -- Up-to-date: /home/evan/code/lidar_slam/lidar_slam/install/slam_learn/share/slam_learn/cmake/slam_learnConfig-version.cmake
[23.060s] -- Up-to-date: /home/evan/code/lidar_slam/lidar_slam/install/slam_learn/share/slam_learn/package.xml
[23.066s] Invoked command in '/home/evan/code/lidar_slam/lidar_slam/build/slam_learn' returned '0': CMAKE_PREFIX_PATH=/home/evan/code/lidar_slam/lidar_slam/install/other_msgs:/home/evan/code/lidar_slam/lidar_slam/install/slam_learn:/home/evan/code/lego-loam/lego/install/lego_loam_sr:/home/evan/code/lego-loam/lego/install/cloud_msgs:/home/evan/code/ndt-loc/install/radar-odometry:/home/evan/code/ndt-loc/install/radar-data:/home/evan/code/ndt-loc/install/ndt-lidar-radar:/home/evan/code/ndt-loc/install/map:/home/evan/code/ndt-loc/install/data-publisher:/home/evan/code/ndt-loc/install/cloud_msgs:/home/evan/code/ndt-loc/install/a-loam:/opt/ros/humble /usr/bin/cmake --install /home/evan/code/lidar_slam/lidar_slam/build/slam_learn
