[0.101s] Invoking command in '/home/evan/code/lidar_slam/lidar_slam/build/other_msgs': CMAKE_PREFIX_PATH=${CMAKE_PREFIX_PATH}:/opt/ros/humble /usr/bin/cmake /home/evan/code/lidar_slam/lidar_slam/src/other_msgs -DCMAKE_INSTALL_PREFIX=/home/evan/code/lidar_slam/lidar_slam/install/other_msgs
[0.455s] -- Found ament_cmake: 1.3.3 (/opt/ros/humble/share/ament_cmake/cmake)
[0.843s] -- Override CMake install command with custom implementation using symlinks instead of copying resources
[1.098s] -- Found std_msgs: 4.2.3 (/opt/ros/humble/share/std_msgs/cmake)
[1.338s] -- Found rosidl_generator_c: 3.1.4 (/opt/ros/humble/share/rosidl_generator_c/cmake)
[1.373s] -- Found rosidl_adapter: 3.1.4 (/opt/ros/humble/share/rosidl_adapter/cmake)
[1.420s] -- Found rosidl_generator_cpp: 3.1.4 (/opt/ros/humble/share/rosidl_generator_cpp/cmake)
[1.480s] -- Using all available rosidl_typesupport_c: rosidl_typesupport_fastrtps_c;rosidl_typesupport_introspection_c
[1.581s] -- Using all available rosidl_typesupport_cpp: rosidl_typesupport_fastrtps_cpp;rosidl_typesupport_introspection_cpp
[1.857s] -- Found sensor_msgs: 4.2.3 (/opt/ros/humble/share/sensor_msgs/cmake)
[2.080s] -- Found rosidl_default_generators: 1.2.0 (/opt/ros/humble/share/rosidl_default_generators/cmake)
[2.636s] [31mCMake Error at /opt/ros/humble/share/rosidl_adapter/cmake/rosidl_adapt_interfaces.cmake:59 (message):
[2.636s]   execute_process(/usr/bin/python3.10 -m rosidl_adapter --package-name
[2.636s]   other_msgs --arguments-file
[2.636s]   /home/evan/code/lidar_slam/lidar_slam/build/other_msgs/rosidl_adapter__arguments__other_msgs.json
[2.636s]   --output-dir
[2.636s]   /home/evan/code/lidar_slam/lidar_slam/build/other_msgs/rosidl_adapter/other_msgs
[2.636s]   --output-file
[2.636s]   /home/evan/code/lidar_slam/lidar_slam/build/other_msgs/rosidl_adapter/other_msgs.idls)
[2.636s]   returned error code 1:
[2.636s] 
[2.636s]   Error processing 'float32[] transform;' of 'other_msgs/AllCloud':
[2.637s]   ''transform;' is an invalid field name.  It should have the pattern
[2.637s]   '^(?!.*__)(?!.*_$)[a-z][a-z0-9_]*$''
[2.637s] 
[2.637s]   Traceback (most recent call last):
[2.637s] 
[2.637s]     File "/usr/lib/python3.10/runpy.py", line 196, in _run_module_as_main
[2.637s]       return _run_code(code, main_globals, None,
[2.637s]     File "/usr/lib/python3.10/runpy.py", line 86, in _run_code
[2.637s]       exec(code, run_globals)
[2.637s]     File "/opt/ros/humble/local/lib/python3.10/dist-packages/rosidl_adapter/__main__.py", line 19, in <module>
[2.637s]       sys.exit(main())
[2.637s]     File "/opt/ros/humble/local/lib/python3.10/dist-packages/rosidl_adapter/main.py", line 53, in main
[2.637s]       abs_idl_file = convert_to_idl(
[2.637s]     File "/opt/ros/humble/local/lib/python3.10/dist-packages/rosidl_adapter/__init__.py", line 19, in convert_to_idl
[2.637s]       return convert_msg_to_idl(
[2.638s]     File "/opt/ros/humble/local/lib/python3.10/dist-packages/rosidl_adapter/msg/__init__.py", line 28, in convert_msg_to_idl
[2.638s]       msg = parse_message_string(package_name, input_file.stem, content)
[2.638s]     File "/opt/ros/humble/local/lib/python3.10/dist-packages/rosidl_adapter/parser.py", line 519, in parse_message_string
[2.638s]       fields.append(Field(
[2.638s]     File "/opt/ros/humble/local/lib/python3.10/dist-packages/rosidl_adapter/parser.py", line 354, in __init__
[2.638s]       raise NameError(
[2.638s] 
[2.638s]   NameError: 'transform;' is an invalid field name.  It should have the
[2.638s]   pattern '^(?!.*__)(?!.*_$)[a-z][a-z0-9_]*$'
[2.638s] 
[2.638s] Call Stack (most recent call first):
[2.638s]   /opt/ros/humble/share/rosidl_cmake/cmake/rosidl_generate_interfaces.cmake:130 (rosidl_adapt_interfaces)
[2.638s]   CMakeLists.txt:10 (rosidl_generate_interfaces)
[2.638s] 
[2.639s] [0m
[2.639s] -- Configuring incomplete, errors occurred!
[2.639s] See also "/home/evan/code/lidar_slam/lidar_slam/build/other_msgs/CMakeFiles/CMakeOutput.log".
[2.643s] Invoked command in '/home/evan/code/lidar_slam/lidar_slam/build/other_msgs' returned '1': CMAKE_PREFIX_PATH=${CMAKE_PREFIX_PATH}:/opt/ros/humble /usr/bin/cmake /home/evan/code/lidar_slam/lidar_slam/src/other_msgs -DCMAKE_INSTALL_PREFIX=/home/evan/code/lidar_slam/lidar_slam/install/other_msgs
