[0.398s] Invoking command in '/home/evan/code/lidar_slam/lidar_slam/build/slam_learn': CMAKE_PREFIX_PATH=/home/evan/code/lidar_slam/lidar_slam/install/other_msgs:/home/evan/code/lidar_slam/lidar_slam/install/slam_learn:/home/evan/code/lego-loam/lego/install/lego_loam_sr:/home/evan/code/lego-loam/lego/install/cloud_msgs:/home/evan/code/ndt-loc/install/radar-odometry:/home/evan/code/ndt-loc/install/radar-data:/home/evan/code/ndt-loc/install/ndt-lidar-radar:/home/evan/code/ndt-loc/install/map:/home/evan/code/ndt-loc/install/data-publisher:/home/evan/code/ndt-loc/install/cloud_msgs:/home/evan/code/ndt-loc/install/a-loam:/opt/ros/humble /usr/bin/cmake --build /home/evan/code/lidar_slam/lidar_slam/build/slam_learn -- -j4 -l4
[0.811s] [ 16%] [32mBuilding CXX object CMakeFiles/front_end_node.dir/src/front_end.cpp.o[0m
[0.855s] [ 50%] Built target data_process_node
[0.904s] [35m[1mConsolidate compiler generated dependencies of target back_end_node[0m
[0.955s] [ 66%] [32mBuilding CXX object CMakeFiles/back_end_node.dir/src/back_end.cpp.o[0m
[11.741s] [01m[K/home/evan/code/lidar_slam/lidar_slam/src/slam_learn/src/front_end.cpp:[m[K In constructor ‘[01m[Klidarslam::FrontEnd::FrontEnd(const string&)[m[K’:
[11.742s] [01m[K/home/evan/code/lidar_slam/lidar_slam/src/slam_learn/src/front_end.cpp:86:27:[m[K [01;31m[Kerror: [m[Kno matching function for call to ‘[01m[KEigen::Map<Eigen::Quaternion<double>, 0>::Map()[m[K’
[11.742s]    86 |           t_w_curr(0, 0, 0[01;31m[K)[m[K
[11.742s]       |                           [01;31m[K^[m[K
[11.742s] In file included from [01m[K/usr/include/eigen3/Eigen/Geometry:42[m[K,
[11.742s]                  from [01m[K/usr/include/eigen3/Eigen/Dense:6[m[K,
[11.742s]                  from [01m[K/home/evan/code/lidar_slam/lidar_slam/src/slam_learn/include/slam_learn/slam_utils.h:16[m[K,
[11.742s]                  from [01m[K/home/evan/code/lidar_slam/lidar_slam/src/slam_learn/src/front_end.cpp:1[m[K:
[11.742s] [01m[K/usr/include/eigen3/Eigen/src/Geometry/Quaternion.h:458:52:[m[K [01;36m[Knote: [m[Kcandidate: ‘[01m[KEigen::Map<Eigen::Quaternion<_Scalar>, _Options>::Map(Eigen::Map<Eigen::Quaternion<_Scalar>, _Options>::Scalar*) [with _Scalar = double; int _Options = 0; Eigen::Map<Eigen::Quaternion<_Scalar>, _Options>::Scalar = double][m[K’
[11.742s]   458 |     EIGEN_DEVICE_FUNC explicit EIGEN_STRONG_INLINE [01;36m[KMap[m[K(Scalar* coeffs) : m_coeffs(coeffs) {}
[11.742s]       |                                                    [01;36m[K^~~[m[K
[11.742s] [01m[K/usr/include/eigen3/Eigen/src/Geometry/Quaternion.h:458:52:[m[K [01;36m[Knote: [m[K  candidate expects 1 argument, 0 provided
[11.742s] In file included from [01m[K/usr/include/eigen3/Eigen/Core:19[m[K,
[11.742s]                  from [01m[K/usr/include/eigen3/Eigen/Dense:1[m[K,
[11.742s]                  from [01m[K/home/evan/code/lidar_slam/lidar_slam/src/slam_learn/include/slam_learn/slam_utils.h:16[m[K,
[11.743s]                  from [01m[K/home/evan/code/lidar_slam/lidar_slam/src/slam_learn/src/front_end.cpp:1[m[K:
[11.743s] [01m[K/usr/include/eigen3/Eigen/src/Geometry/Quaternion.h:449:5:[m[K [01;36m[Knote: [m[Kcandidate: ‘[01m[KEigen::Map<Eigen::Quaternion<_Scalar>, _Options>::Map(const Eigen::Map<Eigen::Quaternion<_Scalar>, _Options>&) [with _Scalar = double; int _Options = 0][m[K’
[11.743s]   449 |     [01;36m[KEIGEN_INHERIT_ASSIGNMENT_OPERATORS[m[K(Map)
[11.743s]       |     [01;36m[K^~~~~~~~~~~~~~~~~~~~~~~~~~~~~~~~~~[m[K
[11.743s] [01m[K/usr/include/eigen3/Eigen/src/Geometry/Quaternion.h:449:5:[m[K [01;36m[Knote: [m[K  candidate expects 1 argument, 0 provided
[11.743s] [01m[K/home/evan/code/lidar_slam/lidar_slam/src/slam_learn/src/front_end.cpp:86:27:[m[K [01;31m[Kerror: [m[Kno matching function for call to ‘[01m[KEigen::Map<Eigen::Matrix<double, 3, 1>, 0, Eigen::Stride<0, 0> >::Map()[m[K’
[11.743s]    86 |           t_w_curr(0, 0, 0[01;31m[K)[m[K
[11.743s]       |                           [01;31m[K^[m[K
[11.743s] In file included from [01m[K/usr/include/eigen3/Eigen/Core:19[m[K,
[11.743s]                  from [01m[K/usr/include/eigen3/Eigen/Dense:1[m[K,
[11.743s]                  from [01m[K/home/evan/code/lidar_slam/lidar_slam/src/slam_learn/include/slam_learn/slam_utils.h:16[m[K,
[11.743s]                  from [01m[K/home/evan/code/lidar_slam/lidar_slam/src/slam_learn/src/front_end.cpp:1[m[K:
[11.743s] [01m[K/usr/include/eigen3/Eigen/src/Core/Map.h:162:5:[m[K [01;36m[Knote: [m[Kcandidate: ‘[01m[KEigen::Map<MatrixType, MapOptions, StrideType>::Map(const Eigen::Map<MatrixType, MapOptions, StrideType>&) [with PlainObjectType = Eigen::Matrix<double, 3, 1>; int MapOptions = 0; StrideType = Eigen::Stride<0, 0>][m[K’
[11.743s]   162 |     [01;36m[KEIGEN_INHERIT_ASSIGNMENT_OPERATORS[m[K(Map)
[11.744s]       |     [01;36m[K^~~~~~~~~~~~~~~~~~~~~~~~~~~~~~~~~~[m[K
[11.744s] [01m[K/usr/include/eigen3/Eigen/src/Core/Map.h:162:5:[m[K [01;36m[Knote: [m[K  candidate expects 1 argument, 0 provided
[11.744s] In file included from [01m[K/usr/include/eigen3/Eigen/Core:307[m[K,
[11.744s]                  from [01m[K/usr/include/eigen3/Eigen/Dense:1[m[K,
[11.744s]                  from [01m[K/home/evan/code/lidar_slam/lidar_slam/src/slam_learn/include/slam_learn/slam_utils.h:16[m[K,
[11.744s]                  from [01m[K/home/evan/code/lidar_slam/lidar_slam/src/slam_learn/src/front_end.cpp:1[m[K:
[11.744s] [01m[K/usr/include/eigen3/Eigen/src/Core/Map.h:156:12:[m[K [01;36m[Knote: [m[Kcandidate: ‘[01m[KEigen::Map<MatrixType, MapOptions, StrideType>::Map(Eigen::Map<MatrixType, MapOptions, StrideType>::PointerArgType, Eigen::Index, Eigen::Index, const StrideType&) [with PlainObjectType = Eigen::Matrix<double, 3, 1>; int MapOptions = 0; StrideType = Eigen::Stride<0, 0>; Eigen::Map<MatrixType, MapOptions, StrideType>::PointerArgType = double*; Eigen::Index = long int][m[K’
[11.744s]   156 |     inline [01;36m[KMap[m[K(PointerArgType dataPtr, Index rows, Index cols, const StrideType& stride = StrideType())
[11.744s]       |            [01;36m[K^~~[m[K
[11.744s] [01m[K/usr/include/eigen3/Eigen/src/Core/Map.h:156:12:[m[K [01;36m[Knote: [m[K  candidate expects 4 arguments, 0 provided
[11.744s] [01m[K/usr/include/eigen3/Eigen/src/Core/Map.h:142:12:[m[K [01;36m[Knote: [m[Kcandidate: ‘[01m[KEigen::Map<MatrixType, MapOptions, StrideType>::Map(Eigen::Map<MatrixType, MapOptions, StrideType>::PointerArgType, Eigen::Index, const StrideType&) [with PlainObjectType = Eigen::Matrix<double, 3, 1>; int MapOptions = 0; StrideType = Eigen::Stride<0, 0>; Eigen::Map<MatrixType, MapOptions, StrideType>::PointerArgType = double*; Eigen::Index = long int][m[K’
[11.744s]   142 |     inline [01;36m[KMap[m[K(PointerArgType dataPtr, Index size, const StrideType& stride = StrideType())
[11.744s]       |            [01;36m[K^~~[m[K
[11.744s] [01m[K/usr/include/eigen3/Eigen/src/Core/Map.h:142:12:[m[K [01;36m[Knote: [m[K  candidate expects 3 arguments, 0 provided
[11.745s] [01m[K/usr/include/eigen3/Eigen/src/Core/Map.h:129:21:[m[K [01;36m[Knote: [m[Kcandidate: ‘[01m[KEigen::Map<MatrixType, MapOptions, StrideType>::Map(Eigen::Map<MatrixType, MapOptions, StrideType>::PointerArgType, const StrideType&) [with PlainObjectType = Eigen::Matrix<double, 3, 1>; int MapOptions = 0; StrideType = Eigen::Stride<0, 0>; Eigen::Map<MatrixType, MapOptions, StrideType>::PointerArgType = double*][m[K’
[11.745s]   129 |     explicit inline [01;36m[KMap[m[K(PointerArgType dataPtr, const StrideType& stride = StrideType())
[11.745s]       |                     [01;36m[K^~~[m[K
[11.745s] [01m[K/usr/include/eigen3/Eigen/src/Core/Map.h:129:21:[m[K [01;36m[Knote: [m[K  candidate expects 2 arguments, 0 provided
[18.373s] [01m[K/home/evan/code/lidar_slam/lidar_slam/src/slam_learn/src/back_end.cpp:[m[K In member function ‘[01m[Kvoid lidarslam::BackEnd::scan2MapOptimization()[m[K’:
[18.373s] [01m[K/home/evan/code/lidar_slam/lidar_slam/src/slam_learn/src/back_end.cpp:362:17:[m[K [01;35m[Kwarning: [m[Kunused variable ‘[01m[KcornerSharpNum[m[K’ [[01;35m[K]8;;https://gcc.gnu.org/onlinedocs/gcc/Warning-Options.html#index-Wunused-variable-Wunused-variable]8;;[m[K]
[18.374s]   362 |             int [01;35m[KcornerSharpNum[m[K = cornerCloud -> size();
[18.374s]       |                 [01;35m[K^~~~~~~~~~~~~~[m[K
[18.460s] gmake[2]: *** [CMakeFiles/front_end_node.dir/build.make:76: CMakeFiles/front_end_node.dir/src/front_end.cpp.o] Error 1
[18.460s] gmake[1]: *** [CMakeFiles/Makefile2:167: CMakeFiles/front_end_node.dir/all] Error 2
[18.460s] gmake[1]: *** Waiting for unfinished jobs....
[41.564s] [ 83%] [32m[1mLinking CXX executable back_end_node[0m
[45.990s] [ 83%] Built target back_end_node
[45.992s] gmake: *** [Makefile:146: all] Error 2
[46.014s] Invoked command in '/home/evan/code/lidar_slam/lidar_slam/build/slam_learn' returned '2': CMAKE_PREFIX_PATH=/home/evan/code/lidar_slam/lidar_slam/install/other_msgs:/home/evan/code/lidar_slam/lidar_slam/install/slam_learn:/home/evan/code/lego-loam/lego/install/lego_loam_sr:/home/evan/code/lego-loam/lego/install/cloud_msgs:/home/evan/code/ndt-loc/install/radar-odometry:/home/evan/code/ndt-loc/install/radar-data:/home/evan/code/ndt-loc/install/ndt-lidar-radar:/home/evan/code/ndt-loc/install/map:/home/evan/code/ndt-loc/install/data-publisher:/home/evan/code/ndt-loc/install/cloud_msgs:/home/evan/code/ndt-loc/install/a-loam:/opt/ros/humble /usr/bin/cmake --build /home/evan/code/lidar_slam/lidar_slam/build/slam_learn -- -j4 -l4
