[0.022s] Invoking command in '/home/evan/code/lidar_slam/lidar_slam/build/other_msgs': CMAKE_PREFIX_PATH=${CMAKE_PREFIX_PATH}:/opt/ros/humble /usr/bin/cmake /home/evan/code/lidar_slam/lidar_slam/src/other_msgs -DCMAKE_INSTALL_PREFIX=/home/evan/code/lidar_slam/lidar_slam/install/other_msgs
[0.036s] -- Found ament_cmake: 1.3.3 (/opt/ros/humble/share/ament_cmake/cmake)
[0.199s] -- Found std_msgs: 4.2.3 (/opt/ros/humble/share/std_msgs/cmake)
[0.230s] -- Found rosidl_generator_c: 3.1.4 (/opt/ros/humble/share/rosidl_generator_c/cmake)
[0.233s] -- Found rosidl_adapter: 3.1.4 (/opt/ros/humble/share/rosidl_adapter/cmake)
[0.240s] -- Found rosidl_generator_cpp: 3.1.4 (/opt/ros/humble/share/rosidl_generator_cpp/cmake)
[0.253s] -- Using all available rosidl_typesupport_c: rosidl_typesupport_fastrtps_c;rosidl_typesupport_introspection_c
[0.271s] -- Using all available rosidl_typesupport_cpp: rosidl_typesupport_fastrtps_cpp;rosidl_typesupport_introspection_cpp
[0.336s] -- Found sensor_msgs: 4.2.3 (/opt/ros/humble/share/sensor_msgs/cmake)
[0.493s] -- Found rosidl_default_generators: 1.2.0 (/opt/ros/humble/share/rosidl_default_generators/cmake)
[0.697s] [31mCMake Error at /opt/ros/humble/share/rosidl_adapter/cmake/rosidl_adapt_interfaces.cmake:59 (message):
[0.698s]   execute_process(/usr/bin/python3.10 -m rosidl_adapter --package-name
[0.698s]   other_msgs --arguments-file
[0.698s]   /home/evan/code/lidar_slam/lidar_slam/build/other_msgs/rosidl_adapter__arguments__other_msgs.json
[0.698s]   --output-dir
[0.698s]   /home/evan/code/lidar_slam/lidar_slam/build/other_msgs/rosidl_adapter/other_msgs
[0.698s]   --output-file
[0.698s]   /home/evan/code/lidar_slam/lidar_slam/build/other_msgs/rosidl_adapter/other_msgs.idls)
[0.698s]   returned error code 1:
[0.698s] 
[0.698s]   Error processing 'float32[] trans_form;' of 'other_msgs/AllCloud':
[0.698s]   ''trans_form;' is an invalid field name.  It should have the pattern
[0.699s]   '^(?!.*__)(?!.*_$)[a-z][a-z0-9_]*$''
[0.699s] 
[0.699s]   Traceback (most recent call last):
[0.699s] 
[0.699s]     File "/usr/lib/python3.10/runpy.py", line 196, in _run_module_as_main
[0.699s]       return _run_code(code, main_globals, None,
[0.699s]     File "/usr/lib/python3.10/runpy.py", line 86, in _run_code
[0.699s]       exec(code, run_globals)
[0.699s]     File "/opt/ros/humble/local/lib/python3.10/dist-packages/rosidl_adapter/__main__.py", line 19, in <module>
[0.699s]       sys.exit(main())
[0.699s]     File "/opt/ros/humble/local/lib/python3.10/dist-packages/rosidl_adapter/main.py", line 53, in main
[0.699s]       abs_idl_file = convert_to_idl(
[0.699s]     File "/opt/ros/humble/local/lib/python3.10/dist-packages/rosidl_adapter/__init__.py", line 19, in convert_to_idl
[0.700s]       return convert_msg_to_idl(
[0.700s]     File "/opt/ros/humble/local/lib/python3.10/dist-packages/rosidl_adapter/msg/__init__.py", line 28, in convert_msg_to_idl
[0.700s]       msg = parse_message_string(package_name, input_file.stem, content)
[0.700s]     File "/opt/ros/humble/local/lib/python3.10/dist-packages/rosidl_adapter/parser.py", line 519, in parse_message_string
[0.700s]       fields.append(Field(
[0.700s]     File "/opt/ros/humble/local/lib/python3.10/dist-packages/rosidl_adapter/parser.py", line 354, in __init__
[0.700s]       raise NameError(
[0.700s] 
[0.700s]   NameError: 'trans_form;' is an invalid field name.  It should have the
[0.700s]   pattern '^(?!.*__)(?!.*_$)[a-z][a-z0-9_]*$'
[0.700s] 
[0.700s] Call Stack (most recent call first):
[0.700s]   /opt/ros/humble/share/rosidl_cmake/cmake/rosidl_generate_interfaces.cmake:130 (rosidl_adapt_interfaces)
[0.700s]   CMakeLists.txt:10 (rosidl_generate_interfaces)
[0.701s] 
[0.701s] [0m
[0.701s] -- Configuring incomplete, errors occurred!
[0.701s] See also "/home/evan/code/lidar_slam/lidar_slam/build/other_msgs/CMakeFiles/CMakeOutput.log".
[0.706s] Invoked command in '/home/evan/code/lidar_slam/lidar_slam/build/other_msgs' returned '1': CMAKE_PREFIX_PATH=${CMAKE_PREFIX_PATH}:/opt/ros/humble /usr/bin/cmake /home/evan/code/lidar_slam/lidar_slam/src/other_msgs -DCMAKE_INSTALL_PREFIX=/home/evan/code/lidar_slam/lidar_slam/install/other_msgs
