[0.023s] Invoking command in '/home/evan/code/lidar_slam/lidar_slam/build/slam_learn': CMAKE_PREFIX_PATH=/home/evan/code/lidar_slam/lidar_slam/install/other_msgs:/home/evan/code/lidar_slam/lidar_slam/install/slam_learn:/home/evan/code/lego-loam/lego/install/lego_loam_sr:/home/evan/code/lego-loam/lego/install/cloud_msgs:/home/evan/code/ndt-loc/install/radar-odometry:/home/evan/code/ndt-loc/install/radar-data:/home/evan/code/ndt-loc/install/ndt-lidar-radar:/home/evan/code/ndt-loc/install/map:/home/evan/code/ndt-loc/install/data-publisher:/home/evan/code/ndt-loc/install/cloud_msgs:/home/evan/code/ndt-loc/install/a-loam:/opt/ros/humble /usr/bin/cmake --build /home/evan/code/lidar_slam/lidar_slam/build/slam_learn -- -j4 -l4
[0.089s] [35m[1mConsolidate compiler generated dependencies of target back_end_node[0m
[0.123s] [ 25%] Built target data_process_node
[0.131s] [ 50%] Built target front_end_node
[0.133s] [ 75%] Built target data_process_test
[0.147s] [ 87%] [32mBuilding CXX object CMakeFiles/back_end_node.dir/src/back_end.cpp.o[0m
[36.742s] [100%] [32m[1mLinking CXX executable back_end_node[0m
[40.115s] [100%] Built target back_end_node
[40.127s] Invoked command in '/home/evan/code/lidar_slam/lidar_slam/build/slam_learn' returned '0': CMAKE_PREFIX_PATH=/home/evan/code/lidar_slam/lidar_slam/install/other_msgs:/home/evan/code/lidar_slam/lidar_slam/install/slam_learn:/home/evan/code/lego-loam/lego/install/lego_loam_sr:/home/evan/code/lego-loam/lego/install/cloud_msgs:/home/evan/code/ndt-loc/install/radar-odometry:/home/evan/code/ndt-loc/install/radar-data:/home/evan/code/ndt-loc/install/ndt-lidar-radar:/home/evan/code/ndt-loc/install/map:/home/evan/code/ndt-loc/install/data-publisher:/home/evan/code/ndt-loc/install/cloud_msgs:/home/evan/code/ndt-loc/install/a-loam:/opt/ros/humble /usr/bin/cmake --build /home/evan/code/lidar_slam/lidar_slam/build/slam_learn -- -j4 -l4
[40.183s] Invoking command in '/home/evan/code/lidar_slam/lidar_slam/build/slam_learn': CMAKE_PREFIX_PATH=/home/evan/code/lidar_slam/lidar_slam/install/other_msgs:/home/evan/code/lidar_slam/lidar_slam/install/slam_learn:/home/evan/code/lego-loam/lego/install/lego_loam_sr:/home/evan/code/lego-loam/lego/install/cloud_msgs:/home/evan/code/ndt-loc/install/radar-odometry:/home/evan/code/ndt-loc/install/radar-data:/home/evan/code/ndt-loc/install/ndt-lidar-radar:/home/evan/code/ndt-loc/install/map:/home/evan/code/ndt-loc/install/data-publisher:/home/evan/code/ndt-loc/install/cloud_msgs:/home/evan/code/ndt-loc/install/a-loam:/opt/ros/humble /usr/bin/cmake --install /home/evan/code/lidar_slam/lidar_slam/build/slam_learn
[40.191s] -- Install configuration: ""
[40.191s] -- Up-to-date: /home/evan/code/lidar_slam/lidar_slam/install/slam_learn/lib/slam_learn/data_process_node
[40.191s] -- Up-to-date: /home/evan/code/lidar_slam/lidar_slam/install/slam_learn/lib/slam_learn/front_end_node
[40.192s] -- Installing: /home/evan/code/lidar_slam/lidar_slam/install/slam_learn/lib/slam_learn/back_end_node
[40.213s] -- Set runtime path of "/home/evan/code/lidar_slam/lidar_slam/install/slam_learn/lib/slam_learn/back_end_node" to ""
[40.213s] -- Up-to-date: /home/evan/code/lidar_slam/lidar_slam/install/slam_learn/lib/slam_learn/data_process_test
[40.214s] -- Up-to-date: /home/evan/code/lidar_slam/lidar_slam/install/slam_learn/share/slam_learn/config
[40.214s] -- Up-to-date: /home/evan/code/lidar_slam/lidar_slam/install/slam_learn/share/slam_learn/config/config.yaml
[40.214s] -- Up-to-date: /home/evan/code/lidar_slam/lidar_slam/install/slam_learn/share/slam_learn/launch
[40.214s] -- Up-to-date: /home/evan/code/lidar_slam/lidar_slam/install/slam_learn/share/slam_learn/launch/test
[40.215s] -- Up-to-date: /home/evan/code/lidar_slam/lidar_slam/install/slam_learn/share/slam_learn/launch/test/__pycache__
[40.215s] -- Up-to-date: /home/evan/code/lidar_slam/lidar_slam/install/slam_learn/share/slam_learn/launch/test/__pycache__/test_data_process.cpython-310.pyc
[40.215s] -- Up-to-date: /home/evan/code/lidar_slam/lidar_slam/install/slam_learn/share/slam_learn/launch/test/test_data_process.py
[40.215s] -- Up-to-date: /home/evan/code/lidar_slam/lidar_slam/install/slam_learn/share/slam_learn/rviz
[40.215s] -- Up-to-date: /home/evan/code/lidar_slam/lidar_slam/install/slam_learn/share/slam_learn/rviz/test
[40.215s] -- Up-to-date: /home/evan/code/lidar_slam/lidar_slam/install/slam_learn/share/slam_learn/rviz/test/test_data_process.rviz
[40.215s] -- Up-to-date: /home/evan/code/lidar_slam/lidar_slam/install/slam_learn/share/ament_index/resource_index/package_run_dependencies/slam_learn
[40.215s] -- Up-to-date: /home/evan/code/lidar_slam/lidar_slam/install/slam_learn/share/ament_index/resource_index/parent_prefix_path/slam_learn
[40.215s] -- Up-to-date: /home/evan/code/lidar_slam/lidar_slam/install/slam_learn/share/slam_learn/environment/ament_prefix_path.sh
[40.215s] -- Up-to-date: /home/evan/code/lidar_slam/lidar_slam/install/slam_learn/share/slam_learn/environment/ament_prefix_path.dsv
[40.215s] -- Up-to-date: /home/evan/code/lidar_slam/lidar_slam/install/slam_learn/share/slam_learn/environment/path.sh
[40.215s] -- Up-to-date: /home/evan/code/lidar_slam/lidar_slam/install/slam_learn/share/slam_learn/environment/path.dsv
[40.215s] -- Up-to-date: /home/evan/code/lidar_slam/lidar_slam/install/slam_learn/share/slam_learn/local_setup.bash
[40.216s] -- Up-to-date: /home/evan/code/lidar_slam/lidar_slam/install/slam_learn/share/slam_learn/local_setup.sh
[40.216s] -- Up-to-date: /home/evan/code/lidar_slam/lidar_slam/install/slam_learn/share/slam_learn/local_setup.zsh
[40.216s] -- Up-to-date: /home/evan/code/lidar_slam/lidar_slam/install/slam_learn/share/slam_learn/local_setup.dsv
[40.216s] -- Installing: /home/evan/code/lidar_slam/lidar_slam/install/slam_learn/share/slam_learn/package.dsv
[40.216s] -- Up-to-date: /home/evan/code/lidar_slam/lidar_slam/install/slam_learn/share/ament_index/resource_index/packages/slam_learn
[40.216s] -- Up-to-date: /home/evan/code/lidar_slam/lidar_slam/install/slam_learn/share/slam_learn/cmake/ament_cmake_export_include_directories-extras.cmake
[40.216s] -- Up-to-date: /home/evan/code/lidar_slam/lidar_slam/install/slam_learn/share/slam_learn/cmake/slam_learnConfig.cmake
[40.216s] -- Up-to-date: /home/evan/code/lidar_slam/lidar_slam/install/slam_learn/share/slam_learn/cmake/slam_learnConfig-version.cmake
[40.216s] -- Up-to-date: /home/evan/code/lidar_slam/lidar_slam/install/slam_learn/share/slam_learn/package.xml
[40.218s] Invoked command in '/home/evan/code/lidar_slam/lidar_slam/build/slam_learn' returned '0': CMAKE_PREFIX_PATH=/home/evan/code/lidar_slam/lidar_slam/install/other_msgs:/home/evan/code/lidar_slam/lidar_slam/install/slam_learn:/home/evan/code/lego-loam/lego/install/lego_loam_sr:/home/evan/code/lego-loam/lego/install/cloud_msgs:/home/evan/code/ndt-loc/install/radar-odometry:/home/evan/code/ndt-loc/install/radar-data:/home/evan/code/ndt-loc/install/ndt-lidar-radar:/home/evan/code/ndt-loc/install/map:/home/evan/code/ndt-loc/install/data-publisher:/home/evan/code/ndt-loc/install/cloud_msgs:/home/evan/code/ndt-loc/install/a-loam:/opt/ros/humble /usr/bin/cmake --install /home/evan/code/lidar_slam/lidar_slam/build/slam_learn
