Determining if the function sgemm_ exists failed with the following output:
Change Dir: /home/evan/code/lidar_slam/lidar_slam/build/slam_learn/CMakeFiles/CMakeTmp

Run Build Command(s):/usr/bin/gmake -f Makefile cmTC_f8145/fast && /usr/bin/gmake  -f CMakeFiles/cmTC_f8145.dir/build.make CMakeFiles/cmTC_f8145.dir/build
gmake[1]: Entering directory '/home/evan/code/lidar_slam/lidar_slam/build/slam_learn/CMakeFiles/CMakeTmp'
Building C object CMakeFiles/cmTC_f8145.dir/CheckFunctionExists.c.o
/usr/bin/cc   -DCHECK_FUNCTION_EXISTS=sgemm_ -o CMakeFiles/cmTC_f8145.dir/CheckFunctionExists.c.o -c /usr/share/cmake-3.22/Modules/CheckFunctionExists.c
Linking C executable cmTC_f8145
/usr/bin/cmake -E cmake_link_script CMakeFiles/cmTC_f8145.dir/link.txt --verbose=1
/usr/bin/cc  -DCHECK_FUNCTION_EXISTS=sgemm_ CMakeFiles/cmTC_f8145.dir/CheckFunctionExists.c.o -o cmTC_f8145 
/usr/bin/ld: CMakeFiles/cmTC_f8145.dir/CheckFunctionExists.c.o: in function `main':
CheckFunctionExists.c:(.text+0x14): undefined reference to `sgemm_'
collect2: error: ld returned 1 exit status
gmake[1]: *** [CMakeFiles/cmTC_f8145.dir/build.make:99: cmTC_f8145] Error 1
gmake[1]: Leaving directory '/home/evan/code/lidar_slam/lidar_slam/build/slam_learn/CMakeFiles/CMakeTmp'
gmake: *** [Makefile:127: cmTC_f8145/fast] Error 2



Determining if the function cheev_ exists failed with the following output:
Change Dir: /home/evan/code/lidar_slam/lidar_slam/build/slam_learn/CMakeFiles/CMakeTmp

Run Build Command(s):/usr/bin/gmake -f Makefile cmTC_f1c1b/fast && /usr/bin/gmake  -f CMakeFiles/cmTC_f1c1b.dir/build.make CMakeFiles/cmTC_f1c1b.dir/build
gmake[1]: Entering directory '/home/evan/code/lidar_slam/lidar_slam/build/slam_learn/CMakeFiles/CMakeTmp'
Building C object CMakeFiles/cmTC_f1c1b.dir/CheckFunctionExists.c.o
/usr/bin/cc   -DCHECK_FUNCTION_EXISTS=cheev_ -o CMakeFiles/cmTC_f1c1b.dir/CheckFunctionExists.c.o -c /usr/share/cmake-3.22/Modules/CheckFunctionExists.c
Linking C executable cmTC_f1c1b
/usr/bin/cmake -E cmake_link_script CMakeFiles/cmTC_f1c1b.dir/link.txt --verbose=1
/usr/bin/cc  -DCHECK_FUNCTION_EXISTS=cheev_ CMakeFiles/cmTC_f1c1b.dir/CheckFunctionExists.c.o -o cmTC_f1c1b  /usr/lib/x86_64-linux-gnu/libblas.so -lm -ldl 
/usr/bin/ld: CMakeFiles/cmTC_f1c1b.dir/CheckFunctionExists.c.o: in function `main':
CheckFunctionExists.c:(.text+0x14): undefined reference to `cheev_'
collect2: error: ld returned 1 exit status
gmake[1]: *** [CMakeFiles/cmTC_f1c1b.dir/build.make:100: cmTC_f1c1b] Error 1
gmake[1]: Leaving directory '/home/evan/code/lidar_slam/lidar_slam/build/slam_learn/CMakeFiles/CMakeTmp'
gmake: *** [Makefile:127: cmTC_f1c1b/fast] Error 2



Determining if the function cheev_ exists failed with the following output:
Change Dir: /home/evan/code/lidar_slam/lidar_slam/build/slam_learn/CMakeFiles/CMakeTmp

Run Build Command(s):/usr/bin/gmake -f Makefile cmTC_f417d/fast && /usr/bin/gmake  -f CMakeFiles/cmTC_f417d.dir/build.make CMakeFiles/cmTC_f417d.dir/build
gmake[1]: Entering directory '/home/evan/code/lidar_slam/lidar_slam/build/slam_learn/CMakeFiles/CMakeTmp'
Building C object CMakeFiles/cmTC_f417d.dir/CheckFunctionExists.c.o
/usr/bin/cc   -DCHECK_FUNCTION_EXISTS=cheev_ -o CMakeFiles/cmTC_f417d.dir/CheckFunctionExists.c.o -c /usr/share/cmake-3.22/Modules/CheckFunctionExists.c
Linking C executable cmTC_f417d
/usr/bin/cmake -E cmake_link_script CMakeFiles/cmTC_f417d.dir/link.txt --verbose=1
/usr/bin/cc  -DCHECK_FUNCTION_EXISTS=cheev_ CMakeFiles/cmTC_f417d.dir/CheckFunctionExists.c.o -o cmTC_f417d  /usr/lib/x86_64-linux-gnu/liblapack.so /usr/lib/x86_64-linux-gnu/libblas.so -fortranlibs 
cc: error: unrecognized command-line option ‘-fortranlibs’
gmake[1]: *** [CMakeFiles/cmTC_f417d.dir/build.make:101: cmTC_f417d] Error 1
gmake[1]: Leaving directory '/home/evan/code/lidar_slam/lidar_slam/build/slam_learn/CMakeFiles/CMakeTmp'
gmake: *** [Makefile:127: cmTC_f417d/fast] Error 2



