[0.022s] Invoking command in '/home/evan/code/lidar_slam/lidar_slam/build/slam_learn': CMAKE_PREFIX_PATH=/home/evan/code/lidar_slam/lidar_slam/install/other_msgs:/home/evan/code/lidar_slam/lidar_slam/install/slam_learn:/home/evan/code/lego-loam/lego/install/lego_loam_sr:/home/evan/code/lego-loam/lego/install/cloud_msgs:/home/evan/code/ndt-loc/install/radar-odometry:/home/evan/code/ndt-loc/install/radar-data:/home/evan/code/ndt-loc/install/ndt-lidar-radar:/home/evan/code/ndt-loc/install/map:/home/evan/code/ndt-loc/install/data-publisher:/home/evan/code/ndt-loc/install/cloud_msgs:/home/evan/code/ndt-loc/install/a-loam:/opt/ros/humble /usr/bin/cmake --build /home/evan/code/lidar_slam/lidar_slam/build/slam_learn -- -j4 -l4
[0.093s] [35m[1mConsolidate compiler generated dependencies of target back_end_node[0m
[0.117s] [ 25%] Built target front_end_node
[0.124s] [ 50%] Built target data_process_test
[0.128s] [ 75%] Built target data_process_node
[0.159s] [ 87%] [32mBuilding CXX object CMakeFiles/back_end_node.dir/src/back_end.cpp.o[0m
[33.551s] [100%] [32m[1mLinking CXX executable back_end_node[0m
[36.890s] [100%] Built target back_end_node
[36.905s] Invoked command in '/home/evan/code/lidar_slam/lidar_slam/build/slam_learn' returned '0': CMAKE_PREFIX_PATH=/home/evan/code/lidar_slam/lidar_slam/install/other_msgs:/home/evan/code/lidar_slam/lidar_slam/install/slam_learn:/home/evan/code/lego-loam/lego/install/lego_loam_sr:/home/evan/code/lego-loam/lego/install/cloud_msgs:/home/evan/code/ndt-loc/install/radar-odometry:/home/evan/code/ndt-loc/install/radar-data:/home/evan/code/ndt-loc/install/ndt-lidar-radar:/home/evan/code/ndt-loc/install/map:/home/evan/code/ndt-loc/install/data-publisher:/home/evan/code/ndt-loc/install/cloud_msgs:/home/evan/code/ndt-loc/install/a-loam:/opt/ros/humble /usr/bin/cmake --build /home/evan/code/lidar_slam/lidar_slam/build/slam_learn -- -j4 -l4
[36.959s] Invoking command in '/home/evan/code/lidar_slam/lidar_slam/build/slam_learn': CMAKE_PREFIX_PATH=/home/evan/code/lidar_slam/lidar_slam/install/other_msgs:/home/evan/code/lidar_slam/lidar_slam/install/slam_learn:/home/evan/code/lego-loam/lego/install/lego_loam_sr:/home/evan/code/lego-loam/lego/install/cloud_msgs:/home/evan/code/ndt-loc/install/radar-odometry:/home/evan/code/ndt-loc/install/radar-data:/home/evan/code/ndt-loc/install/ndt-lidar-radar:/home/evan/code/ndt-loc/install/map:/home/evan/code/ndt-loc/install/data-publisher:/home/evan/code/ndt-loc/install/cloud_msgs:/home/evan/code/ndt-loc/install/a-loam:/opt/ros/humble /usr/bin/cmake --install /home/evan/code/lidar_slam/lidar_slam/build/slam_learn
[36.966s] -- Install configuration: ""
[36.967s] -- Up-to-date: /home/evan/code/lidar_slam/lidar_slam/install/slam_learn/lib/slam_learn/data_process_node
[36.967s] -- Up-to-date: /home/evan/code/lidar_slam/lidar_slam/install/slam_learn/lib/slam_learn/front_end_node
[36.968s] -- Installing: /home/evan/code/lidar_slam/lidar_slam/install/slam_learn/lib/slam_learn/back_end_node
[36.988s] -- Set runtime path of "/home/evan/code/lidar_slam/lidar_slam/install/slam_learn/lib/slam_learn/back_end_node" to ""
[36.989s] -- Up-to-date: /home/evan/code/lidar_slam/lidar_slam/install/slam_learn/lib/slam_learn/data_process_test
[36.989s] -- Up-to-date: /home/evan/code/lidar_slam/lidar_slam/install/slam_learn/share/slam_learn/config
[36.989s] -- Up-to-date: /home/evan/code/lidar_slam/lidar_slam/install/slam_learn/share/slam_learn/config/config.yaml
[36.989s] -- Up-to-date: /home/evan/code/lidar_slam/lidar_slam/install/slam_learn/share/slam_learn/launch
[36.990s] -- Up-to-date: /home/evan/code/lidar_slam/lidar_slam/install/slam_learn/share/slam_learn/launch/test
[36.990s] -- Up-to-date: /home/evan/code/lidar_slam/lidar_slam/install/slam_learn/share/slam_learn/launch/test/__pycache__
[36.990s] -- Up-to-date: /home/evan/code/lidar_slam/lidar_slam/install/slam_learn/share/slam_learn/launch/test/__pycache__/test_data_process.cpython-310.pyc
[36.990s] -- Up-to-date: /home/evan/code/lidar_slam/lidar_slam/install/slam_learn/share/slam_learn/launch/test/test_data_process.py
[36.990s] -- Up-to-date: /home/evan/code/lidar_slam/lidar_slam/install/slam_learn/share/slam_learn/rviz
[36.990s] -- Up-to-date: /home/evan/code/lidar_slam/lidar_slam/install/slam_learn/share/slam_learn/rviz/test
[36.990s] -- Up-to-date: /home/evan/code/lidar_slam/lidar_slam/install/slam_learn/share/slam_learn/rviz/test/test_data_process.rviz
[36.990s] -- Up-to-date: /home/evan/code/lidar_slam/lidar_slam/install/slam_learn/share/ament_index/resource_index/package_run_dependencies/slam_learn
[36.990s] -- Up-to-date: /home/evan/code/lidar_slam/lidar_slam/install/slam_learn/share/ament_index/resource_index/parent_prefix_path/slam_learn
[36.990s] -- Up-to-date: /home/evan/code/lidar_slam/lidar_slam/install/slam_learn/share/slam_learn/environment/ament_prefix_path.sh
[36.990s] -- Up-to-date: /home/evan/code/lidar_slam/lidar_slam/install/slam_learn/share/slam_learn/environment/ament_prefix_path.dsv
[36.991s] -- Up-to-date: /home/evan/code/lidar_slam/lidar_slam/install/slam_learn/share/slam_learn/environment/path.sh
[36.991s] -- Up-to-date: /home/evan/code/lidar_slam/lidar_slam/install/slam_learn/share/slam_learn/environment/path.dsv
[36.991s] -- Up-to-date: /home/evan/code/lidar_slam/lidar_slam/install/slam_learn/share/slam_learn/local_setup.bash
[36.991s] -- Up-to-date: /home/evan/code/lidar_slam/lidar_slam/install/slam_learn/share/slam_learn/local_setup.sh
[36.991s] -- Up-to-date: /home/evan/code/lidar_slam/lidar_slam/install/slam_learn/share/slam_learn/local_setup.zsh
[36.991s] -- Up-to-date: /home/evan/code/lidar_slam/lidar_slam/install/slam_learn/share/slam_learn/local_setup.dsv
[36.991s] -- Installing: /home/evan/code/lidar_slam/lidar_slam/install/slam_learn/share/slam_learn/package.dsv
[36.991s] -- Up-to-date: /home/evan/code/lidar_slam/lidar_slam/install/slam_learn/share/ament_index/resource_index/packages/slam_learn
[36.991s] -- Up-to-date: /home/evan/code/lidar_slam/lidar_slam/install/slam_learn/share/slam_learn/cmake/ament_cmake_export_include_directories-extras.cmake
[36.991s] -- Up-to-date: /home/evan/code/lidar_slam/lidar_slam/install/slam_learn/share/slam_learn/cmake/slam_learnConfig.cmake
[36.991s] -- Up-to-date: /home/evan/code/lidar_slam/lidar_slam/install/slam_learn/share/slam_learn/cmake/slam_learnConfig-version.cmake
[36.991s] -- Up-to-date: /home/evan/code/lidar_slam/lidar_slam/install/slam_learn/share/slam_learn/package.xml
[36.993s] Invoked command in '/home/evan/code/lidar_slam/lidar_slam/build/slam_learn' returned '0': CMAKE_PREFIX_PATH=/home/evan/code/lidar_slam/lidar_slam/install/other_msgs:/home/evan/code/lidar_slam/lidar_slam/install/slam_learn:/home/evan/code/lego-loam/lego/install/lego_loam_sr:/home/evan/code/lego-loam/lego/install/cloud_msgs:/home/evan/code/ndt-loc/install/radar-odometry:/home/evan/code/ndt-loc/install/radar-data:/home/evan/code/ndt-loc/install/ndt-lidar-radar:/home/evan/code/ndt-loc/install/map:/home/evan/code/ndt-loc/install/data-publisher:/home/evan/code/ndt-loc/install/cloud_msgs:/home/evan/code/ndt-loc/install/a-loam:/opt/ros/humble /usr/bin/cmake --install /home/evan/code/lidar_slam/lidar_slam/build/slam_learn
