[0.040s] Invoking command in '/home/evan/code/lidar_slam/lidar_slam/build/slam_learn': CMAKE_PREFIX_PATH=/home/evan/code/lidar_slam/lidar_slam/install/other_msgs:/home/evan/code/lidar_slam/lidar_slam/install/slam_learn:/home/evan/code/lego-loam/lego/install/lego_loam_sr:/home/evan/code/lego-loam/lego/install/cloud_msgs:/home/evan/code/ndt-loc/install/radar-odometry:/home/evan/code/ndt-loc/install/radar-data:/home/evan/code/ndt-loc/install/ndt-lidar-radar:/home/evan/code/ndt-loc/install/map:/home/evan/code/ndt-loc/install/data-publisher:/home/evan/code/ndt-loc/install/cloud_msgs:/home/evan/code/ndt-loc/install/a-loam:/opt/ros/humble /usr/bin/cmake --build /home/evan/code/lidar_slam/lidar_slam/build/slam_learn -- -j4 -l4
[0.091s] [35m[1mConsolidate compiler generated dependencies of target front_end_node[0m
[0.141s] [ 16%] [32mBuilding CXX object CMakeFiles/front_end_node.dir/src/front_end.cpp.o[0m
[0.143s] [ 50%] Built target data_process_node
[0.149s] [ 83%] Built target back_end_node
[7.153s] [01m[K/home/evan/code/lidar_slam/lidar_slam/src/slam_learn/src/front_end.cpp:768:54:[m[K [01;31m[Kerror: [m[Kexpected ‘[01m[K)[m[K’ before ‘[01m[K,[m[K’ token
[7.153s]   768 |         Eigen::AngleAxisd roll(Eigen::AngleAxisd[34m[K([m[Kq[0][01;31m[K,[m[K ::Eigen::Vector3d::UnitX()));
[7.153s]       |                                                 [34m[K~[m[K    [01;31m[K^[m[K
[7.153s]       |                                                      [32m[K)[m[K
[7.153s] [01m[K/home/evan/code/lidar_slam/lidar_slam/src/slam_learn/src/front_end.cpp:768:54:[m[K [01;31m[Kerror: [m[Kexpected ‘[01m[K)[m[K’ before ‘[01m[K,[m[K’ token
[7.154s]   768 |         Eigen::AngleAxisd roll[34m[K([m[KEigen::AngleAxisd(q[0][01;31m[K,[m[K ::Eigen::Vector3d::UnitX()));
[7.154s]       |                               [34m[K~[m[K                      [01;31m[K^[m[K
[7.154s]       |                                                      [32m[K)[m[K
[7.154s] [01m[K/home/evan/code/lidar_slam/lidar_slam/src/slam_learn/src/front_end.cpp:768:56:[m[K [01;31m[Kerror: [m[Kcannot declare member function ‘[01m[KEigen::Matrix<double, 3, 1>::UnitX[m[K’ within ‘[01m[Klidarslam::FrontEnd[m[K’
[7.154s]   768 |         Eigen::AngleAxisd roll(Eigen::AngleAxisd(q[0], [01;31m[K::[m[KEigen::Vector3d::UnitX()));
[7.154s]       |                                                        [01;31m[K^~[m[K
[7.154s] [01m[K/home/evan/code/lidar_slam/lidar_slam/src/slam_learn/src/front_end.cpp:768:81:[m[K [01;31m[Kerror: [m[Kexpected ‘[01m[K;[m[K’ at end of member declaration
[7.154s]   768 |         Eigen::AngleAxisd roll(Eigen::AngleAxisd(q[0], ::Eigen::Vector3d::UnitX([01;31m[K)[m[K));
[7.154s]       |                                                                                 [01;31m[K^[m[K
[7.154s]       |                                                                                  [32m[K;[m[K
[7.154s] [01m[K/home/evan/code/lidar_slam/lidar_slam/src/slam_learn/src/front_end.cpp:768:82:[m[K [01;31m[Kerror: [m[Kexpected unqualified-id before ‘[01m[K)[m[K’ token
[7.154s]   768 |         Eigen::AngleAxisd roll(Eigen::AngleAxisd(q[0], ::Eigen::Vector3d::UnitX()[01;31m[K)[m[K);
[7.154s]       |                                                                                  [01;31m[K^[m[K
[7.155s] [01m[K/home/evan/code/lidar_slam/lidar_slam/src/slam_learn/src/front_end.cpp:769:55:[m[K [01;31m[Kerror: [m[Kexpected ‘[01m[K)[m[K’ before ‘[01m[K,[m[K’ token
[7.155s]   769 |         Eigen::AngleAxisd pitch(Eigen::AngleAxisd[34m[K([m[Kq[1][01;31m[K,[m[K ::Eigen::Vector3d::UnitY()));
[7.155s]       |                                                  [34m[K~[m[K    [01;31m[K^[m[K
[7.155s]       |                                                       [32m[K)[m[K
[7.155s] [01m[K/home/evan/code/lidar_slam/lidar_slam/src/slam_learn/src/front_end.cpp:769:55:[m[K [01;31m[Kerror: [m[Kexpected ‘[01m[K)[m[K’ before ‘[01m[K,[m[K’ token
[7.155s]   769 |         Eigen::AngleAxisd pitch[34m[K([m[KEigen::AngleAxisd(q[1][01;31m[K,[m[K ::Eigen::Vector3d::UnitY()));
[7.155s]       |                                [34m[K~[m[K                      [01;31m[K^[m[K
[7.155s]       |                                                       [32m[K)[m[K
[7.155s] [01m[K/home/evan/code/lidar_slam/lidar_slam/src/slam_learn/src/front_end.cpp:769:57:[m[K [01;31m[Kerror: [m[Kcannot declare member function ‘[01m[KEigen::Matrix<double, 3, 1>::UnitY[m[K’ within ‘[01m[Klidarslam::FrontEnd[m[K’
[7.155s]   769 |         Eigen::AngleAxisd pitch(Eigen::AngleAxisd(q[1], [01;31m[K::[m[KEigen::Vector3d::UnitY()));
[7.155s]       |                                                         [01;31m[K^~[m[K
[7.155s] [01m[K/home/evan/code/lidar_slam/lidar_slam/src/slam_learn/src/front_end.cpp:769:82:[m[K [01;31m[Kerror: [m[Kexpected ‘[01m[K;[m[K’ at end of member declaration
[7.156s]   769 |         Eigen::AngleAxisd pitch(Eigen::AngleAxisd(q[1], ::Eigen::Vector3d::UnitY([01;31m[K)[m[K));
[7.156s]       |                                                                                  [01;31m[K^[m[K
[7.156s]       |                                                                                   [32m[K;[m[K
[7.156s] [01m[K/home/evan/code/lidar_slam/lidar_slam/src/slam_learn/src/front_end.cpp:769:83:[m[K [01;31m[Kerror: [m[Kexpected unqualified-id before ‘[01m[K)[m[K’ token
[7.156s]   769 |         Eigen::AngleAxisd pitch(Eigen::AngleAxisd(q[1], ::Eigen::Vector3d::UnitY()[01;31m[K)[m[K);
[7.156s]       |                                                                                   [01;31m[K^[m[K
[7.156s] [01m[K/home/evan/code/lidar_slam/lidar_slam/src/slam_learn/src/front_end.cpp:770:53:[m[K [01;31m[Kerror: [m[Kexpected ‘[01m[K)[m[K’ before ‘[01m[K,[m[K’ token
[7.156s]   770 |         Eigen::AngleAxisd yaw(Eigen::AngleAxisd[34m[K([m[Kq[2][01;31m[K,[m[K ::Eigen::Vector3d::UnitZ()));
[7.156s]       |                                                [34m[K~[m[K    [01;31m[K^[m[K
[7.156s]       |                                                     [32m[K)[m[K
[7.156s] [01m[K/home/evan/code/lidar_slam/lidar_slam/src/slam_learn/src/front_end.cpp:770:53:[m[K [01;31m[Kerror: [m[Kexpected ‘[01m[K)[m[K’ before ‘[01m[K,[m[K’ token
[7.156s]   770 |         Eigen::AngleAxisd yaw[34m[K([m[KEigen::AngleAxisd(q[2][01;31m[K,[m[K ::Eigen::Vector3d::UnitZ()));
[7.156s]       |                              [34m[K~[m[K                      [01;31m[K^[m[K
[7.156s]       |                                                     [32m[K)[m[K
[7.157s] [01m[K/home/evan/code/lidar_slam/lidar_slam/src/slam_learn/src/front_end.cpp:770:55:[m[K [01;31m[Kerror: [m[Kcannot declare member function ‘[01m[KEigen::Matrix<double, 3, 1>::UnitZ[m[K’ within ‘[01m[Klidarslam::FrontEnd[m[K’
[7.157s]   770 |         Eigen::AngleAxisd yaw(Eigen::AngleAxisd(q[2], [01;31m[K::[m[KEigen::Vector3d::UnitZ()));
[7.157s]       |                                                       [01;31m[K^~[m[K
[7.157s] [01m[K/home/evan/code/lidar_slam/lidar_slam/src/slam_learn/src/front_end.cpp:770:80:[m[K [01;31m[Kerror: [m[Kexpected ‘[01m[K;[m[K’ at end of member declaration
[7.157s]   770 |         Eigen::AngleAxisd yaw(Eigen::AngleAxisd(q[2], ::Eigen::Vector3d::UnitZ([01;31m[K)[m[K));
[7.157s]       |                                                                                [01;31m[K^[m[K
[7.157s]       |                                                                                 [32m[K;[m[K
[7.157s] [01m[K/home/evan/code/lidar_slam/lidar_slam/src/slam_learn/src/front_end.cpp:770:81:[m[K [01;31m[Kerror: [m[Kexpected unqualified-id before ‘[01m[K)[m[K’ token
[7.157s]   770 |         Eigen::AngleAxisd yaw(Eigen::AngleAxisd(q[2], ::Eigen::Vector3d::UnitZ()[01;31m[K)[m[K);
[7.157s]       |                                                                                 [01;31m[K^[m[K
[7.161s] [01m[K/home/evan/code/lidar_slam/lidar_slam/src/slam_learn/src/front_end.cpp:771:9:[m[K [01;31m[Kerror: [m[K‘[01m[Kq_last_curr[m[K’ does not name a type
[7.161s]   771 |         [01;31m[Kq_last_curr[m[K = yaw * pitch * roll;
[7.161s]       |         [01;31m[K^~~~~~~~~~~[m[K
[7.170s] [01m[K/home/evan/code/lidar_slam/lidar_slam/src/slam_learn/src/front_end.cpp:772:9:[m[K [01;31m[Kerror: [m[K‘[01m[Kt_last_curr[m[K’ does not name a type
[7.170s]   772 |         [01;31m[Kt_last_curr[m[K = Eigen::Vector3d(t[0], t[1], t[2]);
[7.170s]       |         [01;31m[K^~~~~~~~~~~[m[K
[7.176s] [01m[K/home/evan/code/lidar_slam/lidar_slam/src/slam_learn/src/front_end.cpp:775:9:[m[K [01;31m[Kerror: [m[K‘[01m[Kt_for_map[m[K’ does not name a type
[7.176s]   775 |         [01;31m[Kt_for_map[m[K = t_for_map + q_for_map * t_last_curr;
[7.176s]       |         [01;31m[K^~~~~~~~~[m[K
[7.182s] [01m[K/home/evan/code/lidar_slam/lidar_slam/src/slam_learn/src/front_end.cpp:776:9:[m[K [01;31m[Kerror: [m[K‘[01m[Kq_for_map[m[K’ does not name a type
[7.182s]   776 |         [01;31m[Kq_for_map[m[K = q_for_map * q_last_curr;
[7.182s]       |         [01;31m[K^~~~~~~~~[m[K
[7.187s] [01m[K/home/evan/code/lidar_slam/lidar_slam/src/slam_learn/src/front_end.cpp:779:9:[m[K [01;31m[Kerror: [m[K‘[01m[Kt_w_curr[m[K’ does not name a type
[7.187s]   779 |         [01;31m[Kt_w_curr[m[K = t_w_curr + q_w_curr * t_last_curr;
[7.187s]       |         [01;31m[K^~~~~~~~[m[K
[7.191s] [01m[K/home/evan/code/lidar_slam/lidar_slam/src/slam_learn/src/front_end.cpp:780:9:[m[K [01;31m[Kerror: [m[K‘[01m[Kq_w_curr[m[K’ does not name a type
[7.192s]   780 |         [01;31m[Kq_w_curr[m[K = q_w_curr * q_last_curr;
[7.192s]       |         [01;31m[K^~~~~~~~[m[K
[7.195s] [01m[K/home/evan/code/lidar_slam/lidar_slam/src/slam_learn/src/front_end.cpp:784:9:[m[K [01;31m[Kerror: [m[K‘[01m[KcloudTmp[m[K’ does not name a type; did you mean ‘[01m[KCloudType[m[K’?
[7.195s]   784 |         [01;31m[KcloudTmp[m[K = cornerLessSharp;
[7.195s]       |         [01;31m[K^~~~~~~~[m[K
[7.195s]       |         [32m[KCloudType[m[K
[7.206s] [01m[K/home/evan/code/lidar_slam/lidar_slam/src/slam_learn/src/front_end.cpp:785:9:[m[K [01;31m[Kerror: [m[K‘[01m[KcornerLessSharp[m[K’ does not name a type
[7.206s]   785 |         [01;31m[KcornerLessSharp[m[K = cornerLast;
[7.206s]       |         [01;31m[K^~~~~~~~~~~~~~~[m[K
[7.211s] [01m[K/home/evan/code/lidar_slam/lidar_slam/src/slam_learn/src/front_end.cpp:786:9:[m[K [01;31m[Kerror: [m[K‘[01m[KcornerLast[m[K’ does not name a type; did you mean ‘[01m[KCornerFactor[m[K’?
[7.211s]   786 |         [01;31m[KcornerLast[m[K = cloudTmp;
[7.211s]       |         [01;31m[K^~~~~~~~~~[m[K
[7.211s]       |         [32m[KCornerFactor[m[K
[7.214s] [01m[K/home/evan/code/lidar_slam/lidar_slam/src/slam_learn/src/front_end.cpp:788:9:[m[K [01;31m[Kerror: [m[K‘[01m[KcloudTmp[m[K’ does not name a type; did you mean ‘[01m[KCloudType[m[K’?
[7.214s]   788 |         [01;31m[KcloudTmp[m[K = surfLessFlat;
[7.215s]       |         [01;31m[K^~~~~~~~[m[K
[7.215s]       |         [32m[KCloudType[m[K
[7.224s] [01m[K/home/evan/code/lidar_slam/lidar_slam/src/slam_learn/src/front_end.cpp:789:9:[m[K [01;31m[Kerror: [m[K‘[01m[KsurfLessFlat[m[K’ does not name a type
[7.224s]   789 |         [01;31m[KsurfLessFlat[m[K = surfLast;
[7.224s]       |         [01;31m[K^~~~~~~~~~~~[m[K
[7.228s] [01m[K/home/evan/code/lidar_slam/lidar_slam/src/slam_learn/src/front_end.cpp:790:9:[m[K [01;31m[Kerror: [m[K‘[01m[KsurfLast[m[K’ does not name a type
[7.228s]   790 |         [01;31m[KsurfLast[m[K = cloudTmp;
[7.229s]       |         [01;31m[K^~~~~~~~[m[K
[7.232s] [01m[K/home/evan/code/lidar_slam/lidar_slam/src/slam_learn/src/front_end.cpp:792:9:[m[K [01;31m[Kerror: [m[K‘[01m[KcloudTmp[m[K’ does not name a type; did you mean ‘[01m[KCloudType[m[K’?
[7.233s]   792 |         [01;31m[KcloudTmp[m[K = groundSurfLessFlat;
[7.233s]       |         [01;31m[K^~~~~~~~[m[K
[7.233s]       |         [32m[KCloudType[m[K
[7.250s] [01m[K/home/evan/code/lidar_slam/lidar_slam/src/slam_learn/src/front_end.cpp:793:9:[m[K [01;31m[Kerror: [m[K‘[01m[KgroundSurfLessFlat[m[K’ does not name a type
[7.250s]   793 |         [01;31m[KgroundSurfLessFlat[m[K = groundSurfLast;
[7.250s]       |         [01;31m[K^~~~~~~~~~~~~~~~~~[m[K
[7.261s] [01m[K/home/evan/code/lidar_slam/lidar_slam/src/slam_learn/src/front_end.cpp:794:9:[m[K [01;31m[Kerror: [m[K‘[01m[KgroundSurfLast[m[K’ does not name a type
[7.262s]   794 |         [01;31m[KgroundSurfLast[m[K = cloudTmp;
[7.262s]       |         [01;31m[K^~~~~~~~~~~~~~[m[K
[7.276s] [01m[K/home/evan/code/lidar_slam/lidar_slam/src/slam_learn/src/front_end.cpp:796:9:[m[K [01;31m[Kerror: [m[K‘[01m[KkdtreeCornerLast[m[K’ does not name a type
[7.276s]   796 |         [01;31m[KkdtreeCornerLast[m[K -> setInputCloud(cornerLast);
[7.276s]       |         [01;31m[K^~~~~~~~~~~~~~~~[m[K
[7.287s] [01m[K/home/evan/code/lidar_slam/lidar_slam/src/slam_learn/src/front_end.cpp:797:9:[m[K [01;31m[Kerror: [m[K‘[01m[KkdtreeSurfLast[m[K’ does not name a type
[7.287s]   797 |         [01;31m[KkdtreeSurfLast[m[K -> setInputCloud(surfLast);
[7.287s]       |         [01;31m[K^~~~~~~~~~~~~~[m[K
[7.301s] [01m[K/home/evan/code/lidar_slam/lidar_slam/src/slam_learn/src/front_end.cpp:798:9:[m[K [01;31m[Kerror: [m[K‘[01m[KkdtreeGroundLast[m[K’ does not name a type
[7.301s]   798 |         [01;31m[KkdtreeGroundLast[m[K -> setInputCloud(groundSurfLast);
[7.301s]       |         [01;31m[K^~~~~~~~~~~~~~~~[m[K
[7.302s] [01m[K/home/evan/code/lidar_slam/lidar_slam/src/slam_learn/src/front_end.cpp:799:6:[m[K [01;31m[Kerror: [m[Kexpected ‘[01m[K;[m[K’ after class definition
[7.302s]   799 |     }
[7.302s]       |      [01;31m[K^[m[K
[7.302s]       |      [32m[K;[m[K
[7.337s] [01m[K/home/evan/code/lidar_slam/lidar_slam/src/slam_learn/src/front_end.cpp:[m[K In member function ‘[01m[Kvoid lidarslam::FrontEnd::run()[m[K’:
[7.337s] [01m[K/home/evan/code/lidar_slam/lidar_slam/src/slam_learn/src/front_end.cpp:210:13:[m[K [01;31m[Kerror: [m[K‘[01m[Kpublish[m[K’ was not declared in this scope
[7.337s]   210 |             [01;31m[Kpublish[m[K();
[7.337s]       |             [01;31m[K^~~~~~~[m[K
[7.413s] [01m[K/home/evan/code/lidar_slam/lidar_slam/src/slam_learn/src/front_end.cpp:[m[K In member function ‘[01m[Kvoid lidarslam::FrontEnd::odometry()[m[K’:
[7.413s] [01m[K/home/evan/code/lidar_slam/lidar_slam/src/slam_learn/src/front_end.cpp:697:50:[m[K [01;31m[Kerror: [m[K‘[01m[KpointSel[m[K’ was not declared in this scope
[7.413s]   697 |                     trans(surfFlat -> points[i], [01;31m[KpointSel[m[K);
[7.413s]       |                                                  [01;31m[K^~~~~~~~[m[K
[7.435s] [01m[K/home/evan/code/lidar_slam/lidar_slam/src/slam_learn/src/front_end.cpp:698:67:[m[K [01;31m[Kerror: [m[K‘[01m[KpointSearchInd[m[K’ was not declared in this scope
[7.435s]   698 |                     kdtreeSurfLast -> nearestKSearch(pointSel, 1, [01;31m[KpointSearchInd[m[K, pointSearchSqDis);
[7.435s]       |                                                                   [01;31m[K^~~~~~~~~~~~~~[m[K
[7.460s] [01m[K/home/evan/code/lidar_slam/lidar_slam/src/slam_learn/src/front_end.cpp:698:83:[m[K [01;31m[Kerror: [m[K‘[01m[KpointSearchSqDis[m[K’ was not declared in this scope
[7.460s]   698 |                     kdtreeSurfLast -> nearestKSearch(pointSel, 1, pointSearchInd, [01;31m[KpointSearchSqDis[m[K);
[7.460s]       |                                                                                   [01;31m[K^~~~~~~~~~~~~~~~[m[K
[7.469s] [01m[K/home/evan/code/lidar_slam/lidar_slam/src/slam_learn/src/front_end.cpp:745:91:[m[K [01;31m[Kerror: [m[K‘[01m[Kqyx[m[K’ was not declared in this scope
[7.470s]   745 |                                     curr_point, last_point_a, last_point_b, last_point_c, [01;31m[Kqyx[m[K, t[2]);
[7.470s]       |                                                                                           [01;31m[K^~~[m[K
[7.479s] [01m[K/home/evan/code/lidar_slam/lidar_slam/src/slam_learn/src/front_end.cpp:746:29:[m[K [01;31m[Kerror: [m[K‘[01m[Kproblem[m[K’ was not declared in this scope
[7.480s]   746 |                             [01;31m[Kproblem[m[K.AddResidualBlock(cost_function, loss_function, q + 2, t);
[7.480s]       |                             [01;31m[K^~~~~~~[m[K
[7.491s] [01m[K/home/evan/code/lidar_slam/lidar_slam/src/slam_learn/src/front_end.cpp:746:69:[m[K [01;31m[Kerror: [m[K‘[01m[Kloss_function[m[K’ was not declared in this scope; did you mean ‘[01m[Kcost_function[m[K’?
[7.491s]   746 |                             problem.AddResidualBlock(cost_function, [01;31m[Kloss_function[m[K, q + 2, t);
[7.491s]       |                                                                     [01;31m[K^~~~~~~~~~~~~[m[K
[7.491s]       |                                                                     [32m[Kcost_function[m[K
[7.498s] [01m[K/home/evan/code/lidar_slam/lidar_slam/src/slam_learn/src/front_end.cpp:747:29:[m[K [01;31m[Kerror: [m[K‘[01m[Ksurf[m[K’ was not declared in this scope
[7.498s]   747 |                             [01;31m[Ksurf[m[K++;
[7.498s]       |                             [01;31m[K^~~~[m[K
[7.508s] [01m[K/home/evan/code/lidar_slam/lidar_slam/src/slam_learn/src/front_end.cpp:758:40:[m[K [01;31m[Kerror: [m[K‘[01m[Kproblem[m[K’ was not declared in this scope
[7.508s]   758 |                 ceres::Solve(options, &[01;31m[Kproblem[m[K, &summary);
[7.508s]       |                                        [01;31m[K^~~~~~~[m[K
[7.517s] In file included from [01m[K/opt/ros/humble/include/rclcpp/rclcpp/logging.hpp:24[m[K,
[7.517s]                  from [01m[K/opt/ros/humble/include/rclcpp/rclcpp/client.hpp:40[m[K,
[7.517s]                  from [01m[K/opt/ros/humble/include/rclcpp/rclcpp/callback_group.hpp:24[m[K,
[7.517s]                  from [01m[K/opt/ros/humble/include/rclcpp/rclcpp/any_executable.hpp:20[m[K,
[7.518s]                  from [01m[K/opt/ros/humble/include/rclcpp/rclcpp/memory_strategy.hpp:25[m[K,
[7.518s]                  from [01m[K/opt/ros/humble/include/rclcpp/rclcpp/memory_strategies.hpp:18[m[K,
[7.518s]                  from [01m[K/opt/ros/humble/include/rclcpp/rclcpp/executor_options.hpp:20[m[K,
[7.518s]                  from [01m[K/opt/ros/humble/include/rclcpp/rclcpp/executor.hpp:37[m[K,
[7.518s]                  from [01m[K/opt/ros/humble/include/rclcpp/rclcpp/executors/multi_threaded_executor.hpp:25[m[K,
[7.518s]                  from [01m[K/opt/ros/humble/include/rclcpp/rclcpp/executors.hpp:21[m[K,
[7.518s]                  from [01m[K/opt/ros/humble/include/rclcpp/rclcpp/rclcpp.hpp:155[m[K,
[7.518s]                  from [01m[K/home/evan/code/lidar_slam/lidar_slam/src/slam_learn/include/slam_learn/slam_utils.h:20[m[K,
[7.518s]                  from [01m[K/home/evan/code/lidar_slam/lidar_slam/src/slam_learn/src/front_end.cpp:1[m[K:
[7.518s] [01m[K/home/evan/code/lidar_slam/lidar_slam/src/slam_learn/src/front_end.cpp:762:81:[m[K [01;31m[Kerror: [m[K‘[01m[Kcorner[m[K’ was not declared in this scope
[7.518s]   762 |                 RCLCPP_INFO(this -> get_logger(), "corner num:%d, surf num:%d", [01;31m[Kcorner[m[K, surf);
[7.518s]       |                                                                                 [01;31m[K^~~~~~[m[K
[7.525s] [01m[K/home/evan/code/lidar_slam/lidar_slam/src/slam_learn/src/front_end.cpp:762:89:[m[K [01;31m[Kerror: [m[K‘[01m[Ksurf[m[K’ was not declared in this scope
[7.525s]   762 |                 RCLCPP_INFO(this -> get_logger(), "corner num:%d, surf num:%d", corner, [01;31m[Ksurf[m[K);
[7.526s]       |                                                                                         [01;31m[K^~~~[m[K
[7.542s] [01m[K/home/evan/code/lidar_slam/lidar_slam/src/slam_learn/src/front_end.cpp:[m[K In function ‘[01m[Kvoid lidarslam::publish()[m[K’:
[7.542s] [01m[K/home/evan/code/lidar_slam/lidar_slam/src/slam_learn/src/front_end.cpp:808:27:[m[K [01;31m[Kerror: [m[K‘[01m[Kmap_frequency[m[K’ was not declared in this scope
[7.542s]   808 |         if(cycle_count == [01;31m[Kmap_frequency[m[K){
[7.542s]       |                           [01;31m[K^~~~~~~~~~~~~[m[K
[7.552s] [01m[K/home/evan/code/lidar_slam/lidar_slam/src/slam_learn/src/front_end.cpp:811:13:[m[K [01;31m[Kerror: [m[K‘[01m[Kall_cloud[m[K’ was not declared in this scope
[7.552s]   811 |             [01;31m[Kall_cloud[m[K.header = seg_msg.header;
[7.552s]       |             [01;31m[K^~~~~~~~~[m[K
[7.558s] [01m[K/home/evan/code/lidar_slam/lidar_slam/src/slam_learn/src/front_end.cpp:811:32:[m[K [01;31m[Kerror: [m[K‘[01m[Kseg_msg[m[K’ was not declared in this scope
[7.558s]   811 |             all_cloud.header = [01;31m[Kseg_msg[m[K.header;
[7.558s]       |                                [01;31m[K^~~~~~~[m[K
[7.568s] [01m[K/home/evan/code/lidar_slam/lidar_slam/src/slam_learn/src/front_end.cpp:813:44:[m[K [01;31m[Kerror: [m[K‘[01m[Kt_for_map[m[K’ was not declared in this scope
[7.568s]   813 |             all_cloud.trans_form.push_back([01;31m[Kt_for_map[m[K.x());
[7.568s]       |                                            [01;31m[K^~~~~~~~~[m[K
[7.576s] [01m[K/home/evan/code/lidar_slam/lidar_slam/src/slam_learn/src/front_end.cpp:816:44:[m[K [01;31m[Kerror: [m[K‘[01m[Kq_for_map[m[K’ was not declared in this scope
[7.577s]   816 |             all_cloud.trans_form.push_back([01;31m[Kq_for_map[m[K.x());
[7.577s]       |                                            [01;31m[K^~~~~~~~~[m[K
[7.586s] [01m[K/home/evan/code/lidar_slam/lidar_slam/src/slam_learn/src/front_end.cpp:820:32:[m[K [01;31m[Kerror: [m[K‘[01m[KcornerLast[m[K’ was not declared in this scope; did you mean ‘[01m[KCornerFactor[m[K’?
[7.586s]   820 |             pointType2MsgPoint([01;31m[KcornerLast[m[K, all_cloud.corner_less_sharp);
[7.586s]       |                                [01;31m[K^~~~~~~~~~[m[K
[7.586s]       |                                [32m[KCornerFactor[m[K
[7.606s] [01m[K/home/evan/code/lidar_slam/lidar_slam/src/slam_learn/src/front_end.cpp:820:13:[m[K [01;31m[Kerror: [m[K‘[01m[KpointType2MsgPoint[m[K’ was not declared in this scope
[7.606s]   820 |             [01;31m[KpointType2MsgPoint[m[K(cornerLast, all_cloud.corner_less_sharp);
[7.606s]       |             [01;31m[K^~~~~~~~~~~~~~~~~~[m[K
[7.613s] [01m[K/home/evan/code/lidar_slam/lidar_slam/src/slam_learn/src/front_end.cpp:821:32:[m[K [01;31m[Kerror: [m[K‘[01m[KsurfLast[m[K’ was not declared in this scope
[7.613s]   821 |             pointType2MsgPoint([01;31m[KsurfLast[m[K, all_cloud.surf_less_flat);
[7.613s]       |                                [01;31m[K^~~~~~~~[m[K
[7.630s] [01m[K/home/evan/code/lidar_slam/lidar_slam/src/slam_learn/src/front_end.cpp:822:32:[m[K [01;31m[Kerror: [m[K‘[01m[KgroundSurfLast[m[K’ was not declared in this scope
[7.630s]   822 |             pointType2MsgPoint([01;31m[KgroundSurfLast[m[K, all_cloud.ground_less_flat);
[7.630s]       |                                [01;31m[K^~~~~~~~~~~~~~[m[K
[7.643s] [01m[K/home/evan/code/lidar_slam/lidar_slam/src/slam_learn/src/front_end.cpp:827:13:[m[K [01;31m[Kerror: [m[K‘[01m[KpubAllCloud[m[K’ was not declared in this scope
[7.643s]   827 |             [01;31m[KpubAllCloud[m[K -> publish(all_cloud);
[7.643s]       |             [01;31m[K^~~~~~~~~~~[m[K
[7.662s] [01m[K/home/evan/code/lidar_slam/lidar_slam/src/slam_learn/src/front_end.cpp:830:10:[m[K [01;31m[Kerror: [m[K‘[01m[KfrontEndGlobalMap[m[K’ was not declared in this scope
[7.662s]   830 |         *[01;31m[KfrontEndGlobalMap[m[K += cloudToWorld(surfLast);
[7.662s]       |          [01;31m[K^~~~~~~~~~~~~~~~~[m[K
[7.671s] [01m[K/home/evan/code/lidar_slam/lidar_slam/src/slam_learn/src/front_end.cpp:830:44:[m[K [01;31m[Kerror: [m[K‘[01m[KsurfLast[m[K’ was not declared in this scope
[7.671s]   830 |         *frontEndGlobalMap += cloudToWorld([01;31m[KsurfLast[m[K);
[7.671s]       |                                            [01;31m[K^~~~~~~~[m[K
[7.683s] [01m[K/home/evan/code/lidar_slam/lidar_slam/src/slam_learn/src/front_end.cpp:830:31:[m[K [01;31m[Kerror: [m[K‘[01m[KcloudToWorld[m[K’ was not declared in this scope
[7.683s]   830 |         *frontEndGlobalMap += [01;31m[KcloudToWorld[m[K(surfLast);
[7.683s]       |                               [01;31m[K^~~~~~~~~~~~[m[K
[7.698s] [01m[K/home/evan/code/lidar_slam/lidar_slam/src/slam_learn/src/front_end.cpp:831:44:[m[K [01;31m[Kerror: [m[K‘[01m[KgroundSurfLast[m[K’ was not declared in this scope
[7.698s]   831 |         *frontEndGlobalMap += cloudToWorld([01;31m[KgroundSurfLast[m[K);
[7.698s]       |                                            [01;31m[K^~~~~~~~~~~~~~[m[K
[7.725s] [01m[K/home/evan/code/lidar_slam/lidar_slam/src/slam_learn/src/front_end.cpp:833:9:[m[K [01;31m[Kerror: [m[K‘[01m[KfrontEndGlobalMapFilter[m[K’ was not declared in this scope
[7.726s]   833 |         [01;31m[KfrontEndGlobalMapFilter[m[K -> setInputCloud(frontEndGlobalMap);
[7.726s]       |         [01;31m[K^~~~~~~~~~~~~~~~~~~~~~~[m[K
[7.751s] [01m[K/home/evan/code/lidar_slam/lidar_slam/src/slam_learn/src/front_end.cpp:838:12:[m[K [01;31m[Kerror: [m[K‘[01m[KpubFrontEndGlobalMap[m[K’ was not declared in this scope
[7.751s]   838 |         if([01;31m[KpubFrontEndGlobalMap[m[K -> get_subscription_count() != 0){
[7.751s]       |            [01;31m[K^~~~~~~~~~~~~~~~~~~~[m[K
[7.759s] [01m[K/home/evan/code/lidar_slam/lidar_slam/src/slam_learn/src/front_end.cpp:850:49:[m[K [01;31m[Kerror: [m[K‘[01m[Kq_w_curr[m[K’ was not declared in this scope
[7.760s]   850 |         laserOdometry.pose.pose.orientation.x = [01;31m[Kq_w_curr[m[K.x();
[7.760s]       |                                                 [01;31m[K^~~~~~~~[m[K
[7.769s] [01m[K/home/evan/code/lidar_slam/lidar_slam/src/slam_learn/src/front_end.cpp:854:46:[m[K [01;31m[Kerror: [m[K‘[01m[Kt_w_curr[m[K’ was not declared in this scope
[7.769s]   854 |         laserOdometry.pose.pose.position.x = [01;31m[Kt_w_curr[m[K.x();
[7.769s]       |                                              [01;31m[K^~~~~~~~[m[K
[7.770s] [01m[K/home/evan/code/lidar_slam/lidar_slam/src/slam_learn/src/front_end.cpp:861:9:[m[K [01;31m[Kerror: [m[K‘[01m[Kpath[m[K’ was not declared in this scope; did you mean ‘[01m[Krcpputils::fs::path[m[K’?
[7.771s]   861 |         [01;31m[Kpath[m[K.poses.push_back(laserPose);
[7.771s]       |         [01;31m[K^~~~[m[K
[7.771s]       |         [32m[Krcpputils::fs::path[m[K
[7.771s] In file included from [01m[K/opt/ros/humble/include/rclcpp/rclcpp/logger.hpp:25[m[K,
[7.771s]                  from [01m[K/opt/ros/humble/include/rclcpp/rclcpp/logging.hpp:23[m[K,
[7.771s]                  from [01m[K/opt/ros/humble/include/rclcpp/rclcpp/client.hpp:40[m[K,
[7.771s]                  from [01m[K/opt/ros/humble/include/rclcpp/rclcpp/callback_group.hpp:24[m[K,
[7.771s]                  from [01m[K/opt/ros/humble/include/rclcpp/rclcpp/any_executable.hpp:20[m[K,
[7.771s]                  from [01m[K/opt/ros/humble/include/rclcpp/rclcpp/memory_strategy.hpp:25[m[K,
[7.771s]                  from [01m[K/opt/ros/humble/include/rclcpp/rclcpp/memory_strategies.hpp:18[m[K,
[7.771s]                  from [01m[K/opt/ros/humble/include/rclcpp/rclcpp/executor_options.hpp:20[m[K,
[7.771s]                  from [01m[K/opt/ros/humble/include/rclcpp/rclcpp/executor.hpp:37[m[K,
[7.771s]                  from [01m[K/opt/ros/humble/include/rclcpp/rclcpp/executors/multi_threaded_executor.hpp:25[m[K,
[7.771s]                  from [01m[K/opt/ros/humble/include/rclcpp/rclcpp/executors.hpp:21[m[K,
[7.771s]                  from [01m[K/opt/ros/humble/include/rclcpp/rclcpp/rclcpp.hpp:155[m[K,
[7.772s]                  from [01m[K/home/evan/code/lidar_slam/lidar_slam/src/slam_learn/include/slam_learn/slam_utils.h:20[m[K,
[7.772s]                  from [01m[K/home/evan/code/lidar_slam/lidar_slam/src/slam_learn/src/front_end.cpp:1[m[K:
[7.772s] [01m[K/opt/ros/humble/include/rcpputils/rcpputils/filesystem_helper.hpp:74:7:[m[K [01;36m[Knote: [m[K‘[01m[Krcpputils::fs::path[m[K’ declared here
[7.772s]    74 | class [01;36m[Kpath[m[K
[7.772s]       |       [01;36m[K^~~~[m[K
[7.776s] [01m[K/home/evan/code/lidar_slam/lidar_slam/src/slam_learn/src/front_end.cpp:864:9:[m[K [01;31m[Kerror: [m[K‘[01m[KpubPath[m[K’ was not declared in this scope
[7.776s]   864 |         [01;31m[KpubPath[m[K -> publish(path);
[7.776s]       |         [01;31m[K^~~~~~~[m[K
[7.787s] [01m[K/home/evan/code/lidar_slam/lidar_slam/src/slam_learn/src/front_end.cpp:[m[K In function ‘[01m[Klidarslam::CloudType lidarslam::cloudToWorld(lidarslam::CloudTypePtr)[m[K’:
[7.787s] [01m[K/home/evan/code/lidar_slam/lidar_slam/src/slam_learn/src/front_end.cpp:891:17:[m[K [01;31m[Kerror: [m[K‘[01m[Kq_w_curr[m[K’ was not declared in this scope
[7.787s]   891 |             p = [01;31m[Kq_w_curr[m[K * p + t_w_curr;
[7.787s]       |                 [01;31m[K^~~~~~~~[m[K
[7.794s] [01m[K/home/evan/code/lidar_slam/lidar_slam/src/slam_learn/src/front_end.cpp:891:32:[m[K [01;31m[Kerror: [m[K‘[01m[Kt_w_curr[m[K’ was not declared in this scope
[7.794s]   891 |             p = q_w_curr * p + [01;31m[Kt_w_curr[m[K;
[7.794s]       |                                [01;31m[K^~~~~~~~[m[K
[7.795s] [01m[K/home/evan/code/lidar_slam/lidar_slam/src/slam_learn/src/front_end.cpp:[m[K At global scope:
[7.795s] [01m[K/home/evan/code/lidar_slam/lidar_slam/src/slam_learn/src/front_end.cpp:904:1:[m[K [01;31m[Kerror: [m[Kexpected declaration before ‘[01m[K}[m[K’ token
[7.795s]   904 | [01;31m[K}[m[K // lidarslam
[7.795s]       | [01;31m[K^[m[K
[14.182s] gmake[2]: *** [CMakeFiles/front_end_node.dir/build.make:76: CMakeFiles/front_end_node.dir/src/front_end.cpp.o] Error 1
[14.184s] gmake[1]: *** [CMakeFiles/Makefile2:167: CMakeFiles/front_end_node.dir/all] Error 2
[14.184s] gmake: *** [Makefile:146: all] Error 2
[14.187s] Invoked command in '/home/evan/code/lidar_slam/lidar_slam/build/slam_learn' returned '2': CMAKE_PREFIX_PATH=/home/evan/code/lidar_slam/lidar_slam/install/other_msgs:/home/evan/code/lidar_slam/lidar_slam/install/slam_learn:/home/evan/code/lego-loam/lego/install/lego_loam_sr:/home/evan/code/lego-loam/lego/install/cloud_msgs:/home/evan/code/ndt-loc/install/radar-odometry:/home/evan/code/ndt-loc/install/radar-data:/home/evan/code/ndt-loc/install/ndt-lidar-radar:/home/evan/code/ndt-loc/install/map:/home/evan/code/ndt-loc/install/data-publisher:/home/evan/code/ndt-loc/install/cloud_msgs:/home/evan/code/ndt-loc/install/a-loam:/opt/ros/humble /usr/bin/cmake --build /home/evan/code/lidar_slam/lidar_slam/build/slam_learn -- -j4 -l4
