[35m[1mConsolidate compiler generated dependencies of target other_msgs__rosidl_generator_c[0m
[ 10%] Built target other_msgs__rosidl_generator_c
[ 10%] Built target ament_cmake_python_copy_other_msgs
[35m[1mConsolidate compiler generated dependencies of target other_msgs__rosidl_typesupport_introspection_c[0m
[ 21%] Built target other_msgs__rosidl_typesupport_introspection_c
[35m[1mConsolidate compiler generated dependencies of target other_msgs__rosidl_typesupport_c[0m
[ 31%] Built target other_msgs__rosidl_typesupport_c
running egg_info
writing other_msgs.egg-info/PKG-INFO
writing dependency_links to other_msgs.egg-info/dependency_links.txt
writing top-level names to other_msgs.egg-info/top_level.txt
reading manifest file 'other_msgs.egg-info/SOURCES.txt'
writing manifest file 'other_msgs.egg-info/SOURCES.txt'
[ 31%] Built target ament_cmake_python_build_other_msgs_egg
[35m[1mConsolidate compiler generated dependencies of target other_msgs__rosidl_typesupport_fastrtps_c[0m
[ 42%] Built target other_msgs__rosidl_typesupport_fastrtps_c
[ 44%] Built target other_msgs__cpp
[35m[1mConsolidate compiler generated dependencies of target other_msgs__rosidl_typesupport_fastrtps_cpp[0m
[ 55%] Built target other_msgs__rosidl_typesupport_fastrtps_cpp
[35m[1mConsolidate compiler generated dependencies of target other_msgs__rosidl_typesupport_cpp[0m
[ 65%] Built target other_msgs__rosidl_typesupport_cpp
[35m[1mConsolidate compiler generated dependencies of target other_msgs__rosidl_typesupport_introspection_cpp[0m
[ 76%] Built target other_msgs__rosidl_typesupport_introspection_cpp
[ 76%] Built target other_msgs
[ 78%] Built target other_msgs__py
[35m[1mConsolidate compiler generated dependencies of target other_msgs__rosidl_generator_py[0m
[ 87%] Built target other_msgs__rosidl_generator_py
[35m[1mConsolidate compiler generated dependencies of target other_msgs__rosidl_typesupport_fastrtps_c__pyext[0m
[ 91%] Built target other_msgs__rosidl_typesupport_fastrtps_c__pyext
[35m[1mConsolidate compiler generated dependencies of target other_msgs__rosidl_typesupport_c__pyext[0m
[ 95%] Built target other_msgs__rosidl_typesupport_c__pyext
[35m[1mConsolidate compiler generated dependencies of target other_msgs__rosidl_typesupport_introspection_c__pyext[0m
[100%] Built target other_msgs__rosidl_typesupport_introspection_c__pyext
