[0.073s] Invoking command in '/home/evan/code/lidar_slam/lidar_slam/build/other_msgs': CMAKE_PREFIX_PATH=${CMAKE_PREFIX_PATH}:/opt/ros/humble /usr/bin/cmake --build /home/evan/code/lidar_slam/lidar_slam/build/other_msgs -- -j4 -l4
[0.299s] [35m[1mConsolidate compiler generated dependencies of target other_msgs__rosidl_generator_c[0m
[0.314s] [ 10%] Built target other_msgs__rosidl_generator_c
[0.487s] [ 10%] Built target ament_cmake_python_copy_other_msgs
[0.684s] [35m[1mConsolidate compiler generated dependencies of target other_msgs__rosidl_typesupport_introspection_c[0m
[0.699s] [ 21%] Built target other_msgs__rosidl_typesupport_introspection_c
[0.846s] [35m[1mConsolidate compiler generated dependencies of target other_msgs__rosidl_typesupport_c[0m
[0.860s] [ 31%] Built target other_msgs__rosidl_typesupport_c
[1.155s] running egg_info
[1.156s] writing other_msgs.egg-info/PKG-INFO
[1.157s] writing dependency_links to other_msgs.egg-info/dependency_links.txt
[1.157s] writing top-level names to other_msgs.egg-info/top_level.txt
[1.159s] reading manifest file 'other_msgs.egg-info/SOURCES.txt'
[1.190s] writing manifest file 'other_msgs.egg-info/SOURCES.txt'
[1.219s] [ 31%] Built target ament_cmake_python_build_other_msgs_egg
[1.334s] [35m[1mConsolidate compiler generated dependencies of target other_msgs__rosidl_typesupport_fastrtps_c[0m
[1.351s] [ 42%] Built target other_msgs__rosidl_typesupport_fastrtps_c
[1.375s] [ 44%] Built target other_msgs__cpp
[1.600s] [35m[1mConsolidate compiler generated dependencies of target other_msgs__rosidl_typesupport_fastrtps_cpp[0m
[1.619s] [ 55%] Built target other_msgs__rosidl_typesupport_fastrtps_cpp
[1.694s] [35m[1mConsolidate compiler generated dependencies of target other_msgs__rosidl_typesupport_cpp[0m
[1.707s] [ 65%] Built target other_msgs__rosidl_typesupport_cpp
[1.832s] [35m[1mConsolidate compiler generated dependencies of target other_msgs__rosidl_typesupport_introspection_cpp[0m
[1.855s] [ 76%] Built target other_msgs__rosidl_typesupport_introspection_cpp
[1.878s] [ 76%] Built target other_msgs
[1.901s] [ 78%] Built target other_msgs__py
[2.027s] [35m[1mConsolidate compiler generated dependencies of target other_msgs__rosidl_generator_py[0m
[2.046s] [ 87%] Built target other_msgs__rosidl_generator_py
[2.162s] [35m[1mConsolidate compiler generated dependencies of target other_msgs__rosidl_typesupport_fastrtps_c__pyext[0m
[2.178s] [ 91%] Built target other_msgs__rosidl_typesupport_fastrtps_c__pyext
[2.262s] [35m[1mConsolidate compiler generated dependencies of target other_msgs__rosidl_typesupport_c__pyext[0m
[2.278s] [ 95%] Built target other_msgs__rosidl_typesupport_c__pyext
[2.350s] [35m[1mConsolidate compiler generated dependencies of target other_msgs__rosidl_typesupport_introspection_c__pyext[0m
[2.365s] [100%] Built target other_msgs__rosidl_typesupport_introspection_c__pyext
