[ 33%] Built target data_process_test
[ 66%] Built target data_process_node
[35m[1mConsolidate compiler generated dependencies of target front_end_node[0m
[ 83%] [32mBuilding CXX object CMakeFiles/front_end_node.dir/src/front_end.cpp.o[0m
In file included from [01m[K/usr/include/eigen3/Eigen/Core:257[m[K,
                 from [01m[K/usr/include/eigen3/Eigen/Dense:1[m[K,
                 from [01m[K/home/evan/code/lidar_slam/lidar_slam/src/slam_learn/include/slam_learn/slam_utils.h:15[m[K,
                 from [01m[K/home/evan/code/lidar_slam/lidar_slam/src/slam_learn/src/front_end.cpp:1[m[K:
/usr/include/eigen3/Eigen/src/Core/functors/AssignmentFunctors.h: In instantiation of ‘[01m[Kvoid Eigen::internal::assign_op<DstScalar, SrcScalar>::assignCoeff(DstScalar&, const SrcScalar&) const [with DstScalar = ceres::Jet<double, 6>; SrcScalar = double][m[K’:
[01m[K/usr/include/eigen3/Eigen/src/Core/AssignEvaluator.h:660:26:[m[K   required from ‘[01m[Kvoid Eigen::internal::generic_dense_assignment_kernel<DstEvaluatorTypeT, SrcEvaluatorTypeT, Functor, Version>::assignCoeff(Eigen::Index) [with DstEvaluatorTypeT = Eigen::internal::evaluator<Eigen::Matrix<ceres::Jet<double, 6>, 3, 1, 0, 3, 1> >; SrcEvaluatorTypeT = Eigen::internal::evaluator<Eigen::Block<const Eigen::CwiseNullaryOp<Eigen::internal::scalar_identity_op<double>, Eigen::Matrix<double, 3, 3> >, 3, 1, false> >; Functor = Eigen::internal::assign_op<ceres::Jet<double, 6>, double>; int Version = 0; Eigen::Index = long int][m[K’
[01m[K/usr/include/eigen3/Eigen/src/Core/AssignEvaluator.h:247:23:[m[K   required from ‘[01m[Kstatic void Eigen::internal::copy_using_evaluator_LinearTraversal_CompleteUnrolling<Kernel, Index, Stop>::run(Kernel&) [with Kernel = Eigen::internal::generic_dense_assignment_kernel<Eigen::internal::evaluator<Eigen::Matrix<ceres::Jet<double, 6>, 3, 1, 0, 3, 1> >, Eigen::internal::evaluator<Eigen::Block<const Eigen::CwiseNullaryOp<Eigen::internal::scalar_identity_op<double>, Eigen::Matrix<double, 3, 3> >, 3, 1, false> >, Eigen::internal::assign_op<ceres::Jet<double, 6>, double>, 0>; int Index = 0; int Stop = 3][m[K’
[01m[K/usr/include/eigen3/Eigen/src/Core/AssignEvaluator.h:528:106:[m[K   required from ‘[01m[Kstatic void Eigen::internal::dense_assignment_loop<Kernel, 1, 2>::run(Kernel&) [with Kernel = Eigen::internal::generic_dense_assignment_kernel<Eigen::internal::evaluator<Eigen::Matrix<ceres::Jet<double, 6>, 3, 1, 0, 3, 1> >, Eigen::internal::evaluator<Eigen::Block<const Eigen::CwiseNullaryOp<Eigen::internal::scalar_identity_op<double>, Eigen::Matrix<double, 3, 3> >, 3, 1, false> >, Eigen::internal::assign_op<ceres::Jet<double, 6>, double>, 0>][m[K’
[01m[K/usr/include/eigen3/Eigen/src/Core/AssignEvaluator.h:785:37:[m[K   required from ‘[01m[Kvoid Eigen::internal::call_dense_assignment_loop(DstXprType&, const SrcXprType&, const Functor&) [with DstXprType = Eigen::Matrix<ceres::Jet<double, 6>, 3, 1, 0, 3, 1>; SrcXprType = Eigen::Block<const Eigen::CwiseNullaryOp<Eigen::internal::scalar_identity_op<double>, Eigen::Matrix<double, 3, 3> >, 3, 1, false>; Functor = Eigen::internal::assign_op<ceres::Jet<double, 6>, double>][m[K’
[01m[K/usr/include/eigen3/Eigen/src/Core/AssignEvaluator.h:954:31:[m[K   required from ‘[01m[Kstatic void Eigen::internal::Assignment<DstXprType, SrcXprType, Functor, Eigen::internal::Dense2Dense, Weak>::run(DstXprType&, const SrcXprType&, const Functor&) [with DstXprType = Eigen::Matrix<ceres::Jet<double, 6>, 3, 1, 0, 3, 1>; SrcXprType = Eigen::Block<const Eigen::CwiseNullaryOp<Eigen::internal::scalar_identity_op<double>, Eigen::Matrix<double, 3, 3> >, 3, 1, false>; Functor = Eigen::internal::assign_op<ceres::Jet<double, 6>, double>; Weak = void][m[K’
[01m[K/usr/include/eigen3/Eigen/src/Core/AssignEvaluator.h:890:49:[m[K   [ skipping 6 instantiation contexts, use -ftemplate-backtrace-limit=0 to disable ]
[01m[K/usr/local/include/ceres/internal/variadic_evaluate.h:55:17:[m[K   required from ‘[01m[Kbool ceres::internal::VariadicEvaluateImpl(const Functor&, const T* const*, T*, std::false_type, std::integer_sequence<int, Indices ...>) [with Functor = lidarslam::GroundPlaneFactor; T = ceres::Jet<double, 6>; int ...Indices = {0, 1}; std::false_type = std::integral_constant<bool, false>][m[K’
[01m[K/usr/local/include/ceres/internal/variadic_evaluate.h:77:30:[m[K   required from ‘[01m[Kbool ceres::internal::VariadicEvaluateImpl(const Functor&, const T* const*, T*, const void*) [with ParameterDims = ceres::internal::ParameterDims<false, 3, 3>; Functor = lidarslam::GroundPlaneFactor; T = ceres::Jet<double, 6>][m[K’
[01m[K/usr/local/include/ceres/internal/variadic_evaluate.h:106:45:[m[K   required from ‘[01m[Kbool ceres::internal::VariadicEvaluate(const Functor&, const T* const*, T*) [with ParameterDims = ceres::internal::ParameterDims<false, 3, 3>; Functor = lidarslam::GroundPlaneFactor; T = ceres::Jet<double, 6>][m[K’
[01m[K/usr/local/include/ceres/internal/autodiff.h:349:39:[m[K   required from ‘[01m[Kbool ceres::internal::AutoDifferentiate(const Functor&, const T* const*, int, T*, T**) [with int kNumResiduals = 1; ParameterDims = ceres::internal::ParameterDims<false, 3, 3>; Functor = lidarslam::GroundPlaneFactor; T = double][m[K’
[01m[K/usr/local/include/ceres/autodiff_cost_function.h:211:69:[m[K   required from ‘[01m[Kbool ceres::AutoDiffCostFunction<CostFunctor, kNumResiduals, Ns>::Evaluate(const double* const*, double*, double**) const [with CostFunctor = lidarslam::GroundPlaneFactor; int kNumResiduals = 1; int ...Ns = {3, 3}][m[K’
[01m[K/usr/local/include/ceres/autodiff_cost_function.h:201:8:[m[K   required from here
[01m[K/usr/include/eigen3/Eigen/src/Core/functors/AssignmentFunctors.h:24:102:[m[K [01;31m[Kerror: [m[Kno match for ‘[01m[Koperator=[m[K’ (operand types are ‘[01m[Kceres::Jet<double, 6>[m[K’ and ‘[01m[Kconst double[m[K’)
   24 |   EIGEN_DEVICE_FUNC EIGEN_STRONG_INLINE void assignCoeff(DstScalar& a, const SrcScalar& b) const { [01;31m[Ka = b[m[K; }
      |                                                                                                    [01;31m[K~~^~~[m[K
In file included from [01m[K/usr/local/include/ceres/internal/autodiff.h:152[m[K,
                 from [01m[K/usr/local/include/ceres/autodiff_cost_function.h:130[m[K,
                 from [01m[K/usr/local/include/ceres/ceres.h:37[m[K,
                 from [01m[K/home/evan/code/lidar_slam/lidar_slam/src/slam_learn/include/slam_learn/slam_utils.h:32[m[K,
                 from [01m[K/home/evan/code/lidar_slam/lidar_slam/src/slam_learn/src/front_end.cpp:1[m[K:
[01m[K/usr/local/include/ceres/jet.h:211:8:[m[K [01;36m[Knote: [m[Kcandidate: ‘[01m[Kceres::Jet<double, 6>& ceres::Jet<double, 6>::operator=(const ceres::Jet<double, 6>&)[m[K’
  211 | struct [01;36m[KJet[m[K {
      |        [01;36m[K^~~[m[K
[01m[K/usr/local/include/ceres/jet.h:211:8:[m[K [01;36m[Knote: [m[K  no known conversion for argument 1 from ‘[01m[Kconst double[m[K’ to ‘[01m[Kconst ceres::Jet<double, 6>&[m[K’
[01m[K/usr/local/include/ceres/jet.h:211:8:[m[K [01;36m[Knote: [m[Kcandidate: ‘[01m[Kceres::Jet<double, 6>& ceres::Jet<double, 6>::operator=(ceres::Jet<double, 6>&&)[m[K’
[01m[K/usr/local/include/ceres/jet.h:211:8:[m[K [01;36m[Knote: [m[K  no known conversion for argument 1 from ‘[01m[Kconst double[m[K’ to ‘[01m[Kceres::Jet<double, 6>&&[m[K’
gmake[2]: *** [CMakeFiles/front_end_node.dir/build.make:76: CMakeFiles/front_end_node.dir/src/front_end.cpp.o] Error 1
gmake[1]: *** [CMakeFiles/Makefile2:167: CMakeFiles/front_end_node.dir/all] Error 2
gmake: *** [Makefile:146: all] Error 2
