[0.468s] DEBUG:colcon:Command line arguments: ['/usr/bin/colcon', 'build', '--packages-select', 'slam_learn']
[0.468s] DEBUG:colcon:Parsed command line arguments: Namespace(log_base=None, log_level=None, verb_name='build', build_base='build', install_base='install', merge_install=False, symlink_install=False, test_result_base=None, continue_on_error=False, executor='parallel', parallel_workers=4, event_handlers=None, ignore_user_meta=False, metas=['./colcon.meta'], base_paths=['.'], packages_ignore=None, packages_ignore_regex=None, paths=None, packages_up_to=None, packages_up_to_regex=None, packages_above=None, packages_above_and_dependencies=None, packages_above_depth=None, packages_select_by_dep=None, packages_skip_by_dep=None, packages_skip_up_to=None, packages_select_build_failed=False, packages_skip_build_finished=False, packages_select_test_failures=False, packages_skip_test_passed=False, packages_select=['slam_learn'], packages_skip=None, packages_select_regex=None, packages_skip_regex=None, packages_start=None, packages_end=None, allow_overriding=[], cmake_args=None, cmake_target=None, cmake_target_skip_unavailable=False, cmake_clean_cache=False, cmake_clean_first=False, cmake_force_configure=False, ament_cmake_args=None, catkin_cmake_args=None, catkin_skip_building_tests=False, verb_parser=<colcon_defaults.argument_parser.defaults.DefaultArgumentsDecorator object at 0x7f31f24a2500>, verb_extension=<colcon_core.verb.build.BuildVerb object at 0x7f31f2d2a410>, main=<bound method BuildVerb.main of <colcon_core.verb.build.BuildVerb object at 0x7f31f2d2a410>>)
[0.511s] Level 1:colcon.colcon_core.package_discovery:discover_packages(colcon_meta) check parameters
[0.511s] Level 1:colcon.colcon_core.package_discovery:discover_packages(recursive) check parameters
[0.511s] Level 1:colcon.colcon_core.package_discovery:discover_packages(ignore) check parameters
[0.511s] Level 1:colcon.colcon_core.package_discovery:discover_packages(path) check parameters
[0.511s] Level 1:colcon.colcon_core.package_discovery:discover_packages(colcon_meta) discover
[0.511s] Level 1:colcon.colcon_core.package_discovery:discover_packages(recursive) discover
[0.511s] INFO:colcon.colcon_core.package_discovery:Crawling recursively for packages in '/home/evan/code/lidar_slam/lidar_slam'
[0.512s] Level 1:colcon.colcon_core.package_identification:_identify(.) by extensions ['ignore', 'ignore_ament_install']
[0.512s] Level 1:colcon.colcon_core.package_identification:_identify(.) by extension 'ignore'
[0.512s] Level 1:colcon.colcon_core.package_identification:_identify(.) by extension 'ignore_ament_install'
[0.512s] Level 1:colcon.colcon_core.package_identification:_identify(.) by extensions ['colcon_pkg']
[0.512s] Level 1:colcon.colcon_core.package_identification:_identify(.) by extension 'colcon_pkg'
[0.512s] Level 1:colcon.colcon_core.package_identification:_identify(.) by extensions ['colcon_meta']
[0.512s] Level 1:colcon.colcon_core.package_identification:_identify(.) by extension 'colcon_meta'
[0.512s] Level 1:colcon.colcon_core.package_identification:_identify(.) by extensions ['ros']
[0.512s] Level 1:colcon.colcon_core.package_identification:_identify(.) by extension 'ros'
[0.527s] Level 1:colcon.colcon_core.package_identification:_identify(.) by extensions ['cmake', 'python']
[0.528s] Level 1:colcon.colcon_core.package_identification:_identify(.) by extension 'cmake'
[0.528s] Level 1:colcon.colcon_core.package_identification:_identify(.) by extension 'python'
[0.528s] Level 1:colcon.colcon_core.package_identification:_identify(.) by extensions ['python_setup_py']
[0.528s] Level 1:colcon.colcon_core.package_identification:_identify(.) by extension 'python_setup_py'
[0.528s] Level 1:colcon.colcon_core.package_identification:_identify(build) by extensions ['ignore', 'ignore_ament_install']
[0.528s] Level 1:colcon.colcon_core.package_identification:_identify(build) by extension 'ignore'
[0.528s] Level 1:colcon.colcon_core.package_identification:_identify(build) ignored
[0.528s] Level 1:colcon.colcon_core.package_identification:_identify(install) by extensions ['ignore', 'ignore_ament_install']
[0.528s] Level 1:colcon.colcon_core.package_identification:_identify(install) by extension 'ignore'
[0.529s] Level 1:colcon.colcon_core.package_identification:_identify(install) ignored
[0.529s] Level 1:colcon.colcon_core.package_identification:_identify(log) by extensions ['ignore', 'ignore_ament_install']
[0.529s] Level 1:colcon.colcon_core.package_identification:_identify(log) by extension 'ignore'
[0.529s] Level 1:colcon.colcon_core.package_identification:_identify(log) ignored
[0.529s] Level 1:colcon.colcon_core.package_identification:_identify(src) by extensions ['ignore', 'ignore_ament_install']
[0.529s] Level 1:colcon.colcon_core.package_identification:_identify(src) by extension 'ignore'
[0.529s] Level 1:colcon.colcon_core.package_identification:_identify(src) by extension 'ignore_ament_install'
[0.529s] Level 1:colcon.colcon_core.package_identification:_identify(src) by extensions ['colcon_pkg']
[0.529s] Level 1:colcon.colcon_core.package_identification:_identify(src) by extension 'colcon_pkg'
[0.529s] Level 1:colcon.colcon_core.package_identification:_identify(src) by extensions ['colcon_meta']
[0.529s] Level 1:colcon.colcon_core.package_identification:_identify(src) by extension 'colcon_meta'
[0.529s] Level 1:colcon.colcon_core.package_identification:_identify(src) by extensions ['ros']
[0.530s] Level 1:colcon.colcon_core.package_identification:_identify(src) by extension 'ros'
[0.530s] Level 1:colcon.colcon_core.package_identification:_identify(src) by extensions ['cmake', 'python']
[0.530s] Level 1:colcon.colcon_core.package_identification:_identify(src) by extension 'cmake'
[0.530s] Level 1:colcon.colcon_core.package_identification:_identify(src) by extension 'python'
[0.530s] Level 1:colcon.colcon_core.package_identification:_identify(src) by extensions ['python_setup_py']
[0.530s] Level 1:colcon.colcon_core.package_identification:_identify(src) by extension 'python_setup_py'
[0.530s] Level 1:colcon.colcon_core.package_identification:_identify(src/other_msgs) by extensions ['ignore', 'ignore_ament_install']
[0.530s] Level 1:colcon.colcon_core.package_identification:_identify(src/other_msgs) by extension 'ignore'
[0.530s] Level 1:colcon.colcon_core.package_identification:_identify(src/other_msgs) by extension 'ignore_ament_install'
[0.530s] Level 1:colcon.colcon_core.package_identification:_identify(src/other_msgs) by extensions ['colcon_pkg']
[0.530s] Level 1:colcon.colcon_core.package_identification:_identify(src/other_msgs) by extension 'colcon_pkg'
[0.530s] Level 1:colcon.colcon_core.package_identification:_identify(src/other_msgs) by extensions ['colcon_meta']
[0.530s] Level 1:colcon.colcon_core.package_identification:_identify(src/other_msgs) by extension 'colcon_meta'
[0.530s] Level 1:colcon.colcon_core.package_identification:_identify(src/other_msgs) by extensions ['ros']
[0.530s] Level 1:colcon.colcon_core.package_identification:_identify(src/other_msgs) by extension 'ros'
[0.535s] DEBUG:colcon.colcon_core.package_identification:Package 'src/other_msgs' with type 'ros.ament_cmake' and name 'other_msgs'
[0.535s] Level 1:colcon.colcon_core.package_identification:_identify(src/slam_learn) by extensions ['ignore', 'ignore_ament_install']
[0.535s] Level 1:colcon.colcon_core.package_identification:_identify(src/slam_learn) by extension 'ignore'
[0.535s] Level 1:colcon.colcon_core.package_identification:_identify(src/slam_learn) by extension 'ignore_ament_install'
[0.535s] Level 1:colcon.colcon_core.package_identification:_identify(src/slam_learn) by extensions ['colcon_pkg']
[0.535s] Level 1:colcon.colcon_core.package_identification:_identify(src/slam_learn) by extension 'colcon_pkg'
[0.536s] Level 1:colcon.colcon_core.package_identification:_identify(src/slam_learn) by extensions ['colcon_meta']
[0.536s] Level 1:colcon.colcon_core.package_identification:_identify(src/slam_learn) by extension 'colcon_meta'
[0.536s] Level 1:colcon.colcon_core.package_identification:_identify(src/slam_learn) by extensions ['ros']
[0.536s] Level 1:colcon.colcon_core.package_identification:_identify(src/slam_learn) by extension 'ros'
[0.537s] DEBUG:colcon.colcon_core.package_identification:Package 'src/slam_learn' with type 'ros.ament_cmake' and name 'slam_learn'
[0.537s] Level 1:colcon.colcon_core.package_discovery:discover_packages(recursive) using defaults
[0.538s] Level 1:colcon.colcon_core.package_discovery:discover_packages(ignore) discover
[0.538s] Level 1:colcon.colcon_core.package_discovery:discover_packages(ignore) using defaults
[0.538s] Level 1:colcon.colcon_core.package_discovery:discover_packages(path) discover
[0.538s] Level 1:colcon.colcon_core.package_discovery:discover_packages(path) using defaults
[0.569s] INFO:colcon.colcon_core.package_selection:Skipping not selected package 'other_msgs' in 'src/other_msgs'
[0.570s] Level 1:colcon.colcon_core.package_discovery:discover_packages(prefix_path) check parameters
[0.570s] Level 1:colcon.colcon_core.package_discovery:discover_packages(prefix_path) discover
[0.574s] DEBUG:colcon.colcon_installed_package_information.package_discovery:Found 2 installed packages in /home/evan/code/lidar_slam/lidar_slam/install
[0.575s] DEBUG:colcon.colcon_installed_package_information.package_discovery:Found 2 installed packages in /home/evan/code/lego-loam/lego/install
[0.577s] DEBUG:colcon.colcon_installed_package_information.package_discovery:Found 7 installed packages in /home/evan/code/ndt-loc/install
[0.579s] DEBUG:colcon.colcon_installed_package_information.package_discovery:Found 270 installed packages in /opt/ros/humble
[0.581s] Level 1:colcon.colcon_core.package_discovery:discover_packages(prefix_path) using defaults
[0.653s] Level 5:colcon.colcon_core.verb:set package 'slam_learn' build argument 'cmake_args' from command line to 'None'
[0.653s] Level 5:colcon.colcon_core.verb:set package 'slam_learn' build argument 'cmake_target' from command line to 'None'
[0.653s] Level 5:colcon.colcon_core.verb:set package 'slam_learn' build argument 'cmake_target_skip_unavailable' from command line to 'False'
[0.653s] Level 5:colcon.colcon_core.verb:set package 'slam_learn' build argument 'cmake_clean_cache' from command line to 'False'
[0.653s] Level 5:colcon.colcon_core.verb:set package 'slam_learn' build argument 'cmake_clean_first' from command line to 'False'
[0.653s] Level 5:colcon.colcon_core.verb:set package 'slam_learn' build argument 'cmake_force_configure' from command line to 'False'
[0.653s] Level 5:colcon.colcon_core.verb:set package 'slam_learn' build argument 'ament_cmake_args' from command line to 'None'
[0.653s] Level 5:colcon.colcon_core.verb:set package 'slam_learn' build argument 'catkin_cmake_args' from command line to 'None'
[0.653s] Level 5:colcon.colcon_core.verb:set package 'slam_learn' build argument 'catkin_skip_building_tests' from command line to 'False'
[0.653s] DEBUG:colcon.colcon_core.verb:Building package 'slam_learn' with the following arguments: {'ament_cmake_args': None, 'build_base': '/home/evan/code/lidar_slam/lidar_slam/build/slam_learn', 'catkin_cmake_args': None, 'catkin_skip_building_tests': False, 'cmake_args': None, 'cmake_clean_cache': False, 'cmake_clean_first': False, 'cmake_force_configure': False, 'cmake_target': None, 'cmake_target_skip_unavailable': False, 'install_base': '/home/evan/code/lidar_slam/lidar_slam/install/slam_learn', 'merge_install': False, 'path': '/home/evan/code/lidar_slam/lidar_slam/src/slam_learn', 'symlink_install': False, 'test_result_base': None}
[0.654s] INFO:colcon.colcon_core.executor:Executing jobs using 'parallel' executor
[0.658s] DEBUG:colcon.colcon_parallel_executor.executor.parallel:run_until_complete
[0.659s] INFO:colcon.colcon_ros.task.ament_cmake.build:Building ROS package in '/home/evan/code/lidar_slam/lidar_slam/src/slam_learn' with build type 'ament_cmake'
[0.659s] INFO:colcon.colcon_cmake.task.cmake.build:Building CMake package in '/home/evan/code/lidar_slam/lidar_slam/src/slam_learn'
[0.666s] INFO:colcon.colcon_core.plugin_system:Skipping extension 'colcon_core.shell.bat': Not used on non-Windows systems
[0.666s] INFO:colcon.colcon_core.shell:Skip shell extension 'powershell' for command environment: Not usable outside of PowerShell
[0.666s] DEBUG:colcon.colcon_core.shell:Skip shell extension 'dsv' for command environment
[0.686s] DEBUG:colcon.colcon_core.event_handler.log_command:Invoking command in '/home/evan/code/lidar_slam/lidar_slam/build/slam_learn': CMAKE_PREFIX_PATH=/home/evan/code/lidar_slam/lidar_slam/install/other_msgs:/home/evan/code/lidar_slam/lidar_slam/install/slam_learn:/home/evan/code/lego-loam/lego/install/lego_loam_sr:/home/evan/code/lego-loam/lego/install/cloud_msgs:/home/evan/code/ndt-loc/install/radar-odometry:/home/evan/code/ndt-loc/install/radar-data:/home/evan/code/ndt-loc/install/ndt-lidar-radar:/home/evan/code/ndt-loc/install/map:/home/evan/code/ndt-loc/install/data-publisher:/home/evan/code/ndt-loc/install/cloud_msgs:/home/evan/code/ndt-loc/install/a-loam:/opt/ros/humble /usr/bin/cmake --build /home/evan/code/lidar_slam/lidar_slam/build/slam_learn -- -j4 -l4
[43.049s] DEBUG:colcon.colcon_core.event_handler.log_command:Invoked command in '/home/evan/code/lidar_slam/lidar_slam/build/slam_learn' returned '0': CMAKE_PREFIX_PATH=/home/evan/code/lidar_slam/lidar_slam/install/other_msgs:/home/evan/code/lidar_slam/lidar_slam/install/slam_learn:/home/evan/code/lego-loam/lego/install/lego_loam_sr:/home/evan/code/lego-loam/lego/install/cloud_msgs:/home/evan/code/ndt-loc/install/radar-odometry:/home/evan/code/ndt-loc/install/radar-data:/home/evan/code/ndt-loc/install/ndt-lidar-radar:/home/evan/code/ndt-loc/install/map:/home/evan/code/ndt-loc/install/data-publisher:/home/evan/code/ndt-loc/install/cloud_msgs:/home/evan/code/ndt-loc/install/a-loam:/opt/ros/humble /usr/bin/cmake --build /home/evan/code/lidar_slam/lidar_slam/build/slam_learn -- -j4 -l4
[43.106s] DEBUG:colcon.colcon_core.event_handler.log_command:Invoking command in '/home/evan/code/lidar_slam/lidar_slam/build/slam_learn': CMAKE_PREFIX_PATH=/home/evan/code/lidar_slam/lidar_slam/install/other_msgs:/home/evan/code/lidar_slam/lidar_slam/install/slam_learn:/home/evan/code/lego-loam/lego/install/lego_loam_sr:/home/evan/code/lego-loam/lego/install/cloud_msgs:/home/evan/code/ndt-loc/install/radar-odometry:/home/evan/code/ndt-loc/install/radar-data:/home/evan/code/ndt-loc/install/ndt-lidar-radar:/home/evan/code/ndt-loc/install/map:/home/evan/code/ndt-loc/install/data-publisher:/home/evan/code/ndt-loc/install/cloud_msgs:/home/evan/code/ndt-loc/install/a-loam:/opt/ros/humble /usr/bin/cmake --install /home/evan/code/lidar_slam/lidar_slam/build/slam_learn
[43.142s] Level 1:colcon.colcon_core.environment:create_environment_scripts_only(slam_learn)
[43.147s] DEBUG:colcon.colcon_core.event_handler.log_command:Invoked command in '/home/evan/code/lidar_slam/lidar_slam/build/slam_learn' returned '0': CMAKE_PREFIX_PATH=/home/evan/code/lidar_slam/lidar_slam/install/other_msgs:/home/evan/code/lidar_slam/lidar_slam/install/slam_learn:/home/evan/code/lego-loam/lego/install/lego_loam_sr:/home/evan/code/lego-loam/lego/install/cloud_msgs:/home/evan/code/ndt-loc/install/radar-odometry:/home/evan/code/ndt-loc/install/radar-data:/home/evan/code/ndt-loc/install/ndt-lidar-radar:/home/evan/code/ndt-loc/install/map:/home/evan/code/ndt-loc/install/data-publisher:/home/evan/code/ndt-loc/install/cloud_msgs:/home/evan/code/ndt-loc/install/a-loam:/opt/ros/humble /usr/bin/cmake --install /home/evan/code/lidar_slam/lidar_slam/build/slam_learn
[43.149s] Level 1:colcon.colcon_core.environment:checking '/home/evan/code/lidar_slam/lidar_slam/install/slam_learn' for CMake module files
[43.150s] Level 1:colcon.colcon_core.environment:checking '/home/evan/code/lidar_slam/lidar_slam/install/slam_learn' for CMake config files
[43.150s] Level 1:colcon.colcon_core.shell:create_environment_hook('slam_learn', 'cmake_prefix_path')
[43.152s] INFO:colcon.colcon_core.shell:Creating environment hook '/home/evan/code/lidar_slam/lidar_slam/install/slam_learn/share/slam_learn/hook/cmake_prefix_path.ps1'
[43.153s] INFO:colcon.colcon_core.shell:Creating environment descriptor '/home/evan/code/lidar_slam/lidar_slam/install/slam_learn/share/slam_learn/hook/cmake_prefix_path.dsv'
[43.153s] INFO:colcon.colcon_core.shell:Creating environment hook '/home/evan/code/lidar_slam/lidar_slam/install/slam_learn/share/slam_learn/hook/cmake_prefix_path.sh'
[43.154s] Level 1:colcon.colcon_core.environment:checking '/home/evan/code/lidar_slam/lidar_slam/install/slam_learn/lib'
[43.154s] Level 1:colcon.colcon_core.environment:checking '/home/evan/code/lidar_slam/lidar_slam/install/slam_learn/bin'
[43.155s] Level 1:colcon.colcon_core.environment:checking '/home/evan/code/lidar_slam/lidar_slam/install/slam_learn/lib/pkgconfig/slam_learn.pc'
[43.155s] Level 1:colcon.colcon_core.environment:checking '/home/evan/code/lidar_slam/lidar_slam/install/slam_learn/lib/python3.10/site-packages'
[43.155s] Level 1:colcon.colcon_core.environment:checking '/home/evan/code/lidar_slam/lidar_slam/install/slam_learn/bin'
[43.157s] INFO:colcon.colcon_core.shell:Creating package script '/home/evan/code/lidar_slam/lidar_slam/install/slam_learn/share/slam_learn/package.ps1'
[43.158s] INFO:colcon.colcon_core.shell:Creating package descriptor '/home/evan/code/lidar_slam/lidar_slam/install/slam_learn/share/slam_learn/package.dsv'
[43.158s] INFO:colcon.colcon_core.shell:Creating package script '/home/evan/code/lidar_slam/lidar_slam/install/slam_learn/share/slam_learn/package.sh'
[43.160s] INFO:colcon.colcon_core.shell:Creating package script '/home/evan/code/lidar_slam/lidar_slam/install/slam_learn/share/slam_learn/package.bash'
[43.160s] INFO:colcon.colcon_core.shell:Creating package script '/home/evan/code/lidar_slam/lidar_slam/install/slam_learn/share/slam_learn/package.zsh'
[43.161s] Level 1:colcon.colcon_core.environment:create_file_with_runtime_dependencies(/home/evan/code/lidar_slam/lidar_slam/install/slam_learn/share/colcon-core/packages/slam_learn)
[43.207s] Level 1:colcon.colcon_core.environment:create_environment_scripts_only(slam_learn)
[43.210s] Level 1:colcon.colcon_core.environment:checking '/home/evan/code/lidar_slam/lidar_slam/install/slam_learn' for CMake module files
[43.210s] Level 1:colcon.colcon_core.environment:checking '/home/evan/code/lidar_slam/lidar_slam/install/slam_learn' for CMake config files
[43.210s] Level 1:colcon.colcon_core.shell:create_environment_hook('slam_learn', 'cmake_prefix_path')
[43.212s] INFO:colcon.colcon_core.shell:Creating environment hook '/home/evan/code/lidar_slam/lidar_slam/install/slam_learn/share/slam_learn/hook/cmake_prefix_path.ps1'
[43.213s] INFO:colcon.colcon_core.shell:Creating environment descriptor '/home/evan/code/lidar_slam/lidar_slam/install/slam_learn/share/slam_learn/hook/cmake_prefix_path.dsv'
[43.213s] INFO:colcon.colcon_core.shell:Creating environment hook '/home/evan/code/lidar_slam/lidar_slam/install/slam_learn/share/slam_learn/hook/cmake_prefix_path.sh'
[43.214s] Level 1:colcon.colcon_core.environment:checking '/home/evan/code/lidar_slam/lidar_slam/install/slam_learn/lib'
[43.214s] Level 1:colcon.colcon_core.environment:checking '/home/evan/code/lidar_slam/lidar_slam/install/slam_learn/bin'
[43.214s] Level 1:colcon.colcon_core.environment:checking '/home/evan/code/lidar_slam/lidar_slam/install/slam_learn/lib/pkgconfig/slam_learn.pc'
[43.214s] Level 1:colcon.colcon_core.environment:checking '/home/evan/code/lidar_slam/lidar_slam/install/slam_learn/lib/python3.10/site-packages'
[43.215s] Level 1:colcon.colcon_core.environment:checking '/home/evan/code/lidar_slam/lidar_slam/install/slam_learn/bin'
[43.217s] INFO:colcon.colcon_core.shell:Creating package script '/home/evan/code/lidar_slam/lidar_slam/install/slam_learn/share/slam_learn/package.ps1'
[43.217s] INFO:colcon.colcon_core.shell:Creating package descriptor '/home/evan/code/lidar_slam/lidar_slam/install/slam_learn/share/slam_learn/package.dsv'
[43.218s] INFO:colcon.colcon_core.shell:Creating package script '/home/evan/code/lidar_slam/lidar_slam/install/slam_learn/share/slam_learn/package.sh'
[43.219s] INFO:colcon.colcon_core.shell:Creating package script '/home/evan/code/lidar_slam/lidar_slam/install/slam_learn/share/slam_learn/package.bash'
[43.220s] INFO:colcon.colcon_core.shell:Creating package script '/home/evan/code/lidar_slam/lidar_slam/install/slam_learn/share/slam_learn/package.zsh'
[43.220s] Level 1:colcon.colcon_core.environment:create_file_with_runtime_dependencies(/home/evan/code/lidar_slam/lidar_slam/install/slam_learn/share/colcon-core/packages/slam_learn)
[43.221s] DEBUG:colcon.colcon_parallel_executor.executor.parallel:closing loop
[43.221s] DEBUG:colcon.colcon_parallel_executor.executor.parallel:loop closed
[43.221s] DEBUG:colcon.colcon_parallel_executor.executor.parallel:run_until_complete finished with '0'
[43.221s] DEBUG:colcon.colcon_core.event_reactor:joining thread
[43.229s] INFO:colcon.colcon_core.plugin_system:Skipping extension 'colcon_notification.desktop_notification.terminal_notifier': Not used on non-Darwin systems
[43.229s] INFO:colcon.colcon_core.plugin_system:Skipping extension 'colcon_notification.desktop_notification.win32': Not used on non-Windows systems
[43.229s] INFO:colcon.colcon_notification.desktop_notification:Sending desktop notification using 'notify2'
[43.241s] DEBUG:colcon.colcon_core.event_reactor:joined thread
[43.244s] INFO:colcon.colcon_core.shell:Creating prefix script '/home/evan/code/lidar_slam/lidar_slam/install/local_setup.ps1'
[43.246s] INFO:colcon.colcon_core.shell:Creating prefix util module '/home/evan/code/lidar_slam/lidar_slam/install/_local_setup_util_ps1.py'
[43.247s] INFO:colcon.colcon_core.shell:Creating prefix chain script '/home/evan/code/lidar_slam/lidar_slam/install/setup.ps1'
[43.250s] INFO:colcon.colcon_core.shell:Creating prefix script '/home/evan/code/lidar_slam/lidar_slam/install/local_setup.sh'
[43.252s] INFO:colcon.colcon_core.shell:Creating prefix util module '/home/evan/code/lidar_slam/lidar_slam/install/_local_setup_util_sh.py'
[43.253s] INFO:colcon.colcon_core.shell:Creating prefix chain script '/home/evan/code/lidar_slam/lidar_slam/install/setup.sh'
[43.256s] INFO:colcon.colcon_core.shell:Creating prefix script '/home/evan/code/lidar_slam/lidar_slam/install/local_setup.bash'
[43.256s] INFO:colcon.colcon_core.shell:Creating prefix chain script '/home/evan/code/lidar_slam/lidar_slam/install/setup.bash'
[43.259s] INFO:colcon.colcon_core.shell:Creating prefix script '/home/evan/code/lidar_slam/lidar_slam/install/local_setup.zsh'
[43.260s] INFO:colcon.colcon_core.shell:Creating prefix chain script '/home/evan/code/lidar_slam/lidar_slam/install/setup.zsh'
