[0.017s] Invoking command in '/home/evan/code/lidar_slam/lidar_slam/build/slam_learn': CMAKE_PREFIX_PATH=${CMAKE_PREFIX_PATH}:/opt/ros/humble /usr/bin/cmake /home/evan/code/lidar_slam/lidar_slam/src/slam_learn -DCMAKE_INSTALL_PREFIX=/home/evan/code/lidar_slam/lidar_slam/install/slam_learn
[0.081s] -- The C compiler identification is GNU 11.3.0
[0.148s] -- The CXX compiler identification is GNU 11.3.0
[0.157s] -- Detecting C compiler ABI info
[0.254s] -- Detecting C compiler ABI info - done
[0.262s] -- Check for working C compiler: /usr/bin/cc - skipped
[0.262s] -- Detecting C compile features
[0.263s] -- Detecting C compile features - done
[0.266s] -- Detecting CXX compiler ABI info
[0.356s] -- Detecting CXX compiler ABI info - done
[0.364s] -- Check for working CXX compiler: /usr/bin/c++ - skipped
[0.365s] -- Detecting CXX compile features
[0.365s] -- Detecting CXX compile features - done
[0.368s] -- Found ament_cmake: 1.3.3 (/opt/ros/humble/share/ament_cmake/cmake)
[0.593s] -- Found Python3: /usr/bin/python3.10 (found version "3.10.6") found components: Interpreter 
[0.707s] -- Found rclcpp: 16.0.3 (/opt/ros/humble/share/rclcpp/cmake)
[0.764s] -- Found rosidl_generator_c: 3.1.4 (/opt/ros/humble/share/rosidl_generator_c/cmake)
[0.772s] -- Found rosidl_adapter: 3.1.4 (/opt/ros/humble/share/rosidl_adapter/cmake)
[0.783s] -- Found rosidl_generator_cpp: 3.1.4 (/opt/ros/humble/share/rosidl_generator_cpp/cmake)
[0.801s] -- Using all available rosidl_typesupport_c: rosidl_typesupport_fastrtps_c;rosidl_typesupport_introspection_c
[0.832s] -- Using all available rosidl_typesupport_cpp: rosidl_typesupport_fastrtps_cpp;rosidl_typesupport_introspection_cpp
[0.920s] -- Found rmw_implementation_cmake: 6.1.1 (/opt/ros/humble/share/rmw_implementation_cmake/cmake)
[0.924s] -- Found rmw_fastrtps_cpp: 6.2.2 (/opt/ros/humble/share/rmw_fastrtps_cpp/cmake)
[1.050s] -- Found OpenSSL: /usr/lib/x86_64-linux-gnu/libcrypto.so (found version "3.0.2")  
[1.087s] -- Found FastRTPS: /opt/ros/humble/include  
[1.150s] -- Using RMW implementation 'rmw_fastrtps_cpp' as default
[1.165s] -- Looking for pthread.h
[1.245s] -- Looking for pthread.h - found
[1.245s] -- Performing Test CMAKE_HAVE_LIBC_PTHREAD
[1.327s] -- Performing Test CMAKE_HAVE_LIBC_PTHREAD - Success
[1.328s] -- Found Threads: TRUE  
[1.530s] -- Found ament_lint_auto: 0.12.5 (/opt/ros/humble/share/ament_lint_auto/cmake)
[1.625s] -- Added test 'cppcheck' to perform static code analysis on C / C++ code
[1.625s] -- Configured cppcheck include dirs: 
[1.625s] -- Configured cppcheck exclude dirs and/or files: 
[1.626s] -- Added test 'lint_cmake' to check CMake code style
[1.628s] -- Added test 'uncrustify' to check C / C++ code style
[1.628s] -- Configured uncrustify additional arguments: 
[1.629s] -- Added test 'xmllint' to check XML markup files
[1.630s] -- Configuring done
[1.636s] -- Generating done
[1.638s] -- Build files have been written to: /home/evan/code/lidar_slam/lidar_slam/build/slam_learn
