[0m** WARNING ** io features related to pcap will be disabled[0m
[01m[K/home/evan/code/lidar_slam/lidar_slam/src/slam_learn/src/back_end.cpp:17:33:[m[K [01;31m[Kerror: [m[K‘[01m[KAll[m[K’ is not a member of ‘[01m[Kother_msgs::msg[m[K’; did you mean ‘[01m[Krclcpp::SignalHandlerOptions::All[m[K’?
   17 |     std::queue<other_msgs::msg::[01;31m[KAll[m[K>
      |                                 [01;31m[K^~~[m[K
In file included from [01m[K/opt/ros/humble/include/rclcpp/rclcpp/logging.hpp:25[m[K,
                 from [01m[K/opt/ros/humble/include/rclcpp/rclcpp/client.hpp:40[m[K,
                 from [01m[K/opt/ros/humble/include/rclcpp/rclcpp/callback_group.hpp:24[m[K,
                 from [01m[K/opt/ros/humble/include/rclcpp/rclcpp/any_executable.hpp:20[m[K,
                 from [01m[K/opt/ros/humble/include/rclcpp/rclcpp/memory_strategy.hpp:25[m[K,
                 from [01m[K/opt/ros/humble/include/rclcpp/rclcpp/memory_strategies.hpp:18[m[K,
                 from [01m[K/opt/ros/humble/include/rclcpp/rclcpp/executor_options.hpp:20[m[K,
                 from [01m[K/opt/ros/humble/include/rclcpp/rclcpp/executor.hpp:37[m[K,
                 from [01m[K/opt/ros/humble/include/rclcpp/rclcpp/executors/multi_threaded_executor.hpp:25[m[K,
                 from [01m[K/opt/ros/humble/include/rclcpp/rclcpp/executors.hpp:21[m[K,
                 from [01m[K/opt/ros/humble/include/rclcpp/rclcpp/rclcpp.hpp:155[m[K,
                 from [01m[K/home/evan/code/lidar_slam/lidar_slam/src/slam_learn/include/slam_learn/slam_utils.h:20[m[K,
                 from [01m[K/home/evan/code/lidar_slam/lidar_slam/src/slam_learn/src/back_end.cpp:1[m[K:
[01m[K/opt/ros/humble/include/rclcpp/rclcpp/utilities.hpp:50:3:[m[K [01;36m[Knote: [m[K‘[01m[Krclcpp::SignalHandlerOptions::All[m[K’ declared here
   50 |   [01;36m[KAll[m[K,
      |   [01;36m[K^~~[m[K
[01m[K/home/evan/code/lidar_slam/lidar_slam/src/slam_learn/src/back_end.cpp:17:36:[m[K [01;31m[Kerror: [m[Ktemplate argument 1 is invalid
   17 |     std::queue<other_msgs::msg::All[01;31m[K>[m[K
      |                                    [01;31m[K^[m[K
[01m[K/home/evan/code/lidar_slam/lidar_slam/src/slam_learn/src/back_end.cpp:17:36:[m[K [01;31m[Kerror: [m[Ktemplate argument 2 is invalid
[01m[K/home/evan/code/lidar_slam/lidar_slam/src/slam_learn/src/back_end.cpp:17:5:[m[K [01;31m[Kerror: [m[Ktwo or more data types in declaration of ‘[01m[KtransformTobeMapped[m[K’
   17 |     [01;31m[Kstd[m[K::queue<other_msgs::msg::All>
      |     [01;31m[K^~~[m[K
[01m[K/home/evan/code/lidar_slam/lidar_slam/src/slam_learn/src/back_end.cpp:35:10:[m[K [01;31m[Kerror: [m[K‘[01m[KkdTreeFLANN[m[K’ in namespace ‘[01m[Kpcl[m[K’ does not name a template type; did you mean ‘[01m[KKdTreeFLANN[m[K’?
   35 |     pcl::[01;31m[KkdTreeFLANN[m[K<PointType>::Ptr kdtreeSurfFromMap;
      |          [01;31m[K^~~~~~~~~~~[m[K
      |          [32m[KKdTreeFLANN[m[K
[01m[K/home/evan/code/lidar_slam/lidar_slam/src/slam_learn/src/back_end.cpp:36:10:[m[K [01;31m[Kerror: [m[K‘[01m[KkdTreeFLANN[m[K’ in namespace ‘[01m[Kpcl[m[K’ does not name a template type; did you mean ‘[01m[KKdTreeFLANN[m[K’?
   36 |     pcl::[01;31m[KkdTreeFLANN[m[K<PointType>::Ptr kdtreeGroundFromMap;
      |          [01;31m[K^~~~~~~~~~~[m[K
      |          [32m[KKdTreeFLANN[m[K
[01m[K/home/evan/code/lidar_slam/lidar_slam/src/slam_learn/src/back_end.cpp:[m[K In constructor ‘[01m[Klidarslam::BackEnd::BackEnd()[m[K’:
[01m[K/home/evan/code/lidar_slam/lidar_slam/src/slam_learn/src/back_end.cpp:61:5:[m[K [01;31m[Kerror: [m[Kno matching function for call to ‘[01m[Krclcpp::Node::Node()[m[K’
   61 |     [01;31m[K{[m[K
      |     [01;31m[K^[m[K
In file included from [01m[K/opt/ros/humble/include/rclcpp/rclcpp/executors/single_threaded_executor.hpp:28[m[K,
                 from [01m[K/opt/ros/humble/include/rclcpp/rclcpp/executors.hpp:22[m[K,
                 from [01m[K/opt/ros/humble/include/rclcpp/rclcpp/rclcpp.hpp:155[m[K,
                 from [01m[K/home/evan/code/lidar_slam/lidar_slam/src/slam_learn/include/slam_learn/slam_utils.h:20[m[K,
                 from [01m[K/home/evan/code/lidar_slam/lidar_slam/src/slam_learn/src/back_end.cpp:1[m[K:
[01m[K/opt/ros/humble/include/rclcpp/rclcpp/node.hpp:1294:3:[m[K [01;36m[Knote: [m[Kcandidate: ‘[01m[Krclcpp::Node::Node(const rclcpp::Node&, const string&)[m[K’
 1294 |   [01;36m[KNode[m[K(
      |   [01;36m[K^~~~[m[K
[01m[K/opt/ros/humble/include/rclcpp/rclcpp/node.hpp:1294:3:[m[K [01;36m[Knote: [m[K  candidate expects 2 arguments, 0 provided
[01m[K/opt/ros/humble/include/rclcpp/rclcpp/node.hpp:101:12:[m[K [01;36m[Knote: [m[Kcandidate: ‘[01m[Krclcpp::Node::Node(const string&, const string&, const rclcpp::NodeOptions&)[m[K’
  101 |   explicit [01;36m[KNode[m[K(
      |            [01;36m[K^~~~[m[K
[01m[K/opt/ros/humble/include/rclcpp/rclcpp/node.hpp:101:12:[m[K [01;36m[Knote: [m[K  candidate expects 3 arguments, 0 provided
[01m[K/opt/ros/humble/include/rclcpp/rclcpp/node.hpp:89:12:[m[K [01;36m[Knote: [m[Kcandidate: ‘[01m[Krclcpp::Node::Node(const string&, const rclcpp::NodeOptions&)[m[K’
   89 |   explicit [01;36m[KNode[m[K(
      |            [01;36m[K^~~~[m[K
[01m[K/opt/ros/humble/include/rclcpp/rclcpp/node.hpp:89:12:[m[K [01;36m[Knote: [m[K  candidate expects 2 arguments, 0 provided
[01m[K/home/evan/code/lidar_slam/lidar_slam/src/slam_learn/src/back_end.cpp:[m[K In member function ‘[01m[Kvoid lidarslam::BackEnd::run()[m[K’:
[01m[K/home/evan/code/lidar_slam/lidar_slam/src/slam_learn/src/back_end.cpp:72:16:[m[K [01;31m[Kerror: [m[Kexpected primary-expression before ‘[01m[K)[m[K’ token
   72 |             if([01;31m[K)[m[K
      |                [01;31m[K^[m[K
[01m[K/home/evan/code/lidar_slam/lidar_slam/src/slam_learn/src/back_end.cpp:73:9:[m[K [01;31m[Kerror: [m[Kexpected primary-expression before ‘[01m[K}[m[K’ token
   73 |         [01;31m[K}[m[K
      |         [01;31m[K^[m[K
[01m[K/home/evan/code/lidar_slam/lidar_slam/src/slam_learn/src/back_end.cpp:[m[K In member function ‘[01m[Kvoid lidarslam::BackEnd::scan2MapOptimization()[m[K’:
[01m[K/home/evan/code/lidar_slam/lidar_slam/src/slam_learn/src/back_end.cpp:108:13:[m[K [01;31m[Kerror: [m[Kbreak statement not within loop or switch
  108 |             [01;31m[Kbreak[m[K;
      |             [01;31m[K^~~~~[m[K
[01m[K/home/evan/code/lidar_slam/lidar_slam/src/slam_learn/src/back_end.cpp:111:13:[m[K [01;31m[Kerror: [m[K‘[01m[KkdtreeGroundFromMap[m[K’ was not declared in this scope; did you mean ‘[01m[KlaserGroundFromMap[m[K’?
  111 |             [01;31m[KkdtreeGroundFromMap[m[K -> setInputCloud(laserGroundFromMap);
      |             [01;31m[K^~~~~~~~~~~~~~~~~~~[m[K
      |             [32m[KlaserGroundFromMap[m[K
In file included from [01m[K/usr/include/x86_64-linux-gnu/c++/11/bits/c++allocator.h:33[m[K,
                 from [01m[K/usr/include/c++/11/bits/allocator.h:46[m[K,
                 from [01m[K/usr/include/c++/11/unordered_map:40[m[K,
                 from [01m[K/usr/include/c++/11/functional:61[m[K,
                 from [01m[K/usr/include/c++/11/pstl/glue_algorithm_defs.h:13[m[K,
                 from [01m[K/usr/include/c++/11/algorithm:74[m[K,
                 from [01m[K/home/evan/code/lidar_slam/lidar_slam/install/other_msgs/include/other_msgs/other_msgs/msg/detail/point__struct.hpp:8[m[K,
                 from [01m[K/home/evan/code/lidar_slam/lidar_slam/install/other_msgs/include/other_msgs/other_msgs/msg/point.hpp:7[m[K,
                 from [01m[K/home/evan/code/lidar_slam/lidar_slam/src/slam_learn/include/slam_learn/slam_utils.h:4[m[K,
                 from [01m[K/home/evan/code/lidar_slam/lidar_slam/src/slam_learn/src/back_end.cpp:1[m[K:
/usr/include/c++/11/ext/new_allocator.h: In instantiation of ‘[01m[Kvoid __gnu_cxx::new_allocator<_Tp>::construct(_Up*, _Args&& ...) [with _Up = lidarslam::BackEnd; _Args = {const char (&)[9]}; _Tp = lidarslam::BackEnd][m[K’:
[01m[K/usr/include/c++/11/bits/alloc_traits.h:516:17:[m[K   required from ‘[01m[Kstatic void std::allocator_traits<std::allocator<_Tp1> >::construct(std::allocator_traits<std::allocator<_Tp1> >::allocator_type&, _Up*, _Args&& ...) [with _Up = lidarslam::BackEnd; _Args = {const char (&)[9]}; _Tp = lidarslam::BackEnd; std::allocator_traits<std::allocator<_Tp1> >::allocator_type = std::allocator<lidarslam::BackEnd>][m[K’
[01m[K/usr/include/c++/11/bits/shared_ptr_base.h:519:39:[m[K   required from ‘[01m[Kstd::_Sp_counted_ptr_inplace<_Tp, _Alloc, _Lp>::_Sp_counted_ptr_inplace(_Alloc, _Args&& ...) [with _Args = {const char (&)[9]}; _Tp = lidarslam::BackEnd; _Alloc = std::allocator<lidarslam::BackEnd>; __gnu_cxx::_Lock_policy _Lp = __gnu_cxx::_S_atomic][m[K’
[01m[K/usr/include/c++/11/bits/shared_ptr_base.h:650:16:[m[K   required from ‘[01m[Kstd::__shared_count<_Lp>::__shared_count(_Tp*&, std::_Sp_alloc_shared_tag<_Alloc>, _Args&& ...) [with _Tp = lidarslam::BackEnd; _Alloc = std::allocator<lidarslam::BackEnd>; _Args = {const char (&)[9]}; __gnu_cxx::_Lock_policy _Lp = __gnu_cxx::_S_atomic][m[K’
[01m[K/usr/include/c++/11/bits/shared_ptr_base.h:1342:14:[m[K   required from ‘[01m[Kstd::__shared_ptr<_Tp, _Lp>::__shared_ptr(std::_Sp_alloc_shared_tag<_Tp>, _Args&& ...) [with _Alloc = std::allocator<lidarslam::BackEnd>; _Args = {const char (&)[9]}; _Tp = lidarslam::BackEnd; __gnu_cxx::_Lock_policy _Lp = __gnu_cxx::_S_atomic][m[K’
[01m[K/usr/include/c++/11/bits/shared_ptr.h:409:59:[m[K   required from ‘[01m[Kstd::shared_ptr<_Tp>::shared_ptr(std::_Sp_alloc_shared_tag<_Tp>, _Args&& ...) [with _Alloc = std::allocator<lidarslam::BackEnd>; _Args = {const char (&)[9]}; _Tp = lidarslam::BackEnd][m[K’
[01m[K/usr/include/c++/11/bits/shared_ptr.h:862:14:[m[K   required from ‘[01m[Kstd::shared_ptr<_Tp> std::allocate_shared(const _Alloc&, _Args&& ...) [with _Tp = lidarslam::BackEnd; _Alloc = std::allocator<lidarslam::BackEnd>; _Args = {const char (&)[9]}][m[K’
[01m[K/usr/include/c++/11/bits/shared_ptr.h:878:39:[m[K   required from ‘[01m[Kstd::shared_ptr<_Tp> std::make_shared(_Args&& ...) [with _Tp = lidarslam::BackEnd; _Args = {const char (&)[9]}][m[K’
[01m[K/home/evan/code/lidar_slam/lidar_slam/src/slam_learn/src/back_end.cpp:169:51:[m[K   required from here
[01m[K/usr/include/c++/11/ext/new_allocator.h:162:11:[m[K [01;31m[Kerror: [m[Kno matching function for call to ‘[01m[Klidarslam::BackEnd::BackEnd(const char [9])[m[K’
  162 |         { [01;31m[K::new((void *)__p) _Up(std::forward<_Args>(__args)...)[m[K; }
      |           [01;31m[K^~~~~~~~~~~~~~~~~~~~~~~~~~~~~~~~~~~~~~~~~~~~~~~~~~~~~~[m[K
[01m[K/home/evan/code/lidar_slam/lidar_slam/src/slam_learn/src/back_end.cpp:60:5:[m[K [01;36m[Knote: [m[Kcandidate: ‘[01m[Klidarslam::BackEnd::BackEnd()[m[K’
   60 |     [01;36m[KBackEnd[m[K()
      |     [01;36m[K^~~~~~~[m[K
[01m[K/home/evan/code/lidar_slam/lidar_slam/src/slam_learn/src/back_end.cpp:60:5:[m[K [01;36m[Knote: [m[K  candidate expects 0 arguments, 1 provided
gmake[2]: *** [CMakeFiles/back_end_node.dir/build.make:76: CMakeFiles/back_end_node.dir/src/back_end.cpp.o] Error 1
gmake[1]: *** [CMakeFiles/Makefile2:195: CMakeFiles/back_end_node.dir/all] Error 2
gmake: *** [Makefile:146: all] Error 2
