-- Found ament_cmake: 1.3.3 (/opt/ros/humble/share/ament_cmake/cmake)
-- Found rclcpp: 16.0.3 (/opt/ros/humble/share/rclcpp/cmake)
-- Found rosidl_generator_c: 3.1.4 (/opt/ros/humble/share/rosidl_generator_c/cmake)
-- Found rosidl_adapter: 3.1.4 (/opt/ros/humble/share/rosidl_adapter/cmake)
-- Found rosidl_generator_cpp: 3.1.4 (/opt/ros/humble/share/rosidl_generator_cpp/cmake)
-- Using all available rosidl_typesupport_c: rosidl_typesupport_fastrtps_c;rosidl_typesupport_introspection_c
-- Using all available rosidl_typesupport_cpp: rosidl_typesupport_fastrtps_cpp;rosidl_typesupport_introspection_cpp
-- Found rmw_implementation_cmake: 6.1.1 (/opt/ros/humble/share/rmw_implementation_cmake/cmake)
-- Found rmw_fastrtps_cpp: 6.2.2 (/opt/ros/humble/share/rmw_fastrtps_cpp/cmake)
-- Using RMW implementation 'rmw_fastrtps_cpp' as default
-- Found sensor_msgs: 4.2.3 (/opt/ros/humble/share/sensor_msgs/cmake)
-- Found nav_msgs: 4.2.3 (/opt/ros/humble/share/nav_msgs/cmake)
-- Found pcl_conversions: 2.4.0 (/opt/ros/humble/share/pcl_conversions/cmake)
-- Eigen found (include: /usr/include/eigen3, version: 3.4.0)
-- FLANN found (include: /usr/include, lib: /usr/lib/x86_64-linux-gnu/libflann_cpp.so)
-- OpenNI found (version: 1.5.4.0, include: /usr/include/ni, lib: /usr/lib/libOpenNI.so;libusb::libusb)
-- OpenNI2 found (version: 2.2.0.33, include: /usr/include/openni2, lib: /usr/lib/x86_64-linux-gnu/libOpenNI2.so;libusb::libusb)
[0m** WARNING ** io features related to pcap will be disabled[0m
-- Eigen found (include: /usr/include/eigen3, version: 3.4.0)
-- OpenNI found (version: 1.5.4.0, include: /usr/include/ni, lib: /usr/lib/libOpenNI.so;libusb::libusb)
-- OpenNI2 found (version: 2.2.0.33, include: /usr/include/openni2, lib: /usr/lib/x86_64-linux-gnu/libOpenNI2.so;libusb::libusb)
-- Found Qhull version 8.0.2
-- OpenNI found (version: 1.5.4.0, include: /usr/include/ni, lib: /usr/lib/libOpenNI.so;libusb::libusb)
-- looking for PCL_COMMON
-- looking for PCL_KDTREE
-- looking for PCL_OCTREE
-- looking for PCL_SEARCH
-- looking for PCL_SAMPLE_CONSENSUS
-- looking for PCL_FILTERS
-- looking for PCL_2D
-- looking for PCL_GEOMETRY
-- looking for PCL_IO
-- looking for PCL_FEATURES
-- looking for PCL_ML
-- looking for PCL_SEGMENTATION
-- looking for PCL_VISUALIZATION
-- looking for PCL_SURFACE
-- looking for PCL_REGISTRATION
-- looking for PCL_KEYPOINTS
-- looking for PCL_TRACKING
-- looking for PCL_RECOGNITION
-- looking for PCL_STEREO
-- looking for PCL_APPS
-- looking for PCL_IN_HAND_SCANNER
-- looking for PCL_MODELER
-- looking for PCL_POINT_CLOUD_EDITOR
-- looking for PCL_OUTOFCORE
-- looking for PCL_PEOPLE
-- Found other_msgs: 0.0.0 (/home/evan/code/lidar_slam/lidar_slam/install/other_msgs/share/other_msgs/cmake)
-- Found AMD headers in: /usr/include/suitesparse
-- Found AMD library: /usr/lib/x86_64-linux-gnu/libamd.so
-- Found CAMD headers in: /usr/include/suitesparse
-- Found CAMD library: /usr/lib/x86_64-linux-gnu/libcamd.so
-- Found CCOLAMD headers in: /usr/include/suitesparse
-- Found CCOLAMD library: /usr/lib/x86_64-linux-gnu/libccolamd.so
-- Found CHOLMOD headers in: /usr/include/suitesparse
-- Found CHOLMOD library: /usr/lib/x86_64-linux-gnu/libcholmod.so
-- Found COLAMD headers in: /usr/include/suitesparse
-- Found COLAMD library: /usr/lib/x86_64-linux-gnu/libcolamd.so
-- Found SPQR headers in: /usr/include/suitesparse
-- Found SPQR library: /usr/lib/x86_64-linux-gnu/libspqr.so
-- Found Config headers in: /usr/include/suitesparse
-- Found Config library: /usr/lib/x86_64-linux-gnu/libsuitesparseconfig.so
-- Found Intel Thread Building Blocks (TBB) library (2021.5 / ) include location: . Assuming SuiteSparseQR was compiled with TBB.
-- Adding librt to SuiteSparse_config libraries (required on Linux & Unix [not OSX] if SuiteSparse is compiled with timing).
-- Could NOT find METIS (missing: METIS_INCLUDE_DIR METIS_LIBRARY) 
-- Found required Ceres dependency: Eigen version 3.4.0 in /usr/share/eigen3/cmake
-- Found required Ceres dependency: glog
-- Found required Ceres dependency: gflags
-- Found Ceres version: 2.2.0 installed in: /usr/local with components: [EigenSparse, SparseLinearAlgebraLibrary, LAPACK, SuiteSparse, SchurSpecializations]
-- GTSAM include directory:  /usr/local/lib/cmake/GTSAM/../../../include
-- Configuring done
-- Generating done
-- Build files have been written to: /home/evan/code/lidar_slam/lidar_slam/build/slam_learn
[35m[1mConsolidate compiler generated dependencies of target front_end_node[0m
[35m[1mConsolidate compiler generated dependencies of target data_process_node[0m
[ 12%] [32mBuilding CXX object CMakeFiles/back_end_node.dir/src/back_end.cpp.o[0m
[ 37%] Built target data_process_node
[ 62%] Built target front_end_node
[35m[1mConsolidate compiler generated dependencies of target data_process_test[0m
[ 87%] Built target data_process_test
[01m[K/home/evan/code/lidar_slam/lidar_slam/src/slam_learn/src/back_end.cpp:17:33:[m[K [01;31m[Kerror: [m[K‘[01m[KAll[m[K’ is not a member of ‘[01m[Kother_msgs::msg[m[K’; did you mean ‘[01m[Krclcpp::SignalHandlerOptions::All[m[K’?
   17 |     std::queue<other_msgs::msg::[01;31m[KAll[m[K>
      |                                 [01;31m[K^~~[m[K
In file included from [01m[K/opt/ros/humble/include/rclcpp/rclcpp/logging.hpp:25[m[K,
                 from [01m[K/opt/ros/humble/include/rclcpp/rclcpp/client.hpp:40[m[K,
                 from [01m[K/opt/ros/humble/include/rclcpp/rclcpp/callback_group.hpp:24[m[K,
                 from [01m[K/opt/ros/humble/include/rclcpp/rclcpp/any_executable.hpp:20[m[K,
                 from [01m[K/opt/ros/humble/include/rclcpp/rclcpp/memory_strategy.hpp:25[m[K,
                 from [01m[K/opt/ros/humble/include/rclcpp/rclcpp/memory_strategies.hpp:18[m[K,
                 from [01m[K/opt/ros/humble/include/rclcpp/rclcpp/executor_options.hpp:20[m[K,
                 from [01m[K/opt/ros/humble/include/rclcpp/rclcpp/executor.hpp:37[m[K,
                 from [01m[K/opt/ros/humble/include/rclcpp/rclcpp/executors/multi_threaded_executor.hpp:25[m[K,
                 from [01m[K/opt/ros/humble/include/rclcpp/rclcpp/executors.hpp:21[m[K,
                 from [01m[K/opt/ros/humble/include/rclcpp/rclcpp/rclcpp.hpp:155[m[K,
                 from [01m[K/home/evan/code/lidar_slam/lidar_slam/src/slam_learn/include/slam_learn/slam_utils.h:20[m[K,
                 from [01m[K/home/evan/code/lidar_slam/lidar_slam/src/slam_learn/src/back_end.cpp:1[m[K:
[01m[K/opt/ros/humble/include/rclcpp/rclcpp/utilities.hpp:50:3:[m[K [01;36m[Knote: [m[K‘[01m[Krclcpp::SignalHandlerOptions::All[m[K’ declared here
   50 |   [01;36m[KAll[m[K,
      |   [01;36m[K^~~[m[K
[01m[K/home/evan/code/lidar_slam/lidar_slam/src/slam_learn/src/back_end.cpp:17:36:[m[K [01;31m[Kerror: [m[Ktemplate argument 1 is invalid
   17 |     std::queue<other_msgs::msg::All[01;31m[K>[m[K
      |                                    [01;31m[K^[m[K
[01m[K/home/evan/code/lidar_slam/lidar_slam/src/slam_learn/src/back_end.cpp:17:36:[m[K [01;31m[Kerror: [m[Ktemplate argument 2 is invalid
[01m[K/home/evan/code/lidar_slam/lidar_slam/src/slam_learn/src/back_end.cpp:17:5:[m[K [01;31m[Kerror: [m[Ktwo or more data types in declaration of ‘[01m[KtransformTobeMapped[m[K’
   17 |     [01;31m[Kstd[m[K::queue<other_msgs::msg::All>
      |     [01;31m[K^~~[m[K
[01m[K/home/evan/code/lidar_slam/lidar_slam/src/slam_learn/src/back_end.cpp:35:10:[m[K [01;31m[Kerror: [m[K‘[01m[KkdTreeFLANN[m[K’ in namespace ‘[01m[Kpcl[m[K’ does not name a template type; did you mean ‘[01m[KKdTreeFLANN[m[K’?
   35 |     pcl::[01;31m[KkdTreeFLANN[m[K<PointType>::Ptr kdtreeSurfFromMap;
      |          [01;31m[K^~~~~~~~~~~[m[K
      |          [32m[KKdTreeFLANN[m[K
[01m[K/home/evan/code/lidar_slam/lidar_slam/src/slam_learn/src/back_end.cpp:36:10:[m[K [01;31m[Kerror: [m[K‘[01m[KkdTreeFLANN[m[K’ in namespace ‘[01m[Kpcl[m[K’ does not name a template type; did you mean ‘[01m[KKdTreeFLANN[m[K’?
   36 |     pcl::[01;31m[KkdTreeFLANN[m[K<PointType>::Ptr kdtreeGroundFromMap;
      |          [01;31m[K^~~~~~~~~~~[m[K
      |          [32m[KKdTreeFLANN[m[K
[01m[K/home/evan/code/lidar_slam/lidar_slam/src/slam_learn/src/back_end.cpp:[m[K In constructor ‘[01m[Klidarslam::BackEnd::BackEnd()[m[K’:
[01m[K/home/evan/code/lidar_slam/lidar_slam/src/slam_learn/src/back_end.cpp:61:5:[m[K [01;31m[Kerror: [m[Kno matching function for call to ‘[01m[Krclcpp::Node::Node()[m[K’
   61 |     [01;31m[K{[m[K
      |     [01;31m[K^[m[K
In file included from [01m[K/opt/ros/humble/include/rclcpp/rclcpp/executors/single_threaded_executor.hpp:28[m[K,
                 from [01m[K/opt/ros/humble/include/rclcpp/rclcpp/executors.hpp:22[m[K,
                 from [01m[K/opt/ros/humble/include/rclcpp/rclcpp/rclcpp.hpp:155[m[K,
                 from [01m[K/home/evan/code/lidar_slam/lidar_slam/src/slam_learn/include/slam_learn/slam_utils.h:20[m[K,
                 from [01m[K/home/evan/code/lidar_slam/lidar_slam/src/slam_learn/src/back_end.cpp:1[m[K:
[01m[K/opt/ros/humble/include/rclcpp/rclcpp/node.hpp:1294:3:[m[K [01;36m[Knote: [m[Kcandidate: ‘[01m[Krclcpp::Node::Node(const rclcpp::Node&, const string&)[m[K’
 1294 |   [01;36m[KNode[m[K(
      |   [01;36m[K^~~~[m[K
[01m[K/opt/ros/humble/include/rclcpp/rclcpp/node.hpp:1294:3:[m[K [01;36m[Knote: [m[K  candidate expects 2 arguments, 0 provided
[01m[K/opt/ros/humble/include/rclcpp/rclcpp/node.hpp:101:12:[m[K [01;36m[Knote: [m[Kcandidate: ‘[01m[Krclcpp::Node::Node(const string&, const string&, const rclcpp::NodeOptions&)[m[K’
  101 |   explicit [01;36m[KNode[m[K(
      |            [01;36m[K^~~~[m[K
[01m[K/opt/ros/humble/include/rclcpp/rclcpp/node.hpp:101:12:[m[K [01;36m[Knote: [m[K  candidate expects 3 arguments, 0 provided
[01m[K/opt/ros/humble/include/rclcpp/rclcpp/node.hpp:89:12:[m[K [01;36m[Knote: [m[Kcandidate: ‘[01m[Krclcpp::Node::Node(const string&, const rclcpp::NodeOptions&)[m[K’
   89 |   explicit [01;36m[KNode[m[K(
      |            [01;36m[K^~~~[m[K
[01m[K/opt/ros/humble/include/rclcpp/rclcpp/node.hpp:89:12:[m[K [01;36m[Knote: [m[K  candidate expects 2 arguments, 0 provided
[01m[K/home/evan/code/lidar_slam/lidar_slam/src/slam_learn/src/back_end.cpp:[m[K In member function ‘[01m[Kvoid lidarslam::BackEnd::run()[m[K’:
[01m[K/home/evan/code/lidar_slam/lidar_slam/src/slam_learn/src/back_end.cpp:72:16:[m[K [01;31m[Kerror: [m[Kexpected primary-expression before ‘[01m[K)[m[K’ token
   72 |             if([01;31m[K)[m[K
      |                [01;31m[K^[m[K
[01m[K/home/evan/code/lidar_slam/lidar_slam/src/slam_learn/src/back_end.cpp:73:9:[m[K [01;31m[Kerror: [m[Kexpected primary-expression before ‘[01m[K}[m[K’ token
   73 |         [01;31m[K}[m[K
      |         [01;31m[K^[m[K
[01m[K/home/evan/code/lidar_slam/lidar_slam/src/slam_learn/src/back_end.cpp:[m[K In member function ‘[01m[Kvoid lidarslam::BackEnd::scan2MapOptimization()[m[K’:
[01m[K/home/evan/code/lidar_slam/lidar_slam/src/slam_learn/src/back_end.cpp:108:13:[m[K [01;31m[Kerror: [m[Kbreak statement not within loop or switch
  108 |             [01;31m[Kbreak[m[K;
      |             [01;31m[K^~~~~[m[K
[01m[K/home/evan/code/lidar_slam/lidar_slam/src/slam_learn/src/back_end.cpp:111:13:[m[K [01;31m[Kerror: [m[K‘[01m[KkdtreeGroundFromMap[m[K’ was not declared in this scope; did you mean ‘[01m[KlaserGroundFromMap[m[K’?
  111 |             [01;31m[KkdtreeGroundFromMap[m[K -> setInputCloud(laserGroundFromMap);
      |             [01;31m[K^~~~~~~~~~~~~~~~~~~[m[K
      |             [32m[KlaserGroundFromMap[m[K
In file included from [01m[K/usr/include/x86_64-linux-gnu/c++/11/bits/c++allocator.h:33[m[K,
                 from [01m[K/usr/include/c++/11/bits/allocator.h:46[m[K,
                 from [01m[K/usr/include/c++/11/unordered_map:40[m[K,
                 from [01m[K/usr/include/c++/11/functional:61[m[K,
                 from [01m[K/usr/include/c++/11/pstl/glue_algorithm_defs.h:13[m[K,
                 from [01m[K/usr/include/c++/11/algorithm:74[m[K,
                 from [01m[K/home/evan/code/lidar_slam/lidar_slam/install/other_msgs/include/other_msgs/other_msgs/msg/detail/point__struct.hpp:8[m[K,
                 from [01m[K/home/evan/code/lidar_slam/lidar_slam/install/other_msgs/include/other_msgs/other_msgs/msg/point.hpp:7[m[K,
                 from [01m[K/home/evan/code/lidar_slam/lidar_slam/src/slam_learn/include/slam_learn/slam_utils.h:4[m[K,
                 from [01m[K/home/evan/code/lidar_slam/lidar_slam/src/slam_learn/src/back_end.cpp:1[m[K:
/usr/include/c++/11/ext/new_allocator.h: In instantiation of ‘[01m[Kvoid __gnu_cxx::new_allocator<_Tp>::construct(_Up*, _Args&& ...) [with _Up = lidarslam::BackEnd; _Args = {const char (&)[9]}; _Tp = lidarslam::BackEnd][m[K’:
[01m[K/usr/include/c++/11/bits/alloc_traits.h:516:17:[m[K   required from ‘[01m[Kstatic void std::allocator_traits<std::allocator<_Tp1> >::construct(std::allocator_traits<std::allocator<_Tp1> >::allocator_type&, _Up*, _Args&& ...) [with _Up = lidarslam::BackEnd; _Args = {const char (&)[9]}; _Tp = lidarslam::BackEnd; std::allocator_traits<std::allocator<_Tp1> >::allocator_type = std::allocator<lidarslam::BackEnd>][m[K’
[01m[K/usr/include/c++/11/bits/shared_ptr_base.h:519:39:[m[K   required from ‘[01m[Kstd::_Sp_counted_ptr_inplace<_Tp, _Alloc, _Lp>::_Sp_counted_ptr_inplace(_Alloc, _Args&& ...) [with _Args = {const char (&)[9]}; _Tp = lidarslam::BackEnd; _Alloc = std::allocator<lidarslam::BackEnd>; __gnu_cxx::_Lock_policy _Lp = __gnu_cxx::_S_atomic][m[K’
[01m[K/usr/include/c++/11/bits/shared_ptr_base.h:650:16:[m[K   required from ‘[01m[Kstd::__shared_count<_Lp>::__shared_count(_Tp*&, std::_Sp_alloc_shared_tag<_Alloc>, _Args&& ...) [with _Tp = lidarslam::BackEnd; _Alloc = std::allocator<lidarslam::BackEnd>; _Args = {const char (&)[9]}; __gnu_cxx::_Lock_policy _Lp = __gnu_cxx::_S_atomic][m[K’
[01m[K/usr/include/c++/11/bits/shared_ptr_base.h:1342:14:[m[K   required from ‘[01m[Kstd::__shared_ptr<_Tp, _Lp>::__shared_ptr(std::_Sp_alloc_shared_tag<_Tp>, _Args&& ...) [with _Alloc = std::allocator<lidarslam::BackEnd>; _Args = {const char (&)[9]}; _Tp = lidarslam::BackEnd; __gnu_cxx::_Lock_policy _Lp = __gnu_cxx::_S_atomic][m[K’
[01m[K/usr/include/c++/11/bits/shared_ptr.h:409:59:[m[K   required from ‘[01m[Kstd::shared_ptr<_Tp>::shared_ptr(std::_Sp_alloc_shared_tag<_Tp>, _Args&& ...) [with _Alloc = std::allocator<lidarslam::BackEnd>; _Args = {const char (&)[9]}; _Tp = lidarslam::BackEnd][m[K’
[01m[K/usr/include/c++/11/bits/shared_ptr.h:862:14:[m[K   required from ‘[01m[Kstd::shared_ptr<_Tp> std::allocate_shared(const _Alloc&, _Args&& ...) [with _Tp = lidarslam::BackEnd; _Alloc = std::allocator<lidarslam::BackEnd>; _Args = {const char (&)[9]}][m[K’
[01m[K/usr/include/c++/11/bits/shared_ptr.h:878:39:[m[K   required from ‘[01m[Kstd::shared_ptr<_Tp> std::make_shared(_Args&& ...) [with _Tp = lidarslam::BackEnd; _Args = {const char (&)[9]}][m[K’
[01m[K/home/evan/code/lidar_slam/lidar_slam/src/slam_learn/src/back_end.cpp:169:51:[m[K   required from here
[01m[K/usr/include/c++/11/ext/new_allocator.h:162:11:[m[K [01;31m[Kerror: [m[Kno matching function for call to ‘[01m[Klidarslam::BackEnd::BackEnd(const char [9])[m[K’
  162 |         { [01;31m[K::new((void *)__p) _Up(std::forward<_Args>(__args)...)[m[K; }
      |           [01;31m[K^~~~~~~~~~~~~~~~~~~~~~~~~~~~~~~~~~~~~~~~~~~~~~~~~~~~~~[m[K
[01m[K/home/evan/code/lidar_slam/lidar_slam/src/slam_learn/src/back_end.cpp:60:5:[m[K [01;36m[Knote: [m[Kcandidate: ‘[01m[Klidarslam::BackEnd::BackEnd()[m[K’
   60 |     [01;36m[KBackEnd[m[K()
      |     [01;36m[K^~~~~~~[m[K
[01m[K/home/evan/code/lidar_slam/lidar_slam/src/slam_learn/src/back_end.cpp:60:5:[m[K [01;36m[Knote: [m[K  candidate expects 0 arguments, 1 provided
gmake[2]: *** [CMakeFiles/back_end_node.dir/build.make:76: CMakeFiles/back_end_node.dir/src/back_end.cpp.o] Error 1
gmake[1]: *** [CMakeFiles/Makefile2:195: CMakeFiles/back_end_node.dir/all] Error 2
gmake: *** [Makefile:146: all] Error 2
