[0.028s] Invoking command in '/home/evan/code/lidar_slam/lidar_slam/build/slam_learn': CMAKE_PREFIX_PATH=/home/evan/code/lidar_slam/lidar_slam/install/other_msgs:/home/evan/code/lidar_slam/lidar_slam/install/slam_learn:/home/evan/code/lego-loam/lego/install/lego_loam_sr:/home/evan/code/lego-loam/lego/install/cloud_msgs:/home/evan/code/ndt-loc/install/radar-odometry:/home/evan/code/ndt-loc/install/radar-data:/home/evan/code/ndt-loc/install/ndt-lidar-radar:/home/evan/code/ndt-loc/install/map:/home/evan/code/ndt-loc/install/data-publisher:/home/evan/code/ndt-loc/install/cloud_msgs:/home/evan/code/ndt-loc/install/a-loam:/opt/ros/humble /usr/bin/cmake --build /home/evan/code/lidar_slam/lidar_slam/build/slam_learn -- -j4 -l4
[0.297s] -- Found ament_cmake: 1.3.3 (/opt/ros/humble/share/ament_cmake/cmake)
[0.932s] -- Found rclcpp: 16.0.3 (/opt/ros/humble/share/rclcpp/cmake)
[1.508s] -- Found rosidl_generator_c: 3.1.4 (/opt/ros/humble/share/rosidl_generator_c/cmake)
[1.537s] -- Found rosidl_adapter: 3.1.4 (/opt/ros/humble/share/rosidl_adapter/cmake)
[1.634s] -- Found rosidl_generator_cpp: 3.1.4 (/opt/ros/humble/share/rosidl_generator_cpp/cmake)
[1.745s] -- Using all available rosidl_typesupport_c: rosidl_typesupport_fastrtps_c;rosidl_typesupport_introspection_c
[1.879s] -- Using all available rosidl_typesupport_cpp: rosidl_typesupport_fastrtps_cpp;rosidl_typesupport_introspection_cpp
[2.167s] -- Found rmw_implementation_cmake: 6.1.1 (/opt/ros/humble/share/rmw_implementation_cmake/cmake)
[2.180s] -- Found rmw_fastrtps_cpp: 6.2.2 (/opt/ros/humble/share/rmw_fastrtps_cpp/cmake)
[2.783s] -- Using RMW implementation 'rmw_fastrtps_cpp' as default
[3.133s] -- Found sensor_msgs: 4.2.3 (/opt/ros/humble/share/sensor_msgs/cmake)
[3.375s] -- Found nav_msgs: 4.2.3 (/opt/ros/humble/share/nav_msgs/cmake)
[3.526s] -- Found pcl_conversions: 2.4.0 (/opt/ros/humble/share/pcl_conversions/cmake)
[3.784s] -- Eigen found (include: /usr/include/eigen3, version: 3.4.0)
[3.899s] -- FLANN found (include: /usr/include, lib: /usr/lib/x86_64-linux-gnu/libflann_cpp.so)
[6.528s] -- OpenNI found (version: 1.5.4.0, include: /usr/include/ni, lib: /usr/lib/libOpenNI.so;libusb::libusb)
[6.553s] -- OpenNI2 found (version: 2.2.0.33, include: /usr/include/openni2, lib: /usr/lib/x86_64-linux-gnu/libOpenNI2.so;libusb::libusb)
[6.553s] [0m** WARNING ** io features related to pcap will be disabled[0m
[6.729s] -- Eigen found (include: /usr/include/eigen3, version: 3.4.0)
[6.738s] -- OpenNI found (version: 1.5.4.0, include: /usr/include/ni, lib: /usr/lib/libOpenNI.so;libusb::libusb)
[6.746s] -- OpenNI2 found (version: 2.2.0.33, include: /usr/include/openni2, lib: /usr/lib/x86_64-linux-gnu/libOpenNI2.so;libusb::libusb)
[7.103s] -- Found Qhull version 8.0.2
[7.276s] -- OpenNI found (version: 1.5.4.0, include: /usr/include/ni, lib: /usr/lib/libOpenNI.so;libusb::libusb)
[7.439s] -- looking for PCL_COMMON
[7.440s] -- looking for PCL_KDTREE
[7.441s] -- looking for PCL_OCTREE
[7.441s] -- looking for PCL_SEARCH
[7.442s] -- looking for PCL_SAMPLE_CONSENSUS
[7.442s] -- looking for PCL_FILTERS
[7.443s] -- looking for PCL_2D
[7.443s] -- looking for PCL_GEOMETRY
[7.444s] -- looking for PCL_IO
[7.444s] -- looking for PCL_FEATURES
[7.445s] -- looking for PCL_ML
[7.445s] -- looking for PCL_SEGMENTATION
[7.446s] -- looking for PCL_VISUALIZATION
[7.446s] -- looking for PCL_SURFACE
[7.447s] -- looking for PCL_REGISTRATION
[7.448s] -- looking for PCL_KEYPOINTS
[7.448s] -- looking for PCL_TRACKING
[7.449s] -- looking for PCL_RECOGNITION
[7.449s] -- looking for PCL_STEREO
[7.450s] -- looking for PCL_APPS
[7.451s] -- looking for PCL_IN_HAND_SCANNER
[7.451s] -- looking for PCL_MODELER
[7.451s] -- looking for PCL_POINT_CLOUD_EDITOR
[7.452s] -- looking for PCL_OUTOFCORE
[7.452s] -- looking for PCL_PEOPLE
[7.479s] -- Found other_msgs: 0.0.0 (/home/evan/code/lidar_slam/lidar_slam/install/other_msgs/share/other_msgs/cmake)
[7.754s] -- Found AMD headers in: /usr/include/suitesparse
[7.754s] -- Found AMD library: /usr/lib/x86_64-linux-gnu/libamd.so
[7.754s] -- Found CAMD headers in: /usr/include/suitesparse
[7.754s] -- Found CAMD library: /usr/lib/x86_64-linux-gnu/libcamd.so
[7.754s] -- Found CCOLAMD headers in: /usr/include/suitesparse
[7.754s] -- Found CCOLAMD library: /usr/lib/x86_64-linux-gnu/libccolamd.so
[7.754s] -- Found CHOLMOD headers in: /usr/include/suitesparse
[7.754s] -- Found CHOLMOD library: /usr/lib/x86_64-linux-gnu/libcholmod.so
[7.754s] -- Found COLAMD headers in: /usr/include/suitesparse
[7.755s] -- Found COLAMD library: /usr/lib/x86_64-linux-gnu/libcolamd.so
[7.755s] -- Found SPQR headers in: /usr/include/suitesparse
[7.755s] -- Found SPQR library: /usr/lib/x86_64-linux-gnu/libspqr.so
[7.755s] -- Found Config headers in: /usr/include/suitesparse
[7.755s] -- Found Config library: /usr/lib/x86_64-linux-gnu/libsuitesparseconfig.so
[7.755s] -- Found Intel Thread Building Blocks (TBB) library (2021.5 / ) include location: . Assuming SuiteSparseQR was compiled with TBB.
[7.755s] -- Adding librt to SuiteSparse_config libraries (required on Linux & Unix [not OSX] if SuiteSparse is compiled with timing).
[7.772s] -- Could NOT find METIS (missing: METIS_INCLUDE_DIR METIS_LIBRARY) 
[7.776s] -- Found required Ceres dependency: Eigen version 3.4.0 in /usr/share/eigen3/cmake
[7.797s] -- Found required Ceres dependency: glog
[7.797s] -- Found required Ceres dependency: gflags
[7.798s] -- Found Ceres version: 2.2.0 installed in: /usr/local with components: [EigenSparse, SparseLinearAlgebraLibrary, LAPACK, SuiteSparse, SchurSpecializations]
[8.031s] -- GTSAM include directory:  /usr/local/lib/cmake/GTSAM/../../../include
[8.543s] -- Configuring done
[9.985s] -- Generating done
[9.989s] -- Build files have been written to: /home/evan/code/lidar_slam/lidar_slam/build/slam_learn
[10.027s] [35m[1mConsolidate compiler generated dependencies of target front_end_node[0m
[10.038s] [35m[1mConsolidate compiler generated dependencies of target data_process_node[0m
[10.053s] [ 12%] [32mBuilding CXX object CMakeFiles/back_end_node.dir/src/back_end.cpp.o[0m
[10.066s] [ 37%] Built target data_process_node
[10.071s] [ 62%] Built target front_end_node
[10.107s] [35m[1mConsolidate compiler generated dependencies of target data_process_test[0m
[10.144s] [ 87%] Built target data_process_test
[20.349s] [01m[K/home/evan/code/lidar_slam/lidar_slam/src/slam_learn/src/back_end.cpp:17:33:[m[K [01;31m[Kerror: [m[K‘[01m[KAll[m[K’ is not a member of ‘[01m[Kother_msgs::msg[m[K’; did you mean ‘[01m[Krclcpp::SignalHandlerOptions::All[m[K’?
[20.349s]    17 |     std::queue<other_msgs::msg::[01;31m[KAll[m[K>
[20.350s]       |                                 [01;31m[K^~~[m[K
[20.350s] In file included from [01m[K/opt/ros/humble/include/rclcpp/rclcpp/logging.hpp:25[m[K,
[20.350s]                  from [01m[K/opt/ros/humble/include/rclcpp/rclcpp/client.hpp:40[m[K,
[20.350s]                  from [01m[K/opt/ros/humble/include/rclcpp/rclcpp/callback_group.hpp:24[m[K,
[20.350s]                  from [01m[K/opt/ros/humble/include/rclcpp/rclcpp/any_executable.hpp:20[m[K,
[20.350s]                  from [01m[K/opt/ros/humble/include/rclcpp/rclcpp/memory_strategy.hpp:25[m[K,
[20.350s]                  from [01m[K/opt/ros/humble/include/rclcpp/rclcpp/memory_strategies.hpp:18[m[K,
[20.350s]                  from [01m[K/opt/ros/humble/include/rclcpp/rclcpp/executor_options.hpp:20[m[K,
[20.350s]                  from [01m[K/opt/ros/humble/include/rclcpp/rclcpp/executor.hpp:37[m[K,
[20.350s]                  from [01m[K/opt/ros/humble/include/rclcpp/rclcpp/executors/multi_threaded_executor.hpp:25[m[K,
[20.350s]                  from [01m[K/opt/ros/humble/include/rclcpp/rclcpp/executors.hpp:21[m[K,
[20.350s]                  from [01m[K/opt/ros/humble/include/rclcpp/rclcpp/rclcpp.hpp:155[m[K,
[20.350s]                  from [01m[K/home/evan/code/lidar_slam/lidar_slam/src/slam_learn/include/slam_learn/slam_utils.h:20[m[K,
[20.350s]                  from [01m[K/home/evan/code/lidar_slam/lidar_slam/src/slam_learn/src/back_end.cpp:1[m[K:
[20.351s] [01m[K/opt/ros/humble/include/rclcpp/rclcpp/utilities.hpp:50:3:[m[K [01;36m[Knote: [m[K‘[01m[Krclcpp::SignalHandlerOptions::All[m[K’ declared here
[20.351s]    50 |   [01;36m[KAll[m[K,
[20.351s]       |   [01;36m[K^~~[m[K
[20.351s] [01m[K/home/evan/code/lidar_slam/lidar_slam/src/slam_learn/src/back_end.cpp:17:36:[m[K [01;31m[Kerror: [m[Ktemplate argument 1 is invalid
[20.351s]    17 |     std::queue<other_msgs::msg::All[01;31m[K>[m[K
[20.351s]       |                                    [01;31m[K^[m[K
[20.351s] [01m[K/home/evan/code/lidar_slam/lidar_slam/src/slam_learn/src/back_end.cpp:17:36:[m[K [01;31m[Kerror: [m[Ktemplate argument 2 is invalid
[20.351s] [01m[K/home/evan/code/lidar_slam/lidar_slam/src/slam_learn/src/back_end.cpp:17:5:[m[K [01;31m[Kerror: [m[Ktwo or more data types in declaration of ‘[01m[KtransformTobeMapped[m[K’
[20.351s]    17 |     [01;31m[Kstd[m[K::queue<other_msgs::msg::All>
[20.351s]       |     [01;31m[K^~~[m[K
[20.364s] [01m[K/home/evan/code/lidar_slam/lidar_slam/src/slam_learn/src/back_end.cpp:35:10:[m[K [01;31m[Kerror: [m[K‘[01m[KkdTreeFLANN[m[K’ in namespace ‘[01m[Kpcl[m[K’ does not name a template type; did you mean ‘[01m[KKdTreeFLANN[m[K’?
[20.365s]    35 |     pcl::[01;31m[KkdTreeFLANN[m[K<PointType>::Ptr kdtreeSurfFromMap;
[20.365s]       |          [01;31m[K^~~~~~~~~~~[m[K
[20.365s]       |          [32m[KKdTreeFLANN[m[K
[20.365s] [01m[K/home/evan/code/lidar_slam/lidar_slam/src/slam_learn/src/back_end.cpp:36:10:[m[K [01;31m[Kerror: [m[K‘[01m[KkdTreeFLANN[m[K’ in namespace ‘[01m[Kpcl[m[K’ does not name a template type; did you mean ‘[01m[KKdTreeFLANN[m[K’?
[20.365s]    36 |     pcl::[01;31m[KkdTreeFLANN[m[K<PointType>::Ptr kdtreeGroundFromMap;
[20.365s]       |          [01;31m[K^~~~~~~~~~~[m[K
[20.365s]       |          [32m[KKdTreeFLANN[m[K
[20.369s] [01m[K/home/evan/code/lidar_slam/lidar_slam/src/slam_learn/src/back_end.cpp:[m[K In constructor ‘[01m[Klidarslam::BackEnd::BackEnd()[m[K’:
[20.369s] [01m[K/home/evan/code/lidar_slam/lidar_slam/src/slam_learn/src/back_end.cpp:61:5:[m[K [01;31m[Kerror: [m[Kno matching function for call to ‘[01m[Krclcpp::Node::Node()[m[K’
[20.369s]    61 |     [01;31m[K{[m[K
[20.369s]       |     [01;31m[K^[m[K
[20.369s] In file included from [01m[K/opt/ros/humble/include/rclcpp/rclcpp/executors/single_threaded_executor.hpp:28[m[K,
[20.369s]                  from [01m[K/opt/ros/humble/include/rclcpp/rclcpp/executors.hpp:22[m[K,
[20.369s]                  from [01m[K/opt/ros/humble/include/rclcpp/rclcpp/rclcpp.hpp:155[m[K,
[20.369s]                  from [01m[K/home/evan/code/lidar_slam/lidar_slam/src/slam_learn/include/slam_learn/slam_utils.h:20[m[K,
[20.369s]                  from [01m[K/home/evan/code/lidar_slam/lidar_slam/src/slam_learn/src/back_end.cpp:1[m[K:
[20.369s] [01m[K/opt/ros/humble/include/rclcpp/rclcpp/node.hpp:1294:3:[m[K [01;36m[Knote: [m[Kcandidate: ‘[01m[Krclcpp::Node::Node(const rclcpp::Node&, const string&)[m[K’
[20.370s]  1294 |   [01;36m[KNode[m[K(
[20.370s]       |   [01;36m[K^~~~[m[K
[20.370s] [01m[K/opt/ros/humble/include/rclcpp/rclcpp/node.hpp:1294:3:[m[K [01;36m[Knote: [m[K  candidate expects 2 arguments, 0 provided
[20.370s] [01m[K/opt/ros/humble/include/rclcpp/rclcpp/node.hpp:101:12:[m[K [01;36m[Knote: [m[Kcandidate: ‘[01m[Krclcpp::Node::Node(const string&, const string&, const rclcpp::NodeOptions&)[m[K’
[20.370s]   101 |   explicit [01;36m[KNode[m[K(
[20.370s]       |            [01;36m[K^~~~[m[K
[20.370s] [01m[K/opt/ros/humble/include/rclcpp/rclcpp/node.hpp:101:12:[m[K [01;36m[Knote: [m[K  candidate expects 3 arguments, 0 provided
[20.370s] [01m[K/opt/ros/humble/include/rclcpp/rclcpp/node.hpp:89:12:[m[K [01;36m[Knote: [m[Kcandidate: ‘[01m[Krclcpp::Node::Node(const string&, const rclcpp::NodeOptions&)[m[K’
[20.370s]    89 |   explicit [01;36m[KNode[m[K(
[20.370s]       |            [01;36m[K^~~~[m[K
[20.370s] [01m[K/opt/ros/humble/include/rclcpp/rclcpp/node.hpp:89:12:[m[K [01;36m[Knote: [m[K  candidate expects 2 arguments, 0 provided
[20.370s] [01m[K/home/evan/code/lidar_slam/lidar_slam/src/slam_learn/src/back_end.cpp:[m[K In member function ‘[01m[Kvoid lidarslam::BackEnd::run()[m[K’:
[20.370s] [01m[K/home/evan/code/lidar_slam/lidar_slam/src/slam_learn/src/back_end.cpp:72:16:[m[K [01;31m[Kerror: [m[Kexpected primary-expression before ‘[01m[K)[m[K’ token
[20.371s]    72 |             if([01;31m[K)[m[K
[20.371s]       |                [01;31m[K^[m[K
[20.371s] [01m[K/home/evan/code/lidar_slam/lidar_slam/src/slam_learn/src/back_end.cpp:73:9:[m[K [01;31m[Kerror: [m[Kexpected primary-expression before ‘[01m[K}[m[K’ token
[20.371s]    73 |         [01;31m[K}[m[K
[20.371s]       |         [01;31m[K^[m[K
[20.377s] [01m[K/home/evan/code/lidar_slam/lidar_slam/src/slam_learn/src/back_end.cpp:[m[K In member function ‘[01m[Kvoid lidarslam::BackEnd::scan2MapOptimization()[m[K’:
[20.377s] [01m[K/home/evan/code/lidar_slam/lidar_slam/src/slam_learn/src/back_end.cpp:108:13:[m[K [01;31m[Kerror: [m[Kbreak statement not within loop or switch
[20.377s]   108 |             [01;31m[Kbreak[m[K;
[20.377s]       |             [01;31m[K^~~~~[m[K
[20.418s] [01m[K/home/evan/code/lidar_slam/lidar_slam/src/slam_learn/src/back_end.cpp:111:13:[m[K [01;31m[Kerror: [m[K‘[01m[KkdtreeGroundFromMap[m[K’ was not declared in this scope; did you mean ‘[01m[KlaserGroundFromMap[m[K’?
[20.418s]   111 |             [01;31m[KkdtreeGroundFromMap[m[K -> setInputCloud(laserGroundFromMap);
[20.418s]       |             [01;31m[K^~~~~~~~~~~~~~~~~~~[m[K
[20.419s]       |             [32m[KlaserGroundFromMap[m[K
[23.142s] In file included from [01m[K/usr/include/x86_64-linux-gnu/c++/11/bits/c++allocator.h:33[m[K,
[23.142s]                  from [01m[K/usr/include/c++/11/bits/allocator.h:46[m[K,
[23.142s]                  from [01m[K/usr/include/c++/11/unordered_map:40[m[K,
[23.142s]                  from [01m[K/usr/include/c++/11/functional:61[m[K,
[23.142s]                  from [01m[K/usr/include/c++/11/pstl/glue_algorithm_defs.h:13[m[K,
[23.142s]                  from [01m[K/usr/include/c++/11/algorithm:74[m[K,
[23.142s]                  from [01m[K/home/evan/code/lidar_slam/lidar_slam/install/other_msgs/include/other_msgs/other_msgs/msg/detail/point__struct.hpp:8[m[K,
[23.142s]                  from [01m[K/home/evan/code/lidar_slam/lidar_slam/install/other_msgs/include/other_msgs/other_msgs/msg/point.hpp:7[m[K,
[23.142s]                  from [01m[K/home/evan/code/lidar_slam/lidar_slam/src/slam_learn/include/slam_learn/slam_utils.h:4[m[K,
[23.142s]                  from [01m[K/home/evan/code/lidar_slam/lidar_slam/src/slam_learn/src/back_end.cpp:1[m[K:
[23.143s] /usr/include/c++/11/ext/new_allocator.h: In instantiation of ‘[01m[Kvoid __gnu_cxx::new_allocator<_Tp>::construct(_Up*, _Args&& ...) [with _Up = lidarslam::BackEnd; _Args = {const char (&)[9]}; _Tp = lidarslam::BackEnd][m[K’:
[23.143s] [01m[K/usr/include/c++/11/bits/alloc_traits.h:516:17:[m[K   required from ‘[01m[Kstatic void std::allocator_traits<std::allocator<_Tp1> >::construct(std::allocator_traits<std::allocator<_Tp1> >::allocator_type&, _Up*, _Args&& ...) [with _Up = lidarslam::BackEnd; _Args = {const char (&)[9]}; _Tp = lidarslam::BackEnd; std::allocator_traits<std::allocator<_Tp1> >::allocator_type = std::allocator<lidarslam::BackEnd>][m[K’
[23.143s] [01m[K/usr/include/c++/11/bits/shared_ptr_base.h:519:39:[m[K   required from ‘[01m[Kstd::_Sp_counted_ptr_inplace<_Tp, _Alloc, _Lp>::_Sp_counted_ptr_inplace(_Alloc, _Args&& ...) [with _Args = {const char (&)[9]}; _Tp = lidarslam::BackEnd; _Alloc = std::allocator<lidarslam::BackEnd>; __gnu_cxx::_Lock_policy _Lp = __gnu_cxx::_S_atomic][m[K’
[23.143s] [01m[K/usr/include/c++/11/bits/shared_ptr_base.h:650:16:[m[K   required from ‘[01m[Kstd::__shared_count<_Lp>::__shared_count(_Tp*&, std::_Sp_alloc_shared_tag<_Alloc>, _Args&& ...) [with _Tp = lidarslam::BackEnd; _Alloc = std::allocator<lidarslam::BackEnd>; _Args = {const char (&)[9]}; __gnu_cxx::_Lock_policy _Lp = __gnu_cxx::_S_atomic][m[K’
[23.143s] [01m[K/usr/include/c++/11/bits/shared_ptr_base.h:1342:14:[m[K   required from ‘[01m[Kstd::__shared_ptr<_Tp, _Lp>::__shared_ptr(std::_Sp_alloc_shared_tag<_Tp>, _Args&& ...) [with _Alloc = std::allocator<lidarslam::BackEnd>; _Args = {const char (&)[9]}; _Tp = lidarslam::BackEnd; __gnu_cxx::_Lock_policy _Lp = __gnu_cxx::_S_atomic][m[K’
[23.143s] [01m[K/usr/include/c++/11/bits/shared_ptr.h:409:59:[m[K   required from ‘[01m[Kstd::shared_ptr<_Tp>::shared_ptr(std::_Sp_alloc_shared_tag<_Tp>, _Args&& ...) [with _Alloc = std::allocator<lidarslam::BackEnd>; _Args = {const char (&)[9]}; _Tp = lidarslam::BackEnd][m[K’
[23.143s] [01m[K/usr/include/c++/11/bits/shared_ptr.h:862:14:[m[K   required from ‘[01m[Kstd::shared_ptr<_Tp> std::allocate_shared(const _Alloc&, _Args&& ...) [with _Tp = lidarslam::BackEnd; _Alloc = std::allocator<lidarslam::BackEnd>; _Args = {const char (&)[9]}][m[K’
[23.143s] [01m[K/usr/include/c++/11/bits/shared_ptr.h:878:39:[m[K   required from ‘[01m[Kstd::shared_ptr<_Tp> std::make_shared(_Args&& ...) [with _Tp = lidarslam::BackEnd; _Args = {const char (&)[9]}][m[K’
[23.143s] [01m[K/home/evan/code/lidar_slam/lidar_slam/src/slam_learn/src/back_end.cpp:169:51:[m[K   required from here
[23.143s] [01m[K/usr/include/c++/11/ext/new_allocator.h:162:11:[m[K [01;31m[Kerror: [m[Kno matching function for call to ‘[01m[Klidarslam::BackEnd::BackEnd(const char [9])[m[K’
[23.143s]   162 |         { [01;31m[K::new((void *)__p) _Up(std::forward<_Args>(__args)...)[m[K; }
[23.143s]       |           [01;31m[K^~~~~~~~~~~~~~~~~~~~~~~~~~~~~~~~~~~~~~~~~~~~~~~~~~~~~~[m[K
[23.143s] [01m[K/home/evan/code/lidar_slam/lidar_slam/src/slam_learn/src/back_end.cpp:60:5:[m[K [01;36m[Knote: [m[Kcandidate: ‘[01m[Klidarslam::BackEnd::BackEnd()[m[K’
[23.143s]    60 |     [01;36m[KBackEnd[m[K()
[23.143s]       |     [01;36m[K^~~~~~~[m[K
[23.144s] [01m[K/home/evan/code/lidar_slam/lidar_slam/src/slam_learn/src/back_end.cpp:60:5:[m[K [01;36m[Knote: [m[K  candidate expects 0 arguments, 1 provided
[23.600s] gmake[2]: *** [CMakeFiles/back_end_node.dir/build.make:76: CMakeFiles/back_end_node.dir/src/back_end.cpp.o] Error 1
[23.600s] gmake[1]: *** [CMakeFiles/Makefile2:195: CMakeFiles/back_end_node.dir/all] Error 2
[23.600s] gmake: *** [Makefile:146: all] Error 2
[23.604s] Invoked command in '/home/evan/code/lidar_slam/lidar_slam/build/slam_learn' returned '2': CMAKE_PREFIX_PATH=/home/evan/code/lidar_slam/lidar_slam/install/other_msgs:/home/evan/code/lidar_slam/lidar_slam/install/slam_learn:/home/evan/code/lego-loam/lego/install/lego_loam_sr:/home/evan/code/lego-loam/lego/install/cloud_msgs:/home/evan/code/ndt-loc/install/radar-odometry:/home/evan/code/ndt-loc/install/radar-data:/home/evan/code/ndt-loc/install/ndt-lidar-radar:/home/evan/code/ndt-loc/install/map:/home/evan/code/ndt-loc/install/data-publisher:/home/evan/code/ndt-loc/install/cloud_msgs:/home/evan/code/ndt-loc/install/a-loam:/opt/ros/humble /usr/bin/cmake --build /home/evan/code/lidar_slam/lidar_slam/build/slam_learn -- -j4 -l4
