[0.047s] Invoking command in '/home/evan/code/lidar_slam/lidar_slam/build/other_msgs': CMAKE_PREFIX_PATH=${CMAKE_PREFIX_PATH}:/opt/ros/humble /usr/bin/cmake --build /home/evan/code/lidar_slam/lidar_slam/build/other_msgs -- -j4 -l4
[0.407s] -- Found ament_cmake: 1.3.3 (/opt/ros/humble/share/ament_cmake/cmake)
[1.025s] -- Found std_msgs: 4.2.3 (/opt/ros/humble/share/std_msgs/cmake)
[1.292s] -- Found rosidl_generator_c: 3.1.4 (/opt/ros/humble/share/rosidl_generator_c/cmake)
[1.311s] -- Found rosidl_adapter: 3.1.4 (/opt/ros/humble/share/rosidl_adapter/cmake)
[1.406s] -- Found rosidl_generator_cpp: 3.1.4 (/opt/ros/humble/share/rosidl_generator_cpp/cmake)
[1.496s] -- Using all available rosidl_typesupport_c: rosidl_typesupport_fastrtps_c;rosidl_typesupport_introspection_c
[1.626s] -- Using all available rosidl_typesupport_cpp: rosidl_typesupport_fastrtps_cpp;rosidl_typesupport_introspection_cpp
[1.769s] -- Found sensor_msgs: 4.2.3 (/opt/ros/humble/share/sensor_msgs/cmake)
[1.964s] -- Found rosidl_default_generators: 1.2.0 (/opt/ros/humble/share/rosidl_default_generators/cmake)
[2.450s] -- Found ament_cmake_ros: 0.10.0 (/opt/ros/humble/share/ament_cmake_ros/cmake)
[2.990s] -- Using all available rosidl_typesupport_c: rosidl_typesupport_fastrtps_c;rosidl_typesupport_introspection_c
[3.154s] -- Using all available rosidl_typesupport_cpp: rosidl_typesupport_fastrtps_cpp;rosidl_typesupport_introspection_cpp
[3.189s] -- Found python_cmake_module: 0.10.0 (/opt/ros/humble/share/python_cmake_module/cmake)
[3.263s] -- Using PYTHON_EXECUTABLE: /usr/bin/python3
[3.263s] -- Using PYTHON_INCLUDE_DIRS: /usr/include/python3.10
[3.263s] -- Using PYTHON_LIBRARIES: /usr/lib/x86_64-linux-gnu/libpython3.10.so
[3.310s] -- Configuring done
[3.451s] -- Generating done
[3.455s] -- Build files have been written to: /home/evan/code/lidar_slam/lidar_slam/build/other_msgs
[3.481s] [  2%] [34m[1mGenerating C code for ROS interfaces[0m
[3.511s] [  4%] [34m[1mGenerating C++ code for ROS interfaces[0m
[3.597s] [  4%] Built target ament_cmake_python_copy_other_msgs
[3.970s] running egg_info
[3.971s] writing other_msgs.egg-info/PKG-INFO
[3.972s] writing dependency_links to other_msgs.egg-info/dependency_links.txt
[3.972s] writing top-level names to other_msgs.egg-info/top_level.txt
[3.986s] reading manifest file 'other_msgs.egg-info/SOURCES.txt'
[3.987s] writing manifest file 'other_msgs.egg-info/SOURCES.txt'
[4.032s] [  4%] Built target ament_cmake_python_build_other_msgs_egg
[4.238s] [  4%] Built target other_msgs__cpp
[4.251s] [  6%] [34m[1mGenerating C++ type support dispatch for ROS interfaces[0m
[4.255s] [  8%] [34m[1mGenerating C++ type support for eProsima Fast-RTPS[0m
[4.258s] [ 10%] [34m[1mGenerating C++ introspection for ROS interfaces[0m
[4.301s] [35m[1mConsolidate compiler generated dependencies of target other_msgs__rosidl_generator_c[0m
[4.345s] [ 12%] [32mBuilding C object CMakeFiles/other_msgs__rosidl_generator_c.dir/rosidl_generator_c/other_msgs/msg/detail/point__functions.c.o[0m
[4.965s] [35m[1mConsolidate compiler generated dependencies of target other_msgs__rosidl_typesupport_cpp[0m
[4.970s] [35m[1mConsolidate compiler generated dependencies of target other_msgs__rosidl_typesupport_introspection_cpp[0m
[4.976s] [35m[1mConsolidate compiler generated dependencies of target other_msgs__rosidl_typesupport_fastrtps_cpp[0m
[4.985s] [ 14%] [32mBuilding CXX object CMakeFiles/other_msgs__rosidl_typesupport_cpp.dir/rosidl_typesupport_cpp/other_msgs/msg/point__type_support.cpp.o[0m
[4.993s] [ 17%] [32mBuilding CXX object CMakeFiles/other_msgs__rosidl_typesupport_introspection_cpp.dir/rosidl_typesupport_introspection_cpp/other_msgs/msg/detail/point__type_support.cpp.o[0m
[4.993s] [ 19%] [32mBuilding CXX object CMakeFiles/other_msgs__rosidl_typesupport_fastrtps_cpp.dir/rosidl_typesupport_fastrtps_cpp/other_msgs/msg/detail/dds_fastrtps/point__type_support.cpp.o[0m
[5.323s] [ 21%] [32mBuilding C object CMakeFiles/other_msgs__rosidl_generator_c.dir/rosidl_generator_c/other_msgs/msg/detail/all_cloud__functions.c.o[0m
[5.457s] [ 23%] [32mBuilding CXX object CMakeFiles/other_msgs__rosidl_typesupport_cpp.dir/rosidl_typesupport_cpp/other_msgs/msg/all_cloud__type_support.cpp.o[0m
[5.561s] [ 25%] [32mBuilding C object CMakeFiles/other_msgs__rosidl_generator_c.dir/rosidl_generator_c/other_msgs/msg/detail/seg_cloud__functions.c.o[0m
[5.651s] [ 27%] [32mBuilding CXX object CMakeFiles/other_msgs__rosidl_typesupport_introspection_cpp.dir/rosidl_typesupport_introspection_cpp/other_msgs/msg/detail/all_cloud__type_support.cpp.o[0m
[5.663s] [ 29%] [32m[1mLinking C shared library libother_msgs__rosidl_generator_c.so[0m
[5.762s] [ 31%] [32mBuilding CXX object CMakeFiles/other_msgs__rosidl_typesupport_fastrtps_cpp.dir/rosidl_typesupport_fastrtps_cpp/other_msgs/msg/detail/dds_fastrtps/all_cloud__type_support.cpp.o[0m
[5.810s] [ 31%] Built target other_msgs__rosidl_generator_c
[5.855s] [ 34%] [34m[1mGenerating C type support for eProsima Fast-RTPS[0m
[5.897s] [ 36%] [32mBuilding CXX object CMakeFiles/other_msgs__rosidl_typesupport_cpp.dir/rosidl_typesupport_cpp/other_msgs/msg/seg_cloud__type_support.cpp.o[0m
[6.381s] [ 38%] [32mBuilding CXX object CMakeFiles/other_msgs__rosidl_typesupport_fastrtps_cpp.dir/rosidl_typesupport_fastrtps_cpp/other_msgs/msg/detail/dds_fastrtps/seg_cloud__type_support.cpp.o[0m
[6.462s] [ 40%] [32mBuilding CXX object CMakeFiles/other_msgs__rosidl_typesupport_introspection_cpp.dir/rosidl_typesupport_introspection_cpp/other_msgs/msg/detail/seg_cloud__type_support.cpp.o[0m
[6.464s] [ 42%] [32m[1mLinking CXX shared library libother_msgs__rosidl_typesupport_cpp.so[0m
[6.514s] [ 42%] Built target other_msgs__rosidl_typesupport_cpp
[6.525s] [ 44%] [34m[1mGenerating C introspection for ROS interfaces[0m
[6.831s] [35m[1mConsolidate compiler generated dependencies of target other_msgs__rosidl_typesupport_fastrtps_c[0m
[6.865s] [ 46%] [32mBuilding CXX object CMakeFiles/other_msgs__rosidl_typesupport_fastrtps_c.dir/rosidl_typesupport_fastrtps_c/other_msgs/msg/detail/point__type_support_c.cpp.o[0m
[7.175s] [ 48%] [32m[1mLinking CXX shared library libother_msgs__rosidl_typesupport_introspection_cpp.so[0m
[7.409s] [ 51%] [32m[1mLinking CXX shared library libother_msgs__rosidl_typesupport_fastrtps_cpp.so[0m
[7.430s] [ 51%] Built target other_msgs__rosidl_typesupport_introspection_cpp
[7.433s] [35m[1mConsolidate compiler generated dependencies of target other_msgs__rosidl_typesupport_introspection_c[0m
[7.443s] [ 53%] [34m[1mGenerating C type support dispatch for ROS interfaces[0m
[7.448s] [ 55%] [32mBuilding CXX object CMakeFiles/other_msgs__rosidl_typesupport_fastrtps_c.dir/rosidl_typesupport_fastrtps_c/other_msgs/msg/detail/all_cloud__type_support_c.cpp.o[0m
[7.475s] [ 57%] [32mBuilding C object CMakeFiles/other_msgs__rosidl_typesupport_introspection_c.dir/rosidl_typesupport_introspection_c/other_msgs/msg/detail/point__type_support.c.o[0m
[7.544s] [ 57%] Built target other_msgs__rosidl_typesupport_fastrtps_cpp
[7.558s] [ 59%] [32mBuilding C object CMakeFiles/other_msgs__rosidl_typesupport_introspection_c.dir/rosidl_typesupport_introspection_c/other_msgs/msg/detail/all_cloud__type_support.c.o[0m
[7.568s] [ 61%] [32mBuilding CXX object CMakeFiles/other_msgs__rosidl_typesupport_fastrtps_c.dir/rosidl_typesupport_fastrtps_c/other_msgs/msg/detail/seg_cloud__type_support_c.cpp.o[0m
[7.699s] [ 63%] [32mBuilding C object CMakeFiles/other_msgs__rosidl_typesupport_introspection_c.dir/rosidl_typesupport_introspection_c/other_msgs/msg/detail/seg_cloud__type_support.c.o[0m
[7.784s] [ 65%] [32m[1mLinking C shared library libother_msgs__rosidl_typesupport_introspection_c.so[0m
[7.871s] [ 65%] Built target other_msgs__rosidl_typesupport_introspection_c
[7.987s] [35m[1mConsolidate compiler generated dependencies of target other_msgs__rosidl_typesupport_c[0m
[8.003s] [ 68%] [32mBuilding CXX object CMakeFiles/other_msgs__rosidl_typesupport_c.dir/rosidl_typesupport_c/other_msgs/msg/point__type_support.cpp.o[0m
[8.014s] [ 70%] [32mBuilding CXX object CMakeFiles/other_msgs__rosidl_typesupport_c.dir/rosidl_typesupport_c/other_msgs/msg/all_cloud__type_support.cpp.o[0m
[8.044s] [ 72%] [32mBuilding CXX object CMakeFiles/other_msgs__rosidl_typesupport_c.dir/rosidl_typesupport_c/other_msgs/msg/seg_cloud__type_support.cpp.o[0m
[8.082s] [ 74%] [32m[1mLinking CXX shared library libother_msgs__rosidl_typesupport_c.so[0m
[8.094s] [ 76%] [32m[1mLinking CXX shared library libother_msgs__rosidl_typesupport_fastrtps_c.so[0m
[8.134s] [ 76%] Built target other_msgs__rosidl_typesupport_c
[8.193s] [ 76%] Built target other_msgs__rosidl_typesupport_fastrtps_c
[8.229s] [ 76%] Built target other_msgs
[8.256s] [ 78%] [34m[1mGenerating Python code for ROS interfaces[0m
[9.130s] [ 78%] Built target other_msgs__py
[9.142s] [35m[1mConsolidate compiler generated dependencies of target other_msgs__rosidl_generator_py[0m
[9.160s] [ 80%] [32mBuilding C object CMakeFiles/other_msgs__rosidl_generator_py.dir/rosidl_generator_py/other_msgs/msg/_point_s.c.o[0m
[9.161s] [ 82%] [32mBuilding C object CMakeFiles/other_msgs__rosidl_generator_py.dir/rosidl_generator_py/other_msgs/msg/_seg_cloud_s.c.o[0m
[9.168s] [ 85%] [32mBuilding C object CMakeFiles/other_msgs__rosidl_generator_py.dir/rosidl_generator_py/other_msgs/msg/_all_cloud_s.c.o[0m
[9.682s] [ 87%] [32m[1mLinking C shared library rosidl_generator_py/other_msgs/libother_msgs__rosidl_generator_py.so[0m
[9.731s] [ 87%] Built target other_msgs__rosidl_generator_py
[9.744s] [35m[1mConsolidate compiler generated dependencies of target other_msgs__rosidl_typesupport_introspection_c__pyext[0m
[9.750s] [35m[1mConsolidate compiler generated dependencies of target other_msgs__rosidl_typesupport_fastrtps_c__pyext[0m
[9.766s] [35m[1mConsolidate compiler generated dependencies of target other_msgs__rosidl_typesupport_c__pyext[0m
[9.766s] [ 89%] [32mBuilding C object CMakeFiles/other_msgs__rosidl_typesupport_fastrtps_c__pyext.dir/rosidl_generator_py/other_msgs/_other_msgs_s.ep.rosidl_typesupport_fastrtps_c.c.o[0m
[9.766s] [ 91%] [32mBuilding C object CMakeFiles/other_msgs__rosidl_typesupport_introspection_c__pyext.dir/rosidl_generator_py/other_msgs/_other_msgs_s.ep.rosidl_typesupport_introspection_c.c.o[0m
[9.791s] [ 93%] [32mBuilding C object CMakeFiles/other_msgs__rosidl_typesupport_c__pyext.dir/rosidl_generator_py/other_msgs/_other_msgs_s.ep.rosidl_typesupport_c.c.o[0m
[9.899s] [ 95%] [32m[1mLinking C shared library rosidl_generator_py/other_msgs/other_msgs_s__rosidl_typesupport_fastrtps_c.cpython-310-x86_64-linux-gnu.so[0m
[9.902s] [ 97%] [32m[1mLinking C shared library rosidl_generator_py/other_msgs/other_msgs_s__rosidl_typesupport_introspection_c.cpython-310-x86_64-linux-gnu.so[0m
[9.927s] [100%] [32m[1mLinking C shared library rosidl_generator_py/other_msgs/other_msgs_s__rosidl_typesupport_c.cpython-310-x86_64-linux-gnu.so[0m
[9.953s] [100%] Built target other_msgs__rosidl_typesupport_fastrtps_c__pyext
[9.966s] [100%] Built target other_msgs__rosidl_typesupport_introspection_c__pyext
[9.976s] [100%] Built target other_msgs__rosidl_typesupport_c__pyext
[9.994s] Invoked command in '/home/evan/code/lidar_slam/lidar_slam/build/other_msgs' returned '0': CMAKE_PREFIX_PATH=${CMAKE_PREFIX_PATH}:/opt/ros/humble /usr/bin/cmake --build /home/evan/code/lidar_slam/lidar_slam/build/other_msgs -- -j4 -l4
[10.132s] Invoking command in '/home/evan/code/lidar_slam/lidar_slam/build/other_msgs': CMAKE_PREFIX_PATH=${CMAKE_PREFIX_PATH}:/opt/ros/humble /usr/bin/cmake --install /home/evan/code/lidar_slam/lidar_slam/build/other_msgs
[10.141s] -- Install configuration: ""
[10.141s] -- Up-to-date: /home/evan/code/lidar_slam/lidar_slam/install/other_msgs/share/ament_index/resource_index/rosidl_interfaces/other_msgs
[10.141s] -- Up-to-date: /home/evan/code/lidar_slam/lidar_slam/install/other_msgs/include/other_msgs/other_msgs
[10.141s] -- Up-to-date: /home/evan/code/lidar_slam/lidar_slam/install/other_msgs/include/other_msgs/other_msgs/msg
[10.141s] -- Up-to-date: /home/evan/code/lidar_slam/lidar_slam/install/other_msgs/include/other_msgs/other_msgs/msg/detail
[10.141s] -- Installing: /home/evan/code/lidar_slam/lidar_slam/install/other_msgs/include/other_msgs/other_msgs/msg/detail/seg_cloud__functions.c
[10.141s] -- Installing: /home/evan/code/lidar_slam/lidar_slam/install/other_msgs/include/other_msgs/other_msgs/msg/detail/seg_cloud__type_support.h
[10.141s] -- Installing: /home/evan/code/lidar_slam/lidar_slam/install/other_msgs/include/other_msgs/other_msgs/msg/detail/seg_cloud__struct.h
[10.142s] -- Installing: /home/evan/code/lidar_slam/lidar_slam/install/other_msgs/include/other_msgs/other_msgs/msg/detail/point__type_support.h
[10.142s] -- Installing: /home/evan/code/lidar_slam/lidar_slam/install/other_msgs/include/other_msgs/other_msgs/msg/detail/all_cloud__type_support.h
[10.147s] -- Installing: /home/evan/code/lidar_slam/lidar_slam/install/other_msgs/include/other_msgs/other_msgs/msg/detail/point__struct.h
[10.148s] -- Installing: /home/evan/code/lidar_slam/lidar_slam/install/other_msgs/include/other_msgs/other_msgs/msg/detail/all_cloud__functions.h
[10.148s] -- Installing: /home/evan/code/lidar_slam/lidar_slam/install/other_msgs/include/other_msgs/other_msgs/msg/detail/point__functions.c
[10.148s] -- Installing: /home/evan/code/lidar_slam/lidar_slam/install/other_msgs/include/other_msgs/other_msgs/msg/detail/seg_cloud__functions.h
[10.148s] -- Installing: /home/evan/code/lidar_slam/lidar_slam/install/other_msgs/include/other_msgs/other_msgs/msg/detail/all_cloud__struct.h
[10.148s] -- Installing: /home/evan/code/lidar_slam/lidar_slam/install/other_msgs/include/other_msgs/other_msgs/msg/detail/point__functions.h
[10.148s] -- Installing: /home/evan/code/lidar_slam/lidar_slam/install/other_msgs/include/other_msgs/other_msgs/msg/detail/all_cloud__functions.c
[10.148s] -- Installing: /home/evan/code/lidar_slam/lidar_slam/install/other_msgs/include/other_msgs/other_msgs/msg/point.h
[10.148s] -- Installing: /home/evan/code/lidar_slam/lidar_slam/install/other_msgs/include/other_msgs/other_msgs/msg/seg_cloud.h
[10.148s] -- Up-to-date: /home/evan/code/lidar_slam/lidar_slam/install/other_msgs/include/other_msgs/other_msgs/msg/rosidl_generator_c__visibility_control.h
[10.148s] -- Installing: /home/evan/code/lidar_slam/lidar_slam/install/other_msgs/include/other_msgs/other_msgs/msg/all_cloud.h
[10.148s] -- Up-to-date: /home/evan/code/lidar_slam/lidar_slam/install/other_msgs/share/other_msgs/environment/library_path.sh
[10.148s] -- Installing: /home/evan/code/lidar_slam/lidar_slam/install/other_msgs/share/other_msgs/environment/library_path.dsv
[10.177s] -- Installing: /home/evan/code/lidar_slam/lidar_slam/install/other_msgs/lib/libother_msgs__rosidl_generator_c.so
[10.178s] -- Set runtime path of "/home/evan/code/lidar_slam/lidar_slam/install/other_msgs/lib/libother_msgs__rosidl_generator_c.so" to ""
[10.178s] -- Up-to-date: /home/evan/code/lidar_slam/lidar_slam/install/other_msgs/include/other_msgs/other_msgs
[10.178s] -- Up-to-date: /home/evan/code/lidar_slam/lidar_slam/install/other_msgs/include/other_msgs/other_msgs/msg
[10.178s] -- Up-to-date: /home/evan/code/lidar_slam/lidar_slam/install/other_msgs/include/other_msgs/other_msgs/msg/detail
[10.178s] -- Installing: /home/evan/code/lidar_slam/lidar_slam/install/other_msgs/include/other_msgs/other_msgs/msg/detail/seg_cloud__rosidl_typesupport_fastrtps_c.h
[10.179s] -- Installing: /home/evan/code/lidar_slam/lidar_slam/install/other_msgs/include/other_msgs/other_msgs/msg/detail/point__rosidl_typesupport_fastrtps_c.h
[10.179s] -- Installing: /home/evan/code/lidar_slam/lidar_slam/install/other_msgs/include/other_msgs/other_msgs/msg/detail/all_cloud__rosidl_typesupport_fastrtps_c.h
[10.179s] -- Up-to-date: /home/evan/code/lidar_slam/lidar_slam/install/other_msgs/include/other_msgs/other_msgs/msg/rosidl_typesupport_fastrtps_c__visibility_control.h
[10.179s] -- Installing: /home/evan/code/lidar_slam/lidar_slam/install/other_msgs/lib/libother_msgs__rosidl_typesupport_fastrtps_c.so
[10.180s] -- Set runtime path of "/home/evan/code/lidar_slam/lidar_slam/install/other_msgs/lib/libother_msgs__rosidl_typesupport_fastrtps_c.so" to ""
[10.180s] -- Up-to-date: /home/evan/code/lidar_slam/lidar_slam/install/other_msgs/include/other_msgs/other_msgs
[10.180s] -- Up-to-date: /home/evan/code/lidar_slam/lidar_slam/install/other_msgs/include/other_msgs/other_msgs/msg
[10.180s] -- Up-to-date: /home/evan/code/lidar_slam/lidar_slam/install/other_msgs/include/other_msgs/other_msgs/msg/detail
[10.180s] -- Installing: /home/evan/code/lidar_slam/lidar_slam/install/other_msgs/include/other_msgs/other_msgs/msg/detail/seg_cloud__struct.hpp
[10.180s] -- Installing: /home/evan/code/lidar_slam/lidar_slam/install/other_msgs/include/other_msgs/other_msgs/msg/detail/point__traits.hpp
[10.180s] -- Installing: /home/evan/code/lidar_slam/lidar_slam/install/other_msgs/include/other_msgs/other_msgs/msg/detail/point__builder.hpp
[10.181s] -- Installing: /home/evan/code/lidar_slam/lidar_slam/install/other_msgs/include/other_msgs/other_msgs/msg/detail/seg_cloud__builder.hpp
[10.181s] -- Installing: /home/evan/code/lidar_slam/lidar_slam/install/other_msgs/include/other_msgs/other_msgs/msg/detail/point__struct.hpp
[10.181s] -- Installing: /home/evan/code/lidar_slam/lidar_slam/install/other_msgs/include/other_msgs/other_msgs/msg/detail/all_cloud__traits.hpp
[10.181s] -- Installing: /home/evan/code/lidar_slam/lidar_slam/install/other_msgs/include/other_msgs/other_msgs/msg/detail/all_cloud__builder.hpp
[10.181s] -- Installing: /home/evan/code/lidar_slam/lidar_slam/install/other_msgs/include/other_msgs/other_msgs/msg/detail/all_cloud__struct.hpp
[10.181s] -- Installing: /home/evan/code/lidar_slam/lidar_slam/install/other_msgs/include/other_msgs/other_msgs/msg/detail/seg_cloud__traits.hpp
[10.182s] -- Installing: /home/evan/code/lidar_slam/lidar_slam/install/other_msgs/include/other_msgs/other_msgs/msg/point.hpp
[10.182s] -- Installing: /home/evan/code/lidar_slam/lidar_slam/install/other_msgs/include/other_msgs/other_msgs/msg/seg_cloud.hpp
[10.182s] -- Installing: /home/evan/code/lidar_slam/lidar_slam/install/other_msgs/include/other_msgs/other_msgs/msg/all_cloud.hpp
[10.184s] -- Up-to-date: /home/evan/code/lidar_slam/lidar_slam/install/other_msgs/include/other_msgs/other_msgs
[10.184s] -- Up-to-date: /home/evan/code/lidar_slam/lidar_slam/install/other_msgs/include/other_msgs/other_msgs/msg
[10.184s] -- Up-to-date: /home/evan/code/lidar_slam/lidar_slam/install/other_msgs/include/other_msgs/other_msgs/msg/detail
[10.184s] -- Up-to-date: /home/evan/code/lidar_slam/lidar_slam/install/other_msgs/include/other_msgs/other_msgs/msg/detail/dds_fastrtps
[10.184s] -- Installing: /home/evan/code/lidar_slam/lidar_slam/install/other_msgs/include/other_msgs/other_msgs/msg/detail/all_cloud__rosidl_typesupport_fastrtps_cpp.hpp
[10.184s] -- Installing: /home/evan/code/lidar_slam/lidar_slam/install/other_msgs/include/other_msgs/other_msgs/msg/detail/point__rosidl_typesupport_fastrtps_cpp.hpp
[10.184s] -- Installing: /home/evan/code/lidar_slam/lidar_slam/install/other_msgs/include/other_msgs/other_msgs/msg/detail/seg_cloud__rosidl_typesupport_fastrtps_cpp.hpp
[10.184s] -- Up-to-date: /home/evan/code/lidar_slam/lidar_slam/install/other_msgs/include/other_msgs/other_msgs/msg/rosidl_typesupport_fastrtps_cpp__visibility_control.h
[10.209s] -- Installing: /home/evan/code/lidar_slam/lidar_slam/install/other_msgs/lib/libother_msgs__rosidl_typesupport_fastrtps_cpp.so
[10.209s] -- Set runtime path of "/home/evan/code/lidar_slam/lidar_slam/install/other_msgs/lib/libother_msgs__rosidl_typesupport_fastrtps_cpp.so" to ""
[10.209s] -- Up-to-date: /home/evan/code/lidar_slam/lidar_slam/install/other_msgs/include/other_msgs/other_msgs
[10.209s] -- Up-to-date: /home/evan/code/lidar_slam/lidar_slam/install/other_msgs/include/other_msgs/other_msgs/msg
[10.210s] -- Up-to-date: /home/evan/code/lidar_slam/lidar_slam/install/other_msgs/include/other_msgs/other_msgs/msg/detail
[10.210s] -- Installing: /home/evan/code/lidar_slam/lidar_slam/install/other_msgs/include/other_msgs/other_msgs/msg/detail/point__type_support.c
[10.210s] -- Installing: /home/evan/code/lidar_slam/lidar_slam/install/other_msgs/include/other_msgs/other_msgs/msg/detail/all_cloud__type_support.c
[10.210s] -- Installing: /home/evan/code/lidar_slam/lidar_slam/install/other_msgs/include/other_msgs/other_msgs/msg/detail/seg_cloud__type_support.c
[10.211s] -- Installing: /home/evan/code/lidar_slam/lidar_slam/install/other_msgs/include/other_msgs/other_msgs/msg/detail/all_cloud__rosidl_typesupport_introspection_c.h
[10.211s] -- Installing: /home/evan/code/lidar_slam/lidar_slam/install/other_msgs/include/other_msgs/other_msgs/msg/detail/seg_cloud__rosidl_typesupport_introspection_c.h
[10.211s] -- Installing: /home/evan/code/lidar_slam/lidar_slam/install/other_msgs/include/other_msgs/other_msgs/msg/detail/point__rosidl_typesupport_introspection_c.h
[10.211s] -- Up-to-date: /home/evan/code/lidar_slam/lidar_slam/install/other_msgs/include/other_msgs/other_msgs/msg/rosidl_typesupport_introspection_c__visibility_control.h
[10.212s] -- Installing: /home/evan/code/lidar_slam/lidar_slam/install/other_msgs/lib/libother_msgs__rosidl_typesupport_introspection_c.so
[10.213s] -- Set runtime path of "/home/evan/code/lidar_slam/lidar_slam/install/other_msgs/lib/libother_msgs__rosidl_typesupport_introspection_c.so" to ""
[10.235s] -- Installing: /home/evan/code/lidar_slam/lidar_slam/install/other_msgs/lib/libother_msgs__rosidl_typesupport_c.so
[10.235s] -- Set runtime path of "/home/evan/code/lidar_slam/lidar_slam/install/other_msgs/lib/libother_msgs__rosidl_typesupport_c.so" to ""
[10.235s] -- Up-to-date: /home/evan/code/lidar_slam/lidar_slam/install/other_msgs/include/other_msgs/other_msgs
[10.235s] -- Up-to-date: /home/evan/code/lidar_slam/lidar_slam/install/other_msgs/include/other_msgs/other_msgs/msg
[10.235s] -- Up-to-date: /home/evan/code/lidar_slam/lidar_slam/install/other_msgs/include/other_msgs/other_msgs/msg/detail
[10.235s] -- Installing: /home/evan/code/lidar_slam/lidar_slam/install/other_msgs/include/other_msgs/other_msgs/msg/detail/seg_cloud__rosidl_typesupport_introspection_cpp.hpp
[10.236s] -- Installing: /home/evan/code/lidar_slam/lidar_slam/install/other_msgs/include/other_msgs/other_msgs/msg/detail/point__type_support.cpp
[10.236s] -- Installing: /home/evan/code/lidar_slam/lidar_slam/install/other_msgs/include/other_msgs/other_msgs/msg/detail/seg_cloud__type_support.cpp
[10.236s] -- Installing: /home/evan/code/lidar_slam/lidar_slam/install/other_msgs/include/other_msgs/other_msgs/msg/detail/all_cloud__rosidl_typesupport_introspection_cpp.hpp
[10.236s] -- Installing: /home/evan/code/lidar_slam/lidar_slam/install/other_msgs/include/other_msgs/other_msgs/msg/detail/point__rosidl_typesupport_introspection_cpp.hpp
[10.236s] -- Installing: /home/evan/code/lidar_slam/lidar_slam/install/other_msgs/include/other_msgs/other_msgs/msg/detail/all_cloud__type_support.cpp
[10.237s] -- Installing: /home/evan/code/lidar_slam/lidar_slam/install/other_msgs/lib/libother_msgs__rosidl_typesupport_introspection_cpp.so
[10.237s] -- Set runtime path of "/home/evan/code/lidar_slam/lidar_slam/install/other_msgs/lib/libother_msgs__rosidl_typesupport_introspection_cpp.so" to ""
[10.238s] -- Installing: /home/evan/code/lidar_slam/lidar_slam/install/other_msgs/lib/libother_msgs__rosidl_typesupport_cpp.so
[10.238s] -- Set runtime path of "/home/evan/code/lidar_slam/lidar_slam/install/other_msgs/lib/libother_msgs__rosidl_typesupport_cpp.so" to ""
[10.238s] -- Up-to-date: /home/evan/code/lidar_slam/lidar_slam/install/other_msgs/share/other_msgs/environment/pythonpath.sh
[10.238s] -- Installing: /home/evan/code/lidar_slam/lidar_slam/install/other_msgs/share/other_msgs/environment/pythonpath.dsv
[10.238s] -- Up-to-date: /home/evan/code/lidar_slam/lidar_slam/install/other_msgs/local/lib/python3.10/dist-packages/other_msgs-0.0.0-py3.10.egg-info
[10.239s] -- Installing: /home/evan/code/lidar_slam/lidar_slam/install/other_msgs/local/lib/python3.10/dist-packages/other_msgs-0.0.0-py3.10.egg-info/top_level.txt
[10.239s] -- Installing: /home/evan/code/lidar_slam/lidar_slam/install/other_msgs/local/lib/python3.10/dist-packages/other_msgs-0.0.0-py3.10.egg-info/dependency_links.txt
[10.239s] -- Installing: /home/evan/code/lidar_slam/lidar_slam/install/other_msgs/local/lib/python3.10/dist-packages/other_msgs-0.0.0-py3.10.egg-info/PKG-INFO
[10.239s] -- Installing: /home/evan/code/lidar_slam/lidar_slam/install/other_msgs/local/lib/python3.10/dist-packages/other_msgs-0.0.0-py3.10.egg-info/SOURCES.txt
[10.239s] -- Up-to-date: /home/evan/code/lidar_slam/lidar_slam/install/other_msgs/local/lib/python3.10/dist-packages/other_msgs
[10.239s] -- Up-to-date: /home/evan/code/lidar_slam/lidar_slam/install/other_msgs/local/lib/python3.10/dist-packages/other_msgs/msg
[10.239s] -- Installing: /home/evan/code/lidar_slam/lidar_slam/install/other_msgs/local/lib/python3.10/dist-packages/other_msgs/msg/_all_cloud_s.c
[10.239s] -- Installing: /home/evan/code/lidar_slam/lidar_slam/install/other_msgs/local/lib/python3.10/dist-packages/other_msgs/msg/_seg_cloud.py
[10.240s] -- Installing: /home/evan/code/lidar_slam/lidar_slam/install/other_msgs/local/lib/python3.10/dist-packages/other_msgs/msg/__init__.py
[10.240s] -- Installing: /home/evan/code/lidar_slam/lidar_slam/install/other_msgs/local/lib/python3.10/dist-packages/other_msgs/msg/_seg_cloud_s.c
[10.240s] -- Installing: /home/evan/code/lidar_slam/lidar_slam/install/other_msgs/local/lib/python3.10/dist-packages/other_msgs/msg/_point_s.c
[10.240s] -- Installing: /home/evan/code/lidar_slam/lidar_slam/install/other_msgs/local/lib/python3.10/dist-packages/other_msgs/msg/_all_cloud.py
[10.240s] -- Installing: /home/evan/code/lidar_slam/lidar_slam/install/other_msgs/local/lib/python3.10/dist-packages/other_msgs/msg/_point.py
[10.240s] -- Installing: /home/evan/code/lidar_slam/lidar_slam/install/other_msgs/local/lib/python3.10/dist-packages/other_msgs/other_msgs_s__rosidl_typesupport_c.cpython-310-x86_64-linux-gnu.so
[10.241s] -- Installing: /home/evan/code/lidar_slam/lidar_slam/install/other_msgs/local/lib/python3.10/dist-packages/other_msgs/_other_msgs_s.ep.rosidl_typesupport_introspection_c.c
[10.241s] -- Installing: /home/evan/code/lidar_slam/lidar_slam/install/other_msgs/local/lib/python3.10/dist-packages/other_msgs/_other_msgs_s.ep.rosidl_typesupport_c.c
[10.241s] -- Installing: /home/evan/code/lidar_slam/lidar_slam/install/other_msgs/local/lib/python3.10/dist-packages/other_msgs/__init__.py
[10.241s] -- Installing: /home/evan/code/lidar_slam/lidar_slam/install/other_msgs/local/lib/python3.10/dist-packages/other_msgs/other_msgs_s__rosidl_typesupport_introspection_c.cpython-310-x86_64-linux-gnu.so
[10.241s] -- Installing: /home/evan/code/lidar_slam/lidar_slam/install/other_msgs/local/lib/python3.10/dist-packages/other_msgs/libother_msgs__rosidl_generator_py.so
[10.242s] -- Installing: /home/evan/code/lidar_slam/lidar_slam/install/other_msgs/local/lib/python3.10/dist-packages/other_msgs/_other_msgs_s.ep.rosidl_typesupport_fastrtps_c.c
[10.242s] -- Installing: /home/evan/code/lidar_slam/lidar_slam/install/other_msgs/local/lib/python3.10/dist-packages/other_msgs/other_msgs_s__rosidl_typesupport_fastrtps_c.cpython-310-x86_64-linux-gnu.so
[10.330s] Listing '/home/evan/code/lidar_slam/lidar_slam/install/other_msgs/local/lib/python3.10/dist-packages/other_msgs'...
[10.330s] Compiling '/home/evan/code/lidar_slam/lidar_slam/install/other_msgs/local/lib/python3.10/dist-packages/other_msgs/__init__.py'...
[10.330s] Listing '/home/evan/code/lidar_slam/lidar_slam/install/other_msgs/local/lib/python3.10/dist-packages/other_msgs/msg'...
[10.330s] Compiling '/home/evan/code/lidar_slam/lidar_slam/install/other_msgs/local/lib/python3.10/dist-packages/other_msgs/msg/__init__.py'...
[10.330s] Compiling '/home/evan/code/lidar_slam/lidar_slam/install/other_msgs/local/lib/python3.10/dist-packages/other_msgs/msg/_all_cloud.py'...
[10.331s] Compiling '/home/evan/code/lidar_slam/lidar_slam/install/other_msgs/local/lib/python3.10/dist-packages/other_msgs/msg/_point.py'...
[10.331s] Compiling '/home/evan/code/lidar_slam/lidar_slam/install/other_msgs/local/lib/python3.10/dist-packages/other_msgs/msg/_seg_cloud.py'...
[10.337s] -- Installing: /home/evan/code/lidar_slam/lidar_slam/install/other_msgs/local/lib/python3.10/dist-packages/other_msgs/other_msgs_s__rosidl_typesupport_fastrtps_c.cpython-310-x86_64-linux-gnu.so
[10.337s] -- Set runtime path of "/home/evan/code/lidar_slam/lidar_slam/install/other_msgs/local/lib/python3.10/dist-packages/other_msgs/other_msgs_s__rosidl_typesupport_fastrtps_c.cpython-310-x86_64-linux-gnu.so" to ""
[10.337s] -- Installing: /home/evan/code/lidar_slam/lidar_slam/install/other_msgs/local/lib/python3.10/dist-packages/other_msgs/other_msgs_s__rosidl_typesupport_introspection_c.cpython-310-x86_64-linux-gnu.so
[10.337s] -- Set runtime path of "/home/evan/code/lidar_slam/lidar_slam/install/other_msgs/local/lib/python3.10/dist-packages/other_msgs/other_msgs_s__rosidl_typesupport_introspection_c.cpython-310-x86_64-linux-gnu.so" to ""
[10.337s] -- Installing: /home/evan/code/lidar_slam/lidar_slam/install/other_msgs/local/lib/python3.10/dist-packages/other_msgs/other_msgs_s__rosidl_typesupport_c.cpython-310-x86_64-linux-gnu.so
[10.337s] -- Set runtime path of "/home/evan/code/lidar_slam/lidar_slam/install/other_msgs/local/lib/python3.10/dist-packages/other_msgs/other_msgs_s__rosidl_typesupport_c.cpython-310-x86_64-linux-gnu.so" to ""
[10.339s] -- Installing: /home/evan/code/lidar_slam/lidar_slam/install/other_msgs/lib/libother_msgs__rosidl_generator_py.so
[10.339s] -- Set runtime path of "/home/evan/code/lidar_slam/lidar_slam/install/other_msgs/lib/libother_msgs__rosidl_generator_py.so" to ""
[10.339s] -- Up-to-date: /home/evan/code/lidar_slam/lidar_slam/install/other_msgs/share/other_msgs/msg/Point.idl
[10.339s] -- Up-to-date: /home/evan/code/lidar_slam/lidar_slam/install/other_msgs/share/other_msgs/msg/AllCloud.idl
[10.341s] -- Installing: /home/evan/code/lidar_slam/lidar_slam/install/other_msgs/share/other_msgs/msg/SegCloud.idl
[10.341s] -- Up-to-date: /home/evan/code/lidar_slam/lidar_slam/install/other_msgs/share/other_msgs/msg/Point.msg
[10.341s] -- Up-to-date: /home/evan/code/lidar_slam/lidar_slam/install/other_msgs/share/other_msgs/msg/AllCloud.msg
[10.341s] -- Installing: /home/evan/code/lidar_slam/lidar_slam/install/other_msgs/share/other_msgs/msg/SegCloud.msg
[10.342s] -- Up-to-date: /home/evan/code/lidar_slam/lidar_slam/install/other_msgs/share/ament_index/resource_index/package_run_dependencies/other_msgs
[10.342s] -- Up-to-date: /home/evan/code/lidar_slam/lidar_slam/install/other_msgs/share/ament_index/resource_index/parent_prefix_path/other_msgs
[10.342s] -- Up-to-date: /home/evan/code/lidar_slam/lidar_slam/install/other_msgs/share/other_msgs/environment/ament_prefix_path.sh
[10.342s] -- Installing: /home/evan/code/lidar_slam/lidar_slam/install/other_msgs/share/other_msgs/environment/ament_prefix_path.dsv
[10.342s] -- Up-to-date: /home/evan/code/lidar_slam/lidar_slam/install/other_msgs/share/other_msgs/environment/path.sh
[10.342s] -- Installing: /home/evan/code/lidar_slam/lidar_slam/install/other_msgs/share/other_msgs/environment/path.dsv
[10.342s] -- Up-to-date: /home/evan/code/lidar_slam/lidar_slam/install/other_msgs/share/other_msgs/local_setup.bash
[10.342s] -- Up-to-date: /home/evan/code/lidar_slam/lidar_slam/install/other_msgs/share/other_msgs/local_setup.sh
[10.343s] -- Up-to-date: /home/evan/code/lidar_slam/lidar_slam/install/other_msgs/share/other_msgs/local_setup.zsh
[10.343s] -- Installing: /home/evan/code/lidar_slam/lidar_slam/install/other_msgs/share/other_msgs/local_setup.dsv
[10.343s] -- Installing: /home/evan/code/lidar_slam/lidar_slam/install/other_msgs/share/other_msgs/package.dsv
[10.343s] -- Up-to-date: /home/evan/code/lidar_slam/lidar_slam/install/other_msgs/share/ament_index/resource_index/packages/other_msgs
[10.343s] -- Up-to-date: /home/evan/code/lidar_slam/lidar_slam/install/other_msgs/share/other_msgs/cmake/export_other_msgs__rosidl_generator_cExport.cmake
[10.343s] -- Up-to-date: /home/evan/code/lidar_slam/lidar_slam/install/other_msgs/share/other_msgs/cmake/export_other_msgs__rosidl_generator_cExport-noconfig.cmake
[10.343s] -- Up-to-date: /home/evan/code/lidar_slam/lidar_slam/install/other_msgs/share/other_msgs/cmake/export_other_msgs__rosidl_typesupport_fastrtps_cExport.cmake
[10.343s] -- Up-to-date: /home/evan/code/lidar_slam/lidar_slam/install/other_msgs/share/other_msgs/cmake/export_other_msgs__rosidl_typesupport_fastrtps_cExport-noconfig.cmake
[10.343s] -- Up-to-date: /home/evan/code/lidar_slam/lidar_slam/install/other_msgs/share/other_msgs/cmake/export_other_msgs__rosidl_generator_cppExport.cmake
[10.344s] -- Up-to-date: /home/evan/code/lidar_slam/lidar_slam/install/other_msgs/share/other_msgs/cmake/export_other_msgs__rosidl_typesupport_fastrtps_cppExport.cmake
[10.344s] -- Up-to-date: /home/evan/code/lidar_slam/lidar_slam/install/other_msgs/share/other_msgs/cmake/export_other_msgs__rosidl_typesupport_fastrtps_cppExport-noconfig.cmake
[10.344s] -- Up-to-date: /home/evan/code/lidar_slam/lidar_slam/install/other_msgs/share/other_msgs/cmake/other_msgs__rosidl_typesupport_introspection_cExport.cmake
[10.344s] -- Up-to-date: /home/evan/code/lidar_slam/lidar_slam/install/other_msgs/share/other_msgs/cmake/other_msgs__rosidl_typesupport_introspection_cExport-noconfig.cmake
[10.344s] -- Up-to-date: /home/evan/code/lidar_slam/lidar_slam/install/other_msgs/share/other_msgs/cmake/other_msgs__rosidl_typesupport_cExport.cmake
[10.344s] -- Up-to-date: /home/evan/code/lidar_slam/lidar_slam/install/other_msgs/share/other_msgs/cmake/other_msgs__rosidl_typesupport_cExport-noconfig.cmake
[10.344s] -- Up-to-date: /home/evan/code/lidar_slam/lidar_slam/install/other_msgs/share/other_msgs/cmake/other_msgs__rosidl_typesupport_introspection_cppExport.cmake
[10.344s] -- Up-to-date: /home/evan/code/lidar_slam/lidar_slam/install/other_msgs/share/other_msgs/cmake/other_msgs__rosidl_typesupport_introspection_cppExport-noconfig.cmake
[10.344s] -- Up-to-date: /home/evan/code/lidar_slam/lidar_slam/install/other_msgs/share/other_msgs/cmake/other_msgs__rosidl_typesupport_cppExport.cmake
[10.344s] -- Up-to-date: /home/evan/code/lidar_slam/lidar_slam/install/other_msgs/share/other_msgs/cmake/other_msgs__rosidl_typesupport_cppExport-noconfig.cmake
[10.344s] -- Up-to-date: /home/evan/code/lidar_slam/lidar_slam/install/other_msgs/share/other_msgs/cmake/export_other_msgs__rosidl_generator_pyExport.cmake
[10.344s] -- Up-to-date: /home/evan/code/lidar_slam/lidar_slam/install/other_msgs/share/other_msgs/cmake/export_other_msgs__rosidl_generator_pyExport-noconfig.cmake
[10.344s] -- Up-to-date: /home/evan/code/lidar_slam/lidar_slam/install/other_msgs/share/other_msgs/cmake/rosidl_cmake-extras.cmake
[10.345s] -- Up-to-date: /home/evan/code/lidar_slam/lidar_slam/install/other_msgs/share/other_msgs/cmake/ament_cmake_export_dependencies-extras.cmake
[10.345s] -- Up-to-date: /home/evan/code/lidar_slam/lidar_slam/install/other_msgs/share/other_msgs/cmake/ament_cmake_export_include_directories-extras.cmake
[10.345s] -- Up-to-date: /home/evan/code/lidar_slam/lidar_slam/install/other_msgs/share/other_msgs/cmake/ament_cmake_export_libraries-extras.cmake
[10.345s] -- Up-to-date: /home/evan/code/lidar_slam/lidar_slam/install/other_msgs/share/other_msgs/cmake/ament_cmake_export_targets-extras.cmake
[10.345s] -- Up-to-date: /home/evan/code/lidar_slam/lidar_slam/install/other_msgs/share/other_msgs/cmake/rosidl_cmake_export_typesupport_targets-extras.cmake
[10.345s] -- Up-to-date: /home/evan/code/lidar_slam/lidar_slam/install/other_msgs/share/other_msgs/cmake/rosidl_cmake_export_typesupport_libraries-extras.cmake
[10.345s] -- Up-to-date: /home/evan/code/lidar_slam/lidar_slam/install/other_msgs/share/other_msgs/cmake/other_msgsConfig.cmake
[10.345s] -- Up-to-date: /home/evan/code/lidar_slam/lidar_slam/install/other_msgs/share/other_msgs/cmake/other_msgsConfig-version.cmake
[10.346s] -- Up-to-date: /home/evan/code/lidar_slam/lidar_slam/install/other_msgs/share/other_msgs/package.xml
[10.347s] Invoked command in '/home/evan/code/lidar_slam/lidar_slam/build/other_msgs' returned '0': CMAKE_PREFIX_PATH=${CMAKE_PREFIX_PATH}:/opt/ros/humble /usr/bin/cmake --install /home/evan/code/lidar_slam/lidar_slam/build/other_msgs
