[0.036s] Invoking command in '/home/evan/code/lidar_slam/lidar_slam/build/slam_learn': CMAKE_PREFIX_PATH=/home/evan/code/lidar_slam/lidar_slam/install/other_msgs:/home/evan/code/lidar_slam/lidar_slam/install/slam_learn:/home/evan/code/lego-loam/lego/install/lego_loam_sr:/home/evan/code/lego-loam/lego/install/cloud_msgs:/home/evan/code/ndt-loc/install/radar-odometry:/home/evan/code/ndt-loc/install/radar-data:/home/evan/code/ndt-loc/install/ndt-lidar-radar:/home/evan/code/ndt-loc/install/map:/home/evan/code/ndt-loc/install/data-publisher:/home/evan/code/ndt-loc/install/cloud_msgs:/home/evan/code/ndt-loc/install/a-loam:/opt/ros/humble /usr/bin/cmake --build /home/evan/code/lidar_slam/lidar_slam/build/slam_learn -- -j4 -l4
[0.065s] -- Found ament_cmake: 1.3.3 (/opt/ros/humble/share/ament_cmake/cmake)
[0.228s] -- Found rclcpp: 16.0.3 (/opt/ros/humble/share/rclcpp/cmake)
[0.266s] -- Found rosidl_generator_c: 3.1.4 (/opt/ros/humble/share/rosidl_generator_c/cmake)
[0.269s] -- Found rosidl_adapter: 3.1.4 (/opt/ros/humble/share/rosidl_adapter/cmake)
[0.277s] -- Found rosidl_generator_cpp: 3.1.4 (/opt/ros/humble/share/rosidl_generator_cpp/cmake)
[0.290s] -- Using all available rosidl_typesupport_c: rosidl_typesupport_fastrtps_c;rosidl_typesupport_introspection_c
[0.309s] -- Using all available rosidl_typesupport_cpp: rosidl_typesupport_fastrtps_cpp;rosidl_typesupport_introspection_cpp
[0.380s] -- Found rmw_implementation_cmake: 6.1.1 (/opt/ros/humble/share/rmw_implementation_cmake/cmake)
[0.382s] -- Found rmw_fastrtps_cpp: 6.2.2 (/opt/ros/humble/share/rmw_fastrtps_cpp/cmake)
[0.525s] -- Using RMW implementation 'rmw_fastrtps_cpp' as default
[0.724s] -- Found sensor_msgs: 4.2.3 (/opt/ros/humble/share/sensor_msgs/cmake)
[0.885s] -- Found pcl_conversions: 2.4.0 (/opt/ros/humble/share/pcl_conversions/cmake)
[1.061s] -- Eigen found (include: /usr/include/eigen3, version: 3.4.0)
[1.099s] -- FLANN found (include: /usr/include, lib: /usr/lib/x86_64-linux-gnu/libflann_cpp.so)
[1.432s] -- OpenNI found (version: 1.5.4.0, include: /usr/include/ni, lib: /usr/lib/libOpenNI.so;libusb::libusb)
[1.440s] -- OpenNI2 found (version: 2.2.0.33, include: /usr/include/openni2, lib: /usr/lib/x86_64-linux-gnu/libOpenNI2.so;libusb::libusb)
[1.440s] [0m** WARNING ** io features related to pcap will be disabled[0m
[1.618s] -- Eigen found (include: /usr/include/eigen3, version: 3.4.0)
[1.626s] -- OpenNI found (version: 1.5.4.0, include: /usr/include/ni, lib: /usr/lib/libOpenNI.so;libusb::libusb)
[1.634s] -- OpenNI2 found (version: 2.2.0.33, include: /usr/include/openni2, lib: /usr/lib/x86_64-linux-gnu/libOpenNI2.so;libusb::libusb)
[1.808s] -- Found Qhull version 8.0.2
[1.972s] -- OpenNI found (version: 1.5.4.0, include: /usr/include/ni, lib: /usr/lib/libOpenNI.so;libusb::libusb)
[2.129s] -- looking for PCL_COMMON
[2.130s] -- looking for PCL_KDTREE
[2.130s] -- looking for PCL_OCTREE
[2.130s] -- looking for PCL_SEARCH
[2.131s] -- looking for PCL_SAMPLE_CONSENSUS
[2.131s] -- looking for PCL_FILTERS
[2.132s] -- looking for PCL_2D
[2.132s] -- looking for PCL_GEOMETRY
[2.133s] -- looking for PCL_IO
[2.133s] -- looking for PCL_FEATURES
[2.134s] -- looking for PCL_ML
[2.135s] -- looking for PCL_SEGMENTATION
[2.135s] -- looking for PCL_VISUALIZATION
[2.136s] -- looking for PCL_SURFACE
[2.136s] -- looking for PCL_REGISTRATION
[2.137s] -- looking for PCL_KEYPOINTS
[2.137s] -- looking for PCL_TRACKING
[2.138s] -- looking for PCL_RECOGNITION
[2.139s] -- looking for PCL_STEREO
[2.139s] -- looking for PCL_APPS
[2.140s] -- looking for PCL_IN_HAND_SCANNER
[2.141s] -- looking for PCL_MODELER
[2.141s] -- looking for PCL_POINT_CLOUD_EDITOR
[2.141s] -- looking for PCL_OUTOFCORE
[2.142s] -- looking for PCL_PEOPLE
[2.144s] -- Found other_msgs: 0.0.0 (/home/evan/code/lidar_slam/lidar_slam/install/other_msgs/share/other_msgs/cmake)
[2.349s] -- Configuring done
[2.374s] -- Generating done
[2.377s] -- Build files have been written to: /home/evan/code/lidar_slam/lidar_slam/build/slam_learn
[2.423s] [ 50%] [32mBuilding CXX object CMakeFiles/data_process_node.dir/src/data_process.cpp.o[0m
[3.128s] In file included from [01m[K/home/evan/code/lidar_slam/lidar_slam/src/slam_learn/src/data_process.cpp:1[m[K:
[3.128s] [01m[K/home/evan/code/lidar_slam/lidar_slam/src/slam_learn/include/slam_learn/slam_utils.h:16:10:[m[K [01;31m[Kfatal error: [m[Kpcl/point_cloud.h: No such file or directory
[3.128s]    16 | #include [01;31m[K<pcl/point_cloud.h>[m[K
[3.128s]       |          [01;31m[K^~~~~~~~~~~~~~~~~~~[m[K
[3.128s] compilation terminated.
[3.135s] gmake[2]: *** [CMakeFiles/data_process_node.dir/build.make:76: CMakeFiles/data_process_node.dir/src/data_process.cpp.o] Error 1
[3.135s] gmake[1]: *** [CMakeFiles/Makefile2:137: CMakeFiles/data_process_node.dir/all] Error 2
[3.136s] gmake: *** [Makefile:146: all] Error 2
[3.138s] Invoked command in '/home/evan/code/lidar_slam/lidar_slam/build/slam_learn' returned '2': CMAKE_PREFIX_PATH=/home/evan/code/lidar_slam/lidar_slam/install/other_msgs:/home/evan/code/lidar_slam/lidar_slam/install/slam_learn:/home/evan/code/lego-loam/lego/install/lego_loam_sr:/home/evan/code/lego-loam/lego/install/cloud_msgs:/home/evan/code/ndt-loc/install/radar-odometry:/home/evan/code/ndt-loc/install/radar-data:/home/evan/code/ndt-loc/install/ndt-lidar-radar:/home/evan/code/ndt-loc/install/map:/home/evan/code/ndt-loc/install/data-publisher:/home/evan/code/ndt-loc/install/cloud_msgs:/home/evan/code/ndt-loc/install/a-loam:/opt/ros/humble /usr/bin/cmake --build /home/evan/code/lidar_slam/lidar_slam/build/slam_learn -- -j4 -l4
