[0.019s] Invoking command in '/home/evan/code/lidar_slam/lidar_slam/build/other_msgs': CMAKE_PREFIX_PATH=${CMAKE_PREFIX_PATH}:/opt/ros/humble /usr/bin/cmake /home/evan/code/lidar_slam/lidar_slam/src/other_msgs -DCMAKE_INSTALL_PREFIX=/home/evan/code/lidar_slam/lidar_slam/install/other_msgs
[0.263s] -- The C compiler identification is GNU 11.3.0
[0.408s] -- The CXX compiler identification is GNU 11.3.0
[0.418s] -- Detecting C compiler ABI info
[0.517s] -- Detecting C compiler ABI info - done
[0.526s] -- Check for working C compiler: /usr/bin/cc - skipped
[0.527s] -- Detecting C compile features
[0.561s] -- Detecting C compile features - done
[0.565s] -- Detecting CXX compiler ABI info
[0.700s] -- Detecting CXX compiler ABI info - done
[0.707s] -- Check for working CXX compiler: /usr/bin/c++ - skipped
[0.707s] -- Detecting CXX compile features
[0.708s] -- Detecting CXX compile features - done
[1.015s] -- Found ament_cmake: 1.3.3 (/opt/ros/humble/share/ament_cmake/cmake)
[1.241s] -- Found Python3: /usr/bin/python3.10 (found version "3.10.6") found components: Interpreter 
[1.489s] -- Found std_msgs: 4.2.3 (/opt/ros/humble/share/std_msgs/cmake)
[1.545s] -- Found rosidl_generator_c: 3.1.4 (/opt/ros/humble/share/rosidl_generator_c/cmake)
[1.571s] -- Found rosidl_adapter: 3.1.4 (/opt/ros/humble/share/rosidl_adapter/cmake)
[1.584s] -- Found rosidl_generator_cpp: 3.1.4 (/opt/ros/humble/share/rosidl_generator_cpp/cmake)
[1.637s] -- Using all available rosidl_typesupport_c: rosidl_typesupport_fastrtps_c;rosidl_typesupport_introspection_c
[1.666s] -- Using all available rosidl_typesupport_cpp: rosidl_typesupport_fastrtps_cpp;rosidl_typesupport_introspection_cpp
[1.736s] -- Found sensor_msgs: 4.2.3 (/opt/ros/humble/share/sensor_msgs/cmake)
[1.907s] -- Found rosidl_default_generators: 1.2.0 (/opt/ros/humble/share/rosidl_default_generators/cmake)
[2.251s] -- Found ament_cmake_ros: 0.10.0 (/opt/ros/humble/share/ament_cmake_ros/cmake)
[2.679s] -- Using all available rosidl_typesupport_c: rosidl_typesupport_fastrtps_c;rosidl_typesupport_introspection_c
[2.851s] -- Using all available rosidl_typesupport_cpp: rosidl_typesupport_fastrtps_cpp;rosidl_typesupport_introspection_cpp
[2.905s] -- Found PythonInterp: /usr/bin/python3 (found suitable version "3.10.6", minimum required is "3.6") 
[2.908s] -- Found python_cmake_module: 0.10.0 (/opt/ros/humble/share/python_cmake_module/cmake)
[3.068s] -- Found PythonLibs: /usr/lib/x86_64-linux-gnu/libpython3.10.so (found suitable version "3.10.6", minimum required is "3.5") 
[3.068s] -- Using PYTHON_EXECUTABLE: /usr/bin/python3
[3.068s] -- Using PYTHON_INCLUDE_DIRS: /usr/include/python3.10
[3.068s] -- Using PYTHON_LIBRARIES: /usr/lib/x86_64-linux-gnu/libpython3.10.so
[3.096s] -- Found PythonExtra: .so  
[3.167s] -- Configuring done
[3.212s] -- Generating done
[3.215s] -- Build files have been written to: /home/evan/code/lidar_slam/lidar_slam/build/other_msgs
[3.242s] Invoked command in '/home/evan/code/lidar_slam/lidar_slam/build/other_msgs' returned '0': CMAKE_PREFIX_PATH=${CMAKE_PREFIX_PATH}:/opt/ros/humble /usr/bin/cmake /home/evan/code/lidar_slam/lidar_slam/src/other_msgs -DCMAKE_INSTALL_PREFIX=/home/evan/code/lidar_slam/lidar_slam/install/other_msgs
[3.245s] Invoking command in '/home/evan/code/lidar_slam/lidar_slam/build/other_msgs': CMAKE_PREFIX_PATH=${CMAKE_PREFIX_PATH}:/opt/ros/humble /usr/bin/cmake --build /home/evan/code/lidar_slam/lidar_slam/build/other_msgs -- -j4 -l4
[3.376s] [  2%] [34m[1mGenerating C code for ROS interfaces[0m
[3.399s] [  4%] [34m[1mGenerating C++ code for ROS interfaces[0m
[3.419s] [  4%] Built target ament_cmake_python_copy_other_msgs
[3.737s] running egg_info
[3.738s] creating other_msgs.egg-info
[3.739s] writing other_msgs.egg-info/PKG-INFO
[3.739s] writing dependency_links to other_msgs.egg-info/dependency_links.txt
[3.739s] writing top-level names to other_msgs.egg-info/top_level.txt
[3.740s] writing manifest file 'other_msgs.egg-info/SOURCES.txt'
[3.741s] reading manifest file 'other_msgs.egg-info/SOURCES.txt'
[3.742s] writing manifest file 'other_msgs.egg-info/SOURCES.txt'
[3.774s] [  4%] Built target ament_cmake_python_build_other_msgs_egg
[4.045s] [  4%] Built target other_msgs__cpp
[4.054s] [  6%] [32mBuilding C object CMakeFiles/other_msgs__rosidl_generator_c.dir/rosidl_generator_c/other_msgs/msg/detail/all_cloud__functions.c.o[0m
[4.054s] [  8%] [32mBuilding C object CMakeFiles/other_msgs__rosidl_generator_c.dir/rosidl_generator_c/other_msgs/msg/detail/seg_cloud__functions.c.o[0m
[4.055s] [ 10%] [32mBuilding C object CMakeFiles/other_msgs__rosidl_generator_c.dir/rosidl_generator_c/other_msgs/msg/detail/point__functions.c.o[0m
[4.059s] [ 12%] [34m[1mGenerating C++ type support dispatch for ROS interfaces[0m
[4.138s] [ 14%] [34m[1mGenerating C++ type support for eProsima Fast-RTPS[0m
[4.153s] [ 17%] [32m[1mLinking C shared library libother_msgs__rosidl_generator_c.so[0m
[4.158s] [ 19%] [34m[1mGenerating C++ introspection for ROS interfaces[0m
[4.265s] [ 19%] Built target other_msgs__rosidl_generator_c
[4.279s] [ 21%] [34m[1mGenerating C type support for eProsima Fast-RTPS[0m
[4.657s] [ 23%] [32mBuilding CXX object CMakeFiles/other_msgs__rosidl_typesupport_cpp.dir/rosidl_typesupport_cpp/other_msgs/msg/point__type_support.cpp.o[0m
[4.713s] [ 25%] [32mBuilding CXX object CMakeFiles/other_msgs__rosidl_typesupport_fastrtps_cpp.dir/rosidl_typesupport_fastrtps_cpp/other_msgs/msg/detail/dds_fastrtps/point__type_support.cpp.o[0m
[4.856s] [ 27%] [32mBuilding CXX object CMakeFiles/other_msgs__rosidl_typesupport_introspection_cpp.dir/rosidl_typesupport_introspection_cpp/other_msgs/msg/detail/point__type_support.cpp.o[0m
[4.983s] [ 29%] [32mBuilding CXX object CMakeFiles/other_msgs__rosidl_typesupport_cpp.dir/rosidl_typesupport_cpp/other_msgs/msg/all_cloud__type_support.cpp.o[0m
[5.102s] [ 31%] [32mBuilding CXX object CMakeFiles/other_msgs__rosidl_typesupport_fastrtps_c.dir/rosidl_typesupport_fastrtps_c/other_msgs/msg/detail/point__type_support_c.cpp.o[0m
[5.325s] [ 34%] [32mBuilding CXX object CMakeFiles/other_msgs__rosidl_typesupport_cpp.dir/rosidl_typesupport_cpp/other_msgs/msg/seg_cloud__type_support.cpp.o[0m
[5.571s] [ 36%] [32mBuilding CXX object CMakeFiles/other_msgs__rosidl_typesupport_fastrtps_cpp.dir/rosidl_typesupport_fastrtps_cpp/other_msgs/msg/detail/dds_fastrtps/all_cloud__type_support.cpp.o[0m
[5.608s] [ 38%] [32mBuilding CXX object CMakeFiles/other_msgs__rosidl_typesupport_introspection_cpp.dir/rosidl_typesupport_introspection_cpp/other_msgs/msg/detail/all_cloud__type_support.cpp.o[0m
[5.656s] [ 40%] [32m[1mLinking CXX shared library libother_msgs__rosidl_typesupport_cpp.so[0m
[5.705s] [ 40%] Built target other_msgs__rosidl_typesupport_cpp
[5.742s] [ 42%] [32mBuilding CXX object CMakeFiles/other_msgs__rosidl_typesupport_fastrtps_c.dir/rosidl_typesupport_fastrtps_c/other_msgs/msg/detail/all_cloud__type_support_c.cpp.o[0m
[5.818s] [ 44%] [32mBuilding CXX object CMakeFiles/other_msgs__rosidl_typesupport_fastrtps_c.dir/rosidl_typesupport_fastrtps_c/other_msgs/msg/detail/seg_cloud__type_support_c.cpp.o[0m
[6.169s] [ 46%] [32mBuilding CXX object CMakeFiles/other_msgs__rosidl_typesupport_fastrtps_cpp.dir/rosidl_typesupport_fastrtps_cpp/other_msgs/msg/detail/dds_fastrtps/seg_cloud__type_support.cpp.o[0m
[6.400s] [ 48%] [32mBuilding CXX object CMakeFiles/other_msgs__rosidl_typesupport_introspection_cpp.dir/rosidl_typesupport_introspection_cpp/other_msgs/msg/detail/seg_cloud__type_support.cpp.o[0m
[6.417s] [ 51%] [32m[1mLinking CXX shared library libother_msgs__rosidl_typesupport_fastrtps_c.so[0m
[6.426s] [ 53%] [34m[1mGenerating C introspection for ROS interfaces[0m
[6.664s] [ 53%] Built target other_msgs__rosidl_typesupport_fastrtps_c
[6.715s] [ 55%] [34m[1mGenerating C type support dispatch for ROS interfaces[0m
[7.073s] [ 57%] [32m[1mLinking CXX shared library libother_msgs__rosidl_typesupport_introspection_cpp.so[0m
[7.225s] [ 59%] [32m[1mLinking CXX shared library libother_msgs__rosidl_typesupport_fastrtps_cpp.so[0m
[7.286s] [ 59%] Built target other_msgs__rosidl_typesupport_introspection_cpp
[7.327s] [ 61%] [32mBuilding C object CMakeFiles/other_msgs__rosidl_typesupport_introspection_c.dir/rosidl_typesupport_introspection_c/other_msgs/msg/detail/point__type_support.c.o[0m
[7.327s] [ 63%] [32mBuilding C object CMakeFiles/other_msgs__rosidl_typesupport_introspection_c.dir/rosidl_typesupport_introspection_c/other_msgs/msg/detail/all_cloud__type_support.c.o[0m
[7.414s] [ 65%] [32mBuilding C object CMakeFiles/other_msgs__rosidl_typesupport_introspection_c.dir/rosidl_typesupport_introspection_c/other_msgs/msg/detail/seg_cloud__type_support.c.o[0m
[7.416s] [ 68%] [32mBuilding CXX object CMakeFiles/other_msgs__rosidl_typesupport_c.dir/rosidl_typesupport_c/other_msgs/msg/point__type_support.cpp.o[0m
[7.426s] [ 68%] Built target other_msgs__rosidl_typesupport_fastrtps_cpp
[7.442s] [ 70%] [32mBuilding CXX object CMakeFiles/other_msgs__rosidl_typesupport_c.dir/rosidl_typesupport_c/other_msgs/msg/seg_cloud__type_support.cpp.o[0m
[7.452s] [ 72%] [32mBuilding CXX object CMakeFiles/other_msgs__rosidl_typesupport_c.dir/rosidl_typesupport_c/other_msgs/msg/all_cloud__type_support.cpp.o[0m
[7.490s] [ 74%] [32m[1mLinking CXX shared library libother_msgs__rosidl_typesupport_c.so[0m
[7.497s] [ 76%] [32m[1mLinking C shared library libother_msgs__rosidl_typesupport_introspection_c.so[0m
[7.538s] [ 76%] Built target other_msgs__rosidl_typesupport_introspection_c
[7.541s] [ 76%] Built target other_msgs__rosidl_typesupport_c
[7.565s] [ 76%] Built target other_msgs
[7.589s] [ 78%] [34m[1mGenerating Python code for ROS interfaces[0m
[8.392s] [ 78%] Built target other_msgs__py
[8.416s] [ 80%] [32mBuilding C object CMakeFiles/other_msgs__rosidl_generator_py.dir/rosidl_generator_py/other_msgs/msg/_all_cloud_s.c.o[0m
[8.416s] [ 85%] [32mBuilding C object CMakeFiles/other_msgs__rosidl_generator_py.dir/rosidl_generator_py/other_msgs/msg/_seg_cloud_s.c.o[0m
[8.416s] [ 85%] [32mBuilding C object CMakeFiles/other_msgs__rosidl_generator_py.dir/rosidl_generator_py/other_msgs/msg/_point_s.c.o[0m
[8.636s] [ 87%] [32m[1mLinking C shared library rosidl_generator_py/other_msgs/libother_msgs__rosidl_generator_py.so[0m
[8.686s] [ 87%] Built target other_msgs__rosidl_generator_py
[8.711s] [ 89%] [32mBuilding C object CMakeFiles/other_msgs__rosidl_typesupport_fastrtps_c__pyext.dir/rosidl_generator_py/other_msgs/_other_msgs_s.ep.rosidl_typesupport_fastrtps_c.c.o[0m
[8.715s] [ 91%] [32mBuilding C object CMakeFiles/other_msgs__rosidl_typesupport_introspection_c__pyext.dir/rosidl_generator_py/other_msgs/_other_msgs_s.ep.rosidl_typesupport_introspection_c.c.o[0m
[8.716s] [ 93%] [32mBuilding C object CMakeFiles/other_msgs__rosidl_typesupport_c__pyext.dir/rosidl_generator_py/other_msgs/_other_msgs_s.ep.rosidl_typesupport_c.c.o[0m
[8.862s] [ 95%] [32m[1mLinking C shared library rosidl_generator_py/other_msgs/other_msgs_s__rosidl_typesupport_fastrtps_c.cpython-310-x86_64-linux-gnu.so[0m
[8.862s] [ 97%] [32m[1mLinking C shared library rosidl_generator_py/other_msgs/other_msgs_s__rosidl_typesupport_introspection_c.cpython-310-x86_64-linux-gnu.so[0m
[8.869s] [100%] [32m[1mLinking C shared library rosidl_generator_py/other_msgs/other_msgs_s__rosidl_typesupport_c.cpython-310-x86_64-linux-gnu.so[0m
[8.924s] [100%] Built target other_msgs__rosidl_typesupport_fastrtps_c__pyext
[8.924s] [100%] Built target other_msgs__rosidl_typesupport_c__pyext
[8.935s] [100%] Built target other_msgs__rosidl_typesupport_introspection_c__pyext
[8.948s] Invoked command in '/home/evan/code/lidar_slam/lidar_slam/build/other_msgs' returned '0': CMAKE_PREFIX_PATH=${CMAKE_PREFIX_PATH}:/opt/ros/humble /usr/bin/cmake --build /home/evan/code/lidar_slam/lidar_slam/build/other_msgs -- -j4 -l4
[9.092s] Invoking command in '/home/evan/code/lidar_slam/lidar_slam/build/other_msgs': CMAKE_PREFIX_PATH=${CMAKE_PREFIX_PATH}:/opt/ros/humble /usr/bin/cmake --install /home/evan/code/lidar_slam/lidar_slam/build/other_msgs
[9.100s] -- Install configuration: ""
[9.100s] -- Installing: /home/evan/code/lidar_slam/lidar_slam/install/other_msgs/share/ament_index/resource_index/rosidl_interfaces/other_msgs
[9.101s] -- Installing: /home/evan/code/lidar_slam/lidar_slam/install/other_msgs/include/other_msgs/other_msgs
[9.101s] -- Installing: /home/evan/code/lidar_slam/lidar_slam/install/other_msgs/include/other_msgs/other_msgs/msg
[9.101s] -- Installing: /home/evan/code/lidar_slam/lidar_slam/install/other_msgs/include/other_msgs/other_msgs/msg/detail
[9.101s] -- Installing: /home/evan/code/lidar_slam/lidar_slam/install/other_msgs/include/other_msgs/other_msgs/msg/detail/seg_cloud__functions.c
[9.101s] -- Installing: /home/evan/code/lidar_slam/lidar_slam/install/other_msgs/include/other_msgs/other_msgs/msg/detail/seg_cloud__type_support.h
[9.101s] -- Installing: /home/evan/code/lidar_slam/lidar_slam/install/other_msgs/include/other_msgs/other_msgs/msg/detail/seg_cloud__struct.h
[9.101s] -- Installing: /home/evan/code/lidar_slam/lidar_slam/install/other_msgs/include/other_msgs/other_msgs/msg/detail/point__type_support.h
[9.101s] -- Installing: /home/evan/code/lidar_slam/lidar_slam/install/other_msgs/include/other_msgs/other_msgs/msg/detail/all_cloud__type_support.h
[9.102s] -- Installing: /home/evan/code/lidar_slam/lidar_slam/install/other_msgs/include/other_msgs/other_msgs/msg/detail/point__struct.h
[9.102s] -- Installing: /home/evan/code/lidar_slam/lidar_slam/install/other_msgs/include/other_msgs/other_msgs/msg/detail/all_cloud__functions.h
[9.102s] -- Installing: /home/evan/code/lidar_slam/lidar_slam/install/other_msgs/include/other_msgs/other_msgs/msg/detail/point__functions.c
[9.102s] -- Installing: /home/evan/code/lidar_slam/lidar_slam/install/other_msgs/include/other_msgs/other_msgs/msg/detail/seg_cloud__functions.h
[9.102s] -- Installing: /home/evan/code/lidar_slam/lidar_slam/install/other_msgs/include/other_msgs/other_msgs/msg/detail/all_cloud__struct.h
[9.102s] -- Installing: /home/evan/code/lidar_slam/lidar_slam/install/other_msgs/include/other_msgs/other_msgs/msg/detail/point__functions.h
[9.103s] -- Installing: /home/evan/code/lidar_slam/lidar_slam/install/other_msgs/include/other_msgs/other_msgs/msg/detail/all_cloud__functions.c
[9.103s] -- Installing: /home/evan/code/lidar_slam/lidar_slam/install/other_msgs/include/other_msgs/other_msgs/msg/point.h
[9.103s] -- Installing: /home/evan/code/lidar_slam/lidar_slam/install/other_msgs/include/other_msgs/other_msgs/msg/seg_cloud.h
[9.103s] -- Installing: /home/evan/code/lidar_slam/lidar_slam/install/other_msgs/include/other_msgs/other_msgs/msg/rosidl_generator_c__visibility_control.h
[9.103s] -- Installing: /home/evan/code/lidar_slam/lidar_slam/install/other_msgs/include/other_msgs/other_msgs/msg/all_cloud.h
[9.103s] -- Installing: /home/evan/code/lidar_slam/lidar_slam/install/other_msgs/share/other_msgs/environment/library_path.sh
[9.103s] -- Installing: /home/evan/code/lidar_slam/lidar_slam/install/other_msgs/share/other_msgs/environment/library_path.dsv
[9.103s] -- Installing: /home/evan/code/lidar_slam/lidar_slam/install/other_msgs/lib/libother_msgs__rosidl_generator_c.so
[9.104s] -- Set runtime path of "/home/evan/code/lidar_slam/lidar_slam/install/other_msgs/lib/libother_msgs__rosidl_generator_c.so" to ""
[9.104s] -- Up-to-date: /home/evan/code/lidar_slam/lidar_slam/install/other_msgs/include/other_msgs/other_msgs
[9.105s] -- Up-to-date: /home/evan/code/lidar_slam/lidar_slam/install/other_msgs/include/other_msgs/other_msgs/msg
[9.105s] -- Up-to-date: /home/evan/code/lidar_slam/lidar_slam/install/other_msgs/include/other_msgs/other_msgs/msg/detail
[9.105s] -- Installing: /home/evan/code/lidar_slam/lidar_slam/install/other_msgs/include/other_msgs/other_msgs/msg/detail/seg_cloud__rosidl_typesupport_fastrtps_c.h
[9.105s] -- Installing: /home/evan/code/lidar_slam/lidar_slam/install/other_msgs/include/other_msgs/other_msgs/msg/detail/point__rosidl_typesupport_fastrtps_c.h
[9.105s] -- Installing: /home/evan/code/lidar_slam/lidar_slam/install/other_msgs/include/other_msgs/other_msgs/msg/detail/all_cloud__rosidl_typesupport_fastrtps_c.h
[9.105s] -- Installing: /home/evan/code/lidar_slam/lidar_slam/install/other_msgs/include/other_msgs/other_msgs/msg/rosidl_typesupport_fastrtps_c__visibility_control.h
[9.105s] -- Installing: /home/evan/code/lidar_slam/lidar_slam/install/other_msgs/lib/libother_msgs__rosidl_typesupport_fastrtps_c.so
[9.106s] -- Set runtime path of "/home/evan/code/lidar_slam/lidar_slam/install/other_msgs/lib/libother_msgs__rosidl_typesupport_fastrtps_c.so" to ""
[9.106s] -- Up-to-date: /home/evan/code/lidar_slam/lidar_slam/install/other_msgs/include/other_msgs/other_msgs
[9.106s] -- Up-to-date: /home/evan/code/lidar_slam/lidar_slam/install/other_msgs/include/other_msgs/other_msgs/msg
[9.106s] -- Up-to-date: /home/evan/code/lidar_slam/lidar_slam/install/other_msgs/include/other_msgs/other_msgs/msg/detail
[9.106s] -- Installing: /home/evan/code/lidar_slam/lidar_slam/install/other_msgs/include/other_msgs/other_msgs/msg/detail/seg_cloud__struct.hpp
[9.107s] -- Installing: /home/evan/code/lidar_slam/lidar_slam/install/other_msgs/include/other_msgs/other_msgs/msg/detail/point__traits.hpp
[9.107s] -- Installing: /home/evan/code/lidar_slam/lidar_slam/install/other_msgs/include/other_msgs/other_msgs/msg/detail/point__builder.hpp
[9.107s] -- Installing: /home/evan/code/lidar_slam/lidar_slam/install/other_msgs/include/other_msgs/other_msgs/msg/detail/seg_cloud__builder.hpp
[9.107s] -- Installing: /home/evan/code/lidar_slam/lidar_slam/install/other_msgs/include/other_msgs/other_msgs/msg/detail/point__struct.hpp
[9.107s] -- Installing: /home/evan/code/lidar_slam/lidar_slam/install/other_msgs/include/other_msgs/other_msgs/msg/detail/all_cloud__traits.hpp
[9.107s] -- Installing: /home/evan/code/lidar_slam/lidar_slam/install/other_msgs/include/other_msgs/other_msgs/msg/detail/all_cloud__builder.hpp
[9.107s] -- Installing: /home/evan/code/lidar_slam/lidar_slam/install/other_msgs/include/other_msgs/other_msgs/msg/detail/all_cloud__struct.hpp
[9.107s] -- Installing: /home/evan/code/lidar_slam/lidar_slam/install/other_msgs/include/other_msgs/other_msgs/msg/detail/seg_cloud__traits.hpp
[9.107s] -- Installing: /home/evan/code/lidar_slam/lidar_slam/install/other_msgs/include/other_msgs/other_msgs/msg/point.hpp
[9.107s] -- Installing: /home/evan/code/lidar_slam/lidar_slam/install/other_msgs/include/other_msgs/other_msgs/msg/seg_cloud.hpp
[9.108s] -- Installing: /home/evan/code/lidar_slam/lidar_slam/install/other_msgs/include/other_msgs/other_msgs/msg/all_cloud.hpp
[9.108s] -- Up-to-date: /home/evan/code/lidar_slam/lidar_slam/install/other_msgs/include/other_msgs/other_msgs
[9.108s] -- Up-to-date: /home/evan/code/lidar_slam/lidar_slam/install/other_msgs/include/other_msgs/other_msgs/msg
[9.108s] -- Up-to-date: /home/evan/code/lidar_slam/lidar_slam/install/other_msgs/include/other_msgs/other_msgs/msg/detail
[9.108s] -- Installing: /home/evan/code/lidar_slam/lidar_slam/install/other_msgs/include/other_msgs/other_msgs/msg/detail/dds_fastrtps
[9.108s] -- Installing: /home/evan/code/lidar_slam/lidar_slam/install/other_msgs/include/other_msgs/other_msgs/msg/detail/all_cloud__rosidl_typesupport_fastrtps_cpp.hpp
[9.108s] -- Installing: /home/evan/code/lidar_slam/lidar_slam/install/other_msgs/include/other_msgs/other_msgs/msg/detail/point__rosidl_typesupport_fastrtps_cpp.hpp
[9.108s] -- Installing: /home/evan/code/lidar_slam/lidar_slam/install/other_msgs/include/other_msgs/other_msgs/msg/detail/seg_cloud__rosidl_typesupport_fastrtps_cpp.hpp
[9.108s] -- Installing: /home/evan/code/lidar_slam/lidar_slam/install/other_msgs/include/other_msgs/other_msgs/msg/rosidl_typesupport_fastrtps_cpp__visibility_control.h
[9.109s] -- Installing: /home/evan/code/lidar_slam/lidar_slam/install/other_msgs/lib/libother_msgs__rosidl_typesupport_fastrtps_cpp.so
[9.109s] -- Set runtime path of "/home/evan/code/lidar_slam/lidar_slam/install/other_msgs/lib/libother_msgs__rosidl_typesupport_fastrtps_cpp.so" to ""
[9.109s] -- Up-to-date: /home/evan/code/lidar_slam/lidar_slam/install/other_msgs/include/other_msgs/other_msgs
[9.110s] -- Up-to-date: /home/evan/code/lidar_slam/lidar_slam/install/other_msgs/include/other_msgs/other_msgs/msg
[9.110s] -- Up-to-date: /home/evan/code/lidar_slam/lidar_slam/install/other_msgs/include/other_msgs/other_msgs/msg/detail
[9.110s] -- Installing: /home/evan/code/lidar_slam/lidar_slam/install/other_msgs/include/other_msgs/other_msgs/msg/detail/point__type_support.c
[9.110s] -- Installing: /home/evan/code/lidar_slam/lidar_slam/install/other_msgs/include/other_msgs/other_msgs/msg/detail/all_cloud__type_support.c
[9.110s] -- Installing: /home/evan/code/lidar_slam/lidar_slam/install/other_msgs/include/other_msgs/other_msgs/msg/detail/seg_cloud__type_support.c
[9.110s] -- Installing: /home/evan/code/lidar_slam/lidar_slam/install/other_msgs/include/other_msgs/other_msgs/msg/detail/all_cloud__rosidl_typesupport_introspection_c.h
[9.110s] -- Installing: /home/evan/code/lidar_slam/lidar_slam/install/other_msgs/include/other_msgs/other_msgs/msg/detail/seg_cloud__rosidl_typesupport_introspection_c.h
[9.110s] -- Installing: /home/evan/code/lidar_slam/lidar_slam/install/other_msgs/include/other_msgs/other_msgs/msg/detail/point__rosidl_typesupport_introspection_c.h
[9.110s] -- Installing: /home/evan/code/lidar_slam/lidar_slam/install/other_msgs/include/other_msgs/other_msgs/msg/rosidl_typesupport_introspection_c__visibility_control.h
[9.111s] -- Installing: /home/evan/code/lidar_slam/lidar_slam/install/other_msgs/lib/libother_msgs__rosidl_typesupport_introspection_c.so
[9.111s] -- Set runtime path of "/home/evan/code/lidar_slam/lidar_slam/install/other_msgs/lib/libother_msgs__rosidl_typesupport_introspection_c.so" to ""
[9.111s] -- Installing: /home/evan/code/lidar_slam/lidar_slam/install/other_msgs/lib/libother_msgs__rosidl_typesupport_c.so
[9.112s] -- Set runtime path of "/home/evan/code/lidar_slam/lidar_slam/install/other_msgs/lib/libother_msgs__rosidl_typesupport_c.so" to ""
[9.112s] -- Up-to-date: /home/evan/code/lidar_slam/lidar_slam/install/other_msgs/include/other_msgs/other_msgs
[9.112s] -- Up-to-date: /home/evan/code/lidar_slam/lidar_slam/install/other_msgs/include/other_msgs/other_msgs/msg
[9.112s] -- Up-to-date: /home/evan/code/lidar_slam/lidar_slam/install/other_msgs/include/other_msgs/other_msgs/msg/detail
[9.112s] -- Installing: /home/evan/code/lidar_slam/lidar_slam/install/other_msgs/include/other_msgs/other_msgs/msg/detail/seg_cloud__rosidl_typesupport_introspection_cpp.hpp
[9.112s] -- Installing: /home/evan/code/lidar_slam/lidar_slam/install/other_msgs/include/other_msgs/other_msgs/msg/detail/point__type_support.cpp
[9.112s] -- Installing: /home/evan/code/lidar_slam/lidar_slam/install/other_msgs/include/other_msgs/other_msgs/msg/detail/seg_cloud__type_support.cpp
[9.113s] -- Installing: /home/evan/code/lidar_slam/lidar_slam/install/other_msgs/include/other_msgs/other_msgs/msg/detail/all_cloud__rosidl_typesupport_introspection_cpp.hpp
[9.113s] -- Installing: /home/evan/code/lidar_slam/lidar_slam/install/other_msgs/include/other_msgs/other_msgs/msg/detail/point__rosidl_typesupport_introspection_cpp.hpp
[9.113s] -- Installing: /home/evan/code/lidar_slam/lidar_slam/install/other_msgs/include/other_msgs/other_msgs/msg/detail/all_cloud__type_support.cpp
[9.113s] -- Installing: /home/evan/code/lidar_slam/lidar_slam/install/other_msgs/lib/libother_msgs__rosidl_typesupport_introspection_cpp.so
[9.114s] -- Set runtime path of "/home/evan/code/lidar_slam/lidar_slam/install/other_msgs/lib/libother_msgs__rosidl_typesupport_introspection_cpp.so" to ""
[9.114s] -- Installing: /home/evan/code/lidar_slam/lidar_slam/install/other_msgs/lib/libother_msgs__rosidl_typesupport_cpp.so
[9.114s] -- Set runtime path of "/home/evan/code/lidar_slam/lidar_slam/install/other_msgs/lib/libother_msgs__rosidl_typesupport_cpp.so" to ""
[9.114s] -- Installing: /home/evan/code/lidar_slam/lidar_slam/install/other_msgs/share/other_msgs/environment/pythonpath.sh
[9.114s] -- Installing: /home/evan/code/lidar_slam/lidar_slam/install/other_msgs/share/other_msgs/environment/pythonpath.dsv
[9.115s] -- Installing: /home/evan/code/lidar_slam/lidar_slam/install/other_msgs/local/lib/python3.10/dist-packages/other_msgs-0.0.0-py3.10.egg-info
[9.115s] -- Installing: /home/evan/code/lidar_slam/lidar_slam/install/other_msgs/local/lib/python3.10/dist-packages/other_msgs-0.0.0-py3.10.egg-info/top_level.txt
[9.115s] -- Installing: /home/evan/code/lidar_slam/lidar_slam/install/other_msgs/local/lib/python3.10/dist-packages/other_msgs-0.0.0-py3.10.egg-info/dependency_links.txt
[9.115s] -- Installing: /home/evan/code/lidar_slam/lidar_slam/install/other_msgs/local/lib/python3.10/dist-packages/other_msgs-0.0.0-py3.10.egg-info/PKG-INFO
[9.115s] -- Installing: /home/evan/code/lidar_slam/lidar_slam/install/other_msgs/local/lib/python3.10/dist-packages/other_msgs-0.0.0-py3.10.egg-info/SOURCES.txt
[9.115s] -- Installing: /home/evan/code/lidar_slam/lidar_slam/install/other_msgs/local/lib/python3.10/dist-packages/other_msgs
[9.115s] -- Installing: /home/evan/code/lidar_slam/lidar_slam/install/other_msgs/local/lib/python3.10/dist-packages/other_msgs/msg
[9.115s] -- Installing: /home/evan/code/lidar_slam/lidar_slam/install/other_msgs/local/lib/python3.10/dist-packages/other_msgs/msg/_all_cloud_s.c
[9.116s] -- Installing: /home/evan/code/lidar_slam/lidar_slam/install/other_msgs/local/lib/python3.10/dist-packages/other_msgs/msg/_seg_cloud.py
[9.116s] -- Installing: /home/evan/code/lidar_slam/lidar_slam/install/other_msgs/local/lib/python3.10/dist-packages/other_msgs/msg/__init__.py
[9.116s] -- Installing: /home/evan/code/lidar_slam/lidar_slam/install/other_msgs/local/lib/python3.10/dist-packages/other_msgs/msg/_seg_cloud_s.c
[9.116s] -- Installing: /home/evan/code/lidar_slam/lidar_slam/install/other_msgs/local/lib/python3.10/dist-packages/other_msgs/msg/_point_s.c
[9.116s] -- Installing: /home/evan/code/lidar_slam/lidar_slam/install/other_msgs/local/lib/python3.10/dist-packages/other_msgs/msg/_all_cloud.py
[9.116s] -- Installing: /home/evan/code/lidar_slam/lidar_slam/install/other_msgs/local/lib/python3.10/dist-packages/other_msgs/msg/_point.py
[9.116s] -- Installing: /home/evan/code/lidar_slam/lidar_slam/install/other_msgs/local/lib/python3.10/dist-packages/other_msgs/other_msgs_s__rosidl_typesupport_c.cpython-310-x86_64-linux-gnu.so
[9.117s] -- Installing: /home/evan/code/lidar_slam/lidar_slam/install/other_msgs/local/lib/python3.10/dist-packages/other_msgs/_other_msgs_s.ep.rosidl_typesupport_introspection_c.c
[9.117s] -- Installing: /home/evan/code/lidar_slam/lidar_slam/install/other_msgs/local/lib/python3.10/dist-packages/other_msgs/_other_msgs_s.ep.rosidl_typesupport_c.c
[9.117s] -- Installing: /home/evan/code/lidar_slam/lidar_slam/install/other_msgs/local/lib/python3.10/dist-packages/other_msgs/__init__.py
[9.117s] -- Installing: /home/evan/code/lidar_slam/lidar_slam/install/other_msgs/local/lib/python3.10/dist-packages/other_msgs/other_msgs_s__rosidl_typesupport_introspection_c.cpython-310-x86_64-linux-gnu.so
[9.117s] -- Installing: /home/evan/code/lidar_slam/lidar_slam/install/other_msgs/local/lib/python3.10/dist-packages/other_msgs/libother_msgs__rosidl_generator_py.so
[9.117s] -- Installing: /home/evan/code/lidar_slam/lidar_slam/install/other_msgs/local/lib/python3.10/dist-packages/other_msgs/_other_msgs_s.ep.rosidl_typesupport_fastrtps_c.c
[9.117s] -- Installing: /home/evan/code/lidar_slam/lidar_slam/install/other_msgs/local/lib/python3.10/dist-packages/other_msgs/other_msgs_s__rosidl_typesupport_fastrtps_c.cpython-310-x86_64-linux-gnu.so
[9.161s] Listing '/home/evan/code/lidar_slam/lidar_slam/install/other_msgs/local/lib/python3.10/dist-packages/other_msgs'...
[9.161s] Compiling '/home/evan/code/lidar_slam/lidar_slam/install/other_msgs/local/lib/python3.10/dist-packages/other_msgs/__init__.py'...
[9.161s] Listing '/home/evan/code/lidar_slam/lidar_slam/install/other_msgs/local/lib/python3.10/dist-packages/other_msgs/msg'...
[9.162s] Compiling '/home/evan/code/lidar_slam/lidar_slam/install/other_msgs/local/lib/python3.10/dist-packages/other_msgs/msg/__init__.py'...
[9.162s] Compiling '/home/evan/code/lidar_slam/lidar_slam/install/other_msgs/local/lib/python3.10/dist-packages/other_msgs/msg/_all_cloud.py'...
[9.162s] Compiling '/home/evan/code/lidar_slam/lidar_slam/install/other_msgs/local/lib/python3.10/dist-packages/other_msgs/msg/_point.py'...
[9.162s] Compiling '/home/evan/code/lidar_slam/lidar_slam/install/other_msgs/local/lib/python3.10/dist-packages/other_msgs/msg/_seg_cloud.py'...
[9.167s] -- Installing: /home/evan/code/lidar_slam/lidar_slam/install/other_msgs/local/lib/python3.10/dist-packages/other_msgs/other_msgs_s__rosidl_typesupport_fastrtps_c.cpython-310-x86_64-linux-gnu.so
[9.168s] -- Set runtime path of "/home/evan/code/lidar_slam/lidar_slam/install/other_msgs/local/lib/python3.10/dist-packages/other_msgs/other_msgs_s__rosidl_typesupport_fastrtps_c.cpython-310-x86_64-linux-gnu.so" to ""
[9.168s] -- Installing: /home/evan/code/lidar_slam/lidar_slam/install/other_msgs/local/lib/python3.10/dist-packages/other_msgs/other_msgs_s__rosidl_typesupport_introspection_c.cpython-310-x86_64-linux-gnu.so
[9.169s] -- Set runtime path of "/home/evan/code/lidar_slam/lidar_slam/install/other_msgs/local/lib/python3.10/dist-packages/other_msgs/other_msgs_s__rosidl_typesupport_introspection_c.cpython-310-x86_64-linux-gnu.so" to ""
[9.169s] -- Installing: /home/evan/code/lidar_slam/lidar_slam/install/other_msgs/local/lib/python3.10/dist-packages/other_msgs/other_msgs_s__rosidl_typesupport_c.cpython-310-x86_64-linux-gnu.so
[9.169s] -- Set runtime path of "/home/evan/code/lidar_slam/lidar_slam/install/other_msgs/local/lib/python3.10/dist-packages/other_msgs/other_msgs_s__rosidl_typesupport_c.cpython-310-x86_64-linux-gnu.so" to ""
[9.169s] -- Installing: /home/evan/code/lidar_slam/lidar_slam/install/other_msgs/lib/libother_msgs__rosidl_generator_py.so
[9.170s] -- Set runtime path of "/home/evan/code/lidar_slam/lidar_slam/install/other_msgs/lib/libother_msgs__rosidl_generator_py.so" to ""
[9.170s] -- Installing: /home/evan/code/lidar_slam/lidar_slam/install/other_msgs/share/other_msgs/msg/Point.idl
[9.170s] -- Installing: /home/evan/code/lidar_slam/lidar_slam/install/other_msgs/share/other_msgs/msg/AllCloud.idl
[9.171s] -- Installing: /home/evan/code/lidar_slam/lidar_slam/install/other_msgs/share/other_msgs/msg/SegCloud.idl
[9.171s] -- Installing: /home/evan/code/lidar_slam/lidar_slam/install/other_msgs/share/other_msgs/msg/Point.msg
[9.171s] -- Installing: /home/evan/code/lidar_slam/lidar_slam/install/other_msgs/share/other_msgs/msg/AllCloud.msg
[9.171s] -- Installing: /home/evan/code/lidar_slam/lidar_slam/install/other_msgs/share/other_msgs/msg/SegCloud.msg
[9.171s] -- Installing: /home/evan/code/lidar_slam/lidar_slam/install/other_msgs/share/ament_index/resource_index/package_run_dependencies/other_msgs
[9.171s] -- Installing: /home/evan/code/lidar_slam/lidar_slam/install/other_msgs/share/ament_index/resource_index/parent_prefix_path/other_msgs
[9.172s] -- Installing: /home/evan/code/lidar_slam/lidar_slam/install/other_msgs/share/other_msgs/environment/ament_prefix_path.sh
[9.172s] -- Installing: /home/evan/code/lidar_slam/lidar_slam/install/other_msgs/share/other_msgs/environment/ament_prefix_path.dsv
[9.172s] -- Installing: /home/evan/code/lidar_slam/lidar_slam/install/other_msgs/share/other_msgs/environment/path.sh
[9.172s] -- Installing: /home/evan/code/lidar_slam/lidar_slam/install/other_msgs/share/other_msgs/environment/path.dsv
[9.172s] -- Installing: /home/evan/code/lidar_slam/lidar_slam/install/other_msgs/share/other_msgs/local_setup.bash
[9.172s] -- Installing: /home/evan/code/lidar_slam/lidar_slam/install/other_msgs/share/other_msgs/local_setup.sh
[9.173s] -- Installing: /home/evan/code/lidar_slam/lidar_slam/install/other_msgs/share/other_msgs/local_setup.zsh
[9.173s] -- Installing: /home/evan/code/lidar_slam/lidar_slam/install/other_msgs/share/other_msgs/local_setup.dsv
[9.173s] -- Installing: /home/evan/code/lidar_slam/lidar_slam/install/other_msgs/share/other_msgs/package.dsv
[9.173s] -- Installing: /home/evan/code/lidar_slam/lidar_slam/install/other_msgs/share/ament_index/resource_index/packages/other_msgs
[9.174s] -- Installing: /home/evan/code/lidar_slam/lidar_slam/install/other_msgs/share/other_msgs/cmake/export_other_msgs__rosidl_generator_cExport.cmake
[9.174s] -- Installing: /home/evan/code/lidar_slam/lidar_slam/install/other_msgs/share/other_msgs/cmake/export_other_msgs__rosidl_generator_cExport-noconfig.cmake
[9.174s] -- Installing: /home/evan/code/lidar_slam/lidar_slam/install/other_msgs/share/other_msgs/cmake/export_other_msgs__rosidl_typesupport_fastrtps_cExport.cmake
[9.175s] -- Installing: /home/evan/code/lidar_slam/lidar_slam/install/other_msgs/share/other_msgs/cmake/export_other_msgs__rosidl_typesupport_fastrtps_cExport-noconfig.cmake
[9.175s] -- Installing: /home/evan/code/lidar_slam/lidar_slam/install/other_msgs/share/other_msgs/cmake/export_other_msgs__rosidl_generator_cppExport.cmake
[9.175s] -- Installing: /home/evan/code/lidar_slam/lidar_slam/install/other_msgs/share/other_msgs/cmake/export_other_msgs__rosidl_typesupport_fastrtps_cppExport.cmake
[9.175s] -- Installing: /home/evan/code/lidar_slam/lidar_slam/install/other_msgs/share/other_msgs/cmake/export_other_msgs__rosidl_typesupport_fastrtps_cppExport-noconfig.cmake
[9.175s] -- Installing: /home/evan/code/lidar_slam/lidar_slam/install/other_msgs/share/other_msgs/cmake/other_msgs__rosidl_typesupport_introspection_cExport.cmake
[9.175s] -- Installing: /home/evan/code/lidar_slam/lidar_slam/install/other_msgs/share/other_msgs/cmake/other_msgs__rosidl_typesupport_introspection_cExport-noconfig.cmake
[9.175s] -- Installing: /home/evan/code/lidar_slam/lidar_slam/install/other_msgs/share/other_msgs/cmake/other_msgs__rosidl_typesupport_cExport.cmake
[9.175s] -- Installing: /home/evan/code/lidar_slam/lidar_slam/install/other_msgs/share/other_msgs/cmake/other_msgs__rosidl_typesupport_cExport-noconfig.cmake
[9.175s] -- Installing: /home/evan/code/lidar_slam/lidar_slam/install/other_msgs/share/other_msgs/cmake/other_msgs__rosidl_typesupport_introspection_cppExport.cmake
[9.176s] -- Installing: /home/evan/code/lidar_slam/lidar_slam/install/other_msgs/share/other_msgs/cmake/other_msgs__rosidl_typesupport_introspection_cppExport-noconfig.cmake
[9.176s] -- Installing: /home/evan/code/lidar_slam/lidar_slam/install/other_msgs/share/other_msgs/cmake/other_msgs__rosidl_typesupport_cppExport.cmake
[9.176s] -- Installing: /home/evan/code/lidar_slam/lidar_slam/install/other_msgs/share/other_msgs/cmake/other_msgs__rosidl_typesupport_cppExport-noconfig.cmake
[9.176s] -- Installing: /home/evan/code/lidar_slam/lidar_slam/install/other_msgs/share/other_msgs/cmake/export_other_msgs__rosidl_generator_pyExport.cmake
[9.176s] -- Installing: /home/evan/code/lidar_slam/lidar_slam/install/other_msgs/share/other_msgs/cmake/export_other_msgs__rosidl_generator_pyExport-noconfig.cmake
[9.176s] -- Installing: /home/evan/code/lidar_slam/lidar_slam/install/other_msgs/share/other_msgs/cmake/rosidl_cmake-extras.cmake
[9.176s] -- Installing: /home/evan/code/lidar_slam/lidar_slam/install/other_msgs/share/other_msgs/cmake/ament_cmake_export_dependencies-extras.cmake
[9.177s] -- Installing: /home/evan/code/lidar_slam/lidar_slam/install/other_msgs/share/other_msgs/cmake/ament_cmake_export_include_directories-extras.cmake
[9.177s] -- Installing: /home/evan/code/lidar_slam/lidar_slam/install/other_msgs/share/other_msgs/cmake/ament_cmake_export_libraries-extras.cmake
[9.177s] -- Installing: /home/evan/code/lidar_slam/lidar_slam/install/other_msgs/share/other_msgs/cmake/ament_cmake_export_targets-extras.cmake
[9.177s] -- Installing: /home/evan/code/lidar_slam/lidar_slam/install/other_msgs/share/other_msgs/cmake/rosidl_cmake_export_typesupport_targets-extras.cmake
[9.177s] -- Installing: /home/evan/code/lidar_slam/lidar_slam/install/other_msgs/share/other_msgs/cmake/rosidl_cmake_export_typesupport_libraries-extras.cmake
[9.177s] -- Installing: /home/evan/code/lidar_slam/lidar_slam/install/other_msgs/share/other_msgs/cmake/other_msgsConfig.cmake
[9.178s] -- Installing: /home/evan/code/lidar_slam/lidar_slam/install/other_msgs/share/other_msgs/cmake/other_msgsConfig-version.cmake
[9.178s] -- Installing: /home/evan/code/lidar_slam/lidar_slam/install/other_msgs/share/other_msgs/package.xml
[9.180s] Invoked command in '/home/evan/code/lidar_slam/lidar_slam/build/other_msgs' returned '0': CMAKE_PREFIX_PATH=${CMAKE_PREFIX_PATH}:/opt/ros/humble /usr/bin/cmake --install /home/evan/code/lidar_slam/lidar_slam/build/other_msgs
