[0.329s] DEBUG:colcon:Command line arguments: ['/usr/bin/colcon', 'build', '--packages-select', 'slam_learn']
[0.329s] DEBUG:colcon:Parsed command line arguments: Namespace(log_base=None, log_level=None, verb_name='build', build_base='build', install_base='install', merge_install=False, symlink_install=False, test_result_base=None, continue_on_error=False, executor='parallel', parallel_workers=4, event_handlers=None, ignore_user_meta=False, metas=['./colcon.meta'], base_paths=['.'], packages_ignore=None, packages_ignore_regex=None, paths=None, packages_up_to=None, packages_up_to_regex=None, packages_above=None, packages_above_and_dependencies=None, packages_above_depth=None, packages_select_by_dep=None, packages_skip_by_dep=None, packages_skip_up_to=None, packages_select_build_failed=False, packages_skip_build_finished=False, packages_select_test_failures=False, packages_skip_test_passed=False, packages_select=['slam_learn'], packages_skip=None, packages_select_regex=None, packages_skip_regex=None, packages_start=None, packages_end=None, allow_overriding=[], cmake_args=None, cmake_target=None, cmake_target_skip_unavailable=False, cmake_clean_cache=False, cmake_clean_first=False, cmake_force_configure=False, ament_cmake_args=None, catkin_cmake_args=None, catkin_skip_building_tests=False, verb_parser=<colcon_defaults.argument_parser.defaults.DefaultArgumentsDecorator object at 0x7f8752e8e3b0>, verb_extension=<colcon_core.verb.build.BuildVerb object at 0x7f87536aa740>, main=<bound method BuildVerb.main of <colcon_core.verb.build.BuildVerb object at 0x7f87536aa740>>)
[0.361s] Level 1:colcon.colcon_core.package_discovery:discover_packages(colcon_meta) check parameters
[0.362s] Level 1:colcon.colcon_core.package_discovery:discover_packages(recursive) check parameters
[0.362s] Level 1:colcon.colcon_core.package_discovery:discover_packages(ignore) check parameters
[0.362s] Level 1:colcon.colcon_core.package_discovery:discover_packages(path) check parameters
[0.362s] Level 1:colcon.colcon_core.package_discovery:discover_packages(colcon_meta) discover
[0.362s] Level 1:colcon.colcon_core.package_discovery:discover_packages(recursive) discover
[0.362s] INFO:colcon.colcon_core.package_discovery:Crawling recursively for packages in '/home/evan/code/lidar_slam/lidar_slam'
[0.362s] Level 1:colcon.colcon_core.package_identification:_identify(.) by extensions ['ignore', 'ignore_ament_install']
[0.362s] Level 1:colcon.colcon_core.package_identification:_identify(.) by extension 'ignore'
[0.362s] Level 1:colcon.colcon_core.package_identification:_identify(.) by extension 'ignore_ament_install'
[0.362s] Level 1:colcon.colcon_core.package_identification:_identify(.) by extensions ['colcon_pkg']
[0.362s] Level 1:colcon.colcon_core.package_identification:_identify(.) by extension 'colcon_pkg'
[0.362s] Level 1:colcon.colcon_core.package_identification:_identify(.) by extensions ['colcon_meta']
[0.362s] Level 1:colcon.colcon_core.package_identification:_identify(.) by extension 'colcon_meta'
[0.362s] Level 1:colcon.colcon_core.package_identification:_identify(.) by extensions ['ros']
[0.363s] Level 1:colcon.colcon_core.package_identification:_identify(.) by extension 'ros'
[0.374s] Level 1:colcon.colcon_core.package_identification:_identify(.) by extensions ['cmake', 'python']
[0.374s] Level 1:colcon.colcon_core.package_identification:_identify(.) by extension 'cmake'
[0.374s] Level 1:colcon.colcon_core.package_identification:_identify(.) by extension 'python'
[0.374s] Level 1:colcon.colcon_core.package_identification:_identify(.) by extensions ['python_setup_py']
[0.374s] Level 1:colcon.colcon_core.package_identification:_identify(.) by extension 'python_setup_py'
[0.374s] Level 1:colcon.colcon_core.package_identification:_identify(build) by extensions ['ignore', 'ignore_ament_install']
[0.374s] Level 1:colcon.colcon_core.package_identification:_identify(build) by extension 'ignore'
[0.374s] Level 1:colcon.colcon_core.package_identification:_identify(build) ignored
[0.375s] Level 1:colcon.colcon_core.package_identification:_identify(install) by extensions ['ignore', 'ignore_ament_install']
[0.375s] Level 1:colcon.colcon_core.package_identification:_identify(install) by extension 'ignore'
[0.375s] Level 1:colcon.colcon_core.package_identification:_identify(install) ignored
[0.375s] Level 1:colcon.colcon_core.package_identification:_identify(log) by extensions ['ignore', 'ignore_ament_install']
[0.375s] Level 1:colcon.colcon_core.package_identification:_identify(log) by extension 'ignore'
[0.375s] Level 1:colcon.colcon_core.package_identification:_identify(log) ignored
[0.375s] Level 1:colcon.colcon_core.package_identification:_identify(src) by extensions ['ignore', 'ignore_ament_install']
[0.375s] Level 1:colcon.colcon_core.package_identification:_identify(src) by extension 'ignore'
[0.375s] Level 1:colcon.colcon_core.package_identification:_identify(src) by extension 'ignore_ament_install'
[0.376s] Level 1:colcon.colcon_core.package_identification:_identify(src) by extensions ['colcon_pkg']
[0.376s] Level 1:colcon.colcon_core.package_identification:_identify(src) by extension 'colcon_pkg'
[0.376s] Level 1:colcon.colcon_core.package_identification:_identify(src) by extensions ['colcon_meta']
[0.376s] Level 1:colcon.colcon_core.package_identification:_identify(src) by extension 'colcon_meta'
[0.376s] Level 1:colcon.colcon_core.package_identification:_identify(src) by extensions ['ros']
[0.376s] Level 1:colcon.colcon_core.package_identification:_identify(src) by extension 'ros'
[0.376s] Level 1:colcon.colcon_core.package_identification:_identify(src) by extensions ['cmake', 'python']
[0.376s] Level 1:colcon.colcon_core.package_identification:_identify(src) by extension 'cmake'
[0.376s] Level 1:colcon.colcon_core.package_identification:_identify(src) by extension 'python'
[0.376s] Level 1:colcon.colcon_core.package_identification:_identify(src) by extensions ['python_setup_py']
[0.376s] Level 1:colcon.colcon_core.package_identification:_identify(src) by extension 'python_setup_py'
[0.376s] Level 1:colcon.colcon_core.package_identification:_identify(src/other_msgs) by extensions ['ignore', 'ignore_ament_install']
[0.376s] Level 1:colcon.colcon_core.package_identification:_identify(src/other_msgs) by extension 'ignore'
[0.376s] Level 1:colcon.colcon_core.package_identification:_identify(src/other_msgs) by extension 'ignore_ament_install'
[0.376s] Level 1:colcon.colcon_core.package_identification:_identify(src/other_msgs) by extensions ['colcon_pkg']
[0.376s] Level 1:colcon.colcon_core.package_identification:_identify(src/other_msgs) by extension 'colcon_pkg'
[0.376s] Level 1:colcon.colcon_core.package_identification:_identify(src/other_msgs) by extensions ['colcon_meta']
[0.376s] Level 1:colcon.colcon_core.package_identification:_identify(src/other_msgs) by extension 'colcon_meta'
[0.377s] Level 1:colcon.colcon_core.package_identification:_identify(src/other_msgs) by extensions ['ros']
[0.377s] Level 1:colcon.colcon_core.package_identification:_identify(src/other_msgs) by extension 'ros'
[0.379s] DEBUG:colcon.colcon_core.package_identification:Package 'src/other_msgs' with type 'ros.ament_cmake' and name 'other_msgs'
[0.379s] Level 1:colcon.colcon_core.package_identification:_identify(src/slam_learn) by extensions ['ignore', 'ignore_ament_install']
[0.380s] Level 1:colcon.colcon_core.package_identification:_identify(src/slam_learn) by extension 'ignore'
[0.380s] Level 1:colcon.colcon_core.package_identification:_identify(src/slam_learn) by extension 'ignore_ament_install'
[0.380s] Level 1:colcon.colcon_core.package_identification:_identify(src/slam_learn) by extensions ['colcon_pkg']
[0.380s] Level 1:colcon.colcon_core.package_identification:_identify(src/slam_learn) by extension 'colcon_pkg'
[0.380s] Level 1:colcon.colcon_core.package_identification:_identify(src/slam_learn) by extensions ['colcon_meta']
[0.380s] Level 1:colcon.colcon_core.package_identification:_identify(src/slam_learn) by extension 'colcon_meta'
[0.380s] Level 1:colcon.colcon_core.package_identification:_identify(src/slam_learn) by extensions ['ros']
[0.380s] Level 1:colcon.colcon_core.package_identification:_identify(src/slam_learn) by extension 'ros'
[0.381s] DEBUG:colcon.colcon_core.package_identification:Package 'src/slam_learn' with type 'ros.ament_cmake' and name 'slam_learn'
[0.381s] Level 1:colcon.colcon_core.package_discovery:discover_packages(recursive) using defaults
[0.381s] Level 1:colcon.colcon_core.package_discovery:discover_packages(ignore) discover
[0.381s] Level 1:colcon.colcon_core.package_discovery:discover_packages(ignore) using defaults
[0.381s] Level 1:colcon.colcon_core.package_discovery:discover_packages(path) discover
[0.381s] Level 1:colcon.colcon_core.package_discovery:discover_packages(path) using defaults
[0.405s] INFO:colcon.colcon_core.package_selection:Skipping not selected package 'other_msgs' in 'src/other_msgs'
[0.406s] Level 1:colcon.colcon_core.package_discovery:discover_packages(prefix_path) check parameters
[0.406s] Level 1:colcon.colcon_core.package_discovery:discover_packages(prefix_path) discover
[0.409s] DEBUG:colcon.colcon_installed_package_information.package_discovery:Found 2 installed packages in /home/evan/code/lidar_slam/lidar_slam/install
[0.410s] DEBUG:colcon.colcon_installed_package_information.package_discovery:Found 2 installed packages in /home/evan/code/lego-loam/lego/install
[0.411s] DEBUG:colcon.colcon_installed_package_information.package_discovery:Found 7 installed packages in /home/evan/code/ndt-loc/install
[0.413s] DEBUG:colcon.colcon_installed_package_information.package_discovery:Found 270 installed packages in /opt/ros/humble
[0.414s] Level 1:colcon.colcon_core.package_discovery:discover_packages(prefix_path) using defaults
[0.476s] Level 5:colcon.colcon_core.verb:set package 'slam_learn' build argument 'cmake_args' from command line to 'None'
[0.476s] Level 5:colcon.colcon_core.verb:set package 'slam_learn' build argument 'cmake_target' from command line to 'None'
[0.476s] Level 5:colcon.colcon_core.verb:set package 'slam_learn' build argument 'cmake_target_skip_unavailable' from command line to 'False'
[0.476s] Level 5:colcon.colcon_core.verb:set package 'slam_learn' build argument 'cmake_clean_cache' from command line to 'False'
[0.476s] Level 5:colcon.colcon_core.verb:set package 'slam_learn' build argument 'cmake_clean_first' from command line to 'False'
[0.476s] Level 5:colcon.colcon_core.verb:set package 'slam_learn' build argument 'cmake_force_configure' from command line to 'False'
[0.476s] Level 5:colcon.colcon_core.verb:set package 'slam_learn' build argument 'ament_cmake_args' from command line to 'None'
[0.476s] Level 5:colcon.colcon_core.verb:set package 'slam_learn' build argument 'catkin_cmake_args' from command line to 'None'
[0.476s] Level 5:colcon.colcon_core.verb:set package 'slam_learn' build argument 'catkin_skip_building_tests' from command line to 'False'
[0.476s] DEBUG:colcon.colcon_core.verb:Building package 'slam_learn' with the following arguments: {'ament_cmake_args': None, 'build_base': '/home/evan/code/lidar_slam/lidar_slam/build/slam_learn', 'catkin_cmake_args': None, 'catkin_skip_building_tests': False, 'cmake_args': None, 'cmake_clean_cache': False, 'cmake_clean_first': False, 'cmake_force_configure': False, 'cmake_target': None, 'cmake_target_skip_unavailable': False, 'install_base': '/home/evan/code/lidar_slam/lidar_slam/install/slam_learn', 'merge_install': False, 'path': '/home/evan/code/lidar_slam/lidar_slam/src/slam_learn', 'symlink_install': False, 'test_result_base': None}
[0.477s] INFO:colcon.colcon_core.executor:Executing jobs using 'parallel' executor
[0.480s] DEBUG:colcon.colcon_parallel_executor.executor.parallel:run_until_complete
[0.480s] INFO:colcon.colcon_ros.task.ament_cmake.build:Building ROS package in '/home/evan/code/lidar_slam/lidar_slam/src/slam_learn' with build type 'ament_cmake'
[0.481s] INFO:colcon.colcon_cmake.task.cmake.build:Building CMake package in '/home/evan/code/lidar_slam/lidar_slam/src/slam_learn'
[0.485s] INFO:colcon.colcon_core.plugin_system:Skipping extension 'colcon_core.shell.bat': Not used on non-Windows systems
[0.486s] INFO:colcon.colcon_core.shell:Skip shell extension 'powershell' for command environment: Not usable outside of PowerShell
[0.486s] DEBUG:colcon.colcon_core.shell:Skip shell extension 'dsv' for command environment
[0.509s] DEBUG:colcon.colcon_core.event_handler.log_command:Invoking command in '/home/evan/code/lidar_slam/lidar_slam/build/slam_learn': CMAKE_PREFIX_PATH=/home/evan/code/lidar_slam/lidar_slam/install/other_msgs:/home/evan/code/lidar_slam/lidar_slam/install/slam_learn:/home/evan/code/lego-loam/lego/install/lego_loam_sr:/home/evan/code/lego-loam/lego/install/cloud_msgs:/home/evan/code/ndt-loc/install/radar-odometry:/home/evan/code/ndt-loc/install/radar-data:/home/evan/code/ndt-loc/install/ndt-lidar-radar:/home/evan/code/ndt-loc/install/map:/home/evan/code/ndt-loc/install/data-publisher:/home/evan/code/ndt-loc/install/cloud_msgs:/home/evan/code/ndt-loc/install/a-loam:/opt/ros/humble /usr/bin/cmake --build /home/evan/code/lidar_slam/lidar_slam/build/slam_learn -- -j4 -l4
[15.529s] DEBUG:colcon.colcon_core.event_handler.log_command:Invoked command in '/home/evan/code/lidar_slam/lidar_slam/build/slam_learn' returned '0': CMAKE_PREFIX_PATH=/home/evan/code/lidar_slam/lidar_slam/install/other_msgs:/home/evan/code/lidar_slam/lidar_slam/install/slam_learn:/home/evan/code/lego-loam/lego/install/lego_loam_sr:/home/evan/code/lego-loam/lego/install/cloud_msgs:/home/evan/code/ndt-loc/install/radar-odometry:/home/evan/code/ndt-loc/install/radar-data:/home/evan/code/ndt-loc/install/ndt-lidar-radar:/home/evan/code/ndt-loc/install/map:/home/evan/code/ndt-loc/install/data-publisher:/home/evan/code/ndt-loc/install/cloud_msgs:/home/evan/code/ndt-loc/install/a-loam:/opt/ros/humble /usr/bin/cmake --build /home/evan/code/lidar_slam/lidar_slam/build/slam_learn -- -j4 -l4
[15.577s] DEBUG:colcon.colcon_core.event_handler.log_command:Invoking command in '/home/evan/code/lidar_slam/lidar_slam/build/slam_learn': CMAKE_PREFIX_PATH=/home/evan/code/lidar_slam/lidar_slam/install/other_msgs:/home/evan/code/lidar_slam/lidar_slam/install/slam_learn:/home/evan/code/lego-loam/lego/install/lego_loam_sr:/home/evan/code/lego-loam/lego/install/cloud_msgs:/home/evan/code/ndt-loc/install/radar-odometry:/home/evan/code/ndt-loc/install/radar-data:/home/evan/code/ndt-loc/install/ndt-lidar-radar:/home/evan/code/ndt-loc/install/map:/home/evan/code/ndt-loc/install/data-publisher:/home/evan/code/ndt-loc/install/cloud_msgs:/home/evan/code/ndt-loc/install/a-loam:/opt/ros/humble /usr/bin/cmake --install /home/evan/code/lidar_slam/lidar_slam/build/slam_learn
[15.595s] Level 1:colcon.colcon_core.environment:create_environment_scripts_only(slam_learn)
[15.597s] DEBUG:colcon.colcon_core.event_handler.log_command:Invoked command in '/home/evan/code/lidar_slam/lidar_slam/build/slam_learn' returned '0': CMAKE_PREFIX_PATH=/home/evan/code/lidar_slam/lidar_slam/install/other_msgs:/home/evan/code/lidar_slam/lidar_slam/install/slam_learn:/home/evan/code/lego-loam/lego/install/lego_loam_sr:/home/evan/code/lego-loam/lego/install/cloud_msgs:/home/evan/code/ndt-loc/install/radar-odometry:/home/evan/code/ndt-loc/install/radar-data:/home/evan/code/ndt-loc/install/ndt-lidar-radar:/home/evan/code/ndt-loc/install/map:/home/evan/code/ndt-loc/install/data-publisher:/home/evan/code/ndt-loc/install/cloud_msgs:/home/evan/code/ndt-loc/install/a-loam:/opt/ros/humble /usr/bin/cmake --install /home/evan/code/lidar_slam/lidar_slam/build/slam_learn
[15.601s] Level 1:colcon.colcon_core.environment:checking '/home/evan/code/lidar_slam/lidar_slam/install/slam_learn' for CMake module files
[15.602s] Level 1:colcon.colcon_core.environment:checking '/home/evan/code/lidar_slam/lidar_slam/install/slam_learn' for CMake config files
[15.602s] Level 1:colcon.colcon_core.shell:create_environment_hook('slam_learn', 'cmake_prefix_path')
[15.603s] INFO:colcon.colcon_core.shell:Creating environment hook '/home/evan/code/lidar_slam/lidar_slam/install/slam_learn/share/slam_learn/hook/cmake_prefix_path.ps1'
[15.604s] INFO:colcon.colcon_core.shell:Creating environment descriptor '/home/evan/code/lidar_slam/lidar_slam/install/slam_learn/share/slam_learn/hook/cmake_prefix_path.dsv'
[15.605s] INFO:colcon.colcon_core.shell:Creating environment hook '/home/evan/code/lidar_slam/lidar_slam/install/slam_learn/share/slam_learn/hook/cmake_prefix_path.sh'
[15.606s] Level 1:colcon.colcon_core.environment:checking '/home/evan/code/lidar_slam/lidar_slam/install/slam_learn/lib'
[15.606s] Level 1:colcon.colcon_core.environment:checking '/home/evan/code/lidar_slam/lidar_slam/install/slam_learn/bin'
[15.606s] Level 1:colcon.colcon_core.environment:checking '/home/evan/code/lidar_slam/lidar_slam/install/slam_learn/lib/pkgconfig/slam_learn.pc'
[15.606s] Level 1:colcon.colcon_core.environment:checking '/home/evan/code/lidar_slam/lidar_slam/install/slam_learn/lib/python3.10/site-packages'
[15.606s] Level 1:colcon.colcon_core.environment:checking '/home/evan/code/lidar_slam/lidar_slam/install/slam_learn/bin'
[15.608s] INFO:colcon.colcon_core.shell:Creating package script '/home/evan/code/lidar_slam/lidar_slam/install/slam_learn/share/slam_learn/package.ps1'
[15.608s] INFO:colcon.colcon_core.shell:Creating package descriptor '/home/evan/code/lidar_slam/lidar_slam/install/slam_learn/share/slam_learn/package.dsv'
[15.609s] INFO:colcon.colcon_core.shell:Creating package script '/home/evan/code/lidar_slam/lidar_slam/install/slam_learn/share/slam_learn/package.sh'
[15.610s] INFO:colcon.colcon_core.shell:Creating package script '/home/evan/code/lidar_slam/lidar_slam/install/slam_learn/share/slam_learn/package.bash'
[15.611s] INFO:colcon.colcon_core.shell:Creating package script '/home/evan/code/lidar_slam/lidar_slam/install/slam_learn/share/slam_learn/package.zsh'
[15.611s] Level 1:colcon.colcon_core.environment:create_file_with_runtime_dependencies(/home/evan/code/lidar_slam/lidar_slam/install/slam_learn/share/colcon-core/packages/slam_learn)
[15.649s] Level 1:colcon.colcon_core.environment:create_environment_scripts_only(slam_learn)
[15.651s] Level 1:colcon.colcon_core.environment:checking '/home/evan/code/lidar_slam/lidar_slam/install/slam_learn' for CMake module files
[15.651s] Level 1:colcon.colcon_core.environment:checking '/home/evan/code/lidar_slam/lidar_slam/install/slam_learn' for CMake config files
[15.651s] Level 1:colcon.colcon_core.shell:create_environment_hook('slam_learn', 'cmake_prefix_path')
[15.653s] INFO:colcon.colcon_core.shell:Creating environment hook '/home/evan/code/lidar_slam/lidar_slam/install/slam_learn/share/slam_learn/hook/cmake_prefix_path.ps1'
[15.653s] INFO:colcon.colcon_core.shell:Creating environment descriptor '/home/evan/code/lidar_slam/lidar_slam/install/slam_learn/share/slam_learn/hook/cmake_prefix_path.dsv'
[15.654s] INFO:colcon.colcon_core.shell:Creating environment hook '/home/evan/code/lidar_slam/lidar_slam/install/slam_learn/share/slam_learn/hook/cmake_prefix_path.sh'
[15.654s] Level 1:colcon.colcon_core.environment:checking '/home/evan/code/lidar_slam/lidar_slam/install/slam_learn/lib'
[15.654s] Level 1:colcon.colcon_core.environment:checking '/home/evan/code/lidar_slam/lidar_slam/install/slam_learn/bin'
[15.654s] Level 1:colcon.colcon_core.environment:checking '/home/evan/code/lidar_slam/lidar_slam/install/slam_learn/lib/pkgconfig/slam_learn.pc'
[15.655s] Level 1:colcon.colcon_core.environment:checking '/home/evan/code/lidar_slam/lidar_slam/install/slam_learn/lib/python3.10/site-packages'
[15.655s] Level 1:colcon.colcon_core.environment:checking '/home/evan/code/lidar_slam/lidar_slam/install/slam_learn/bin'
[15.656s] INFO:colcon.colcon_core.shell:Creating package script '/home/evan/code/lidar_slam/lidar_slam/install/slam_learn/share/slam_learn/package.ps1'
[15.656s] INFO:colcon.colcon_core.shell:Creating package descriptor '/home/evan/code/lidar_slam/lidar_slam/install/slam_learn/share/slam_learn/package.dsv'
[15.657s] INFO:colcon.colcon_core.shell:Creating package script '/home/evan/code/lidar_slam/lidar_slam/install/slam_learn/share/slam_learn/package.sh'
[15.658s] INFO:colcon.colcon_core.shell:Creating package script '/home/evan/code/lidar_slam/lidar_slam/install/slam_learn/share/slam_learn/package.bash'
[15.658s] INFO:colcon.colcon_core.shell:Creating package script '/home/evan/code/lidar_slam/lidar_slam/install/slam_learn/share/slam_learn/package.zsh'
[15.659s] Level 1:colcon.colcon_core.environment:create_file_with_runtime_dependencies(/home/evan/code/lidar_slam/lidar_slam/install/slam_learn/share/colcon-core/packages/slam_learn)
[15.659s] DEBUG:colcon.colcon_parallel_executor.executor.parallel:closing loop
[15.660s] DEBUG:colcon.colcon_parallel_executor.executor.parallel:loop closed
[15.660s] DEBUG:colcon.colcon_parallel_executor.executor.parallel:run_until_complete finished with '0'
[15.660s] DEBUG:colcon.colcon_core.event_reactor:joining thread
[15.666s] INFO:colcon.colcon_core.plugin_system:Skipping extension 'colcon_notification.desktop_notification.terminal_notifier': Not used on non-Darwin systems
[15.666s] INFO:colcon.colcon_core.plugin_system:Skipping extension 'colcon_notification.desktop_notification.win32': Not used on non-Windows systems
[15.666s] INFO:colcon.colcon_notification.desktop_notification:Sending desktop notification using 'notify2'
[15.680s] DEBUG:colcon.colcon_core.event_reactor:joined thread
[15.682s] INFO:colcon.colcon_core.shell:Creating prefix script '/home/evan/code/lidar_slam/lidar_slam/install/local_setup.ps1'
[15.683s] INFO:colcon.colcon_core.shell:Creating prefix util module '/home/evan/code/lidar_slam/lidar_slam/install/_local_setup_util_ps1.py'
[15.685s] INFO:colcon.colcon_core.shell:Creating prefix chain script '/home/evan/code/lidar_slam/lidar_slam/install/setup.ps1'
[15.687s] INFO:colcon.colcon_core.shell:Creating prefix script '/home/evan/code/lidar_slam/lidar_slam/install/local_setup.sh'
[15.688s] INFO:colcon.colcon_core.shell:Creating prefix util module '/home/evan/code/lidar_slam/lidar_slam/install/_local_setup_util_sh.py'
[15.688s] INFO:colcon.colcon_core.shell:Creating prefix chain script '/home/evan/code/lidar_slam/lidar_slam/install/setup.sh'
[15.691s] INFO:colcon.colcon_core.shell:Creating prefix script '/home/evan/code/lidar_slam/lidar_slam/install/local_setup.bash'
[15.691s] INFO:colcon.colcon_core.shell:Creating prefix chain script '/home/evan/code/lidar_slam/lidar_slam/install/setup.bash'
[15.693s] INFO:colcon.colcon_core.shell:Creating prefix script '/home/evan/code/lidar_slam/lidar_slam/install/local_setup.zsh'
[15.694s] INFO:colcon.colcon_core.shell:Creating prefix chain script '/home/evan/code/lidar_slam/lidar_slam/install/setup.zsh'
